[2.283s] Invoking command in '/home/robot/134code/robotws/build/hebiros': PYTHONPATH=/home/robot/134code/robotws/build/hebiros/prefix_override:/home/robot/134code/robotws/install/hebiros/lib/python3.10/site-packages:${PYTHONPATH} /usr/bin/python3 setup.py develop --editable --build-directory /home/robot/134code/robotws/build/hebiros/build --no-deps install_data
[2.954s] running develop
[2.954s] /usr/lib/python3/dist-packages/setuptools/command/easy_install.py:158: EasyInstallDeprecationWarning: easy_install command is deprecated. Use build and pip and other standards-based tools.
[2.954s]   warnings.warn(
[2.964s] /usr/lib/python3/dist-packages/setuptools/command/install.py:34: SetuptoolsDeprecationWarning: setup.py install is deprecated. Use build and pip and other standards-based tools.
[2.964s]   warnings.warn(
[3.347s] running egg_info
[3.347s] writing hebiros.egg-info/PKG-INFO
[3.347s] writing dependency_links to hebiros.egg-info/dependency_links.txt
[3.347s] writing entry points to hebiros.egg-info/entry_points.txt
[3.348s] writing requirements to hebiros.egg-info/requires.txt
[3.348s] writing top-level names to hebiros.egg-info/top_level.txt
[3.348s] reading manifest file 'hebiros.egg-info/SOURCES.txt'
[3.348s] writing manifest file 'hebiros.egg-info/SOURCES.txt'
[3.352s] running build_ext
[3.352s] Creating /home/robot/134code/robotws/install/hebiros/lib/python3.10/site-packages/hebiros.egg-link (link to .)
[3.352s] Installing hebiforce script to /home/robot/134code/robotws/install/hebiros/lib/hebiros
[3.352s] Installing hebinode script to /home/robot/134code/robotws/install/hebiros/lib/hebiros
[3.353s] Installing hebiscan script to /home/robot/134code/robotws/install/hebiros/lib/hebiros
[3.353s] Installing hebitune script to /home/robot/134code/robotws/install/hebiros/lib/hebiros
[3.353s] Installing testsend script to /home/robot/134code/robotws/install/hebiros/lib/hebiros
[3.353s] 
[3.353s] Installed /home/robot/134code/robotws/build/hebiros
[3.353s] running install_data
[3.399s] Invoked command in '/home/robot/134code/robotws/build/hebiros' returned '0': PYTHONPATH=/home/robot/134code/robotws/build/hebiros/prefix_override:/home/robot/134code/robotws/install/hebiros/lib/python3.10/site-packages:${PYTHONPATH} /usr/bin/python3 setup.py develop --editable --build-directory /home/robot/134code/robotws/build/hebiros/build --no-deps install_data
