[3.246s] Invoking command in '/home/robot/134code/build/basic134': PYTHONPATH=/home/robot/134code/build/basic134/prefix_override:/home/robot/134code/install/basic134/lib/python3.10/site-packages:${PYTHONPATH} /usr/bin/python3 setup.py develop --editable --build-directory /home/robot/134code/build/basic134/build --no-deps install_data
[3.692s] running develop
[3.692s] /usr/lib/python3/dist-packages/setuptools/command/easy_install.py:158: EasyInstallDeprecationWarning: easy_install command is deprecated. Use build and pip and other standards-based tools.
[3.693s]   warnings.warn(
[3.694s] /usr/lib/python3/dist-packages/setuptools/command/install.py:34: SetuptoolsDeprecationWarning: setup.py install is deprecated. Use build and pip and other standards-based tools.
[3.695s]   warnings.warn(
[3.929s] running egg_info
[3.929s] writing basic134.egg-info/PKG-INFO
[3.930s] writing dependency_links to basic134.egg-info/dependency_links.txt
[3.931s] writing entry points to basic134.egg-info/entry_points.txt
[3.931s] writing requirements to basic134.egg-info/requires.txt
[3.932s] writing top-level names to basic134.egg-info/top_level.txt
[3.933s] reading manifest file 'basic134.egg-info/SOURCES.txt'
[3.933s] writing manifest file 'basic134.egg-info/SOURCES.txt'
[3.934s] running build_ext
[3.935s] Creating /home/robot/134code/install/basic134/lib/python3.10/site-packages/basic134.egg-link (link to .)
[3.936s] Installing demo134 script to /home/robot/134code/install/basic134/lib/basic134
[3.937s] Installing receivepoint script to /home/robot/134code/install/basic134/lib/basic134
[3.938s] Installing table script to /home/robot/134code/install/basic134/lib/basic134
[3.939s] 
[3.939s] Installed /home/robot/134code/build/basic134
[3.940s] running install_data
[3.966s] Invoked command in '/home/robot/134code/build/basic134' returned '0': PYTHONPATH=/home/robot/134code/build/basic134/prefix_override:/home/robot/134code/install/basic134/lib/python3.10/site-packages:${PYTHONPATH} /usr/bin/python3 setup.py develop --editable --build-directory /home/robot/134code/build/basic134/build --no-deps install_data
