[1.254s] DEBUG:colcon:Command line arguments: ['/usr/bin/colcon', 'build', '--symlink-install']
[1.254s] DEBUG:colcon:Parsed command line arguments: Namespace(log_base=None, log_level=None, verb_name='build', build_base='build', install_base='install', merge_install=False, symlink_install=True, test_result_base=None, continue_on_error=False, executor='parallel', parallel_workers=4, event_handlers=None, ignore_user_meta=False, metas=['./colcon.meta'], base_paths=['.'], packages_ignore=None, packages_ignore_regex=None, paths=None, packages_up_to=None, packages_up_to_regex=None, packages_above=None, packages_above_and_dependencies=None, packages_above_depth=None, packages_select_by_dep=None, packages_skip_by_dep=None, packages_skip_up_to=None, packages_select_build_failed=False, packages_skip_build_finished=False, packages_select_test_failures=False, packages_skip_test_passed=False, packages_select=None, packages_skip=None, packages_select_regex=None, packages_skip_regex=None, packages_start=None, packages_end=None, allow_overriding=[], cmake_args=None, cmake_target=None, cmake_target_skip_unavailable=False, cmake_clean_cache=False, cmake_clean_first=False, cmake_force_configure=False, ament_cmake_args=None, catkin_cmake_args=None, catkin_skip_building_tests=False, verb_parser=<colcon_defaults.argument_parser.defaults.DefaultArgumentsDecorator object at 0x7f14731592a0>, verb_extension=<colcon_core.verb.build.BuildVerb object at 0x7f147315a230>, main=<bound method BuildVerb.main of <colcon_core.verb.build.BuildVerb object at 0x7f147315a230>>)
[1.308s] Level 1:colcon.colcon_core.package_discovery:discover_packages(colcon_meta) check parameters
[1.308s] Level 1:colcon.colcon_core.package_discovery:discover_packages(recursive) check parameters
[1.309s] Level 1:colcon.colcon_core.package_discovery:discover_packages(ignore) check parameters
[1.309s] Level 1:colcon.colcon_core.package_discovery:discover_packages(path) check parameters
[1.309s] Level 1:colcon.colcon_core.package_discovery:discover_packages(colcon_meta) discover
[1.309s] Level 1:colcon.colcon_core.package_discovery:discover_packages(recursive) discover
[1.309s] INFO:colcon.colcon_core.package_discovery:Crawling recursively for packages in '/home/robot/134code'
[1.309s] Level 1:colcon.colcon_core.package_identification:_identify(.) by extensions ['ignore', 'ignore_ament_install']
[1.309s] Level 1:colcon.colcon_core.package_identification:_identify(.) by extension 'ignore'
[1.309s] Level 1:colcon.colcon_core.package_identification:_identify(.) by extension 'ignore_ament_install'
[1.309s] Level 1:colcon.colcon_core.package_identification:_identify(.) by extensions ['colcon_pkg']
[1.309s] Level 1:colcon.colcon_core.package_identification:_identify(.) by extension 'colcon_pkg'
[1.309s] Level 1:colcon.colcon_core.package_identification:_identify(.) by extensions ['colcon_meta']
[1.309s] Level 1:colcon.colcon_core.package_identification:_identify(.) by extension 'colcon_meta'
[1.309s] Level 1:colcon.colcon_core.package_identification:_identify(.) by extensions ['ros']
[1.309s] Level 1:colcon.colcon_core.package_identification:_identify(.) by extension 'ros'
[1.320s] Level 1:colcon.colcon_core.package_identification:_identify(.) by extensions ['cmake', 'python']
[1.320s] Level 1:colcon.colcon_core.package_identification:_identify(.) by extension 'cmake'
[1.320s] Level 1:colcon.colcon_core.package_identification:_identify(.) by extension 'python'
[1.320s] Level 1:colcon.colcon_core.package_identification:_identify(.) by extensions ['python_setup_py']
[1.320s] Level 1:colcon.colcon_core.package_identification:_identify(.) by extension 'python_setup_py'
[1.320s] Level 1:colcon.colcon_core.package_identification:_identify(build) by extensions ['ignore', 'ignore_ament_install']
[1.320s] Level 1:colcon.colcon_core.package_identification:_identify(build) by extension 'ignore'
[1.320s] Level 1:colcon.colcon_core.package_identification:_identify(build) ignored
[1.320s] Level 1:colcon.colcon_core.package_identification:_identify(install) by extensions ['ignore', 'ignore_ament_install']
[1.321s] Level 1:colcon.colcon_core.package_identification:_identify(install) by extension 'ignore'
[1.321s] Level 1:colcon.colcon_core.package_identification:_identify(install) ignored
[1.321s] Level 1:colcon.colcon_core.package_identification:_identify(log) by extensions ['ignore', 'ignore_ament_install']
[1.321s] Level 1:colcon.colcon_core.package_identification:_identify(log) by extension 'ignore'
[1.321s] Level 1:colcon.colcon_core.package_identification:_identify(log) ignored
[1.321s] Level 1:colcon.colcon_core.package_identification:_identify(src) by extensions ['ignore', 'ignore_ament_install']
[1.321s] Level 1:colcon.colcon_core.package_identification:_identify(src) by extension 'ignore'
[1.321s] Level 1:colcon.colcon_core.package_identification:_identify(src) by extension 'ignore_ament_install'
[1.321s] Level 1:colcon.colcon_core.package_identification:_identify(src) by extensions ['colcon_pkg']
[1.321s] Level 1:colcon.colcon_core.package_identification:_identify(src) by extension 'colcon_pkg'
[1.321s] Level 1:colcon.colcon_core.package_identification:_identify(src) by extensions ['colcon_meta']
[1.321s] Level 1:colcon.colcon_core.package_identification:_identify(src) by extension 'colcon_meta'
[1.321s] Level 1:colcon.colcon_core.package_identification:_identify(src) by extensions ['ros']
[1.321s] Level 1:colcon.colcon_core.package_identification:_identify(src) by extension 'ros'
[1.321s] Level 1:colcon.colcon_core.package_identification:_identify(src) by extensions ['cmake', 'python']
[1.321s] Level 1:colcon.colcon_core.package_identification:_identify(src) by extension 'cmake'
[1.321s] Level 1:colcon.colcon_core.package_identification:_identify(src) by extension 'python'
[1.321s] Level 1:colcon.colcon_core.package_identification:_identify(src) by extensions ['python_setup_py']
[1.321s] Level 1:colcon.colcon_core.package_identification:_identify(src) by extension 'python_setup_py'
[1.322s] Level 1:colcon.colcon_core.package_identification:_identify(src/basic134) by extensions ['ignore', 'ignore_ament_install']
[1.322s] Level 1:colcon.colcon_core.package_identification:_identify(src/basic134) by extension 'ignore'
[1.322s] Level 1:colcon.colcon_core.package_identification:_identify(src/basic134) by extension 'ignore_ament_install'
[1.322s] Level 1:colcon.colcon_core.package_identification:_identify(src/basic134) by extensions ['colcon_pkg']
[1.322s] Level 1:colcon.colcon_core.package_identification:_identify(src/basic134) by extension 'colcon_pkg'
[1.322s] Level 1:colcon.colcon_core.package_identification:_identify(src/basic134) by extensions ['colcon_meta']
[1.322s] Level 1:colcon.colcon_core.package_identification:_identify(src/basic134) by extension 'colcon_meta'
[1.322s] Level 1:colcon.colcon_core.package_identification:_identify(src/basic134) by extensions ['ros']
[1.322s] Level 1:colcon.colcon_core.package_identification:_identify(src/basic134) by extension 'ros'
[1.324s] DEBUG:colcon.colcon_core.package_identification:Package 'src/basic134' with type 'ros.ament_python' and name 'basic134'
[1.325s] Level 1:colcon.colcon_core.package_identification:_identify(src/build) by extensions ['ignore', 'ignore_ament_install']
[1.325s] Level 1:colcon.colcon_core.package_identification:_identify(src/build) by extension 'ignore'
[1.325s] Level 1:colcon.colcon_core.package_identification:_identify(src/build) ignored
[1.325s] Level 1:colcon.colcon_core.package_identification:_identify(src/demo134) by extensions ['ignore', 'ignore_ament_install']
[1.325s] Level 1:colcon.colcon_core.package_identification:_identify(src/demo134) by extension 'ignore'
[1.325s] Level 1:colcon.colcon_core.package_identification:_identify(src/demo134) by extension 'ignore_ament_install'
[1.325s] Level 1:colcon.colcon_core.package_identification:_identify(src/demo134) by extensions ['colcon_pkg']
[1.325s] Level 1:colcon.colcon_core.package_identification:_identify(src/demo134) by extension 'colcon_pkg'
[1.325s] Level 1:colcon.colcon_core.package_identification:_identify(src/demo134) by extensions ['colcon_meta']
[1.325s] Level 1:colcon.colcon_core.package_identification:_identify(src/demo134) by extension 'colcon_meta'
[1.325s] Level 1:colcon.colcon_core.package_identification:_identify(src/demo134) by extensions ['ros']
[1.325s] Level 1:colcon.colcon_core.package_identification:_identify(src/demo134) by extension 'ros'
[1.325s] Level 1:colcon.colcon_core.package_identification:_identify(src/demo134) by extensions ['cmake', 'python']
[1.325s] Level 1:colcon.colcon_core.package_identification:_identify(src/demo134) by extension 'cmake'
[1.325s] Level 1:colcon.colcon_core.package_identification:_identify(src/demo134) by extension 'python'
[1.325s] Level 1:colcon.colcon_core.package_identification:_identify(src/demo134) by extensions ['python_setup_py']
[1.325s] Level 1:colcon.colcon_core.package_identification:_identify(src/demo134) by extension 'python_setup_py'
[1.326s] Level 1:colcon.colcon_core.package_identification:_identify(src/demo134/demo134) by extensions ['ignore', 'ignore_ament_install']
[1.326s] Level 1:colcon.colcon_core.package_identification:_identify(src/demo134/demo134) by extension 'ignore'
[1.326s] Level 1:colcon.colcon_core.package_identification:_identify(src/demo134/demo134) by extension 'ignore_ament_install'
[1.326s] Level 1:colcon.colcon_core.package_identification:_identify(src/demo134/demo134) by extensions ['colcon_pkg']
[1.326s] Level 1:colcon.colcon_core.package_identification:_identify(src/demo134/demo134) by extension 'colcon_pkg'
[1.326s] Level 1:colcon.colcon_core.package_identification:_identify(src/demo134/demo134) by extensions ['colcon_meta']
[1.326s] Level 1:colcon.colcon_core.package_identification:_identify(src/demo134/demo134) by extension 'colcon_meta'
[1.326s] Level 1:colcon.colcon_core.package_identification:_identify(src/demo134/demo134) by extensions ['ros']
[1.326s] Level 1:colcon.colcon_core.package_identification:_identify(src/demo134/demo134) by extension 'ros'
[1.326s] DEBUG:colcon.colcon_core.package_identification:Package 'src/demo134/demo134' with type 'ros.ament_python' and name 'demo134'
[1.327s] Level 1:colcon.colcon_core.package_identification:_identify(src/detectors) by extensions ['ignore', 'ignore_ament_install']
[1.327s] Level 1:colcon.colcon_core.package_identification:_identify(src/detectors) by extension 'ignore'
[1.327s] Level 1:colcon.colcon_core.package_identification:_identify(src/detectors) by extension 'ignore_ament_install'
[1.327s] Level 1:colcon.colcon_core.package_identification:_identify(src/detectors) by extensions ['colcon_pkg']
[1.327s] Level 1:colcon.colcon_core.package_identification:_identify(src/detectors) by extension 'colcon_pkg'
[1.327s] Level 1:colcon.colcon_core.package_identification:_identify(src/detectors) by extensions ['colcon_meta']
[1.327s] Level 1:colcon.colcon_core.package_identification:_identify(src/detectors) by extension 'colcon_meta'
[1.327s] Level 1:colcon.colcon_core.package_identification:_identify(src/detectors) by extensions ['ros']
[1.327s] Level 1:colcon.colcon_core.package_identification:_identify(src/detectors) by extension 'ros'
[1.328s] DEBUG:colcon.colcon_core.package_identification:Package 'src/detectors' with type 'ros.ament_python' and name 'detectors'
[1.328s] Level 1:colcon.colcon_core.package_identification:_identify(src/hebiros) by extensions ['ignore', 'ignore_ament_install']
[1.328s] Level 1:colcon.colcon_core.package_identification:_identify(src/hebiros) by extension 'ignore'
[1.328s] Level 1:colcon.colcon_core.package_identification:_identify(src/hebiros) by extension 'ignore_ament_install'
[1.328s] Level 1:colcon.colcon_core.package_identification:_identify(src/hebiros) by extensions ['colcon_pkg']
[1.328s] Level 1:colcon.colcon_core.package_identification:_identify(src/hebiros) by extension 'colcon_pkg'
[1.328s] Level 1:colcon.colcon_core.package_identification:_identify(src/hebiros) by extensions ['colcon_meta']
[1.328s] Level 1:colcon.colcon_core.package_identification:_identify(src/hebiros) by extension 'colcon_meta'
[1.328s] Level 1:colcon.colcon_core.package_identification:_identify(src/hebiros) by extensions ['ros']
[1.328s] Level 1:colcon.colcon_core.package_identification:_identify(src/hebiros) by extension 'ros'
[1.328s] Level 1:colcon.colcon_core.package_identification:_identify(src/hebiros) by extensions ['cmake', 'python']
[1.328s] Level 1:colcon.colcon_core.package_identification:_identify(src/hebiros) by extension 'cmake'
[1.328s] Level 1:colcon.colcon_core.package_identification:_identify(src/hebiros) by extension 'python'
[1.329s] Level 1:colcon.colcon_core.package_identification:_identify(src/hebiros) by extensions ['python_setup_py']
[1.329s] Level 1:colcon.colcon_core.package_identification:_identify(src/hebiros) by extension 'python_setup_py'
[1.329s] Level 1:colcon.colcon_core.package_identification:_identify(src/hebiros/hebiros) by extensions ['ignore', 'ignore_ament_install']
[1.329s] Level 1:colcon.colcon_core.package_identification:_identify(src/hebiros/hebiros) by extension 'ignore'
[1.329s] Level 1:colcon.colcon_core.package_identification:_identify(src/hebiros/hebiros) by extension 'ignore_ament_install'
[1.329s] Level 1:colcon.colcon_core.package_identification:_identify(src/hebiros/hebiros) by extensions ['colcon_pkg']
[1.329s] Level 1:colcon.colcon_core.package_identification:_identify(src/hebiros/hebiros) by extension 'colcon_pkg'
[1.329s] Level 1:colcon.colcon_core.package_identification:_identify(src/hebiros/hebiros) by extensions ['colcon_meta']
[1.329s] Level 1:colcon.colcon_core.package_identification:_identify(src/hebiros/hebiros) by extension 'colcon_meta'
[1.329s] Level 1:colcon.colcon_core.package_identification:_identify(src/hebiros/hebiros) by extensions ['ros']
[1.329s] Level 1:colcon.colcon_core.package_identification:_identify(src/hebiros/hebiros) by extension 'ros'
[1.330s] DEBUG:colcon.colcon_core.package_identification:Package 'src/hebiros/hebiros' with type 'ros.ament_python' and name 'hebiros'
[1.330s] Level 1:colcon.colcon_core.package_identification:_identify(src/install) by extensions ['ignore', 'ignore_ament_install']
[1.330s] Level 1:colcon.colcon_core.package_identification:_identify(src/install) by extension 'ignore'
[1.331s] Level 1:colcon.colcon_core.package_identification:_identify(src/install) ignored
[1.331s] Level 1:colcon.colcon_core.package_identification:_identify(src/log) by extensions ['ignore', 'ignore_ament_install']
[1.331s] Level 1:colcon.colcon_core.package_identification:_identify(src/log) by extension 'ignore'
[1.331s] Level 1:colcon.colcon_core.package_identification:_identify(src/log) ignored
[1.331s] Level 1:colcon.colcon_core.package_identification:_identify(src/usb_cam) by extensions ['ignore', 'ignore_ament_install']
[1.331s] Level 1:colcon.colcon_core.package_identification:_identify(src/usb_cam) by extension 'ignore'
[1.331s] Level 1:colcon.colcon_core.package_identification:_identify(src/usb_cam) by extension 'ignore_ament_install'
[1.331s] Level 1:colcon.colcon_core.package_identification:_identify(src/usb_cam) by extensions ['colcon_pkg']
[1.331s] Level 1:colcon.colcon_core.package_identification:_identify(src/usb_cam) by extension 'colcon_pkg'
[1.331s] Level 1:colcon.colcon_core.package_identification:_identify(src/usb_cam) by extensions ['colcon_meta']
[1.331s] Level 1:colcon.colcon_core.package_identification:_identify(src/usb_cam) by extension 'colcon_meta'
[1.332s] Level 1:colcon.colcon_core.package_identification:_identify(src/usb_cam) by extensions ['ros']
[1.332s] Level 1:colcon.colcon_core.package_identification:_identify(src/usb_cam) by extension 'ros'
[1.342s] DEBUG:colcon.colcon_core.package_identification:Package 'src/usb_cam' with type 'ros.ament_cmake' and name 'usb_cam'
[1.342s] Level 1:colcon.colcon_core.package_discovery:discover_packages(recursive) using defaults
[1.343s] Level 1:colcon.colcon_core.package_discovery:discover_packages(ignore) discover
[1.343s] Level 1:colcon.colcon_core.package_discovery:discover_packages(ignore) using defaults
[1.343s] Level 1:colcon.colcon_core.package_discovery:discover_packages(path) discover
[1.343s] Level 1:colcon.colcon_core.package_discovery:discover_packages(path) using defaults
[1.466s] Level 1:colcon.colcon_core.package_discovery:discover_packages(prefix_path) check parameters
[1.466s] Level 1:colcon.colcon_core.package_discovery:discover_packages(prefix_path) discover
[1.507s] DEBUG:colcon.colcon_installed_package_information.package_discovery:Found 5 installed packages in /home/robot/134code/install
[1.526s] DEBUG:colcon.colcon_installed_package_information.package_discovery:Found 3 installed packages in /home/robot/robotws/install
[1.546s] DEBUG:colcon.colcon_installed_package_information.package_discovery:Found 3 installed packages in /home/robot/install
[1.566s] DEBUG:colcon.colcon_installed_package_information.package_discovery:Found 417 installed packages in /opt/ros/humble
[1.568s] Level 1:colcon.colcon_core.package_discovery:discover_packages(prefix_path) using defaults
[1.679s] Level 5:colcon.colcon_core.verb:set package 'basic134' build argument 'cmake_args' from command line to 'None'
[1.679s] Level 5:colcon.colcon_core.verb:set package 'basic134' build argument 'cmake_target' from command line to 'None'
[1.679s] Level 5:colcon.colcon_core.verb:set package 'basic134' build argument 'cmake_target_skip_unavailable' from command line to 'False'
[1.679s] Level 5:colcon.colcon_core.verb:set package 'basic134' build argument 'cmake_clean_cache' from command line to 'False'
[1.679s] Level 5:colcon.colcon_core.verb:set package 'basic134' build argument 'cmake_clean_first' from command line to 'False'
[1.679s] Level 5:colcon.colcon_core.verb:set package 'basic134' build argument 'cmake_force_configure' from command line to 'False'
[1.679s] Level 5:colcon.colcon_core.verb:set package 'basic134' build argument 'ament_cmake_args' from command line to 'None'
[1.680s] Level 5:colcon.colcon_core.verb:set package 'basic134' build argument 'catkin_cmake_args' from command line to 'None'
[1.680s] Level 5:colcon.colcon_core.verb:set package 'basic134' build argument 'catkin_skip_building_tests' from command line to 'False'
[1.680s] DEBUG:colcon.colcon_core.verb:Building package 'basic134' with the following arguments: {'ament_cmake_args': None, 'build_base': '/home/robot/134code/build/basic134', 'catkin_cmake_args': None, 'catkin_skip_building_tests': False, 'cmake_args': None, 'cmake_clean_cache': False, 'cmake_clean_first': False, 'cmake_force_configure': False, 'cmake_target': None, 'cmake_target_skip_unavailable': False, 'install_base': '/home/robot/134code/install/basic134', 'merge_install': False, 'path': '/home/robot/134code/src/basic134', 'symlink_install': True, 'test_result_base': None}
[1.698s] Level 5:colcon.colcon_core.verb:set package 'demo134' build argument 'cmake_args' from command line to 'None'
[1.698s] Level 5:colcon.colcon_core.verb:set package 'demo134' build argument 'cmake_target' from command line to 'None'
[1.698s] Level 5:colcon.colcon_core.verb:set package 'demo134' build argument 'cmake_target_skip_unavailable' from command line to 'False'
[1.698s] Level 5:colcon.colcon_core.verb:set package 'demo134' build argument 'cmake_clean_cache' from command line to 'False'
[1.698s] Level 5:colcon.colcon_core.verb:set package 'demo134' build argument 'cmake_clean_first' from command line to 'False'
[1.698s] Level 5:colcon.colcon_core.verb:set package 'demo134' build argument 'cmake_force_configure' from command line to 'False'
[1.699s] Level 5:colcon.colcon_core.verb:set package 'demo134' build argument 'ament_cmake_args' from command line to 'None'
[1.699s] Level 5:colcon.colcon_core.verb:set package 'demo134' build argument 'catkin_cmake_args' from command line to 'None'
[1.699s] Level 5:colcon.colcon_core.verb:set package 'demo134' build argument 'catkin_skip_building_tests' from command line to 'False'
[1.699s] DEBUG:colcon.colcon_core.verb:Building package 'demo134' with the following arguments: {'ament_cmake_args': None, 'build_base': '/home/robot/134code/build/demo134', 'catkin_cmake_args': None, 'catkin_skip_building_tests': False, 'cmake_args': None, 'cmake_clean_cache': False, 'cmake_clean_first': False, 'cmake_force_configure': False, 'cmake_target': None, 'cmake_target_skip_unavailable': False, 'install_base': '/home/robot/134code/install/demo134', 'merge_install': False, 'path': '/home/robot/134code/src/demo134/demo134', 'symlink_install': True, 'test_result_base': None}
[1.719s] Level 5:colcon.colcon_core.verb:set package 'hebiros' build argument 'cmake_args' from command line to 'None'
[1.719s] Level 5:colcon.colcon_core.verb:set package 'hebiros' build argument 'cmake_target' from command line to 'None'
[1.719s] Level 5:colcon.colcon_core.verb:set package 'hebiros' build argument 'cmake_target_skip_unavailable' from command line to 'False'
[1.719s] Level 5:colcon.colcon_core.verb:set package 'hebiros' build argument 'cmake_clean_cache' from command line to 'False'
[1.719s] Level 5:colcon.colcon_core.verb:set package 'hebiros' build argument 'cmake_clean_first' from command line to 'False'
[1.719s] Level 5:colcon.colcon_core.verb:set package 'hebiros' build argument 'cmake_force_configure' from command line to 'False'
[1.720s] Level 5:colcon.colcon_core.verb:set package 'hebiros' build argument 'ament_cmake_args' from command line to 'None'
[1.720s] Level 5:colcon.colcon_core.verb:set package 'hebiros' build argument 'catkin_cmake_args' from command line to 'None'
[1.720s] Level 5:colcon.colcon_core.verb:set package 'hebiros' build argument 'catkin_skip_building_tests' from command line to 'False'
[1.720s] DEBUG:colcon.colcon_core.verb:Building package 'hebiros' with the following arguments: {'ament_cmake_args': None, 'build_base': '/home/robot/134code/build/hebiros', 'catkin_cmake_args': None, 'catkin_skip_building_tests': False, 'cmake_args': None, 'cmake_clean_cache': False, 'cmake_clean_first': False, 'cmake_force_configure': False, 'cmake_target': None, 'cmake_target_skip_unavailable': False, 'install_base': '/home/robot/134code/install/hebiros', 'merge_install': False, 'path': '/home/robot/134code/src/hebiros/hebiros', 'symlink_install': True, 'test_result_base': None}
[1.739s] Level 5:colcon.colcon_core.verb:set package 'usb_cam' build argument 'cmake_args' from command line to 'None'
[1.739s] Level 5:colcon.colcon_core.verb:set package 'usb_cam' build argument 'cmake_target' from command line to 'None'
[1.739s] Level 5:colcon.colcon_core.verb:set package 'usb_cam' build argument 'cmake_target_skip_unavailable' from command line to 'False'
[1.739s] Level 5:colcon.colcon_core.verb:set package 'usb_cam' build argument 'cmake_clean_cache' from command line to 'False'
[1.739s] Level 5:colcon.colcon_core.verb:set package 'usb_cam' build argument 'cmake_clean_first' from command line to 'False'
[1.739s] Level 5:colcon.colcon_core.verb:set package 'usb_cam' build argument 'cmake_force_configure' from command line to 'False'
[1.739s] Level 5:colcon.colcon_core.verb:set package 'usb_cam' build argument 'ament_cmake_args' from command line to 'None'
[1.739s] Level 5:colcon.colcon_core.verb:set package 'usb_cam' build argument 'catkin_cmake_args' from command line to 'None'
[1.739s] Level 5:colcon.colcon_core.verb:set package 'usb_cam' build argument 'catkin_skip_building_tests' from command line to 'False'
[1.739s] DEBUG:colcon.colcon_core.verb:Building package 'usb_cam' with the following arguments: {'ament_cmake_args': None, 'build_base': '/home/robot/134code/build/usb_cam', 'catkin_cmake_args': None, 'catkin_skip_building_tests': False, 'cmake_args': None, 'cmake_clean_cache': False, 'cmake_clean_first': False, 'cmake_force_configure': False, 'cmake_target': None, 'cmake_target_skip_unavailable': False, 'install_base': '/home/robot/134code/install/usb_cam', 'merge_install': False, 'path': '/home/robot/134code/src/usb_cam', 'symlink_install': True, 'test_result_base': None}
[1.758s] Level 5:colcon.colcon_core.verb:set package 'detectors' build argument 'cmake_args' from command line to 'None'
[1.758s] Level 5:colcon.colcon_core.verb:set package 'detectors' build argument 'cmake_target' from command line to 'None'
[1.758s] Level 5:colcon.colcon_core.verb:set package 'detectors' build argument 'cmake_target_skip_unavailable' from command line to 'False'
[1.758s] Level 5:colcon.colcon_core.verb:set package 'detectors' build argument 'cmake_clean_cache' from command line to 'False'
[1.758s] Level 5:colcon.colcon_core.verb:set package 'detectors' build argument 'cmake_clean_first' from command line to 'False'
[1.758s] Level 5:colcon.colcon_core.verb:set package 'detectors' build argument 'cmake_force_configure' from command line to 'False'
[1.758s] Level 5:colcon.colcon_core.verb:set package 'detectors' build argument 'ament_cmake_args' from command line to 'None'
[1.758s] Level 5:colcon.colcon_core.verb:set package 'detectors' build argument 'catkin_cmake_args' from command line to 'None'
[1.758s] Level 5:colcon.colcon_core.verb:set package 'detectors' build argument 'catkin_skip_building_tests' from command line to 'False'
[1.758s] DEBUG:colcon.colcon_core.verb:Building package 'detectors' with the following arguments: {'ament_cmake_args': None, 'build_base': '/home/robot/134code/build/detectors', 'catkin_cmake_args': None, 'catkin_skip_building_tests': False, 'cmake_args': None, 'cmake_clean_cache': False, 'cmake_clean_first': False, 'cmake_force_configure': False, 'cmake_target': None, 'cmake_target_skip_unavailable': False, 'install_base': '/home/robot/134code/install/detectors', 'merge_install': False, 'path': '/home/robot/134code/src/detectors', 'symlink_install': True, 'test_result_base': None}
[1.777s] INFO:colcon.colcon_core.executor:Executing jobs using 'parallel' executor
[1.796s] DEBUG:colcon.colcon_parallel_executor.executor.parallel:run_until_complete
[1.796s] INFO:colcon.colcon_ros.task.ament_cmake.build:Building ROS package in '/home/robot/134code/src/usb_cam' with build type 'ament_cmake'
[1.796s] INFO:colcon.colcon_cmake.task.cmake.build:Building CMake package in '/home/robot/134code/src/usb_cam'
[1.822s] INFO:colcon.colcon_core.plugin_system:Skipping extension 'colcon_core.shell.bat': Not used on non-Windows systems
[1.822s] INFO:colcon.colcon_core.shell:Skip shell extension 'powershell' for command environment: Not usable outside of PowerShell
[1.822s] DEBUG:colcon.colcon_core.shell:Skip shell extension 'dsv' for command environment
[1.927s] INFO:colcon.colcon_ros.task.ament_python.build:Building ROS package in '/home/robot/134code/src/basic134' with build type 'ament_python'
[1.928s] Level 1:colcon.colcon_core.shell:create_environment_hook('basic134', 'ament_prefix_path')
[1.949s] INFO:colcon.colcon_core.shell:Creating environment hook '/home/robot/134code/install/basic134/share/basic134/hook/ament_prefix_path.ps1'
[1.950s] INFO:colcon.colcon_core.shell:Creating environment descriptor '/home/robot/134code/install/basic134/share/basic134/hook/ament_prefix_path.dsv'
[1.950s] INFO:colcon.colcon_core.shell:Creating environment hook '/home/robot/134code/install/basic134/share/basic134/hook/ament_prefix_path.sh'
[1.975s] INFO:colcon.colcon_core.shell:Skip shell extension 'powershell' for command environment: Not usable outside of PowerShell
[1.976s] DEBUG:colcon.colcon_core.shell:Skip shell extension 'dsv' for command environment
[2.083s] INFO:colcon.colcon_ros.task.ament_python.build:Building ROS package in '/home/robot/134code/src/demo134/demo134' with build type 'ament_python'
[2.083s] Level 1:colcon.colcon_core.shell:create_environment_hook('demo134', 'ament_prefix_path')
[2.106s] INFO:colcon.colcon_core.shell:Creating environment hook '/home/robot/134code/install/demo134/share/demo134/hook/ament_prefix_path.ps1'
[2.107s] INFO:colcon.colcon_core.shell:Creating environment descriptor '/home/robot/134code/install/demo134/share/demo134/hook/ament_prefix_path.dsv'
[2.107s] INFO:colcon.colcon_core.shell:Creating environment hook '/home/robot/134code/install/demo134/share/demo134/hook/ament_prefix_path.sh'
[2.131s] INFO:colcon.colcon_core.shell:Skip shell extension 'powershell' for command environment: Not usable outside of PowerShell
[2.131s] DEBUG:colcon.colcon_core.shell:Skip shell extension 'dsv' for command environment
[2.231s] INFO:colcon.colcon_ros.task.ament_python.build:Building ROS package in '/home/robot/134code/src/hebiros/hebiros' with build type 'ament_python'
[2.232s] Level 1:colcon.colcon_core.shell:create_environment_hook('hebiros', 'ament_prefix_path')
[2.252s] INFO:colcon.colcon_core.shell:Creating environment hook '/home/robot/134code/install/hebiros/share/hebiros/hook/ament_prefix_path.ps1'
[2.252s] INFO:colcon.colcon_core.shell:Creating environment descriptor '/home/robot/134code/install/hebiros/share/hebiros/hook/ament_prefix_path.dsv'
[2.253s] INFO:colcon.colcon_core.shell:Creating environment hook '/home/robot/134code/install/hebiros/share/hebiros/hook/ament_prefix_path.sh'
[2.277s] INFO:colcon.colcon_core.shell:Skip shell extension 'powershell' for command environment: Not usable outside of PowerShell
[2.278s] DEBUG:colcon.colcon_core.shell:Skip shell extension 'dsv' for command environment
[2.383s] DEBUG:colcon.colcon_core.event_handler.log_command:Invoking command in '/home/robot/134code/build/usb_cam': CMAKE_PREFIX_PATH=${CMAKE_PREFIX_PATH}:/home/robot/134code/install/detectors:/home/robot/134code/install/hebiros:/home/robot/134code/install/demo134:/home/robot/134code/install/basic134:/home/robot/robotws/install/hebiros:/home/robot/robotws/install/demo134:/home/robot/robotws/install/basic134:/home/robot/install/hebiros:/home/robot/install/demo134:/home/robot/install/basic134:/opt/ros/humble /usr/bin/cmake --build /home/robot/134code/build/usb_cam -- -j4 -l4
[2.736s] INFO:colcon.colcon_core.task.python.build:Building Python package in '/home/robot/134code/src/basic134'
[2.755s] INFO:colcon.colcon_core.shell:Skip shell extension 'powershell' for command environment: Not usable outside of PowerShell
[2.755s] DEBUG:colcon.colcon_core.shell:Skip shell extension 'dsv' for command environment
[3.155s] INFO:colcon.colcon_core.task.python.build:Building Python package in '/home/robot/134code/src/demo134/demo134'
[3.173s] INFO:colcon.colcon_core.shell:Skip shell extension 'powershell' for command environment: Not usable outside of PowerShell
[3.173s] DEBUG:colcon.colcon_core.shell:Skip shell extension 'dsv' for command environment
[3.581s] INFO:colcon.colcon_core.task.python.build:Building Python package in '/home/robot/134code/src/hebiros/hebiros'
[3.600s] INFO:colcon.colcon_core.shell:Skip shell extension 'powershell' for command environment: Not usable outside of PowerShell
[3.600s] DEBUG:colcon.colcon_core.shell:Skip shell extension 'dsv' for command environment
[3.702s] DEBUG:colcon.colcon_core.event_handler.log_command:Invoked command in '/home/robot/134code/build/usb_cam' returned '0': CMAKE_PREFIX_PATH=${CMAKE_PREFIX_PATH}:/home/robot/134code/install/detectors:/home/robot/134code/install/hebiros:/home/robot/134code/install/demo134:/home/robot/134code/install/basic134:/home/robot/robotws/install/hebiros:/home/robot/robotws/install/demo134:/home/robot/robotws/install/basic134:/home/robot/install/hebiros:/home/robot/install/demo134:/home/robot/install/basic134:/opt/ros/humble /usr/bin/cmake --build /home/robot/134code/build/usb_cam -- -j4 -l4
[3.776s] DEBUG:colcon.colcon_core.event_handler.log_command:Invoking command in '/home/robot/134code/build/usb_cam': CMAKE_PREFIX_PATH=${CMAKE_PREFIX_PATH}:/home/robot/134code/install/detectors:/home/robot/134code/install/hebiros:/home/robot/134code/install/demo134:/home/robot/134code/install/basic134:/home/robot/robotws/install/hebiros:/home/robot/robotws/install/demo134:/home/robot/robotws/install/basic134:/home/robot/install/hebiros:/home/robot/install/demo134:/home/robot/install/basic134:/opt/ros/humble /usr/bin/cmake --install /home/robot/134code/build/usb_cam
[3.828s] Level 1:colcon.colcon_core.environment:create_environment_scripts_only(usb_cam)
[3.829s] DEBUG:colcon.colcon_core.event_handler.log_command:Invoked command in '/home/robot/134code/build/usb_cam' returned '0': CMAKE_PREFIX_PATH=${CMAKE_PREFIX_PATH}:/home/robot/134code/install/detectors:/home/robot/134code/install/hebiros:/home/robot/134code/install/demo134:/home/robot/134code/install/basic134:/home/robot/robotws/install/hebiros:/home/robot/robotws/install/demo134:/home/robot/robotws/install/basic134:/home/robot/install/hebiros:/home/robot/install/demo134:/home/robot/install/basic134:/opt/ros/humble /usr/bin/cmake --install /home/robot/134code/build/usb_cam
[3.864s] Level 1:colcon.colcon_core.environment:checking '/home/robot/134code/install/usb_cam' for CMake module files
[3.865s] Level 1:colcon.colcon_core.environment:checking '/home/robot/134code/install/usb_cam' for CMake config files
[3.866s] Level 1:colcon.colcon_core.shell:create_environment_hook('usb_cam', 'cmake_prefix_path')
[3.898s] INFO:colcon.colcon_core.shell:Creating environment hook '/home/robot/134code/install/usb_cam/share/usb_cam/hook/cmake_prefix_path.ps1'
[3.898s] INFO:colcon.colcon_core.shell:Creating environment descriptor '/home/robot/134code/install/usb_cam/share/usb_cam/hook/cmake_prefix_path.dsv'
[3.899s] INFO:colcon.colcon_core.shell:Creating environment hook '/home/robot/134code/install/usb_cam/share/usb_cam/hook/cmake_prefix_path.sh'
[3.900s] Level 1:colcon.colcon_core.environment:checking '/home/robot/134code/install/usb_cam/lib'
[3.900s] Level 1:colcon.colcon_core.shell:create_environment_hook('usb_cam', 'ld_library_path_lib')
[3.934s] INFO:colcon.colcon_core.shell:Creating environment hook '/home/robot/134code/install/usb_cam/share/usb_cam/hook/ld_library_path_lib.ps1'
[3.935s] INFO:colcon.colcon_core.shell:Creating environment descriptor '/home/robot/134code/install/usb_cam/share/usb_cam/hook/ld_library_path_lib.dsv'
[3.935s] INFO:colcon.colcon_core.shell:Creating environment hook '/home/robot/134code/install/usb_cam/share/usb_cam/hook/ld_library_path_lib.sh'
[3.935s] Level 1:colcon.colcon_core.environment:checking '/home/robot/134code/install/usb_cam/bin'
[3.936s] Level 1:colcon.colcon_core.environment:checking '/home/robot/134code/install/usb_cam/lib/pkgconfig/usb_cam.pc'
[3.936s] Level 1:colcon.colcon_core.environment:checking '/home/robot/134code/install/usb_cam/lib/python3.10/site-packages'
[3.936s] Level 1:colcon.colcon_core.environment:checking '/home/robot/134code/install/usb_cam/bin'
[3.970s] INFO:colcon.colcon_core.shell:Creating package script '/home/robot/134code/install/usb_cam/share/usb_cam/package.ps1'
[3.971s] INFO:colcon.colcon_core.shell:Creating package descriptor '/home/robot/134code/install/usb_cam/share/usb_cam/package.dsv'
[3.972s] INFO:colcon.colcon_core.shell:Creating package script '/home/robot/134code/install/usb_cam/share/usb_cam/package.sh'
[3.973s] INFO:colcon.colcon_core.shell:Creating package script '/home/robot/134code/install/usb_cam/share/usb_cam/package.bash'
[3.974s] INFO:colcon.colcon_core.shell:Creating package script '/home/robot/134code/install/usb_cam/share/usb_cam/package.zsh'
[3.975s] Level 1:colcon.colcon_core.environment:create_file_with_runtime_dependencies(/home/robot/134code/install/usb_cam/share/colcon-core/packages/usb_cam)
[4.064s] Level 1:colcon.colcon_core.environment:create_environment_scripts_only(usb_cam)
[4.098s] Level 1:colcon.colcon_core.environment:checking '/home/robot/134code/install/usb_cam' for CMake module files
[4.098s] Level 1:colcon.colcon_core.environment:checking '/home/robot/134code/install/usb_cam' for CMake config files
[4.099s] Level 1:colcon.colcon_core.shell:create_environment_hook('usb_cam', 'cmake_prefix_path')
[4.133s] INFO:colcon.colcon_core.shell:Creating environment hook '/home/robot/134code/install/usb_cam/share/usb_cam/hook/cmake_prefix_path.ps1'
[4.133s] INFO:colcon.colcon_core.shell:Creating environment descriptor '/home/robot/134code/install/usb_cam/share/usb_cam/hook/cmake_prefix_path.dsv'
[4.134s] INFO:colcon.colcon_core.shell:Creating environment hook '/home/robot/134code/install/usb_cam/share/usb_cam/hook/cmake_prefix_path.sh'
[4.134s] Level 1:colcon.colcon_core.environment:checking '/home/robot/134code/install/usb_cam/lib'
[4.135s] Level 1:colcon.colcon_core.shell:create_environment_hook('usb_cam', 'ld_library_path_lib')
[4.173s] INFO:colcon.colcon_core.shell:Creating environment hook '/home/robot/134code/install/usb_cam/share/usb_cam/hook/ld_library_path_lib.ps1'
[4.174s] INFO:colcon.colcon_core.shell:Creating environment descriptor '/home/robot/134code/install/usb_cam/share/usb_cam/hook/ld_library_path_lib.dsv'
[4.175s] INFO:colcon.colcon_core.shell:Creating environment hook '/home/robot/134code/install/usb_cam/share/usb_cam/hook/ld_library_path_lib.sh'
[4.176s] Level 1:colcon.colcon_core.environment:checking '/home/robot/134code/install/usb_cam/bin'
[4.176s] Level 1:colcon.colcon_core.environment:checking '/home/robot/134code/install/usb_cam/lib/pkgconfig/usb_cam.pc'
[4.177s] Level 1:colcon.colcon_core.environment:checking '/home/robot/134code/install/usb_cam/lib/python3.10/site-packages'
[4.177s] Level 1:colcon.colcon_core.environment:checking '/home/robot/134code/install/usb_cam/bin'
[4.212s] INFO:colcon.colcon_core.shell:Creating package script '/home/robot/134code/install/usb_cam/share/usb_cam/package.ps1'
[4.213s] INFO:colcon.colcon_core.shell:Creating package descriptor '/home/robot/134code/install/usb_cam/share/usb_cam/package.dsv'
[4.214s] INFO:colcon.colcon_core.shell:Creating package script '/home/robot/134code/install/usb_cam/share/usb_cam/package.sh'
[4.215s] INFO:colcon.colcon_core.shell:Creating package script '/home/robot/134code/install/usb_cam/share/usb_cam/package.bash'
[4.216s] INFO:colcon.colcon_core.shell:Creating package script '/home/robot/134code/install/usb_cam/share/usb_cam/package.zsh'
[4.217s] Level 1:colcon.colcon_core.environment:create_file_with_runtime_dependencies(/home/robot/134code/install/usb_cam/share/colcon-core/packages/usb_cam)
[4.219s] INFO:colcon.colcon_ros.task.ament_python.build:Building ROS package in '/home/robot/134code/src/detectors' with build type 'ament_python'
[4.219s] Level 1:colcon.colcon_core.shell:create_environment_hook('detectors', 'ament_prefix_path')
[4.256s] INFO:colcon.colcon_core.shell:Creating environment hook '/home/robot/134code/install/detectors/share/detectors/hook/ament_prefix_path.ps1'
[4.257s] INFO:colcon.colcon_core.shell:Creating environment descriptor '/home/robot/134code/install/detectors/share/detectors/hook/ament_prefix_path.dsv'
[4.258s] INFO:colcon.colcon_core.shell:Creating environment hook '/home/robot/134code/install/detectors/share/detectors/hook/ament_prefix_path.sh'
[4.291s] INFO:colcon.colcon_core.shell:Skip shell extension 'powershell' for command environment: Not usable outside of PowerShell
[4.292s] DEBUG:colcon.colcon_core.shell:Skip shell extension 'dsv' for command environment
[4.470s] DEBUG:colcon.colcon_core.event_handler.log_command:Invoking command in '/home/robot/134code/build/basic134': PYTHONPATH=/home/robot/134code/build/basic134/prefix_override:/home/robot/134code/install/basic134/lib/python3.10/site-packages:${PYTHONPATH} /usr/bin/python3 setup.py develop --editable --build-directory /home/robot/134code/build/basic134/build --no-deps install_data
[4.787s] INFO:colcon.colcon_core.task.python.build:Building Python package in '/home/robot/134code/src/detectors'
[4.806s] INFO:colcon.colcon_core.shell:Skip shell extension 'powershell' for command environment: Not usable outside of PowerShell
[4.806s] DEBUG:colcon.colcon_core.shell:Skip shell extension 'dsv' for command environment
[4.913s] DEBUG:colcon.colcon_core.event_handler.log_command:Invoking command in '/home/robot/134code/build/demo134': PYTHONPATH=/home/robot/134code/build/demo134/prefix_override:/home/robot/134code/install/demo134/lib/python3.10/site-packages:${PYTHONPATH} /usr/bin/python3 setup.py develop --editable --build-directory /home/robot/134code/build/demo134/build --no-deps install_data
[4.917s] DEBUG:colcon.colcon_core.event_handler.log_command:Invoking command in '/home/robot/134code/build/hebiros': PYTHONPATH=/home/robot/134code/build/hebiros/prefix_override:/home/robot/134code/install/hebiros/lib/python3.10/site-packages:${PYTHONPATH} /usr/bin/python3 setup.py develop --editable --build-directory /home/robot/134code/build/hebiros/build --no-deps install_data
[5.165s] Level 1:colcon.colcon_core.shell:create_environment_hook('basic134', 'pythonpath_develop')
[5.166s] DEBUG:colcon.colcon_core.event_handler.log_command:Invoked command in '/home/robot/134code/build/basic134' returned '0': PYTHONPATH=/home/robot/134code/build/basic134/prefix_override:/home/robot/134code/install/basic134/lib/python3.10/site-packages:${PYTHONPATH} /usr/bin/python3 setup.py develop --editable --build-directory /home/robot/134code/build/basic134/build --no-deps install_data
[5.201s] INFO:colcon.colcon_core.shell:Creating environment hook '/home/robot/134code/build/basic134/share/basic134/hook/pythonpath_develop.ps1'
[5.202s] INFO:colcon.colcon_core.shell:Creating environment descriptor '/home/robot/134code/build/basic134/share/basic134/hook/pythonpath_develop.dsv'
[5.203s] INFO:colcon.colcon_core.shell:Creating environment hook '/home/robot/134code/build/basic134/share/basic134/hook/pythonpath_develop.sh'
[5.258s] Level 1:colcon.colcon_core.environment:checking '/home/robot/134code/install/basic134' for CMake module files
[5.259s] Level 1:colcon.colcon_core.environment:checking '/home/robot/134code/install/basic134' for CMake config files
[5.260s] Level 1:colcon.colcon_core.environment:checking '/home/robot/134code/install/basic134/lib'
[5.260s] Level 1:colcon.colcon_core.environment:checking '/home/robot/134code/install/basic134/bin'
[5.260s] Level 1:colcon.colcon_core.environment:checking '/home/robot/134code/install/basic134/lib/pkgconfig/basic134.pc'
[5.261s] Level 1:colcon.colcon_core.environment:checking '/home/robot/134code/install/basic134/lib/python3.10/site-packages'
[5.261s] Level 1:colcon.colcon_core.shell:create_environment_hook('basic134', 'pythonpath')
[5.295s] INFO:colcon.colcon_core.shell:Creating environment hook '/home/robot/134code/install/basic134/share/basic134/hook/pythonpath.ps1'
[5.296s] INFO:colcon.colcon_core.shell:Creating environment descriptor '/home/robot/134code/install/basic134/share/basic134/hook/pythonpath.dsv'
[5.297s] INFO:colcon.colcon_core.shell:Creating environment hook '/home/robot/134code/install/basic134/share/basic134/hook/pythonpath.sh'
[5.298s] Level 1:colcon.colcon_core.environment:checking '/home/robot/134code/install/basic134/bin'
[5.298s] Level 1:colcon.colcon_core.environment:create_environment_scripts_only(basic134)
[5.332s] INFO:colcon.colcon_core.shell:Creating package script '/home/robot/134code/install/basic134/share/basic134/package.ps1'
[5.335s] INFO:colcon.colcon_core.shell:Creating package descriptor '/home/robot/134code/install/basic134/share/basic134/package.dsv'
[5.336s] INFO:colcon.colcon_core.shell:Creating package script '/home/robot/134code/install/basic134/share/basic134/package.sh'
[5.337s] INFO:colcon.colcon_core.shell:Creating package script '/home/robot/134code/install/basic134/share/basic134/package.bash'
[5.338s] INFO:colcon.colcon_core.shell:Creating package script '/home/robot/134code/install/basic134/share/basic134/package.zsh'
[5.339s] Level 1:colcon.colcon_core.environment:create_file_with_runtime_dependencies(/home/robot/134code/install/basic134/share/colcon-core/packages/basic134)
[5.592s] DEBUG:colcon.colcon_core.event_handler.log_command:Invoking command in '/home/robot/134code/build/detectors': PYTHONPATH=/home/robot/134code/build/detectors/prefix_override:/home/robot/134code/install/detectors/lib/python3.10/site-packages:${PYTHONPATH} /usr/bin/python3 setup.py develop --editable --build-directory /home/robot/134code/build/detectors/build --no-deps install_data
[5.810s] Level 1:colcon.colcon_core.shell:create_environment_hook('hebiros', 'pythonpath_develop')
[5.812s] DEBUG:colcon.colcon_core.event_handler.log_command:Invoked command in '/home/robot/134code/build/hebiros' returned '0': PYTHONPATH=/home/robot/134code/build/hebiros/prefix_override:/home/robot/134code/install/hebiros/lib/python3.10/site-packages:${PYTHONPATH} /usr/bin/python3 setup.py develop --editable --build-directory /home/robot/134code/build/hebiros/build --no-deps install_data
[5.845s] INFO:colcon.colcon_core.shell:Creating environment hook '/home/robot/134code/build/hebiros/share/hebiros/hook/pythonpath_develop.ps1'
[5.846s] INFO:colcon.colcon_core.shell:Creating environment descriptor '/home/robot/134code/build/hebiros/share/hebiros/hook/pythonpath_develop.dsv'
[5.847s] INFO:colcon.colcon_core.shell:Creating environment hook '/home/robot/134code/build/hebiros/share/hebiros/hook/pythonpath_develop.sh'
[5.893s] Level 1:colcon.colcon_core.environment:checking '/home/robot/134code/install/hebiros' for CMake module files
[5.894s] Level 1:colcon.colcon_core.environment:checking '/home/robot/134code/install/hebiros' for CMake config files
[5.894s] Level 1:colcon.colcon_core.environment:checking '/home/robot/134code/install/hebiros/lib'
[5.895s] Level 1:colcon.colcon_core.environment:checking '/home/robot/134code/install/hebiros/bin'
[5.895s] Level 1:colcon.colcon_core.environment:checking '/home/robot/134code/install/hebiros/lib/pkgconfig/hebiros.pc'
[5.895s] Level 1:colcon.colcon_core.environment:checking '/home/robot/134code/install/hebiros/lib/python3.10/site-packages'
[5.895s] Level 1:colcon.colcon_core.shell:create_environment_hook('hebiros', 'pythonpath')
[5.922s] INFO:colcon.colcon_core.shell:Creating environment hook '/home/robot/134code/install/hebiros/share/hebiros/hook/pythonpath.ps1'
[5.923s] INFO:colcon.colcon_core.shell:Creating environment descriptor '/home/robot/134code/install/hebiros/share/hebiros/hook/pythonpath.dsv'
[5.923s] INFO:colcon.colcon_core.shell:Creating environment hook '/home/robot/134code/install/hebiros/share/hebiros/hook/pythonpath.sh'
[5.923s] Level 1:colcon.colcon_core.environment:checking '/home/robot/134code/install/hebiros/bin'
[5.923s] Level 1:colcon.colcon_core.environment:create_environment_scripts_only(hebiros)
[5.948s] INFO:colcon.colcon_core.shell:Creating package script '/home/robot/134code/install/hebiros/share/hebiros/package.ps1'
[5.949s] INFO:colcon.colcon_core.shell:Creating package descriptor '/home/robot/134code/install/hebiros/share/hebiros/package.dsv'
[5.949s] INFO:colcon.colcon_core.shell:Creating package script '/home/robot/134code/install/hebiros/share/hebiros/package.sh'
[5.950s] INFO:colcon.colcon_core.shell:Creating package script '/home/robot/134code/install/hebiros/share/hebiros/package.bash'
[5.950s] INFO:colcon.colcon_core.shell:Creating package script '/home/robot/134code/install/hebiros/share/hebiros/package.zsh'
[5.951s] Level 1:colcon.colcon_core.environment:create_file_with_runtime_dependencies(/home/robot/134code/install/hebiros/share/colcon-core/packages/hebiros)
[5.952s] Level 1:colcon.colcon_core.shell:create_environment_hook('demo134', 'pythonpath_develop')
[5.952s] DEBUG:colcon.colcon_core.event_handler.log_command:Invoked command in '/home/robot/134code/build/demo134' returned '0': PYTHONPATH=/home/robot/134code/build/demo134/prefix_override:/home/robot/134code/install/demo134/lib/python3.10/site-packages:${PYTHONPATH} /usr/bin/python3 setup.py develop --editable --build-directory /home/robot/134code/build/demo134/build --no-deps install_data
[5.986s] INFO:colcon.colcon_core.shell:Creating environment hook '/home/robot/134code/build/demo134/share/demo134/hook/pythonpath_develop.ps1'
[5.986s] INFO:colcon.colcon_core.shell:Creating environment descriptor '/home/robot/134code/build/demo134/share/demo134/hook/pythonpath_develop.dsv'
[5.987s] INFO:colcon.colcon_core.shell:Creating environment hook '/home/robot/134code/build/demo134/share/demo134/hook/pythonpath_develop.sh'
[6.020s] Level 1:colcon.colcon_core.environment:checking '/home/robot/134code/install/demo134' for CMake module files
[6.021s] Level 1:colcon.colcon_core.environment:checking '/home/robot/134code/install/demo134' for CMake config files
[6.022s] Level 1:colcon.colcon_core.environment:checking '/home/robot/134code/install/demo134/lib'
[6.022s] Level 1:colcon.colcon_core.environment:checking '/home/robot/134code/install/demo134/bin'
[6.022s] Level 1:colcon.colcon_core.environment:checking '/home/robot/134code/install/demo134/lib/pkgconfig/demo134.pc'
[6.023s] Level 1:colcon.colcon_core.environment:checking '/home/robot/134code/install/demo134/lib/python3.10/site-packages'
[6.023s] Level 1:colcon.colcon_core.shell:create_environment_hook('demo134', 'pythonpath')
[6.058s] INFO:colcon.colcon_core.shell:Creating environment hook '/home/robot/134code/install/demo134/share/demo134/hook/pythonpath.ps1'
[6.058s] INFO:colcon.colcon_core.shell:Creating environment descriptor '/home/robot/134code/install/demo134/share/demo134/hook/pythonpath.dsv'
[6.059s] INFO:colcon.colcon_core.shell:Creating environment hook '/home/robot/134code/install/demo134/share/demo134/hook/pythonpath.sh'
[6.060s] Level 1:colcon.colcon_core.environment:checking '/home/robot/134code/install/demo134/bin'
[6.060s] Level 1:colcon.colcon_core.environment:create_environment_scripts_only(demo134)
[6.093s] INFO:colcon.colcon_core.shell:Creating package script '/home/robot/134code/install/demo134/share/demo134/package.ps1'
[6.094s] INFO:colcon.colcon_core.shell:Creating package descriptor '/home/robot/134code/install/demo134/share/demo134/package.dsv'
[6.095s] INFO:colcon.colcon_core.shell:Creating package script '/home/robot/134code/install/demo134/share/demo134/package.sh'
[6.095s] INFO:colcon.colcon_core.shell:Creating package script '/home/robot/134code/install/demo134/share/demo134/package.bash'
[6.096s] INFO:colcon.colcon_core.shell:Creating package script '/home/robot/134code/install/demo134/share/demo134/package.zsh'
[6.096s] Level 1:colcon.colcon_core.environment:create_file_with_runtime_dependencies(/home/robot/134code/install/demo134/share/colcon-core/packages/demo134)
[6.261s] Level 1:colcon.colcon_core.shell:create_environment_hook('detectors', 'pythonpath_develop')
[6.261s] DEBUG:colcon.colcon_core.event_handler.log_command:Invoked command in '/home/robot/134code/build/detectors' returned '0': PYTHONPATH=/home/robot/134code/build/detectors/prefix_override:/home/robot/134code/install/detectors/lib/python3.10/site-packages:${PYTHONPATH} /usr/bin/python3 setup.py develop --editable --build-directory /home/robot/134code/build/detectors/build --no-deps install_data
[6.281s] INFO:colcon.colcon_core.shell:Creating environment hook '/home/robot/134code/build/detectors/share/detectors/hook/pythonpath_develop.ps1'
[6.281s] INFO:colcon.colcon_core.shell:Creating environment descriptor '/home/robot/134code/build/detectors/share/detectors/hook/pythonpath_develop.dsv'
[6.281s] INFO:colcon.colcon_core.shell:Creating environment hook '/home/robot/134code/build/detectors/share/detectors/hook/pythonpath_develop.sh'
[6.301s] Level 1:colcon.colcon_core.environment:checking '/home/robot/134code/install/detectors' for CMake module files
[6.301s] Level 1:colcon.colcon_core.environment:checking '/home/robot/134code/install/detectors' for CMake config files
[6.302s] Level 1:colcon.colcon_core.environment:checking '/home/robot/134code/install/detectors/lib'
[6.302s] Level 1:colcon.colcon_core.environment:checking '/home/robot/134code/install/detectors/bin'
[6.302s] Level 1:colcon.colcon_core.environment:checking '/home/robot/134code/install/detectors/lib/pkgconfig/detectors.pc'
[6.302s] Level 1:colcon.colcon_core.environment:checking '/home/robot/134code/install/detectors/lib/python3.10/site-packages'
[6.302s] Level 1:colcon.colcon_core.shell:create_environment_hook('detectors', 'pythonpath')
[6.322s] INFO:colcon.colcon_core.shell:Creating environment hook '/home/robot/134code/install/detectors/share/detectors/hook/pythonpath.ps1'
[6.322s] INFO:colcon.colcon_core.shell:Creating environment descriptor '/home/robot/134code/install/detectors/share/detectors/hook/pythonpath.dsv'
[6.323s] INFO:colcon.colcon_core.shell:Creating environment hook '/home/robot/134code/install/detectors/share/detectors/hook/pythonpath.sh'
[6.323s] Level 1:colcon.colcon_core.environment:checking '/home/robot/134code/install/detectors/bin'
[6.323s] Level 1:colcon.colcon_core.environment:create_environment_scripts_only(detectors)
[6.345s] INFO:colcon.colcon_core.shell:Creating package script '/home/robot/134code/install/detectors/share/detectors/package.ps1'
[6.345s] INFO:colcon.colcon_core.shell:Creating package descriptor '/home/robot/134code/install/detectors/share/detectors/package.dsv'
[6.346s] INFO:colcon.colcon_core.shell:Creating package script '/home/robot/134code/install/detectors/share/detectors/package.sh'
[6.346s] INFO:colcon.colcon_core.shell:Creating package script '/home/robot/134code/install/detectors/share/detectors/package.bash'
[6.346s] INFO:colcon.colcon_core.shell:Creating package script '/home/robot/134code/install/detectors/share/detectors/package.zsh'
[6.347s] Level 1:colcon.colcon_core.environment:create_file_with_runtime_dependencies(/home/robot/134code/install/detectors/share/colcon-core/packages/detectors)
[6.347s] DEBUG:colcon.colcon_parallel_executor.executor.parallel:closing loop
[6.347s] DEBUG:colcon.colcon_parallel_executor.executor.parallel:loop closed
[6.348s] DEBUG:colcon.colcon_parallel_executor.executor.parallel:run_until_complete finished with '0'
[6.348s] DEBUG:colcon.colcon_core.event_reactor:joining thread
[6.375s] INFO:colcon.colcon_core.plugin_system:Skipping extension 'colcon_notification.desktop_notification.terminal_notifier': Not used on non-Darwin systems
[6.375s] INFO:colcon.colcon_core.plugin_system:Skipping extension 'colcon_notification.desktop_notification.win32': Not used on non-Windows systems
[6.375s] INFO:colcon.colcon_notification.desktop_notification:Sending desktop notification using 'notify2'
[6.387s] DEBUG:colcon.colcon_core.event_reactor:joined thread
[6.414s] INFO:colcon.colcon_core.shell:Creating prefix script '/home/robot/134code/install/local_setup.ps1'
[6.415s] INFO:colcon.colcon_core.shell:Creating prefix util module '/home/robot/134code/install/_local_setup_util_ps1.py'
[6.416s] INFO:colcon.colcon_core.shell:Creating prefix chain script '/home/robot/134code/install/setup.ps1'
[6.436s] INFO:colcon.colcon_core.shell:Creating prefix script '/home/robot/134code/install/local_setup.sh'
[6.437s] INFO:colcon.colcon_core.shell:Creating prefix util module '/home/robot/134code/install/_local_setup_util_sh.py'
[6.437s] INFO:colcon.colcon_core.shell:Creating prefix chain script '/home/robot/134code/install/setup.sh'
[6.457s] INFO:colcon.colcon_core.shell:Creating prefix script '/home/robot/134code/install/local_setup.bash'
[6.458s] INFO:colcon.colcon_core.shell:Creating prefix chain script '/home/robot/134code/install/setup.bash'
[6.477s] INFO:colcon.colcon_core.shell:Creating prefix script '/home/robot/134code/install/local_setup.zsh'
[6.478s] INFO:colcon.colcon_core.shell:Creating prefix chain script '/home/robot/134code/install/setup.zsh'
