[1.692s] Invoking command in '/home/robot/134code/robotws/build/demo134': PYTHONPATH=/home/robot/134code/robotws/build/demo134/prefix_override:/home/robot/134code/robotws/install/demo134/lib/python3.10/site-packages:${PYTHONPATH} /usr/bin/python3 setup.py develop --editable --build-directory /home/robot/134code/robotws/build/demo134/build --no-deps install_data
[1.986s] running develop
[1.987s] /usr/lib/python3/dist-packages/setuptools/command/easy_install.py:158: EasyInstallDeprecationWarning: easy_install command is deprecated. Use build and pip and other standards-based tools.
[1.987s]   warnings.warn(
[1.988s] /usr/lib/python3/dist-packages/setuptools/command/install.py:34: SetuptoolsDeprecationWarning: setup.py install is deprecated. Use build and pip and other standards-based tools.
[1.988s]   warnings.warn(
[2.201s] running egg_info
[2.201s] writing demo134.egg-info/PKG-INFO
[2.201s] writing dependency_links to demo134.egg-info/dependency_links.txt
[2.202s] writing entry points to demo134.egg-info/entry_points.txt
[2.202s] writing requirements to demo134.egg-info/requires.txt
[2.202s] writing top-level names to demo134.egg-info/top_level.txt
[2.204s] reading manifest file 'demo134.egg-info/SOURCES.txt'
[2.204s] writing manifest file 'demo134.egg-info/SOURCES.txt'
[2.205s] running build_ext
[2.206s] Creating /home/robot/134code/robotws/install/demo134/lib/python3.10/site-packages/demo134.egg-link (link to .)
[2.207s] Installing demo134 script to /home/robot/134code/robotws/install/demo134/lib/demo134
[2.207s] 
[2.207s] Installed /home/robot/134code/robotws/build/demo134
[2.207s] running install_data
[2.239s] Invoked command in '/home/robot/134code/robotws/build/demo134' returned '0': PYTHONPATH=/home/robot/134code/robotws/build/demo134/prefix_override:/home/robot/134code/robotws/install/demo134/lib/python3.10/site-packages:${PYTHONPATH} /usr/bin/python3 setup.py develop --editable --build-directory /home/robot/134code/robotws/build/demo134/build --no-deps install_data
