[2.265s] Invoking command in '/home/robot/134code/robotws/build/basic134': PYTHONPATH=/home/robot/134code/robotws/build/basic134/prefix_override:/home/robot/134code/robotws/install/basic134/lib/python3.10/site-packages:${PYTHONPATH} /usr/bin/python3 setup.py develop --editable --build-directory /home/robot/134code/robotws/build/basic134/build --no-deps install_data
[2.697s] running develop
[2.697s] /usr/lib/python3/dist-packages/setuptools/command/easy_install.py:158: EasyInstallDeprecationWarning: easy_install command is deprecated. Use build and pip and other standards-based tools.
[2.698s]   warnings.warn(
[2.699s] /usr/lib/python3/dist-packages/setuptools/command/install.py:34: SetuptoolsDeprecationWarning: setup.py install is deprecated. Use build and pip and other standards-based tools.
[2.700s]   warnings.warn(
[3.080s] running egg_info
[3.081s] writing basic134.egg-info/PKG-INFO
[3.081s] writing dependency_links to basic134.egg-info/dependency_links.txt
[3.082s] writing entry points to basic134.egg-info/entry_points.txt
[3.082s] writing requirements to basic134.egg-info/requires.txt
[3.082s] writing top-level names to basic134.egg-info/top_level.txt
[3.084s] reading manifest file 'basic134.egg-info/SOURCES.txt'
[3.085s] writing manifest file 'basic134.egg-info/SOURCES.txt'
[3.087s] running build_ext
[3.087s] Creating /home/robot/134code/robotws/install/basic134/lib/python3.10/site-packages/basic134.egg-link (link to .)
[3.088s] Installing demo134 script to /home/robot/134code/robotws/install/basic134/lib/basic134
[3.089s] Installing receivepoint script to /home/robot/134code/robotws/install/basic134/lib/basic134
[3.089s] 
[3.089s] Installed /home/robot/134code/robotws/build/basic134
[3.089s] running install_data
[3.138s] Invoked command in '/home/robot/134code/robotws/build/basic134' returned '0': PYTHONPATH=/home/robot/134code/robotws/build/basic134/prefix_override:/home/robot/134code/robotws/install/basic134/lib/python3.10/site-packages:${PYTHONPATH} /usr/bin/python3 setup.py develop --editable --build-directory /home/robot/134code/robotws/build/basic134/build --no-deps install_data
