[2.074s] Invoking command in '/home/robot/134code/src/build/hebiros': PYTHONPATH=/home/robot/134code/src/build/hebiros/prefix_override:/home/robot/134code/src/install/hebiros/lib/python3.10/site-packages:${PYTHONPATH} /usr/bin/python3 setup.py develop --editable --build-directory /home/robot/134code/src/build/hebiros/build --no-deps install_data
[2.620s] running develop
[2.620s] /usr/lib/python3/dist-packages/setuptools/command/easy_install.py:158: EasyInstallDeprecationWarning: easy_install command is deprecated. Use build and pip and other standards-based tools.
[2.620s]   warnings.warn(
[2.622s] /usr/lib/python3/dist-packages/setuptools/command/install.py:34: SetuptoolsDeprecationWarning: setup.py install is deprecated. Use build and pip and other standards-based tools.
[2.622s]   warnings.warn(
[3.284s] running egg_info
[3.284s] creating hebiros.egg-info
[3.284s] writing hebiros.egg-info/PKG-INFO
[3.293s] writing dependency_links to hebiros.egg-info/dependency_links.txt
[3.294s] writing entry points to hebiros.egg-info/entry_points.txt
[3.295s] writing requirements to hebiros.egg-info/requires.txt
[3.295s] writing top-level names to hebiros.egg-info/top_level.txt
[3.295s] writing manifest file 'hebiros.egg-info/SOURCES.txt'
[3.298s] reading manifest file 'hebiros.egg-info/SOURCES.txt'
[3.300s] writing manifest file 'hebiros.egg-info/SOURCES.txt'
[3.302s] running build_ext
[3.302s] Creating /home/robot/134code/src/install/hebiros/lib/python3.10/site-packages/hebiros.egg-link (link to .)
[3.304s] Installing hebiforce script to /home/robot/134code/src/install/hebiros/lib/hebiros
[3.304s] Installing hebinode script to /home/robot/134code/src/install/hebiros/lib/hebiros
[3.305s] Installing hebiscan script to /home/robot/134code/src/install/hebiros/lib/hebiros
[3.306s] Installing hebitune script to /home/robot/134code/src/install/hebiros/lib/hebiros
[3.306s] Installing testsend script to /home/robot/134code/src/install/hebiros/lib/hebiros
[3.306s] 
[3.306s] Installed /home/robot/134code/src/build/hebiros
[3.306s] running install_data
[3.306s] creating /home/robot/134code/src/install/hebiros/share/ament_index
[3.306s] creating /home/robot/134code/src/install/hebiros/share/ament_index/resource_index
[3.307s] creating /home/robot/134code/src/install/hebiros/share/ament_index/resource_index/packages
[3.307s] copying resource/hebiros -> /home/robot/134code/src/install/hebiros/share/ament_index/resource_index/packages
[3.307s] copying package.xml -> /home/robot/134code/src/install/hebiros/share/hebiros
[3.308s] creating /home/robot/134code/src/install/hebiros/share/hebiros/params
[3.308s] copying params/hebitest.yaml -> /home/robot/134code/src/install/hebiros/share/hebiros/params
[3.309s] creating /home/robot/134code/src/install/hebiros/share/hebiros/launch
[3.309s] copying launch/hebitest.launch.py -> /home/robot/134code/src/install/hebiros/share/hebiros/launch
[3.493s] Invoked command in '/home/robot/134code/src/build/hebiros' returned '0': PYTHONPATH=/home/robot/134code/src/build/hebiros/prefix_override:/home/robot/134code/src/install/hebiros/lib/python3.10/site-packages:${PYTHONPATH} /usr/bin/python3 setup.py develop --editable --build-directory /home/robot/134code/src/build/hebiros/build --no-deps install_data
