[2.040s] Invoking command in '/home/robot/134code/robotws/build/basic134': PYTHONPATH=/home/robot/134code/robotws/build/basic134/prefix_override:/home/robot/134code/robotws/install/basic134/lib/python3.10/site-packages:${PYTHONPATH} /usr/bin/python3 setup.py develop --editable --build-directory /home/robot/134code/robotws/build/basic134/build --no-deps install_data
[2.521s] running develop
[2.522s] /usr/lib/python3/dist-packages/setuptools/command/easy_install.py:158: EasyInstallDeprecationWarning: easy_install command is deprecated. Use build and pip and other standards-based tools.
[2.522s]   warnings.warn(
[2.524s] /usr/lib/python3/dist-packages/setuptools/command/install.py:34: SetuptoolsDeprecationWarning: setup.py install is deprecated. Use build and pip and other standards-based tools.
[2.524s]   warnings.warn(
[2.759s] running egg_info
[2.759s] writing basic134.egg-info/PKG-INFO
[2.759s] writing dependency_links to basic134.egg-info/dependency_links.txt
[2.759s] writing entry points to basic134.egg-info/entry_points.txt
[2.760s] writing requirements to basic134.egg-info/requires.txt
[2.760s] writing top-level names to basic134.egg-info/top_level.txt
[2.762s] reading manifest file 'basic134.egg-info/SOURCES.txt'
[2.763s] writing manifest file 'basic134.egg-info/SOURCES.txt'
[2.764s] running build_ext
[2.764s] Creating /home/robot/134code/robotws/install/basic134/lib/python3.10/site-packages/basic134.egg-link (link to .)
[2.765s] Installing demo134 script to /home/robot/134code/robotws/install/basic134/lib/basic134
[2.765s] Installing receivepoint script to /home/robot/134code/robotws/install/basic134/lib/basic134
[2.766s] 
[2.766s] Installed /home/robot/134code/robotws/build/basic134
[2.766s] running install_data
[2.766s] copying urdf/threedofexample.urdf -> /home/robot/134code/robotws/install/basic134/share/basic134/urdf
[2.791s] Invoked command in '/home/robot/134code/robotws/build/basic134' returned '0': PYTHONPATH=/home/robot/134code/robotws/build/basic134/prefix_override:/home/robot/134code/robotws/install/basic134/lib/python3.10/site-packages:${PYTHONPATH} /usr/bin/python3 setup.py develop --editable --build-directory /home/robot/134code/robotws/build/basic134/build --no-deps install_data
