[1.576s] Invoking command in '/home/robot/134code/build/detectors': PYTHONPATH=/home/robot/134code/build/detectors/prefix_override:/home/robot/134code/install/detectors/lib/python3.10/site-packages:${PYTHONPATH} /usr/bin/python3 setup.py develop --editable --build-directory /home/robot/134code/build/detectors/build --no-deps install_data
[1.884s] running develop
[1.885s] /usr/lib/python3/dist-packages/setuptools/command/easy_install.py:158: EasyInstallDeprecationWarning: easy_install command is deprecated. Use build and pip and other standards-based tools.
[1.886s]   warnings.warn(
[1.886s] /usr/lib/python3/dist-packages/setuptools/command/install.py:34: SetuptoolsDeprecationWarning: setup.py install is deprecated. Use build and pip and other standards-based tools.
[1.886s]   warnings.warn(
[2.104s] running egg_info
[2.104s] writing detectors.egg-info/PKG-INFO
[2.105s] writing dependency_links to detectors.egg-info/dependency_links.txt
[2.105s] writing entry points to detectors.egg-info/entry_points.txt
[2.105s] writing requirements to detectors.egg-info/requires.txt
[2.105s] writing top-level names to detectors.egg-info/top_level.txt
[2.108s] reading manifest file 'detectors.egg-info/SOURCES.txt'
[2.109s] writing manifest file 'detectors.egg-info/SOURCES.txt'
[2.110s] running build_ext
[2.110s] Creating /home/robot/134code/install/detectors/lib/python3.10/site-packages/detectors.egg-link (link to .)
[2.111s] Installing balldetector script to /home/robot/134code/install/detectors/lib/detectors
[2.112s] Installing depthincenter script to /home/robot/134code/install/detectors/lib/detectors
[2.112s] Installing detectaruco script to /home/robot/134code/install/detectors/lib/detectors
[2.112s] Installing facedepth script to /home/robot/134code/install/detectors/lib/detectors
[2.112s] Installing facedetector script to /home/robot/134code/install/detectors/lib/detectors
[2.113s] Installing hsvtune script to /home/robot/134code/install/detectors/lib/detectors
[2.113s] Installing mapping script to /home/robot/134code/install/detectors/lib/detectors
[2.113s] Installing writearuco script to /home/robot/134code/install/detectors/lib/detectors
[2.113s] 
[2.113s] Installed /home/robot/134code/build/detectors
[2.113s] running install_data
[2.138s] Invoked command in '/home/robot/134code/build/detectors' returned '0': PYTHONPATH=/home/robot/134code/build/detectors/prefix_override:/home/robot/134code/install/detectors/lib/python3.10/site-packages:${PYTHONPATH} /usr/bin/python3 setup.py develop --editable --build-directory /home/robot/134code/build/detectors/build --no-deps install_data
