[2.600s] Invoking command in '/home/robot/134code/build/basic134': PYTHONPATH=/home/robot/134code/build/basic134/prefix_override:/home/robot/134code/install/basic134/lib/python3.10/site-packages:${PYTHONPATH} /usr/bin/python3 setup.py develop --editable --build-directory /home/robot/134code/build/basic134/build --no-deps install_data
[3.092s] running develop
[3.092s] /usr/lib/python3/dist-packages/setuptools/command/easy_install.py:158: EasyInstallDeprecationWarning: easy_install command is deprecated. Use build and pip and other standards-based tools.
[3.092s]   warnings.warn(
[3.094s] /usr/lib/python3/dist-packages/setuptools/command/install.py:34: SetuptoolsDeprecationWarning: setup.py install is deprecated. Use build and pip and other standards-based tools.
[3.094s]   warnings.warn(
[3.487s] running egg_info
[3.487s] creating basic134.egg-info
[3.487s] writing basic134.egg-info/PKG-INFO
[3.487s] writing dependency_links to basic134.egg-info/dependency_links.txt
[3.487s] writing entry points to basic134.egg-info/entry_points.txt
[3.487s] writing requirements to basic134.egg-info/requires.txt
[3.487s] writing top-level names to basic134.egg-info/top_level.txt
[3.488s] writing manifest file 'basic134.egg-info/SOURCES.txt'
[3.489s] reading manifest file 'basic134.egg-info/SOURCES.txt'
[3.492s] writing manifest file 'basic134.egg-info/SOURCES.txt'
[3.494s] running build_ext
[3.494s] Creating /home/robot/134code/install/basic134/lib/python3.10/site-packages/basic134.egg-link (link to .)
[3.496s] Installing demo134 script to /home/robot/134code/install/basic134/lib/basic134
[3.496s] Installing receivepoint script to /home/robot/134code/install/basic134/lib/basic134
[3.497s] Installing table script to /home/robot/134code/install/basic134/lib/basic134
[3.497s] 
[3.497s] Installed /home/robot/134code/build/basic134
[3.497s] running install_data
[3.498s] creating /home/robot/134code/install/basic134/share/ament_index
[3.498s] creating /home/robot/134code/install/basic134/share/ament_index/resource_index
[3.498s] creating /home/robot/134code/install/basic134/share/ament_index/resource_index/packages
[3.499s] copying resource/basic134 -> /home/robot/134code/install/basic134/share/ament_index/resource_index/packages
[3.499s] copying package.xml -> /home/robot/134code/install/basic134/share/basic134
[3.500s] creating /home/robot/134code/install/basic134/share/basic134/launch
[3.500s] copying launch/viewcommand.launch.py -> /home/robot/134code/install/basic134/share/basic134/launch
[3.500s] copying launch/showurdf.launch.py -> /home/robot/134code/install/basic134/share/basic134/launch
[3.501s] copying launch/viewactual.launch.py -> /home/robot/134code/install/basic134/share/basic134/launch
[3.501s] copying launch/example.launch.py -> /home/robot/134code/install/basic134/share/basic134/launch
[3.502s] creating /home/robot/134code/install/basic134/share/basic134/rviz
[3.502s] copying rviz/viewurdf.rviz -> /home/robot/134code/install/basic134/share/basic134/rviz
[3.503s] creating /home/robot/134code/install/basic134/share/basic134/meshes
[3.504s] copying meshes/basiclink.dae -> /home/robot/134code/install/basic134/share/basic134/meshes
[3.504s] copying meshes/basiclink.stl -> /home/robot/134code/install/basic134/share/basic134/meshes
[3.505s] copying meshes/X5.stl -> /home/robot/134code/install/basic134/share/basic134/meshes
[3.515s] copying meshes/X8.stl -> /home/robot/134code/install/basic134/share/basic134/meshes
[3.525s] creating /home/robot/134code/install/basic134/share/basic134/urdf
[3.525s] copying urdf/threedofexample.urdf -> /home/robot/134code/install/basic134/share/basic134/urdf
[3.762s] Invoked command in '/home/robot/134code/build/basic134' returned '0': PYTHONPATH=/home/robot/134code/build/basic134/prefix_override:/home/robot/134code/install/basic134/lib/python3.10/site-packages:${PYTHONPATH} /usr/bin/python3 setup.py develop --editable --build-directory /home/robot/134code/build/basic134/build --no-deps install_data
