[1.485s] DEBUG:colcon:Command line arguments: ['/usr/bin/colcon', 'build', '--symlink-install']
[1.485s] DEBUG:colcon:Parsed command line arguments: Namespace(log_base=None, log_level=None, verb_name='build', build_base='build', install_base='install', merge_install=False, symlink_install=True, test_result_base=None, continue_on_error=False, executor='parallel', parallel_workers=4, event_handlers=None, ignore_user_meta=False, metas=['./colcon.meta'], base_paths=['.'], packages_ignore=None, packages_ignore_regex=None, paths=None, packages_up_to=None, packages_up_to_regex=None, packages_above=None, packages_above_and_dependencies=None, packages_above_depth=None, packages_select_by_dep=None, packages_skip_by_dep=None, packages_skip_up_to=None, packages_select_build_failed=False, packages_skip_build_finished=False, packages_select_test_failures=False, packages_skip_test_passed=False, packages_select=None, packages_skip=None, packages_select_regex=None, packages_skip_regex=None, packages_start=None, packages_end=None, allow_overriding=[], cmake_args=None, cmake_target=None, cmake_target_skip_unavailable=False, cmake_clean_cache=False, cmake_clean_first=False, cmake_force_configure=False, ament_cmake_args=None, catkin_cmake_args=None, catkin_skip_building_tests=False, verb_parser=<colcon_defaults.argument_parser.defaults.DefaultArgumentsDecorator object at 0x7f36c6349030>, verb_extension=<colcon_core.verb.build.BuildVerb object at 0x7f36c6349360>, main=<bound method BuildVerb.main of <colcon_core.verb.build.BuildVerb object at 0x7f36c6349360>>)
[1.570s] Level 1:colcon.colcon_core.package_discovery:discover_packages(colcon_meta) check parameters
[1.570s] Level 1:colcon.colcon_core.package_discovery:discover_packages(recursive) check parameters
[1.570s] Level 1:colcon.colcon_core.package_discovery:discover_packages(ignore) check parameters
[1.570s] Level 1:colcon.colcon_core.package_discovery:discover_packages(path) check parameters
[1.570s] Level 1:colcon.colcon_core.package_discovery:discover_packages(colcon_meta) discover
[1.570s] Level 1:colcon.colcon_core.package_discovery:discover_packages(recursive) discover
[1.570s] INFO:colcon.colcon_core.package_discovery:Crawling recursively for packages in '/home/robot/134code'
[1.571s] Level 1:colcon.colcon_core.package_identification:_identify(.) by extensions ['ignore', 'ignore_ament_install']
[1.571s] Level 1:colcon.colcon_core.package_identification:_identify(.) by extension 'ignore'
[1.571s] Level 1:colcon.colcon_core.package_identification:_identify(.) by extension 'ignore_ament_install'
[1.571s] Level 1:colcon.colcon_core.package_identification:_identify(.) by extensions ['colcon_pkg']
[1.571s] Level 1:colcon.colcon_core.package_identification:_identify(.) by extension 'colcon_pkg'
[1.571s] Level 1:colcon.colcon_core.package_identification:_identify(.) by extensions ['colcon_meta']
[1.571s] Level 1:colcon.colcon_core.package_identification:_identify(.) by extension 'colcon_meta'
[1.571s] Level 1:colcon.colcon_core.package_identification:_identify(.) by extensions ['ros']
[1.571s] Level 1:colcon.colcon_core.package_identification:_identify(.) by extension 'ros'
[1.582s] Level 1:colcon.colcon_core.package_identification:_identify(.) by extensions ['cmake', 'python']
[1.582s] Level 1:colcon.colcon_core.package_identification:_identify(.) by extension 'cmake'
[1.582s] Level 1:colcon.colcon_core.package_identification:_identify(.) by extension 'python'
[1.582s] Level 1:colcon.colcon_core.package_identification:_identify(.) by extensions ['python_setup_py']
[1.582s] Level 1:colcon.colcon_core.package_identification:_identify(.) by extension 'python_setup_py'
[1.583s] Level 1:colcon.colcon_core.package_identification:_identify(build) by extensions ['ignore', 'ignore_ament_install']
[1.583s] Level 1:colcon.colcon_core.package_identification:_identify(build) by extension 'ignore'
[1.583s] Level 1:colcon.colcon_core.package_identification:_identify(build) ignored
[1.583s] Level 1:colcon.colcon_core.package_identification:_identify(install) by extensions ['ignore', 'ignore_ament_install']
[1.583s] Level 1:colcon.colcon_core.package_identification:_identify(install) by extension 'ignore'
[1.583s] Level 1:colcon.colcon_core.package_identification:_identify(install) ignored
[1.583s] Level 1:colcon.colcon_core.package_identification:_identify(log) by extensions ['ignore', 'ignore_ament_install']
[1.583s] Level 1:colcon.colcon_core.package_identification:_identify(log) by extension 'ignore'
[1.583s] Level 1:colcon.colcon_core.package_identification:_identify(log) ignored
[1.583s] Level 1:colcon.colcon_core.package_identification:_identify(src) by extensions ['ignore', 'ignore_ament_install']
[1.583s] Level 1:colcon.colcon_core.package_identification:_identify(src) by extension 'ignore'
[1.583s] Level 1:colcon.colcon_core.package_identification:_identify(src) by extension 'ignore_ament_install'
[1.583s] Level 1:colcon.colcon_core.package_identification:_identify(src) by extensions ['colcon_pkg']
[1.583s] Level 1:colcon.colcon_core.package_identification:_identify(src) by extension 'colcon_pkg'
[1.583s] Level 1:colcon.colcon_core.package_identification:_identify(src) by extensions ['colcon_meta']
[1.583s] Level 1:colcon.colcon_core.package_identification:_identify(src) by extension 'colcon_meta'
[1.583s] Level 1:colcon.colcon_core.package_identification:_identify(src) by extensions ['ros']
[1.584s] Level 1:colcon.colcon_core.package_identification:_identify(src) by extension 'ros'
[1.584s] Level 1:colcon.colcon_core.package_identification:_identify(src) by extensions ['cmake', 'python']
[1.584s] Level 1:colcon.colcon_core.package_identification:_identify(src) by extension 'cmake'
[1.584s] Level 1:colcon.colcon_core.package_identification:_identify(src) by extension 'python'
[1.584s] Level 1:colcon.colcon_core.package_identification:_identify(src) by extensions ['python_setup_py']
[1.584s] Level 1:colcon.colcon_core.package_identification:_identify(src) by extension 'python_setup_py'
[1.584s] Level 1:colcon.colcon_core.package_identification:_identify(src/basic134) by extensions ['ignore', 'ignore_ament_install']
[1.584s] Level 1:colcon.colcon_core.package_identification:_identify(src/basic134) by extension 'ignore'
[1.584s] Level 1:colcon.colcon_core.package_identification:_identify(src/basic134) by extension 'ignore_ament_install'
[1.584s] Level 1:colcon.colcon_core.package_identification:_identify(src/basic134) by extensions ['colcon_pkg']
[1.584s] Level 1:colcon.colcon_core.package_identification:_identify(src/basic134) by extension 'colcon_pkg'
[1.584s] Level 1:colcon.colcon_core.package_identification:_identify(src/basic134) by extensions ['colcon_meta']
[1.584s] Level 1:colcon.colcon_core.package_identification:_identify(src/basic134) by extension 'colcon_meta'
[1.584s] Level 1:colcon.colcon_core.package_identification:_identify(src/basic134) by extensions ['ros']
[1.584s] Level 1:colcon.colcon_core.package_identification:_identify(src/basic134) by extension 'ros'
[1.588s] DEBUG:colcon.colcon_core.package_identification:Package 'src/basic134' with type 'ros.ament_python' and name 'basic134'
[1.588s] Level 1:colcon.colcon_core.package_identification:_identify(src/demo134) by extensions ['ignore', 'ignore_ament_install']
[1.588s] Level 1:colcon.colcon_core.package_identification:_identify(src/demo134) by extension 'ignore'
[1.588s] Level 1:colcon.colcon_core.package_identification:_identify(src/demo134) by extension 'ignore_ament_install'
[1.588s] Level 1:colcon.colcon_core.package_identification:_identify(src/demo134) by extensions ['colcon_pkg']
[1.588s] Level 1:colcon.colcon_core.package_identification:_identify(src/demo134) by extension 'colcon_pkg'
[1.588s] Level 1:colcon.colcon_core.package_identification:_identify(src/demo134) by extensions ['colcon_meta']
[1.588s] Level 1:colcon.colcon_core.package_identification:_identify(src/demo134) by extension 'colcon_meta'
[1.588s] Level 1:colcon.colcon_core.package_identification:_identify(src/demo134) by extensions ['ros']
[1.588s] Level 1:colcon.colcon_core.package_identification:_identify(src/demo134) by extension 'ros'
[1.588s] Level 1:colcon.colcon_core.package_identification:_identify(src/demo134) by extensions ['cmake', 'python']
[1.588s] Level 1:colcon.colcon_core.package_identification:_identify(src/demo134) by extension 'cmake'
[1.588s] Level 1:colcon.colcon_core.package_identification:_identify(src/demo134) by extension 'python'
[1.588s] Level 1:colcon.colcon_core.package_identification:_identify(src/demo134) by extensions ['python_setup_py']
[1.588s] Level 1:colcon.colcon_core.package_identification:_identify(src/demo134) by extension 'python_setup_py'
[1.588s] Level 1:colcon.colcon_core.package_identification:_identify(src/demo134/demo134) by extensions ['ignore', 'ignore_ament_install']
[1.589s] Level 1:colcon.colcon_core.package_identification:_identify(src/demo134/demo134) by extension 'ignore'
[1.589s] Level 1:colcon.colcon_core.package_identification:_identify(src/demo134/demo134) by extension 'ignore_ament_install'
[1.589s] Level 1:colcon.colcon_core.package_identification:_identify(src/demo134/demo134) by extensions ['colcon_pkg']
[1.589s] Level 1:colcon.colcon_core.package_identification:_identify(src/demo134/demo134) by extension 'colcon_pkg'
[1.589s] Level 1:colcon.colcon_core.package_identification:_identify(src/demo134/demo134) by extensions ['colcon_meta']
[1.589s] Level 1:colcon.colcon_core.package_identification:_identify(src/demo134/demo134) by extension 'colcon_meta'
[1.589s] Level 1:colcon.colcon_core.package_identification:_identify(src/demo134/demo134) by extensions ['ros']
[1.589s] Level 1:colcon.colcon_core.package_identification:_identify(src/demo134/demo134) by extension 'ros'
[1.590s] DEBUG:colcon.colcon_core.package_identification:Package 'src/demo134/demo134' with type 'ros.ament_python' and name 'demo134'
[1.590s] Level 1:colcon.colcon_core.package_identification:_identify(src/detectors) by extensions ['ignore', 'ignore_ament_install']
[1.590s] Level 1:colcon.colcon_core.package_identification:_identify(src/detectors) by extension 'ignore'
[1.590s] Level 1:colcon.colcon_core.package_identification:_identify(src/detectors) by extension 'ignore_ament_install'
[1.590s] Level 1:colcon.colcon_core.package_identification:_identify(src/detectors) by extensions ['colcon_pkg']
[1.590s] Level 1:colcon.colcon_core.package_identification:_identify(src/detectors) by extension 'colcon_pkg'
[1.590s] Level 1:colcon.colcon_core.package_identification:_identify(src/detectors) by extensions ['colcon_meta']
[1.590s] Level 1:colcon.colcon_core.package_identification:_identify(src/detectors) by extension 'colcon_meta'
[1.590s] Level 1:colcon.colcon_core.package_identification:_identify(src/detectors) by extensions ['ros']
[1.590s] Level 1:colcon.colcon_core.package_identification:_identify(src/detectors) by extension 'ros'
[1.591s] DEBUG:colcon.colcon_core.package_identification:Package 'src/detectors' with type 'ros.ament_python' and name 'detectors'
[1.591s] Level 1:colcon.colcon_core.package_identification:_identify(src/hebiros) by extensions ['ignore', 'ignore_ament_install']
[1.591s] Level 1:colcon.colcon_core.package_identification:_identify(src/hebiros) by extension 'ignore'
[1.591s] Level 1:colcon.colcon_core.package_identification:_identify(src/hebiros) by extension 'ignore_ament_install'
[1.591s] Level 1:colcon.colcon_core.package_identification:_identify(src/hebiros) by extensions ['colcon_pkg']
[1.591s] Level 1:colcon.colcon_core.package_identification:_identify(src/hebiros) by extension 'colcon_pkg'
[1.591s] Level 1:colcon.colcon_core.package_identification:_identify(src/hebiros) by extensions ['colcon_meta']
[1.591s] Level 1:colcon.colcon_core.package_identification:_identify(src/hebiros) by extension 'colcon_meta'
[1.591s] Level 1:colcon.colcon_core.package_identification:_identify(src/hebiros) by extensions ['ros']
[1.591s] Level 1:colcon.colcon_core.package_identification:_identify(src/hebiros) by extension 'ros'
[1.591s] Level 1:colcon.colcon_core.package_identification:_identify(src/hebiros) by extensions ['cmake', 'python']
[1.591s] Level 1:colcon.colcon_core.package_identification:_identify(src/hebiros) by extension 'cmake'
[1.591s] Level 1:colcon.colcon_core.package_identification:_identify(src/hebiros) by extension 'python'
[1.591s] Level 1:colcon.colcon_core.package_identification:_identify(src/hebiros) by extensions ['python_setup_py']
[1.591s] Level 1:colcon.colcon_core.package_identification:_identify(src/hebiros) by extension 'python_setup_py'
[1.592s] Level 1:colcon.colcon_core.package_identification:_identify(src/hebiros/hebiros) by extensions ['ignore', 'ignore_ament_install']
[1.592s] Level 1:colcon.colcon_core.package_identification:_identify(src/hebiros/hebiros) by extension 'ignore'
[1.592s] Level 1:colcon.colcon_core.package_identification:_identify(src/hebiros/hebiros) by extension 'ignore_ament_install'
[1.592s] Level 1:colcon.colcon_core.package_identification:_identify(src/hebiros/hebiros) by extensions ['colcon_pkg']
[1.592s] Level 1:colcon.colcon_core.package_identification:_identify(src/hebiros/hebiros) by extension 'colcon_pkg'
[1.592s] Level 1:colcon.colcon_core.package_identification:_identify(src/hebiros/hebiros) by extensions ['colcon_meta']
[1.592s] Level 1:colcon.colcon_core.package_identification:_identify(src/hebiros/hebiros) by extension 'colcon_meta'
[1.592s] Level 1:colcon.colcon_core.package_identification:_identify(src/hebiros/hebiros) by extensions ['ros']
[1.592s] Level 1:colcon.colcon_core.package_identification:_identify(src/hebiros/hebiros) by extension 'ros'
[1.593s] DEBUG:colcon.colcon_core.package_identification:Package 'src/hebiros/hebiros' with type 'ros.ament_python' and name 'hebiros'
[1.593s] Level 1:colcon.colcon_core.package_identification:_identify(src/usb_cam) by extensions ['ignore', 'ignore_ament_install']
[1.593s] Level 1:colcon.colcon_core.package_identification:_identify(src/usb_cam) by extension 'ignore'
[1.593s] Level 1:colcon.colcon_core.package_identification:_identify(src/usb_cam) by extension 'ignore_ament_install'
[1.593s] Level 1:colcon.colcon_core.package_identification:_identify(src/usb_cam) by extensions ['colcon_pkg']
[1.593s] Level 1:colcon.colcon_core.package_identification:_identify(src/usb_cam) by extension 'colcon_pkg'
[1.593s] Level 1:colcon.colcon_core.package_identification:_identify(src/usb_cam) by extensions ['colcon_meta']
[1.593s] Level 1:colcon.colcon_core.package_identification:_identify(src/usb_cam) by extension 'colcon_meta'
[1.593s] Level 1:colcon.colcon_core.package_identification:_identify(src/usb_cam) by extensions ['ros']
[1.593s] Level 1:colcon.colcon_core.package_identification:_identify(src/usb_cam) by extension 'ros'
[1.599s] DEBUG:colcon.colcon_core.package_identification:Package 'src/usb_cam' with type 'ros.ament_cmake' and name 'usb_cam'
[1.599s] Level 1:colcon.colcon_core.package_discovery:discover_packages(recursive) using defaults
[1.599s] Level 1:colcon.colcon_core.package_discovery:discover_packages(ignore) discover
[1.599s] Level 1:colcon.colcon_core.package_discovery:discover_packages(ignore) using defaults
[1.599s] Level 1:colcon.colcon_core.package_discovery:discover_packages(path) discover
[1.599s] Level 1:colcon.colcon_core.package_discovery:discover_packages(path) using defaults
[1.724s] Level 1:colcon.colcon_core.package_discovery:discover_packages(prefix_path) check parameters
[1.724s] Level 1:colcon.colcon_core.package_discovery:discover_packages(prefix_path) discover
[1.763s] DEBUG:colcon.colcon_installed_package_information.package_discovery:Found 3 installed packages in /home/robot/robotws/install
[1.781s] DEBUG:colcon.colcon_installed_package_information.package_discovery:Found 3 installed packages in /home/robot/install
[1.800s] DEBUG:colcon.colcon_installed_package_information.package_discovery:Found 417 installed packages in /opt/ros/humble
[1.802s] Level 1:colcon.colcon_core.package_discovery:discover_packages(prefix_path) using defaults
[1.910s] Level 5:colcon.colcon_core.verb:set package 'basic134' build argument 'cmake_args' from command line to 'None'
[1.910s] Level 5:colcon.colcon_core.verb:set package 'basic134' build argument 'cmake_target' from command line to 'None'
[1.910s] Level 5:colcon.colcon_core.verb:set package 'basic134' build argument 'cmake_target_skip_unavailable' from command line to 'False'
[1.910s] Level 5:colcon.colcon_core.verb:set package 'basic134' build argument 'cmake_clean_cache' from command line to 'False'
[1.911s] Level 5:colcon.colcon_core.verb:set package 'basic134' build argument 'cmake_clean_first' from command line to 'False'
[1.911s] Level 5:colcon.colcon_core.verb:set package 'basic134' build argument 'cmake_force_configure' from command line to 'False'
[1.911s] Level 5:colcon.colcon_core.verb:set package 'basic134' build argument 'ament_cmake_args' from command line to 'None'
[1.911s] Level 5:colcon.colcon_core.verb:set package 'basic134' build argument 'catkin_cmake_args' from command line to 'None'
[1.911s] Level 5:colcon.colcon_core.verb:set package 'basic134' build argument 'catkin_skip_building_tests' from command line to 'False'
[1.911s] DEBUG:colcon.colcon_core.verb:Building package 'basic134' with the following arguments: {'ament_cmake_args': None, 'build_base': '/home/robot/134code/build/basic134', 'catkin_cmake_args': None, 'catkin_skip_building_tests': False, 'cmake_args': None, 'cmake_clean_cache': False, 'cmake_clean_first': False, 'cmake_force_configure': False, 'cmake_target': None, 'cmake_target_skip_unavailable': False, 'install_base': '/home/robot/134code/install/basic134', 'merge_install': False, 'path': '/home/robot/134code/src/basic134', 'symlink_install': True, 'test_result_base': None}
[1.928s] Level 5:colcon.colcon_core.verb:set package 'demo134' build argument 'cmake_args' from command line to 'None'
[1.928s] Level 5:colcon.colcon_core.verb:set package 'demo134' build argument 'cmake_target' from command line to 'None'
[1.928s] Level 5:colcon.colcon_core.verb:set package 'demo134' build argument 'cmake_target_skip_unavailable' from command line to 'False'
[1.928s] Level 5:colcon.colcon_core.verb:set package 'demo134' build argument 'cmake_clean_cache' from command line to 'False'
[1.928s] Level 5:colcon.colcon_core.verb:set package 'demo134' build argument 'cmake_clean_first' from command line to 'False'
[1.929s] Level 5:colcon.colcon_core.verb:set package 'demo134' build argument 'cmake_force_configure' from command line to 'False'
[1.929s] Level 5:colcon.colcon_core.verb:set package 'demo134' build argument 'ament_cmake_args' from command line to 'None'
[1.929s] Level 5:colcon.colcon_core.verb:set package 'demo134' build argument 'catkin_cmake_args' from command line to 'None'
[1.929s] Level 5:colcon.colcon_core.verb:set package 'demo134' build argument 'catkin_skip_building_tests' from command line to 'False'
[1.929s] DEBUG:colcon.colcon_core.verb:Building package 'demo134' with the following arguments: {'ament_cmake_args': None, 'build_base': '/home/robot/134code/build/demo134', 'catkin_cmake_args': None, 'catkin_skip_building_tests': False, 'cmake_args': None, 'cmake_clean_cache': False, 'cmake_clean_first': False, 'cmake_force_configure': False, 'cmake_target': None, 'cmake_target_skip_unavailable': False, 'install_base': '/home/robot/134code/install/demo134', 'merge_install': False, 'path': '/home/robot/134code/src/demo134/demo134', 'symlink_install': True, 'test_result_base': None}
[1.946s] Level 5:colcon.colcon_core.verb:set package 'hebiros' build argument 'cmake_args' from command line to 'None'
[1.946s] Level 5:colcon.colcon_core.verb:set package 'hebiros' build argument 'cmake_target' from command line to 'None'
[1.946s] Level 5:colcon.colcon_core.verb:set package 'hebiros' build argument 'cmake_target_skip_unavailable' from command line to 'False'
[1.947s] Level 5:colcon.colcon_core.verb:set package 'hebiros' build argument 'cmake_clean_cache' from command line to 'False'
[1.947s] Level 5:colcon.colcon_core.verb:set package 'hebiros' build argument 'cmake_clean_first' from command line to 'False'
[1.947s] Level 5:colcon.colcon_core.verb:set package 'hebiros' build argument 'cmake_force_configure' from command line to 'False'
[1.947s] Level 5:colcon.colcon_core.verb:set package 'hebiros' build argument 'ament_cmake_args' from command line to 'None'
[1.947s] Level 5:colcon.colcon_core.verb:set package 'hebiros' build argument 'catkin_cmake_args' from command line to 'None'
[1.947s] Level 5:colcon.colcon_core.verb:set package 'hebiros' build argument 'catkin_skip_building_tests' from command line to 'False'
[1.947s] DEBUG:colcon.colcon_core.verb:Building package 'hebiros' with the following arguments: {'ament_cmake_args': None, 'build_base': '/home/robot/134code/build/hebiros', 'catkin_cmake_args': None, 'catkin_skip_building_tests': False, 'cmake_args': None, 'cmake_clean_cache': False, 'cmake_clean_first': False, 'cmake_force_configure': False, 'cmake_target': None, 'cmake_target_skip_unavailable': False, 'install_base': '/home/robot/134code/install/hebiros', 'merge_install': False, 'path': '/home/robot/134code/src/hebiros/hebiros', 'symlink_install': True, 'test_result_base': None}
[1.965s] Level 5:colcon.colcon_core.verb:set package 'usb_cam' build argument 'cmake_args' from command line to 'None'
[1.965s] Level 5:colcon.colcon_core.verb:set package 'usb_cam' build argument 'cmake_target' from command line to 'None'
[1.965s] Level 5:colcon.colcon_core.verb:set package 'usb_cam' build argument 'cmake_target_skip_unavailable' from command line to 'False'
[1.965s] Level 5:colcon.colcon_core.verb:set package 'usb_cam' build argument 'cmake_clean_cache' from command line to 'False'
[1.965s] Level 5:colcon.colcon_core.verb:set package 'usb_cam' build argument 'cmake_clean_first' from command line to 'False'
[1.965s] Level 5:colcon.colcon_core.verb:set package 'usb_cam' build argument 'cmake_force_configure' from command line to 'False'
[1.965s] Level 5:colcon.colcon_core.verb:set package 'usb_cam' build argument 'ament_cmake_args' from command line to 'None'
[1.966s] Level 5:colcon.colcon_core.verb:set package 'usb_cam' build argument 'catkin_cmake_args' from command line to 'None'
[1.966s] Level 5:colcon.colcon_core.verb:set package 'usb_cam' build argument 'catkin_skip_building_tests' from command line to 'False'
[1.966s] DEBUG:colcon.colcon_core.verb:Building package 'usb_cam' with the following arguments: {'ament_cmake_args': None, 'build_base': '/home/robot/134code/build/usb_cam', 'catkin_cmake_args': None, 'catkin_skip_building_tests': False, 'cmake_args': None, 'cmake_clean_cache': False, 'cmake_clean_first': False, 'cmake_force_configure': False, 'cmake_target': None, 'cmake_target_skip_unavailable': False, 'install_base': '/home/robot/134code/install/usb_cam', 'merge_install': False, 'path': '/home/robot/134code/src/usb_cam', 'symlink_install': True, 'test_result_base': None}
[1.984s] Level 5:colcon.colcon_core.verb:set package 'detectors' build argument 'cmake_args' from command line to 'None'
[1.984s] Level 5:colcon.colcon_core.verb:set package 'detectors' build argument 'cmake_target' from command line to 'None'
[1.984s] Level 5:colcon.colcon_core.verb:set package 'detectors' build argument 'cmake_target_skip_unavailable' from command line to 'False'
[1.984s] Level 5:colcon.colcon_core.verb:set package 'detectors' build argument 'cmake_clean_cache' from command line to 'False'
[1.984s] Level 5:colcon.colcon_core.verb:set package 'detectors' build argument 'cmake_clean_first' from command line to 'False'
[1.984s] Level 5:colcon.colcon_core.verb:set package 'detectors' build argument 'cmake_force_configure' from command line to 'False'
[1.984s] Level 5:colcon.colcon_core.verb:set package 'detectors' build argument 'ament_cmake_args' from command line to 'None'
[1.984s] Level 5:colcon.colcon_core.verb:set package 'detectors' build argument 'catkin_cmake_args' from command line to 'None'
[1.984s] Level 5:colcon.colcon_core.verb:set package 'detectors' build argument 'catkin_skip_building_tests' from command line to 'False'
[1.984s] DEBUG:colcon.colcon_core.verb:Building package 'detectors' with the following arguments: {'ament_cmake_args': None, 'build_base': '/home/robot/134code/build/detectors', 'catkin_cmake_args': None, 'catkin_skip_building_tests': False, 'cmake_args': None, 'cmake_clean_cache': False, 'cmake_clean_first': False, 'cmake_force_configure': False, 'cmake_target': None, 'cmake_target_skip_unavailable': False, 'install_base': '/home/robot/134code/install/detectors', 'merge_install': False, 'path': '/home/robot/134code/src/detectors', 'symlink_install': True, 'test_result_base': None}
[2.002s] INFO:colcon.colcon_core.executor:Executing jobs using 'parallel' executor
[2.020s] DEBUG:colcon.colcon_parallel_executor.executor.parallel:run_until_complete
[2.021s] INFO:colcon.colcon_ros.task.ament_cmake.build:Building ROS package in '/home/robot/134code/src/usb_cam' with build type 'ament_cmake'
[2.021s] INFO:colcon.colcon_cmake.task.cmake.build:Building CMake package in '/home/robot/134code/src/usb_cam'
[2.045s] INFO:colcon.colcon_core.plugin_system:Skipping extension 'colcon_core.shell.bat': Not used on non-Windows systems
[2.045s] INFO:colcon.colcon_core.shell:Skip shell extension 'powershell' for command environment: Not usable outside of PowerShell
[2.045s] DEBUG:colcon.colcon_core.shell:Skip shell extension 'dsv' for command environment
[2.121s] INFO:colcon.colcon_ros.task.ament_python.build:Building ROS package in '/home/robot/134code/src/basic134' with build type 'ament_python'
[2.121s] Level 1:colcon.colcon_core.shell:create_environment_hook('basic134', 'ament_prefix_path')
[2.140s] INFO:colcon.colcon_core.shell:Creating environment hook '/home/robot/134code/install/basic134/share/basic134/hook/ament_prefix_path.ps1'
[2.141s] INFO:colcon.colcon_core.shell:Creating environment descriptor '/home/robot/134code/install/basic134/share/basic134/hook/ament_prefix_path.dsv'
[2.142s] INFO:colcon.colcon_core.shell:Creating environment hook '/home/robot/134code/install/basic134/share/basic134/hook/ament_prefix_path.sh'
[2.160s] INFO:colcon.colcon_core.shell:Skip shell extension 'powershell' for command environment: Not usable outside of PowerShell
[2.160s] DEBUG:colcon.colcon_core.shell:Skip shell extension 'dsv' for command environment
[2.237s] INFO:colcon.colcon_ros.task.ament_python.build:Building ROS package in '/home/robot/134code/src/demo134/demo134' with build type 'ament_python'
[2.237s] Level 1:colcon.colcon_core.shell:create_environment_hook('demo134', 'ament_prefix_path')
[2.256s] INFO:colcon.colcon_core.shell:Creating environment hook '/home/robot/134code/install/demo134/share/demo134/hook/ament_prefix_path.ps1'
[2.256s] INFO:colcon.colcon_core.shell:Creating environment descriptor '/home/robot/134code/install/demo134/share/demo134/hook/ament_prefix_path.dsv'
[2.257s] INFO:colcon.colcon_core.shell:Creating environment hook '/home/robot/134code/install/demo134/share/demo134/hook/ament_prefix_path.sh'
[2.275s] INFO:colcon.colcon_core.shell:Skip shell extension 'powershell' for command environment: Not usable outside of PowerShell
[2.275s] DEBUG:colcon.colcon_core.shell:Skip shell extension 'dsv' for command environment
[2.350s] INFO:colcon.colcon_ros.task.ament_python.build:Building ROS package in '/home/robot/134code/src/hebiros/hebiros' with build type 'ament_python'
[2.351s] Level 1:colcon.colcon_core.shell:create_environment_hook('hebiros', 'ament_prefix_path')
[2.369s] INFO:colcon.colcon_core.shell:Creating environment hook '/home/robot/134code/install/hebiros/share/hebiros/hook/ament_prefix_path.ps1'
[2.370s] INFO:colcon.colcon_core.shell:Creating environment descriptor '/home/robot/134code/install/hebiros/share/hebiros/hook/ament_prefix_path.dsv'
[2.370s] INFO:colcon.colcon_core.shell:Creating environment hook '/home/robot/134code/install/hebiros/share/hebiros/hook/ament_prefix_path.sh'
[2.388s] INFO:colcon.colcon_core.shell:Skip shell extension 'powershell' for command environment: Not usable outside of PowerShell
[2.388s] DEBUG:colcon.colcon_core.shell:Skip shell extension 'dsv' for command environment
[2.468s] DEBUG:colcon.colcon_core.event_handler.log_command:Invoking command in '/home/robot/134code/build/usb_cam': CMAKE_PREFIX_PATH=/home/robot/robotws/install/hebiros:/home/robot/robotws/install/demo134:/home/robot/robotws/install/basic134:/home/robot/install/hebiros:/home/robot/install/demo134:/home/robot/install/basic134:/opt/ros/humble /usr/bin/cmake /home/robot/134code/src/usb_cam -DAMENT_CMAKE_SYMLINK_INSTALL=1 -DCMAKE_INSTALL_PREFIX=/home/robot/134code/install/usb_cam
[2.773s] INFO:colcon.colcon_core.task.python.build:Building Python package in '/home/robot/134code/src/basic134'
[2.803s] INFO:colcon.colcon_core.shell:Skip shell extension 'powershell' for command environment: Not usable outside of PowerShell
[2.803s] DEBUG:colcon.colcon_core.shell:Skip shell extension 'dsv' for command environment
[3.201s] INFO:colcon.colcon_core.task.python.build:Building Python package in '/home/robot/134code/src/demo134/demo134'
[3.220s] INFO:colcon.colcon_core.shell:Skip shell extension 'powershell' for command environment: Not usable outside of PowerShell
[3.220s] DEBUG:colcon.colcon_core.shell:Skip shell extension 'dsv' for command environment
[3.763s] INFO:colcon.colcon_core.task.python.build:Building Python package in '/home/robot/134code/src/hebiros/hebiros'
[3.781s] INFO:colcon.colcon_core.shell:Skip shell extension 'powershell' for command environment: Not usable outside of PowerShell
[3.781s] DEBUG:colcon.colcon_core.shell:Skip shell extension 'dsv' for command environment
[4.710s] DEBUG:colcon.colcon_core.event_handler.log_command:Invoking command in '/home/robot/134code/build/demo134': PYTHONPATH=/home/robot/134code/build/demo134/prefix_override:/home/robot/134code/install/demo134/lib/python3.10/site-packages:${PYTHONPATH} /usr/bin/python3 setup.py develop --editable --build-directory /home/robot/134code/build/demo134/build --no-deps install_data
[4.714s] DEBUG:colcon.colcon_core.event_handler.log_command:Invoking command in '/home/robot/134code/build/hebiros': PYTHONPATH=/home/robot/134code/build/hebiros/prefix_override:/home/robot/134code/install/hebiros/lib/python3.10/site-packages:${PYTHONPATH} /usr/bin/python3 setup.py develop --editable --build-directory /home/robot/134code/build/hebiros/build --no-deps install_data
[4.721s] DEBUG:colcon.colcon_core.event_handler.log_command:Invoking command in '/home/robot/134code/build/basic134': PYTHONPATH=/home/robot/134code/build/basic134/prefix_override:/home/robot/134code/install/basic134/lib/python3.10/site-packages:${PYTHONPATH} /usr/bin/python3 setup.py develop --editable --build-directory /home/robot/134code/build/basic134/build --no-deps install_data
[5.660s] Level 1:colcon.colcon_core.shell:create_environment_hook('demo134', 'pythonpath_develop')
[5.662s] DEBUG:colcon.colcon_core.event_handler.log_command:Invoked command in '/home/robot/134code/build/demo134' returned '0': PYTHONPATH=/home/robot/134code/build/demo134/prefix_override:/home/robot/134code/install/demo134/lib/python3.10/site-packages:${PYTHONPATH} /usr/bin/python3 setup.py develop --editable --build-directory /home/robot/134code/build/demo134/build --no-deps install_data
[5.683s] INFO:colcon.colcon_core.shell:Creating environment hook '/home/robot/134code/build/demo134/share/demo134/hook/pythonpath_develop.ps1'
[5.683s] INFO:colcon.colcon_core.shell:Creating environment descriptor '/home/robot/134code/build/demo134/share/demo134/hook/pythonpath_develop.dsv'
[5.684s] INFO:colcon.colcon_core.shell:Creating environment hook '/home/robot/134code/build/demo134/share/demo134/hook/pythonpath_develop.sh'
[5.712s] Level 1:colcon.colcon_core.environment:checking '/home/robot/134code/install/demo134' for CMake module files
[5.712s] Level 1:colcon.colcon_core.environment:checking '/home/robot/134code/install/demo134' for CMake config files
[5.713s] Level 1:colcon.colcon_core.environment:checking '/home/robot/134code/install/demo134/lib'
[5.713s] Level 1:colcon.colcon_core.environment:checking '/home/robot/134code/install/demo134/bin'
[5.713s] Level 1:colcon.colcon_core.environment:checking '/home/robot/134code/install/demo134/lib/pkgconfig/demo134.pc'
[5.714s] Level 1:colcon.colcon_core.environment:checking '/home/robot/134code/install/demo134/lib/python3.10/site-packages'
[5.714s] Level 1:colcon.colcon_core.shell:create_environment_hook('demo134', 'pythonpath')
[5.738s] INFO:colcon.colcon_core.shell:Creating environment hook '/home/robot/134code/install/demo134/share/demo134/hook/pythonpath.ps1'
[5.738s] INFO:colcon.colcon_core.shell:Creating environment descriptor '/home/robot/134code/install/demo134/share/demo134/hook/pythonpath.dsv'
[5.739s] INFO:colcon.colcon_core.shell:Creating environment hook '/home/robot/134code/install/demo134/share/demo134/hook/pythonpath.sh'
[5.739s] Level 1:colcon.colcon_core.environment:checking '/home/robot/134code/install/demo134/bin'
[5.739s] Level 1:colcon.colcon_core.environment:create_environment_scripts_only(demo134)
[5.772s] INFO:colcon.colcon_core.shell:Creating package script '/home/robot/134code/install/demo134/share/demo134/package.ps1'
[5.774s] INFO:colcon.colcon_core.shell:Creating package descriptor '/home/robot/134code/install/demo134/share/demo134/package.dsv'
[5.775s] INFO:colcon.colcon_core.shell:Creating package script '/home/robot/134code/install/demo134/share/demo134/package.sh'
[5.776s] INFO:colcon.colcon_core.shell:Creating package script '/home/robot/134code/install/demo134/share/demo134/package.bash'
[5.777s] INFO:colcon.colcon_core.shell:Creating package script '/home/robot/134code/install/demo134/share/demo134/package.zsh'
[5.778s] Level 1:colcon.colcon_core.environment:create_file_with_runtime_dependencies(/home/robot/134code/install/demo134/share/colcon-core/packages/demo134)
[5.779s] Level 1:colcon.colcon_core.shell:create_environment_hook('hebiros', 'pythonpath_develop')
[5.780s] DEBUG:colcon.colcon_core.event_handler.log_command:Invoked command in '/home/robot/134code/build/hebiros' returned '0': PYTHONPATH=/home/robot/134code/build/hebiros/prefix_override:/home/robot/134code/install/hebiros/lib/python3.10/site-packages:${PYTHONPATH} /usr/bin/python3 setup.py develop --editable --build-directory /home/robot/134code/build/hebiros/build --no-deps install_data
[5.815s] INFO:colcon.colcon_core.shell:Creating environment hook '/home/robot/134code/build/hebiros/share/hebiros/hook/pythonpath_develop.ps1'
[5.815s] INFO:colcon.colcon_core.shell:Creating environment descriptor '/home/robot/134code/build/hebiros/share/hebiros/hook/pythonpath_develop.dsv'
[5.816s] INFO:colcon.colcon_core.shell:Creating environment hook '/home/robot/134code/build/hebiros/share/hebiros/hook/pythonpath_develop.sh'
[5.840s] Level 1:colcon.colcon_core.environment:checking '/home/robot/134code/install/hebiros' for CMake module files
[5.840s] Level 1:colcon.colcon_core.environment:checking '/home/robot/134code/install/hebiros' for CMake config files
[5.841s] Level 1:colcon.colcon_core.environment:checking '/home/robot/134code/install/hebiros/lib'
[5.841s] Level 1:colcon.colcon_core.environment:checking '/home/robot/134code/install/hebiros/bin'
[5.841s] Level 1:colcon.colcon_core.environment:checking '/home/robot/134code/install/hebiros/lib/pkgconfig/hebiros.pc'
[5.841s] Level 1:colcon.colcon_core.environment:checking '/home/robot/134code/install/hebiros/lib/python3.10/site-packages'
[5.841s] Level 1:colcon.colcon_core.shell:create_environment_hook('hebiros', 'pythonpath')
[5.860s] INFO:colcon.colcon_core.shell:Creating environment hook '/home/robot/134code/install/hebiros/share/hebiros/hook/pythonpath.ps1'
[5.860s] INFO:colcon.colcon_core.shell:Creating environment descriptor '/home/robot/134code/install/hebiros/share/hebiros/hook/pythonpath.dsv'
[5.860s] INFO:colcon.colcon_core.shell:Creating environment hook '/home/robot/134code/install/hebiros/share/hebiros/hook/pythonpath.sh'
[5.860s] Level 1:colcon.colcon_core.environment:checking '/home/robot/134code/install/hebiros/bin'
[5.861s] Level 1:colcon.colcon_core.environment:create_environment_scripts_only(hebiros)
[5.879s] INFO:colcon.colcon_core.shell:Creating package script '/home/robot/134code/install/hebiros/share/hebiros/package.ps1'
[5.880s] INFO:colcon.colcon_core.shell:Creating package descriptor '/home/robot/134code/install/hebiros/share/hebiros/package.dsv'
[5.880s] INFO:colcon.colcon_core.shell:Creating package script '/home/robot/134code/install/hebiros/share/hebiros/package.sh'
[5.880s] INFO:colcon.colcon_core.shell:Creating package script '/home/robot/134code/install/hebiros/share/hebiros/package.bash'
[5.881s] INFO:colcon.colcon_core.shell:Creating package script '/home/robot/134code/install/hebiros/share/hebiros/package.zsh'
[5.881s] Level 1:colcon.colcon_core.environment:create_file_with_runtime_dependencies(/home/robot/134code/install/hebiros/share/colcon-core/packages/hebiros)
[5.882s] Level 1:colcon.colcon_core.shell:create_environment_hook('basic134', 'pythonpath_develop')
[5.883s] DEBUG:colcon.colcon_core.event_handler.log_command:Invoked command in '/home/robot/134code/build/basic134' returned '0': PYTHONPATH=/home/robot/134code/build/basic134/prefix_override:/home/robot/134code/install/basic134/lib/python3.10/site-packages:${PYTHONPATH} /usr/bin/python3 setup.py develop --editable --build-directory /home/robot/134code/build/basic134/build --no-deps install_data
[5.901s] INFO:colcon.colcon_core.shell:Creating environment hook '/home/robot/134code/build/basic134/share/basic134/hook/pythonpath_develop.ps1'
[5.901s] INFO:colcon.colcon_core.shell:Creating environment descriptor '/home/robot/134code/build/basic134/share/basic134/hook/pythonpath_develop.dsv'
[5.902s] INFO:colcon.colcon_core.shell:Creating environment hook '/home/robot/134code/build/basic134/share/basic134/hook/pythonpath_develop.sh'
[5.920s] Level 1:colcon.colcon_core.environment:checking '/home/robot/134code/install/basic134' for CMake module files
[5.921s] Level 1:colcon.colcon_core.environment:checking '/home/robot/134code/install/basic134' for CMake config files
[5.921s] Level 1:colcon.colcon_core.environment:checking '/home/robot/134code/install/basic134/lib'
[5.921s] Level 1:colcon.colcon_core.environment:checking '/home/robot/134code/install/basic134/bin'
[5.921s] Level 1:colcon.colcon_core.environment:checking '/home/robot/134code/install/basic134/lib/pkgconfig/basic134.pc'
[5.921s] Level 1:colcon.colcon_core.environment:checking '/home/robot/134code/install/basic134/lib/python3.10/site-packages'
[5.921s] Level 1:colcon.colcon_core.shell:create_environment_hook('basic134', 'pythonpath')
[5.940s] INFO:colcon.colcon_core.shell:Creating environment hook '/home/robot/134code/install/basic134/share/basic134/hook/pythonpath.ps1'
[5.941s] INFO:colcon.colcon_core.shell:Creating environment descriptor '/home/robot/134code/install/basic134/share/basic134/hook/pythonpath.dsv'
[5.941s] INFO:colcon.colcon_core.shell:Creating environment hook '/home/robot/134code/install/basic134/share/basic134/hook/pythonpath.sh'
[5.941s] Level 1:colcon.colcon_core.environment:checking '/home/robot/134code/install/basic134/bin'
[5.941s] Level 1:colcon.colcon_core.environment:create_environment_scripts_only(basic134)
[5.961s] INFO:colcon.colcon_core.shell:Creating package script '/home/robot/134code/install/basic134/share/basic134/package.ps1'
[5.961s] INFO:colcon.colcon_core.shell:Creating package descriptor '/home/robot/134code/install/basic134/share/basic134/package.dsv'
[5.962s] INFO:colcon.colcon_core.shell:Creating package script '/home/robot/134code/install/basic134/share/basic134/package.sh'
[5.962s] INFO:colcon.colcon_core.shell:Creating package script '/home/robot/134code/install/basic134/share/basic134/package.bash'
[5.962s] INFO:colcon.colcon_core.shell:Creating package script '/home/robot/134code/install/basic134/share/basic134/package.zsh'
[5.963s] Level 1:colcon.colcon_core.environment:create_file_with_runtime_dependencies(/home/robot/134code/install/basic134/share/colcon-core/packages/basic134)
[5.966s] DEBUG:colcon.colcon_core.event_handler.log_command:Invoked command in '/home/robot/134code/build/usb_cam' returned '0': CMAKE_PREFIX_PATH=/home/robot/robotws/install/hebiros:/home/robot/robotws/install/demo134:/home/robot/robotws/install/basic134:/home/robot/install/hebiros:/home/robot/install/demo134:/home/robot/install/basic134:/opt/ros/humble /usr/bin/cmake /home/robot/134code/src/usb_cam -DAMENT_CMAKE_SYMLINK_INSTALL=1 -DCMAKE_INSTALL_PREFIX=/home/robot/134code/install/usb_cam
[5.966s] DEBUG:colcon.colcon_core.event_handler.log_command:Invoking command in '/home/robot/134code/build/usb_cam': CMAKE_PREFIX_PATH=/home/robot/robotws/install/hebiros:/home/robot/robotws/install/demo134:/home/robot/robotws/install/basic134:/home/robot/install/hebiros:/home/robot/install/demo134:/home/robot/install/basic134:/opt/ros/humble /usr/bin/cmake --build /home/robot/134code/build/usb_cam -- -j4 -l4
[16.086s] DEBUG:colcon.colcon_core.event_handler.log_command:Invoked command in '/home/robot/134code/build/usb_cam' returned '0': CMAKE_PREFIX_PATH=/home/robot/robotws/install/hebiros:/home/robot/robotws/install/demo134:/home/robot/robotws/install/basic134:/home/robot/install/hebiros:/home/robot/install/demo134:/home/robot/install/basic134:/opt/ros/humble /usr/bin/cmake --build /home/robot/134code/build/usb_cam -- -j4 -l4
[16.129s] DEBUG:colcon.colcon_core.event_handler.log_command:Invoking command in '/home/robot/134code/build/usb_cam': CMAKE_PREFIX_PATH=/home/robot/robotws/install/hebiros:/home/robot/robotws/install/demo134:/home/robot/robotws/install/basic134:/home/robot/install/hebiros:/home/robot/install/demo134:/home/robot/install/basic134:/opt/ros/humble /usr/bin/cmake --install /home/robot/134code/build/usb_cam
[16.490s] Level 1:colcon.colcon_core.environment:create_environment_scripts_only(usb_cam)
[16.490s] DEBUG:colcon.colcon_core.event_handler.log_command:Invoked command in '/home/robot/134code/build/usb_cam' returned '0': CMAKE_PREFIX_PATH=/home/robot/robotws/install/hebiros:/home/robot/robotws/install/demo134:/home/robot/robotws/install/basic134:/home/robot/install/hebiros:/home/robot/install/demo134:/home/robot/install/basic134:/opt/ros/humble /usr/bin/cmake --install /home/robot/134code/build/usb_cam
[16.509s] Level 1:colcon.colcon_core.environment:checking '/home/robot/134code/install/usb_cam' for CMake module files
[16.509s] Level 1:colcon.colcon_core.environment:checking '/home/robot/134code/install/usb_cam' for CMake config files
[16.510s] Level 1:colcon.colcon_core.shell:create_environment_hook('usb_cam', 'cmake_prefix_path')
[16.528s] INFO:colcon.colcon_core.shell:Creating environment hook '/home/robot/134code/install/usb_cam/share/usb_cam/hook/cmake_prefix_path.ps1'
[16.528s] INFO:colcon.colcon_core.shell:Creating environment descriptor '/home/robot/134code/install/usb_cam/share/usb_cam/hook/cmake_prefix_path.dsv'
[16.528s] INFO:colcon.colcon_core.shell:Creating environment hook '/home/robot/134code/install/usb_cam/share/usb_cam/hook/cmake_prefix_path.sh'
[16.529s] Level 1:colcon.colcon_core.environment:checking '/home/robot/134code/install/usb_cam/lib'
[16.529s] Level 1:colcon.colcon_core.shell:create_environment_hook('usb_cam', 'ld_library_path_lib')
[16.547s] INFO:colcon.colcon_core.shell:Creating environment hook '/home/robot/134code/install/usb_cam/share/usb_cam/hook/ld_library_path_lib.ps1'
[16.547s] INFO:colcon.colcon_core.shell:Creating environment descriptor '/home/robot/134code/install/usb_cam/share/usb_cam/hook/ld_library_path_lib.dsv'
[16.547s] INFO:colcon.colcon_core.shell:Creating environment hook '/home/robot/134code/install/usb_cam/share/usb_cam/hook/ld_library_path_lib.sh'
[16.548s] Level 1:colcon.colcon_core.environment:checking '/home/robot/134code/install/usb_cam/bin'
[16.548s] Level 1:colcon.colcon_core.environment:checking '/home/robot/134code/install/usb_cam/lib/pkgconfig/usb_cam.pc'
[16.548s] Level 1:colcon.colcon_core.environment:checking '/home/robot/134code/install/usb_cam/lib/python3.10/site-packages'
[16.548s] Level 1:colcon.colcon_core.environment:checking '/home/robot/134code/install/usb_cam/bin'
[16.566s] INFO:colcon.colcon_core.shell:Creating package script '/home/robot/134code/install/usb_cam/share/usb_cam/package.ps1'
[16.566s] INFO:colcon.colcon_core.shell:Creating package descriptor '/home/robot/134code/install/usb_cam/share/usb_cam/package.dsv'
[16.567s] INFO:colcon.colcon_core.shell:Creating package script '/home/robot/134code/install/usb_cam/share/usb_cam/package.sh'
[16.567s] INFO:colcon.colcon_core.shell:Creating package script '/home/robot/134code/install/usb_cam/share/usb_cam/package.bash'
[16.567s] INFO:colcon.colcon_core.shell:Creating package script '/home/robot/134code/install/usb_cam/share/usb_cam/package.zsh'
[16.567s] Level 1:colcon.colcon_core.environment:create_file_with_runtime_dependencies(/home/robot/134code/install/usb_cam/share/colcon-core/packages/usb_cam)
[16.625s] Level 1:colcon.colcon_core.environment:create_environment_scripts_only(usb_cam)
[16.644s] Level 1:colcon.colcon_core.environment:checking '/home/robot/134code/install/usb_cam' for CMake module files
[16.645s] Level 1:colcon.colcon_core.environment:checking '/home/robot/134code/install/usb_cam' for CMake config files
[16.645s] Level 1:colcon.colcon_core.shell:create_environment_hook('usb_cam', 'cmake_prefix_path')
[16.663s] INFO:colcon.colcon_core.shell:Creating environment hook '/home/robot/134code/install/usb_cam/share/usb_cam/hook/cmake_prefix_path.ps1'
[16.663s] INFO:colcon.colcon_core.shell:Creating environment descriptor '/home/robot/134code/install/usb_cam/share/usb_cam/hook/cmake_prefix_path.dsv'
[16.664s] INFO:colcon.colcon_core.shell:Creating environment hook '/home/robot/134code/install/usb_cam/share/usb_cam/hook/cmake_prefix_path.sh'
[16.664s] Level 1:colcon.colcon_core.environment:checking '/home/robot/134code/install/usb_cam/lib'
[16.664s] Level 1:colcon.colcon_core.shell:create_environment_hook('usb_cam', 'ld_library_path_lib')
[16.683s] INFO:colcon.colcon_core.shell:Creating environment hook '/home/robot/134code/install/usb_cam/share/usb_cam/hook/ld_library_path_lib.ps1'
[16.683s] INFO:colcon.colcon_core.shell:Creating environment descriptor '/home/robot/134code/install/usb_cam/share/usb_cam/hook/ld_library_path_lib.dsv'
[16.683s] INFO:colcon.colcon_core.shell:Creating environment hook '/home/robot/134code/install/usb_cam/share/usb_cam/hook/ld_library_path_lib.sh'
[16.684s] Level 1:colcon.colcon_core.environment:checking '/home/robot/134code/install/usb_cam/bin'
[16.684s] Level 1:colcon.colcon_core.environment:checking '/home/robot/134code/install/usb_cam/lib/pkgconfig/usb_cam.pc'
[16.684s] Level 1:colcon.colcon_core.environment:checking '/home/robot/134code/install/usb_cam/lib/python3.10/site-packages'
[16.684s] Level 1:colcon.colcon_core.environment:checking '/home/robot/134code/install/usb_cam/bin'
[16.702s] INFO:colcon.colcon_core.shell:Creating package script '/home/robot/134code/install/usb_cam/share/usb_cam/package.ps1'
[16.702s] INFO:colcon.colcon_core.shell:Creating package descriptor '/home/robot/134code/install/usb_cam/share/usb_cam/package.dsv'
[16.703s] INFO:colcon.colcon_core.shell:Creating package script '/home/robot/134code/install/usb_cam/share/usb_cam/package.sh'
[16.703s] INFO:colcon.colcon_core.shell:Creating package script '/home/robot/134code/install/usb_cam/share/usb_cam/package.bash'
[16.703s] INFO:colcon.colcon_core.shell:Creating package script '/home/robot/134code/install/usb_cam/share/usb_cam/package.zsh'
[16.704s] Level 1:colcon.colcon_core.environment:create_file_with_runtime_dependencies(/home/robot/134code/install/usb_cam/share/colcon-core/packages/usb_cam)
[16.704s] INFO:colcon.colcon_ros.task.ament_python.build:Building ROS package in '/home/robot/134code/src/detectors' with build type 'ament_python'
[16.704s] Level 1:colcon.colcon_core.shell:create_environment_hook('detectors', 'ament_prefix_path')
[16.725s] INFO:colcon.colcon_core.shell:Creating environment hook '/home/robot/134code/install/detectors/share/detectors/hook/ament_prefix_path.ps1'
[16.725s] INFO:colcon.colcon_core.shell:Creating environment descriptor '/home/robot/134code/install/detectors/share/detectors/hook/ament_prefix_path.dsv'
[16.726s] INFO:colcon.colcon_core.shell:Creating environment hook '/home/robot/134code/install/detectors/share/detectors/hook/ament_prefix_path.sh'
[16.744s] INFO:colcon.colcon_core.shell:Skip shell extension 'powershell' for command environment: Not usable outside of PowerShell
[16.744s] DEBUG:colcon.colcon_core.shell:Skip shell extension 'dsv' for command environment
[17.095s] INFO:colcon.colcon_core.task.python.build:Building Python package in '/home/robot/134code/src/detectors'
[17.112s] INFO:colcon.colcon_core.shell:Skip shell extension 'powershell' for command environment: Not usable outside of PowerShell
[17.112s] DEBUG:colcon.colcon_core.shell:Skip shell extension 'dsv' for command environment
[17.575s] DEBUG:colcon.colcon_core.event_handler.log_command:Invoking command in '/home/robot/134code/build/detectors': AMENT_PREFIX_PATH=/home/robot/134code/install/usb_cam:${AMENT_PREFIX_PATH} CMAKE_PREFIX_PATH=/home/robot/134code/install/usb_cam LD_LIBRARY_PATH=/home/robot/134code/install/usb_cam/lib:${LD_LIBRARY_PATH} PYTHONPATH=/home/robot/134code/build/detectors/prefix_override:/home/robot/134code/install/detectors/lib/python3.10/site-packages:${PYTHONPATH} /usr/bin/python3 setup.py develop --editable --build-directory /home/robot/134code/build/detectors/build --no-deps install_data
[18.087s] Level 1:colcon.colcon_core.shell:create_environment_hook('detectors', 'pythonpath_develop')
[18.088s] DEBUG:colcon.colcon_core.event_handler.log_command:Invoked command in '/home/robot/134code/build/detectors' returned '0': AMENT_PREFIX_PATH=/home/robot/134code/install/usb_cam:${AMENT_PREFIX_PATH} CMAKE_PREFIX_PATH=/home/robot/134code/install/usb_cam LD_LIBRARY_PATH=/home/robot/134code/install/usb_cam/lib:${LD_LIBRARY_PATH} PYTHONPATH=/home/robot/134code/build/detectors/prefix_override:/home/robot/134code/install/detectors/lib/python3.10/site-packages:${PYTHONPATH} /usr/bin/python3 setup.py develop --editable --build-directory /home/robot/134code/build/detectors/build --no-deps install_data
[18.107s] INFO:colcon.colcon_core.shell:Creating environment hook '/home/robot/134code/build/detectors/share/detectors/hook/pythonpath_develop.ps1'
[18.107s] INFO:colcon.colcon_core.shell:Creating environment descriptor '/home/robot/134code/build/detectors/share/detectors/hook/pythonpath_develop.dsv'
[18.107s] INFO:colcon.colcon_core.shell:Creating environment hook '/home/robot/134code/build/detectors/share/detectors/hook/pythonpath_develop.sh'
[18.127s] Level 1:colcon.colcon_core.environment:checking '/home/robot/134code/install/detectors' for CMake module files
[18.128s] Level 1:colcon.colcon_core.environment:checking '/home/robot/134code/install/detectors' for CMake config files
[18.128s] Level 1:colcon.colcon_core.environment:checking '/home/robot/134code/install/detectors/lib'
[18.129s] Level 1:colcon.colcon_core.environment:checking '/home/robot/134code/install/detectors/bin'
[18.129s] Level 1:colcon.colcon_core.environment:checking '/home/robot/134code/install/detectors/lib/pkgconfig/detectors.pc'
[18.129s] Level 1:colcon.colcon_core.environment:checking '/home/robot/134code/install/detectors/lib/python3.10/site-packages'
[18.129s] Level 1:colcon.colcon_core.shell:create_environment_hook('detectors', 'pythonpath')
[18.147s] INFO:colcon.colcon_core.shell:Creating environment hook '/home/robot/134code/install/detectors/share/detectors/hook/pythonpath.ps1'
[18.147s] INFO:colcon.colcon_core.shell:Creating environment descriptor '/home/robot/134code/install/detectors/share/detectors/hook/pythonpath.dsv'
[18.148s] INFO:colcon.colcon_core.shell:Creating environment hook '/home/robot/134code/install/detectors/share/detectors/hook/pythonpath.sh'
[18.148s] Level 1:colcon.colcon_core.environment:checking '/home/robot/134code/install/detectors/bin'
[18.148s] Level 1:colcon.colcon_core.environment:create_environment_scripts_only(detectors)
[18.166s] INFO:colcon.colcon_core.shell:Creating package script '/home/robot/134code/install/detectors/share/detectors/package.ps1'
[18.166s] INFO:colcon.colcon_core.shell:Creating package descriptor '/home/robot/134code/install/detectors/share/detectors/package.dsv'
[18.167s] INFO:colcon.colcon_core.shell:Creating package script '/home/robot/134code/install/detectors/share/detectors/package.sh'
[18.167s] INFO:colcon.colcon_core.shell:Creating package script '/home/robot/134code/install/detectors/share/detectors/package.bash'
[18.167s] INFO:colcon.colcon_core.shell:Creating package script '/home/robot/134code/install/detectors/share/detectors/package.zsh'
[18.168s] Level 1:colcon.colcon_core.environment:create_file_with_runtime_dependencies(/home/robot/134code/install/detectors/share/colcon-core/packages/detectors)
[18.168s] DEBUG:colcon.colcon_parallel_executor.executor.parallel:closing loop
[18.168s] DEBUG:colcon.colcon_parallel_executor.executor.parallel:loop closed
[18.168s] DEBUG:colcon.colcon_parallel_executor.executor.parallel:run_until_complete finished with '0'
[18.169s] DEBUG:colcon.colcon_core.event_reactor:joining thread
[18.194s] INFO:colcon.colcon_core.plugin_system:Skipping extension 'colcon_notification.desktop_notification.terminal_notifier': Not used on non-Darwin systems
[18.194s] INFO:colcon.colcon_core.plugin_system:Skipping extension 'colcon_notification.desktop_notification.win32': Not used on non-Windows systems
[18.194s] INFO:colcon.colcon_notification.desktop_notification:Sending desktop notification using 'notify2'
[18.208s] DEBUG:colcon.colcon_core.event_reactor:joined thread
[18.236s] INFO:colcon.colcon_core.shell:Creating prefix script '/home/robot/134code/install/local_setup.ps1'
[18.237s] INFO:colcon.colcon_core.shell:Creating prefix util module '/home/robot/134code/install/_local_setup_util_ps1.py'
[18.238s] INFO:colcon.colcon_core.shell:Creating prefix chain script '/home/robot/134code/install/setup.ps1'
[18.259s] INFO:colcon.colcon_core.shell:Creating prefix script '/home/robot/134code/install/local_setup.sh'
[18.259s] INFO:colcon.colcon_core.shell:Creating prefix util module '/home/robot/134code/install/_local_setup_util_sh.py'
[18.260s] INFO:colcon.colcon_core.shell:Creating prefix chain script '/home/robot/134code/install/setup.sh'
[18.279s] INFO:colcon.colcon_core.shell:Creating prefix script '/home/robot/134code/install/local_setup.bash'
[18.279s] INFO:colcon.colcon_core.shell:Creating prefix chain script '/home/robot/134code/install/setup.bash'
[18.298s] INFO:colcon.colcon_core.shell:Creating prefix script '/home/robot/134code/install/local_setup.zsh'
[18.299s] INFO:colcon.colcon_core.shell:Creating prefix chain script '/home/robot/134code/install/setup.zsh'
