[1.689s] Invoking command in '/home/robot/134code/robotws/build/demo134': PYTHONPATH=/home/robot/134code/robotws/build/demo134/prefix_override:/home/robot/134code/robotws/install/demo134/lib/python3.10/site-packages:${PYTHONPATH} /usr/bin/python3 setup.py develop --editable --build-directory /home/robot/134code/robotws/build/demo134/build --no-deps install_data
[1.989s] running develop
[1.990s] /usr/lib/python3/dist-packages/setuptools/command/easy_install.py:158: EasyInstallDeprecationWarning: easy_install command is deprecated. Use build and pip and other standards-based tools.
[1.990s]   warnings.warn(
[1.991s] /usr/lib/python3/dist-packages/setuptools/command/install.py:34: SetuptoolsDeprecationWarning: setup.py install is deprecated. Use build and pip and other standards-based tools.
[1.991s]   warnings.warn(
[2.209s] running egg_info
[2.209s] writing demo134.egg-info/PKG-INFO
[2.209s] writing dependency_links to demo134.egg-info/dependency_links.txt
[2.209s] writing entry points to demo134.egg-info/entry_points.txt
[2.210s] writing requirements to demo134.egg-info/requires.txt
[2.210s] writing top-level names to demo134.egg-info/top_level.txt
[2.212s] reading manifest file 'demo134.egg-info/SOURCES.txt'
[2.212s] writing manifest file 'demo134.egg-info/SOURCES.txt'
[2.214s] running build_ext
[2.214s] Creating /home/robot/134code/robotws/install/demo134/lib/python3.10/site-packages/demo134.egg-link (link to .)
[2.215s] Installing demo134 script to /home/robot/134code/robotws/install/demo134/lib/demo134
[2.215s] 
[2.215s] Installed /home/robot/134code/robotws/build/demo134
[2.215s] running install_data
[2.244s] Invoked command in '/home/robot/134code/robotws/build/demo134' returned '0': PYTHONPATH=/home/robot/134code/robotws/build/demo134/prefix_override:/home/robot/134code/robotws/install/demo134/lib/python3.10/site-packages:${PYTHONPATH} /usr/bin/python3 setup.py develop --editable --build-directory /home/robot/134code/robotws/build/demo134/build --no-deps install_data
