[2.062s] Invoking command in '/home/robot/134code/robotws/build/basic134': PYTHONPATH=/home/robot/134code/robotws/build/basic134/prefix_override:/home/robot/134code/robotws/install/basic134/lib/python3.10/site-packages:${PYTHONPATH} /usr/bin/python3 setup.py develop --editable --build-directory /home/robot/134code/robotws/build/basic134/build --no-deps install_data
[2.541s] running develop
[2.542s] /usr/lib/python3/dist-packages/setuptools/command/easy_install.py:158: EasyInstallDeprecationWarning: easy_install command is deprecated. Use build and pip and other standards-based tools.
[2.542s]   warnings.warn(
[2.543s] /usr/lib/python3/dist-packages/setuptools/command/install.py:34: SetuptoolsDeprecationWarning: setup.py install is deprecated. Use build and pip and other standards-based tools.
[2.543s]   warnings.warn(
[2.902s] running egg_info
[2.902s] writing basic134.egg-info/PKG-INFO
[2.902s] writing dependency_links to basic134.egg-info/dependency_links.txt
[2.902s] writing entry points to basic134.egg-info/entry_points.txt
[2.902s] writing requirements to basic134.egg-info/requires.txt
[2.903s] writing top-level names to basic134.egg-info/top_level.txt
[2.905s] reading manifest file 'basic134.egg-info/SOURCES.txt'
[2.906s] writing manifest file 'basic134.egg-info/SOURCES.txt'
[2.908s] running build_ext
[2.909s] Creating /home/robot/134code/robotws/install/basic134/lib/python3.10/site-packages/basic134.egg-link (link to .)
[2.910s] Installing demo134 script to /home/robot/134code/robotws/install/basic134/lib/basic134
[2.910s] Installing receivepoint script to /home/robot/134code/robotws/install/basic134/lib/basic134
[2.910s] 
[2.910s] Installed /home/robot/134code/robotws/build/basic134
[2.910s] running install_data
[2.911s] copying urdf/threedofexample.urdf -> /home/robot/134code/robotws/install/basic134/share/basic134/urdf
[3.021s] Invoked command in '/home/robot/134code/robotws/build/basic134' returned '0': PYTHONPATH=/home/robot/134code/robotws/build/basic134/prefix_override:/home/robot/134code/robotws/install/basic134/lib/python3.10/site-packages:${PYTHONPATH} /usr/bin/python3 setup.py develop --editable --build-directory /home/robot/134code/robotws/build/basic134/build --no-deps install_data
