[1.963s] Invoking command in '/home/robot/134code/robotws/build/demo134': PYTHONPATH=/home/robot/134code/robotws/build/demo134/prefix_override:/home/robot/134code/robotws/install/demo134/lib/python3.10/site-packages:${PYTHONPATH} /usr/bin/python3 setup.py develop --editable --build-directory /home/robot/134code/robotws/build/demo134/build --no-deps install_data
[2.407s] running develop
[2.408s] /usr/lib/python3/dist-packages/setuptools/command/easy_install.py:158: EasyInstallDeprecationWarning: easy_install command is deprecated. Use build and pip and other standards-based tools.
[2.409s]   warnings.warn(
[2.410s] /usr/lib/python3/dist-packages/setuptools/command/install.py:34: SetuptoolsDeprecationWarning: setup.py install is deprecated. Use build and pip and other standards-based tools.
[2.411s]   warnings.warn(
[2.724s] running egg_info
[2.724s] writing demo134.egg-info/PKG-INFO
[2.724s] writing dependency_links to demo134.egg-info/dependency_links.txt
[2.724s] writing entry points to demo134.egg-info/entry_points.txt
[2.725s] writing requirements to demo134.egg-info/requires.txt
[2.725s] writing top-level names to demo134.egg-info/top_level.txt
[2.727s] reading manifest file 'demo134.egg-info/SOURCES.txt'
[2.728s] writing manifest file 'demo134.egg-info/SOURCES.txt'
[2.729s] running build_ext
[2.730s] Creating /home/robot/134code/robotws/install/demo134/lib/python3.10/site-packages/demo134.egg-link (link to .)
[2.731s] Installing demo134 script to /home/robot/134code/robotws/install/demo134/lib/demo134
[2.732s] 
[2.732s] Installed /home/robot/134code/robotws/build/demo134
[2.732s] running install_data
[2.758s] Invoked command in '/home/robot/134code/robotws/build/demo134' returned '0': PYTHONPATH=/home/robot/134code/robotws/build/demo134/prefix_override:/home/robot/134code/robotws/install/demo134/lib/python3.10/site-packages:${PYTHONPATH} /usr/bin/python3 setup.py develop --editable --build-directory /home/robot/134code/robotws/build/demo134/build --no-deps install_data
