[0.446s] Invoking command in '/home/robot/134code/build/usb_cam': CMAKE_PREFIX_PATH=/home/robot/robotws/install/hebiros:/home/robot/robotws/install/demo134:/home/robot/robotws/install/basic134:/home/robot/install/hebiros:/home/robot/install/demo134:/home/robot/install/basic134:/opt/ros/humble /usr/bin/cmake /home/robot/134code/src/usb_cam -DAMENT_CMAKE_SYMLINK_INSTALL=1 -DCMAKE_INSTALL_PREFIX=/home/robot/134code/install/usb_cam
[1.292s] -- The C compiler identification is GNU 11.4.0
[1.292s] -- The CXX compiler identification is GNU 11.4.0
[1.292s] -- Detecting C compiler ABI info
[1.293s] -- Detecting C compiler ABI info - done
[1.293s] -- Check for working C compiler: /usr/bin/cc - skipped
[1.293s] -- Detecting C compile features
[1.294s] -- Detecting C compile features - done
[1.294s] -- Detecting CXX compiler ABI info
[1.294s] -- Detecting CXX compiler ABI info - done
[1.294s] -- Check for working CXX compiler: /usr/bin/c++ - skipped
[1.294s] -- Detecting CXX compile features
[1.294s] -- Detecting CXX compile features - done
[1.294s] -- Found ament_cmake_auto: 1.3.6 (/opt/ros/humble/share/ament_cmake_auto/cmake)
[1.294s] -- Found Python3: /usr/bin/python3.10 (found version "3.10.12") found components: Interpreter 
[1.304s] -- Override CMake install command with custom implementation using symlinks instead of copying resources
[1.540s] -- Found rosidl_generator_c: 3.1.5 (/opt/ros/humble/share/rosidl_generator_c/cmake)
[1.552s] -- Found rosidl_adapter: 3.1.5 (/opt/ros/humble/share/rosidl_adapter/cmake)
[1.573s] -- Found rosidl_generator_cpp: 3.1.5 (/opt/ros/humble/share/rosidl_generator_cpp/cmake)
[1.603s] -- Using all available rosidl_typesupport_c: rosidl_typesupport_fastrtps_c;rosidl_typesupport_introspection_c
[1.645s] -- Using all available rosidl_typesupport_cpp: rosidl_typesupport_fastrtps_cpp;rosidl_typesupport_introspection_cpp
[1.778s] -- Found rmw_implementation_cmake: 6.1.1 (/opt/ros/humble/share/rmw_implementation_cmake/cmake)
[1.783s] -- Found rmw_fastrtps_cpp: 6.2.5 (/opt/ros/humble/share/rmw_fastrtps_cpp/cmake)
[1.957s] -- Found OpenSSL: /usr/lib/x86_64-linux-gnu/libcrypto.so (found version "3.0.2")  
[2.004s] -- Found FastRTPS: /opt/ros/humble/include  
[2.081s] -- Using RMW implementation 'rmw_fastrtps_cpp' as default
[2.106s] -- Looking for pthread.h
[2.241s] -- Looking for pthread.h - found
[2.242s] -- Performing Test CMAKE_HAVE_LIBC_PTHREAD
[2.362s] -- Performing Test CMAKE_HAVE_LIBC_PTHREAD - Success
[2.364s] -- Found Threads: TRUE  
[3.430s] -- Found OpenCV: /usr (found version "4.5.4") 
[3.435s] -- Found PkgConfig: /usr/bin/pkg-config (found version "0.29.2") 
[3.437s] -- Checking for module 'libavcodec'
[3.456s] --   Found libavcodec, version 58.134.100
[3.501s] -- Checking for module 'libavutil'
[3.518s] --   Found libavutil, version 56.70.100
[3.565s] -- Checking for module 'libswscale'
[3.602s] --   Found libswscale, version 5.9.100
[3.661s] -- Found ament_lint_auto: 0.12.9 (/opt/ros/humble/share/ament_lint_auto/cmake)
[3.698s] -- Found gtest sources under '/opt/ros/humble/src/gtest_vendor': C++ tests using 'Google Test' will be built
[3.719s] -- Added test 'copyright' to check source files copyright and LICENSE
[3.723s] -- Added test 'cppcheck' to perform static code analysis on C / C++ code
[3.723s] -- Configured cppcheck include dirs: /home/robot/134code/src/usb_cam/include
[3.724s] -- Configured cppcheck exclude dirs and/or files: 
[3.727s] -- Added test 'cpplint' to check C / C++ code against the Google style
[3.727s] -- Configured cpplint exclude dirs and/or files: 
[3.728s] -- Added test 'flake8' to check Python code syntax and style conventions
[3.730s] -- Added test 'lint_cmake' to check CMake code style
[3.732s] -- Added test 'pep257' to check Python code against some of the docstring style conventions in PEP 257
[3.736s] -- Added test 'uncrustify' to check C / C++ code style
[3.736s] -- Configured uncrustify additional arguments: 
[3.738s] -- Added test 'xmllint' to check XML markup files
[3.744s] -- Configuring done
[3.793s] -- Generating done
[3.795s] -- Build files have been written to: /home/robot/134code/build/usb_cam
[3.944s] Invoked command in '/home/robot/134code/build/usb_cam' returned '0': CMAKE_PREFIX_PATH=/home/robot/robotws/install/hebiros:/home/robot/robotws/install/demo134:/home/robot/robotws/install/basic134:/home/robot/install/hebiros:/home/robot/install/demo134:/home/robot/install/basic134:/opt/ros/humble /usr/bin/cmake /home/robot/134code/src/usb_cam -DAMENT_CMAKE_SYMLINK_INSTALL=1 -DCMAKE_INSTALL_PREFIX=/home/robot/134code/install/usb_cam
[3.945s] Invoking command in '/home/robot/134code/build/usb_cam': CMAKE_PREFIX_PATH=/home/robot/robotws/install/hebiros:/home/robot/robotws/install/demo134:/home/robot/robotws/install/basic134:/home/robot/install/hebiros:/home/robot/install/demo134:/home/robot/install/basic134:/opt/ros/humble /usr/bin/cmake --build /home/robot/134code/build/usb_cam -- -j4 -l4
[3.999s] [ 21%] [32mBuilding CXX object gtest/CMakeFiles/gtest_main.dir/src/gtest_main.cc.o[0m
[3.999s] [ 21%] [32mBuilding CXX object CMakeFiles/usb_cam_node_exe.dir/rclcpp_components/node_main_usb_cam_node_exe.cpp.o[0m
[3.999s] [ 28%] [32mBuilding CXX object gtest/CMakeFiles/gtest.dir/src/gtest-all.cc.o[0m
[4.000s] [ 28%] [32mBuilding CXX object CMakeFiles/usb_cam.dir/src/usb_cam.cpp.o[0m
[4.942s] [ 35%] [32m[1mLinking CXX static library libgtest_main.a[0m
[4.986s] [ 35%] Built target gtest_main
[5.944s] [ 42%] [32m[1mLinking CXX shared library libusb_cam.so[0m
[6.183s] [ 42%] Built target usb_cam
[6.209s] [ 50%] [32mBuilding CXX object CMakeFiles/usb_cam_node.dir/src/ros2/usb_cam_node.cpp.o[0m
[8.194s] [ 57%] [32m[1mLinking CXX static library libgtest.a[0m
[8.274s] [ 57%] Built target gtest
[8.301s] [ 71%] [32mBuilding CXX object CMakeFiles/test_pixel_formats.dir/test/test_pixel_formats.cpp.o[0m
[8.301s] [ 71%] [32mBuilding CXX object CMakeFiles/test_usb_cam_utils.dir/test/test_usb_cam_utils.cpp.o[0m
[8.490s] [ 78%] [32m[1mLinking CXX executable usb_cam_node_exe[0m
[8.704s] [ 78%] Built target usb_cam_node_exe
[9.481s] [ 85%] [32m[1mLinking CXX executable test_usb_cam_utils[0m
[9.658s] [ 85%] Built target test_usb_cam_utils
[9.875s] [ 92%] [32m[1mLinking CXX executable test_pixel_formats[0m
[10.038s] [ 92%] Built target test_pixel_formats
[13.681s] [100%] [32m[1mLinking CXX shared library libusb_cam_node.so[0m
[14.053s] [100%] Built target usb_cam_node
[14.064s] Invoked command in '/home/robot/134code/build/usb_cam' returned '0': CMAKE_PREFIX_PATH=/home/robot/robotws/install/hebiros:/home/robot/robotws/install/demo134:/home/robot/robotws/install/basic134:/home/robot/install/hebiros:/home/robot/install/demo134:/home/robot/install/basic134:/opt/ros/humble /usr/bin/cmake --build /home/robot/134code/build/usb_cam -- -j4 -l4
[14.107s] Invoking command in '/home/robot/134code/build/usb_cam': CMAKE_PREFIX_PATH=/home/robot/robotws/install/hebiros:/home/robot/robotws/install/demo134:/home/robot/robotws/install/basic134:/home/robot/install/hebiros:/home/robot/install/demo134:/home/robot/install/basic134:/opt/ros/humble /usr/bin/cmake --install /home/robot/134code/build/usb_cam
[14.115s] -- Install configuration: ""
[14.115s] -- Execute custom install script
[14.116s] -- Symlinking: /home/robot/134code/install/usb_cam/share/usb_cam/environment/library_path.sh
[14.123s] -- Symlinking: /home/robot/134code/install/usb_cam/share/usb_cam/environment/library_path.dsv
[14.131s] -- Symlinking: /home/robot/134code/install/usb_cam/lib/usb_cam/usb_cam_node_exe
[14.139s] -- Symlinking: /home/robot/134code/install/usb_cam/lib/usb_cam/show_image.py
[14.147s] -- Symlinking: /home/robot/134code/install/usb_cam/lib/libusb_cam.so
[14.155s] -- Symlinking: /home/robot/134code/install/usb_cam/lib/libusb_cam_node.so
[14.163s] -- Symlinking: /home/robot/134code/install/usb_cam/include/usb_cam/constants.hpp
[14.171s] -- Symlinking: /home/robot/134code/install/usb_cam/include/usb_cam/conversions.hpp
[14.178s] -- Symlinking: /home/robot/134code/install/usb_cam/include/usb_cam/formats/av_pixel_format_helper.hpp
[14.186s] -- Symlinking: /home/robot/134code/install/usb_cam/include/usb_cam/formats/m420.hpp
[14.195s] -- Symlinking: /home/robot/134code/install/usb_cam/include/usb_cam/formats/mjpeg.hpp
[14.203s] -- Symlinking: /home/robot/134code/install/usb_cam/include/usb_cam/formats/mono.hpp
[14.211s] -- Symlinking: /home/robot/134code/install/usb_cam/include/usb_cam/formats/pixel_format_base.hpp
[14.218s] -- Symlinking: /home/robot/134code/install/usb_cam/include/usb_cam/formats/rgb.hpp
[14.226s] -- Symlinking: /home/robot/134code/install/usb_cam/include/usb_cam/formats/utils.hpp
[14.234s] -- Symlinking: /home/robot/134code/install/usb_cam/include/usb_cam/formats/uyvy.hpp
[14.242s] -- Symlinking: /home/robot/134code/install/usb_cam/include/usb_cam/formats/yuyv.hpp
[14.250s] -- Symlinking: /home/robot/134code/install/usb_cam/include/usb_cam/usb_cam.hpp
[14.257s] -- Symlinking: /home/robot/134code/install/usb_cam/include/usb_cam/usb_cam_node.hpp
[14.265s] -- Symlinking: /home/robot/134code/install/usb_cam/include/usb_cam/utils.hpp
[14.273s] -- Up-to-date symlink: /home/robot/134code/install/usb_cam/lib/libusb_cam_node.so
[14.273s] -- Symlinking: /home/robot/134code/install/usb_cam/share/usb_cam/launch/__init__.py
[14.281s] -- Symlinking: /home/robot/134code/install/usb_cam/share/usb_cam/launch/camera.launch.py
[14.289s] -- Symlinking: /home/robot/134code/install/usb_cam/share/usb_cam/launch/camera_config.py
[14.297s] -- Symlinking: /home/robot/134code/install/usb_cam/share/usb_cam/config/camera_info.yaml
[14.304s] -- Symlinking: /home/robot/134code/install/usb_cam/share/usb_cam/config/params_1.yaml
[14.312s] -- Symlinking: /home/robot/134code/install/usb_cam/share/usb_cam/config/params_2.yaml
[14.320s] -- Symlinking: /home/robot/134code/install/usb_cam/share/ament_index/resource_index/package_run_dependencies/usb_cam
[14.328s] -- Symlinking: /home/robot/134code/install/usb_cam/share/ament_index/resource_index/parent_prefix_path/usb_cam
[14.336s] -- Symlinking: /home/robot/134code/install/usb_cam/share/usb_cam/environment/ament_prefix_path.sh
[14.343s] -- Symlinking: /home/robot/134code/install/usb_cam/share/usb_cam/environment/ament_prefix_path.dsv
[14.351s] -- Symlinking: /home/robot/134code/install/usb_cam/share/usb_cam/environment/path.sh
[14.359s] -- Symlinking: /home/robot/134code/install/usb_cam/share/usb_cam/environment/path.dsv
[14.366s] -- Symlinking: /home/robot/134code/install/usb_cam/share/usb_cam/local_setup.bash
[14.374s] -- Symlinking: /home/robot/134code/install/usb_cam/share/usb_cam/local_setup.sh
[14.382s] -- Symlinking: /home/robot/134code/install/usb_cam/share/usb_cam/local_setup.zsh
[14.390s] -- Symlinking: /home/robot/134code/install/usb_cam/share/usb_cam/local_setup.dsv
[14.398s] -- Symlinking: /home/robot/134code/install/usb_cam/share/usb_cam/package.dsv
[14.405s] -- Symlinking: /home/robot/134code/install/usb_cam/share/ament_index/resource_index/packages/usb_cam
[14.413s] -- Symlinking: /home/robot/134code/install/usb_cam/share/ament_index/resource_index/rclcpp_components/usb_cam
[14.421s] -- Symlinking: /home/robot/134code/install/usb_cam/share/usb_cam/cmake/ament_cmake_export_libraries-extras.cmake
[14.429s] -- Symlinking: /home/robot/134code/install/usb_cam/share/usb_cam/cmake/ament_cmake_export_dependencies-extras.cmake
[14.436s] -- Symlinking: /home/robot/134code/install/usb_cam/share/usb_cam/cmake/ament_cmake_export_include_directories-extras.cmake
[14.444s] -- Symlinking: /home/robot/134code/install/usb_cam/share/usb_cam/cmake/usb_camConfig.cmake
[14.452s] -- Symlinking: /home/robot/134code/install/usb_cam/share/usb_cam/cmake/usb_camConfig-version.cmake
[14.460s] -- Symlinking: /home/robot/134code/install/usb_cam/share/usb_cam/package.xml
[14.469s] Invoked command in '/home/robot/134code/build/usb_cam' returned '0': CMAKE_PREFIX_PATH=/home/robot/robotws/install/hebiros:/home/robot/robotws/install/demo134:/home/robot/robotws/install/basic134:/home/robot/install/hebiros:/home/robot/install/demo134:/home/robot/install/basic134:/opt/ros/humble /usr/bin/cmake --install /home/robot/134code/build/usb_cam
