[1.548s] Invoking command in '/home/robot/robotws/build/demo134': PYTHONPATH=/home/robot/robotws/build/demo134/prefix_override:/home/robot/robotws/install/demo134/lib/python3.10/site-packages:${PYTHONPATH} /usr/bin/python3 setup.py develop --editable --build-directory /home/robot/robotws/build/demo134/build --no-deps install_data
[1.837s] running develop
[1.838s] /usr/lib/python3/dist-packages/setuptools/command/easy_install.py:158: EasyInstallDeprecationWarning: easy_install command is deprecated. Use build and pip and other standards-based tools.
[1.838s]   warnings.warn(
[1.840s] /usr/lib/python3/dist-packages/setuptools/command/install.py:34: SetuptoolsDeprecationWarning: setup.py install is deprecated. Use build and pip and other standards-based tools.
[1.840s]   warnings.warn(
[2.052s] running egg_info
[2.052s] creating demo134.egg-info
[2.052s] writing demo134.egg-info/PKG-INFO
[2.053s] writing dependency_links to demo134.egg-info/dependency_links.txt
[2.053s] writing entry points to demo134.egg-info/entry_points.txt
[2.053s] writing requirements to demo134.egg-info/requires.txt
[2.053s] writing top-level names to demo134.egg-info/top_level.txt
[2.053s] writing manifest file 'demo134.egg-info/SOURCES.txt'
[2.055s] reading manifest file 'demo134.egg-info/SOURCES.txt'
[2.056s] writing manifest file 'demo134.egg-info/SOURCES.txt'
[2.058s] running build_ext
[2.058s] Creating /home/robot/robotws/install/demo134/lib/python3.10/site-packages/demo134.egg-link (link to .)
[2.059s] Installing demo134 script to /home/robot/robotws/install/demo134/lib/demo134
[2.059s] 
[2.059s] Installed /home/robot/robotws/build/demo134
[2.059s] running install_data
[2.060s] creating /home/robot/robotws/install/demo134/share/ament_index
[2.060s] creating /home/robot/robotws/install/demo134/share/ament_index/resource_index
[2.060s] creating /home/robot/robotws/install/demo134/share/ament_index/resource_index/packages
[2.060s] copying resource/demo134 -> /home/robot/robotws/install/demo134/share/ament_index/resource_index/packages
[2.060s] copying package.xml -> /home/robot/robotws/install/demo134/share/demo134
[2.060s] creating /home/robot/robotws/install/demo134/share/demo134/launch
[2.060s] copying launch/demo134.launch.py -> /home/robot/robotws/install/demo134/share/demo134/launch
[2.178s] Invoked command in '/home/robot/robotws/build/demo134' returned '0': PYTHONPATH=/home/robot/robotws/build/demo134/prefix_override:/home/robot/robotws/install/demo134/lib/python3.10/site-packages:${PYTHONPATH} /usr/bin/python3 setup.py develop --editable --build-directory /home/robot/robotws/build/demo134/build --no-deps install_data
