[1.868s] Invoking command in '/home/robot/134code/robotws/build/hebiros': PYTHONPATH=/home/robot/134code/robotws/build/hebiros/prefix_override:/home/robot/134code/robotws/install/hebiros/lib/python3.10/site-packages:${PYTHONPATH} /usr/bin/python3 setup.py develop --editable --build-directory /home/robot/134code/robotws/build/hebiros/build --no-deps install_data
[2.207s] running develop
[2.207s] /usr/lib/python3/dist-packages/setuptools/command/easy_install.py:158: EasyInstallDeprecationWarning: easy_install command is deprecated. Use build and pip and other standards-based tools.
[2.207s]   warnings.warn(
[2.209s] /usr/lib/python3/dist-packages/setuptools/command/install.py:34: SetuptoolsDeprecationWarning: setup.py install is deprecated. Use build and pip and other standards-based tools.
[2.210s]   warnings.warn(
[2.295s] /usr/lib/python3/dist-packages/setuptools/command/easy_install.py:355: UserWarning: Unbuilt egg for demo134 0.0.0 (/home/robot/134code/robotws/build/demo134)
[2.295s]   self.local_index = Environment(self.shadow_path + sys.path)
[2.453s] running egg_info
[2.453s] writing hebiros.egg-info/PKG-INFO
[2.453s] writing dependency_links to hebiros.egg-info/dependency_links.txt
[2.454s] writing entry points to hebiros.egg-info/entry_points.txt
[2.454s] writing requirements to hebiros.egg-info/requires.txt
[2.454s] writing top-level names to hebiros.egg-info/top_level.txt
[2.457s] reading manifest file 'hebiros.egg-info/SOURCES.txt'
[2.458s] writing manifest file 'hebiros.egg-info/SOURCES.txt'
[2.460s] running build_ext
[2.460s] Creating /home/robot/134code/robotws/install/hebiros/lib/python3.10/site-packages/hebiros.egg-link (link to .)
[2.461s] Installing hebiforce script to /home/robot/134code/robotws/install/hebiros/lib/hebiros
[2.461s] Installing hebinode script to /home/robot/134code/robotws/install/hebiros/lib/hebiros
[2.462s] Installing hebiscan script to /home/robot/134code/robotws/install/hebiros/lib/hebiros
[2.462s] Installing hebitune script to /home/robot/134code/robotws/install/hebiros/lib/hebiros
[2.462s] Installing testsend script to /home/robot/134code/robotws/install/hebiros/lib/hebiros
[2.462s] 
[2.462s] Installed /home/robot/134code/robotws/build/hebiros
[2.462s] running install_data
[2.496s] Invoked command in '/home/robot/134code/robotws/build/hebiros' returned '0': PYTHONPATH=/home/robot/134code/robotws/build/hebiros/prefix_override:/home/robot/134code/robotws/install/hebiros/lib/python3.10/site-packages:${PYTHONPATH} /usr/bin/python3 setup.py develop --editable --build-directory /home/robot/134code/robotws/build/hebiros/build --no-deps install_data
