[2.046s] Invoking command in '/home/robot/134code/robotws/build/basic134': PYTHONPATH=/home/robot/134code/robotws/build/basic134/prefix_override:/home/robot/134code/robotws/install/basic134/lib/python3.10/site-packages:${PYTHONPATH} /usr/bin/python3 setup.py develop --editable --build-directory /home/robot/134code/robotws/build/basic134/build --no-deps install_data
[2.529s] running develop
[2.529s] /usr/lib/python3/dist-packages/setuptools/command/easy_install.py:158: EasyInstallDeprecationWarning: easy_install command is deprecated. Use build and pip and other standards-based tools.
[2.530s]   warnings.warn(
[2.531s] /usr/lib/python3/dist-packages/setuptools/command/install.py:34: SetuptoolsDeprecationWarning: setup.py install is deprecated. Use build and pip and other standards-based tools.
[2.532s]   warnings.warn(
[2.839s] running egg_info
[2.840s] writing basic134.egg-info/PKG-INFO
[2.840s] writing dependency_links to basic134.egg-info/dependency_links.txt
[2.840s] writing entry points to basic134.egg-info/entry_points.txt
[2.840s] writing requirements to basic134.egg-info/requires.txt
[2.840s] writing top-level names to basic134.egg-info/top_level.txt
[2.842s] reading manifest file 'basic134.egg-info/SOURCES.txt'
[2.843s] writing manifest file 'basic134.egg-info/SOURCES.txt'
[2.845s] running build_ext
[2.845s] Creating /home/robot/134code/robotws/install/basic134/lib/python3.10/site-packages/basic134.egg-link (link to .)
[2.846s] Installing demo134 script to /home/robot/134code/robotws/install/basic134/lib/basic134
[2.847s] Installing receivepoint script to /home/robot/134code/robotws/install/basic134/lib/basic134
[2.847s] Installing table script to /home/robot/134code/robotws/install/basic134/lib/basic134
[2.847s] 
[2.847s] Installed /home/robot/134code/robotws/build/basic134
[2.847s] running install_data
[2.848s] copying launch/viewcommand.launch.py -> /home/robot/134code/robotws/install/basic134/share/basic134/launch
[2.879s] Invoked command in '/home/robot/134code/robotws/build/basic134' returned '0': PYTHONPATH=/home/robot/134code/robotws/build/basic134/prefix_override:/home/robot/134code/robotws/install/basic134/lib/python3.10/site-packages:${PYTHONPATH} /usr/bin/python3 setup.py develop --editable --build-directory /home/robot/134code/robotws/build/basic134/build --no-deps install_data
