[1.271s] DEBUG:colcon:Command line arguments: ['/usr/bin/colcon', 'build', '--symlink-install']
[1.271s] DEBUG:colcon:Parsed command line arguments: Namespace(log_base=None, log_level=None, verb_name='build', build_base='build', install_base='install', merge_install=False, symlink_install=True, test_result_base=None, continue_on_error=False, executor='parallel', parallel_workers=4, event_handlers=None, ignore_user_meta=False, metas=['./colcon.meta'], base_paths=['.'], packages_ignore=None, packages_ignore_regex=None, paths=None, packages_up_to=None, packages_up_to_regex=None, packages_above=None, packages_above_and_dependencies=None, packages_above_depth=None, packages_select_by_dep=None, packages_skip_by_dep=None, packages_skip_up_to=None, packages_select_build_failed=False, packages_skip_build_finished=False, packages_select_test_failures=False, packages_skip_test_passed=False, packages_select=None, packages_skip=None, packages_select_regex=None, packages_skip_regex=None, packages_start=None, packages_end=None, allow_overriding=[], cmake_args=None, cmake_target=None, cmake_target_skip_unavailable=False, cmake_clean_cache=False, cmake_clean_first=False, cmake_force_configure=False, ament_cmake_args=None, catkin_cmake_args=None, catkin_skip_building_tests=False, verb_parser=<colcon_defaults.argument_parser.defaults.DefaultArgumentsDecorator object at 0x7f1dc81114b0>, verb_extension=<colcon_core.verb.build.BuildVerb object at 0x7f1dc8112620>, main=<bound method BuildVerb.main of <colcon_core.verb.build.BuildVerb object at 0x7f1dc8112620>>)
[1.356s] Level 1:colcon.colcon_core.package_discovery:discover_packages(colcon_meta) check parameters
[1.356s] Level 1:colcon.colcon_core.package_discovery:discover_packages(recursive) check parameters
[1.356s] Level 1:colcon.colcon_core.package_discovery:discover_packages(ignore) check parameters
[1.357s] Level 1:colcon.colcon_core.package_discovery:discover_packages(path) check parameters
[1.357s] Level 1:colcon.colcon_core.package_discovery:discover_packages(colcon_meta) discover
[1.357s] Level 1:colcon.colcon_core.package_discovery:discover_packages(recursive) discover
[1.357s] INFO:colcon.colcon_core.package_discovery:Crawling recursively for packages in '/home/robot/134code/robotws'
[1.357s] Level 1:colcon.colcon_core.package_identification:_identify(.) by extensions ['ignore', 'ignore_ament_install']
[1.357s] Level 1:colcon.colcon_core.package_identification:_identify(.) by extension 'ignore'
[1.357s] Level 1:colcon.colcon_core.package_identification:_identify(.) by extension 'ignore_ament_install'
[1.357s] Level 1:colcon.colcon_core.package_identification:_identify(.) by extensions ['colcon_pkg']
[1.357s] Level 1:colcon.colcon_core.package_identification:_identify(.) by extension 'colcon_pkg'
[1.357s] Level 1:colcon.colcon_core.package_identification:_identify(.) by extensions ['colcon_meta']
[1.357s] Level 1:colcon.colcon_core.package_identification:_identify(.) by extension 'colcon_meta'
[1.357s] Level 1:colcon.colcon_core.package_identification:_identify(.) by extensions ['ros']
[1.357s] Level 1:colcon.colcon_core.package_identification:_identify(.) by extension 'ros'
[1.373s] Level 1:colcon.colcon_core.package_identification:_identify(.) by extensions ['cmake', 'python']
[1.373s] Level 1:colcon.colcon_core.package_identification:_identify(.) by extension 'cmake'
[1.373s] Level 1:colcon.colcon_core.package_identification:_identify(.) by extension 'python'
[1.373s] Level 1:colcon.colcon_core.package_identification:_identify(.) by extensions ['python_setup_py']
[1.373s] Level 1:colcon.colcon_core.package_identification:_identify(.) by extension 'python_setup_py'
[1.373s] Level 1:colcon.colcon_core.package_identification:_identify(build) by extensions ['ignore', 'ignore_ament_install']
[1.373s] Level 1:colcon.colcon_core.package_identification:_identify(build) by extension 'ignore'
[1.373s] Level 1:colcon.colcon_core.package_identification:_identify(build) ignored
[1.374s] Level 1:colcon.colcon_core.package_identification:_identify(install) by extensions ['ignore', 'ignore_ament_install']
[1.374s] Level 1:colcon.colcon_core.package_identification:_identify(install) by extension 'ignore'
[1.374s] Level 1:colcon.colcon_core.package_identification:_identify(install) ignored
[1.374s] Level 1:colcon.colcon_core.package_identification:_identify(log) by extensions ['ignore', 'ignore_ament_install']
[1.374s] Level 1:colcon.colcon_core.package_identification:_identify(log) by extension 'ignore'
[1.374s] Level 1:colcon.colcon_core.package_identification:_identify(log) ignored
[1.374s] Level 1:colcon.colcon_core.package_identification:_identify(src) by extensions ['ignore', 'ignore_ament_install']
[1.374s] Level 1:colcon.colcon_core.package_identification:_identify(src) by extension 'ignore'
[1.374s] Level 1:colcon.colcon_core.package_identification:_identify(src) by extension 'ignore_ament_install'
[1.374s] Level 1:colcon.colcon_core.package_identification:_identify(src) by extensions ['colcon_pkg']
[1.374s] Level 1:colcon.colcon_core.package_identification:_identify(src) by extension 'colcon_pkg'
[1.374s] Level 1:colcon.colcon_core.package_identification:_identify(src) by extensions ['colcon_meta']
[1.374s] Level 1:colcon.colcon_core.package_identification:_identify(src) by extension 'colcon_meta'
[1.374s] Level 1:colcon.colcon_core.package_identification:_identify(src) by extensions ['ros']
[1.374s] Level 1:colcon.colcon_core.package_identification:_identify(src) by extension 'ros'
[1.374s] Level 1:colcon.colcon_core.package_identification:_identify(src) by extensions ['cmake', 'python']
[1.374s] Level 1:colcon.colcon_core.package_identification:_identify(src) by extension 'cmake'
[1.374s] Level 1:colcon.colcon_core.package_identification:_identify(src) by extension 'python'
[1.374s] Level 1:colcon.colcon_core.package_identification:_identify(src) by extensions ['python_setup_py']
[1.375s] Level 1:colcon.colcon_core.package_identification:_identify(src) by extension 'python_setup_py'
[1.375s] Level 1:colcon.colcon_core.package_identification:_identify(src/basic134) by extensions ['ignore', 'ignore_ament_install']
[1.375s] Level 1:colcon.colcon_core.package_identification:_identify(src/basic134) by extension 'ignore'
[1.375s] Level 1:colcon.colcon_core.package_identification:_identify(src/basic134) by extension 'ignore_ament_install'
[1.375s] Level 1:colcon.colcon_core.package_identification:_identify(src/basic134) by extensions ['colcon_pkg']
[1.375s] Level 1:colcon.colcon_core.package_identification:_identify(src/basic134) by extension 'colcon_pkg'
[1.375s] Level 1:colcon.colcon_core.package_identification:_identify(src/basic134) by extensions ['colcon_meta']
[1.375s] Level 1:colcon.colcon_core.package_identification:_identify(src/basic134) by extension 'colcon_meta'
[1.375s] Level 1:colcon.colcon_core.package_identification:_identify(src/basic134) by extensions ['ros']
[1.375s] Level 1:colcon.colcon_core.package_identification:_identify(src/basic134) by extension 'ros'
[1.377s] DEBUG:colcon.colcon_core.package_identification:Package 'src/basic134' with type 'ros.ament_python' and name 'basic134'
[1.378s] Level 1:colcon.colcon_core.package_identification:_identify(src/demo134) by extensions ['ignore', 'ignore_ament_install']
[1.378s] Level 1:colcon.colcon_core.package_identification:_identify(src/demo134) by extension 'ignore'
[1.378s] Level 1:colcon.colcon_core.package_identification:_identify(src/demo134) by extension 'ignore_ament_install'
[1.378s] Level 1:colcon.colcon_core.package_identification:_identify(src/demo134) by extensions ['colcon_pkg']
[1.378s] Level 1:colcon.colcon_core.package_identification:_identify(src/demo134) by extension 'colcon_pkg'
[1.378s] Level 1:colcon.colcon_core.package_identification:_identify(src/demo134) by extensions ['colcon_meta']
[1.378s] Level 1:colcon.colcon_core.package_identification:_identify(src/demo134) by extension 'colcon_meta'
[1.378s] Level 1:colcon.colcon_core.package_identification:_identify(src/demo134) by extensions ['ros']
[1.378s] Level 1:colcon.colcon_core.package_identification:_identify(src/demo134) by extension 'ros'
[1.378s] Level 1:colcon.colcon_core.package_identification:_identify(src/demo134) by extensions ['cmake', 'python']
[1.378s] Level 1:colcon.colcon_core.package_identification:_identify(src/demo134) by extension 'cmake'
[1.378s] Level 1:colcon.colcon_core.package_identification:_identify(src/demo134) by extension 'python'
[1.378s] Level 1:colcon.colcon_core.package_identification:_identify(src/demo134) by extensions ['python_setup_py']
[1.378s] Level 1:colcon.colcon_core.package_identification:_identify(src/demo134) by extension 'python_setup_py'
[1.378s] Level 1:colcon.colcon_core.package_identification:_identify(src/demo134/demo134) by extensions ['ignore', 'ignore_ament_install']
[1.378s] Level 1:colcon.colcon_core.package_identification:_identify(src/demo134/demo134) by extension 'ignore'
[1.378s] Level 1:colcon.colcon_core.package_identification:_identify(src/demo134/demo134) by extension 'ignore_ament_install'
[1.379s] Level 1:colcon.colcon_core.package_identification:_identify(src/demo134/demo134) by extensions ['colcon_pkg']
[1.379s] Level 1:colcon.colcon_core.package_identification:_identify(src/demo134/demo134) by extension 'colcon_pkg'
[1.379s] Level 1:colcon.colcon_core.package_identification:_identify(src/demo134/demo134) by extensions ['colcon_meta']
[1.379s] Level 1:colcon.colcon_core.package_identification:_identify(src/demo134/demo134) by extension 'colcon_meta'
[1.379s] Level 1:colcon.colcon_core.package_identification:_identify(src/demo134/demo134) by extensions ['ros']
[1.379s] Level 1:colcon.colcon_core.package_identification:_identify(src/demo134/demo134) by extension 'ros'
[1.380s] DEBUG:colcon.colcon_core.package_identification:Package 'src/demo134/demo134' with type 'ros.ament_python' and name 'demo134'
[1.380s] Level 1:colcon.colcon_core.package_identification:_identify(src/hebiros) by extensions ['ignore', 'ignore_ament_install']
[1.380s] Level 1:colcon.colcon_core.package_identification:_identify(src/hebiros) by extension 'ignore'
[1.380s] Level 1:colcon.colcon_core.package_identification:_identify(src/hebiros) by extension 'ignore_ament_install'
[1.380s] Level 1:colcon.colcon_core.package_identification:_identify(src/hebiros) by extensions ['colcon_pkg']
[1.380s] Level 1:colcon.colcon_core.package_identification:_identify(src/hebiros) by extension 'colcon_pkg'
[1.380s] Level 1:colcon.colcon_core.package_identification:_identify(src/hebiros) by extensions ['colcon_meta']
[1.380s] Level 1:colcon.colcon_core.package_identification:_identify(src/hebiros) by extension 'colcon_meta'
[1.381s] Level 1:colcon.colcon_core.package_identification:_identify(src/hebiros) by extensions ['ros']
[1.381s] Level 1:colcon.colcon_core.package_identification:_identify(src/hebiros) by extension 'ros'
[1.381s] Level 1:colcon.colcon_core.package_identification:_identify(src/hebiros) by extensions ['cmake', 'python']
[1.381s] Level 1:colcon.colcon_core.package_identification:_identify(src/hebiros) by extension 'cmake'
[1.381s] Level 1:colcon.colcon_core.package_identification:_identify(src/hebiros) by extension 'python'
[1.381s] Level 1:colcon.colcon_core.package_identification:_identify(src/hebiros) by extensions ['python_setup_py']
[1.381s] Level 1:colcon.colcon_core.package_identification:_identify(src/hebiros) by extension 'python_setup_py'
[1.381s] Level 1:colcon.colcon_core.package_identification:_identify(src/hebiros/hebiros) by extensions ['ignore', 'ignore_ament_install']
[1.381s] Level 1:colcon.colcon_core.package_identification:_identify(src/hebiros/hebiros) by extension 'ignore'
[1.381s] Level 1:colcon.colcon_core.package_identification:_identify(src/hebiros/hebiros) by extension 'ignore_ament_install'
[1.381s] Level 1:colcon.colcon_core.package_identification:_identify(src/hebiros/hebiros) by extensions ['colcon_pkg']
[1.381s] Level 1:colcon.colcon_core.package_identification:_identify(src/hebiros/hebiros) by extension 'colcon_pkg'
[1.382s] Level 1:colcon.colcon_core.package_identification:_identify(src/hebiros/hebiros) by extensions ['colcon_meta']
[1.382s] Level 1:colcon.colcon_core.package_identification:_identify(src/hebiros/hebiros) by extension 'colcon_meta'
[1.382s] Level 1:colcon.colcon_core.package_identification:_identify(src/hebiros/hebiros) by extensions ['ros']
[1.382s] Level 1:colcon.colcon_core.package_identification:_identify(src/hebiros/hebiros) by extension 'ros'
[1.383s] DEBUG:colcon.colcon_core.package_identification:Package 'src/hebiros/hebiros' with type 'ros.ament_python' and name 'hebiros'
[1.383s] Level 1:colcon.colcon_core.package_discovery:discover_packages(recursive) using defaults
[1.383s] Level 1:colcon.colcon_core.package_discovery:discover_packages(ignore) discover
[1.383s] Level 1:colcon.colcon_core.package_discovery:discover_packages(ignore) using defaults
[1.383s] Level 1:colcon.colcon_core.package_discovery:discover_packages(path) discover
[1.383s] Level 1:colcon.colcon_core.package_discovery:discover_packages(path) using defaults
[1.526s] Level 1:colcon.colcon_core.package_discovery:discover_packages(prefix_path) check parameters
[1.526s] Level 1:colcon.colcon_core.package_discovery:discover_packages(prefix_path) discover
[1.591s] DEBUG:colcon.colcon_installed_package_information.package_discovery:Found 3 installed packages in /home/robot/134code/robotws/install
[1.620s] DEBUG:colcon.colcon_installed_package_information.package_discovery:Found 417 installed packages in /opt/ros/humble
[1.622s] Level 1:colcon.colcon_core.package_discovery:discover_packages(prefix_path) using defaults
[1.787s] Level 5:colcon.colcon_core.verb:set package 'basic134' build argument 'cmake_args' from command line to 'None'
[1.788s] Level 5:colcon.colcon_core.verb:set package 'basic134' build argument 'cmake_target' from command line to 'None'
[1.788s] Level 5:colcon.colcon_core.verb:set package 'basic134' build argument 'cmake_target_skip_unavailable' from command line to 'False'
[1.788s] Level 5:colcon.colcon_core.verb:set package 'basic134' build argument 'cmake_clean_cache' from command line to 'False'
[1.788s] Level 5:colcon.colcon_core.verb:set package 'basic134' build argument 'cmake_clean_first' from command line to 'False'
[1.788s] Level 5:colcon.colcon_core.verb:set package 'basic134' build argument 'cmake_force_configure' from command line to 'False'
[1.788s] Level 5:colcon.colcon_core.verb:set package 'basic134' build argument 'ament_cmake_args' from command line to 'None'
[1.788s] Level 5:colcon.colcon_core.verb:set package 'basic134' build argument 'catkin_cmake_args' from command line to 'None'
[1.788s] Level 5:colcon.colcon_core.verb:set package 'basic134' build argument 'catkin_skip_building_tests' from command line to 'False'
[1.788s] DEBUG:colcon.colcon_core.verb:Building package 'basic134' with the following arguments: {'ament_cmake_args': None, 'build_base': '/home/robot/134code/robotws/build/basic134', 'catkin_cmake_args': None, 'catkin_skip_building_tests': False, 'cmake_args': None, 'cmake_clean_cache': False, 'cmake_clean_first': False, 'cmake_force_configure': False, 'cmake_target': None, 'cmake_target_skip_unavailable': False, 'install_base': '/home/robot/134code/robotws/install/basic134', 'merge_install': False, 'path': '/home/robot/134code/robotws/src/basic134', 'symlink_install': True, 'test_result_base': None}
[1.808s] Level 5:colcon.colcon_core.verb:set package 'demo134' build argument 'cmake_args' from command line to 'None'
[1.808s] Level 5:colcon.colcon_core.verb:set package 'demo134' build argument 'cmake_target' from command line to 'None'
[1.808s] Level 5:colcon.colcon_core.verb:set package 'demo134' build argument 'cmake_target_skip_unavailable' from command line to 'False'
[1.808s] Level 5:colcon.colcon_core.verb:set package 'demo134' build argument 'cmake_clean_cache' from command line to 'False'
[1.808s] Level 5:colcon.colcon_core.verb:set package 'demo134' build argument 'cmake_clean_first' from command line to 'False'
[1.808s] Level 5:colcon.colcon_core.verb:set package 'demo134' build argument 'cmake_force_configure' from command line to 'False'
[1.808s] Level 5:colcon.colcon_core.verb:set package 'demo134' build argument 'ament_cmake_args' from command line to 'None'
[1.808s] Level 5:colcon.colcon_core.verb:set package 'demo134' build argument 'catkin_cmake_args' from command line to 'None'
[1.808s] Level 5:colcon.colcon_core.verb:set package 'demo134' build argument 'catkin_skip_building_tests' from command line to 'False'
[1.808s] DEBUG:colcon.colcon_core.verb:Building package 'demo134' with the following arguments: {'ament_cmake_args': None, 'build_base': '/home/robot/134code/robotws/build/demo134', 'catkin_cmake_args': None, 'catkin_skip_building_tests': False, 'cmake_args': None, 'cmake_clean_cache': False, 'cmake_clean_first': False, 'cmake_force_configure': False, 'cmake_target': None, 'cmake_target_skip_unavailable': False, 'install_base': '/home/robot/134code/robotws/install/demo134', 'merge_install': False, 'path': '/home/robot/134code/robotws/src/demo134/demo134', 'symlink_install': True, 'test_result_base': None}
[1.827s] Level 5:colcon.colcon_core.verb:set package 'hebiros' build argument 'cmake_args' from command line to 'None'
[1.827s] Level 5:colcon.colcon_core.verb:set package 'hebiros' build argument 'cmake_target' from command line to 'None'
[1.827s] Level 5:colcon.colcon_core.verb:set package 'hebiros' build argument 'cmake_target_skip_unavailable' from command line to 'False'
[1.827s] Level 5:colcon.colcon_core.verb:set package 'hebiros' build argument 'cmake_clean_cache' from command line to 'False'
[1.827s] Level 5:colcon.colcon_core.verb:set package 'hebiros' build argument 'cmake_clean_first' from command line to 'False'
[1.827s] Level 5:colcon.colcon_core.verb:set package 'hebiros' build argument 'cmake_force_configure' from command line to 'False'
[1.827s] Level 5:colcon.colcon_core.verb:set package 'hebiros' build argument 'ament_cmake_args' from command line to 'None'
[1.827s] Level 5:colcon.colcon_core.verb:set package 'hebiros' build argument 'catkin_cmake_args' from command line to 'None'
[1.827s] Level 5:colcon.colcon_core.verb:set package 'hebiros' build argument 'catkin_skip_building_tests' from command line to 'False'
[1.828s] DEBUG:colcon.colcon_core.verb:Building package 'hebiros' with the following arguments: {'ament_cmake_args': None, 'build_base': '/home/robot/134code/robotws/build/hebiros', 'catkin_cmake_args': None, 'catkin_skip_building_tests': False, 'cmake_args': None, 'cmake_clean_cache': False, 'cmake_clean_first': False, 'cmake_force_configure': False, 'cmake_target': None, 'cmake_target_skip_unavailable': False, 'install_base': '/home/robot/134code/robotws/install/hebiros', 'merge_install': False, 'path': '/home/robot/134code/robotws/src/hebiros/hebiros', 'symlink_install': True, 'test_result_base': None}
[1.848s] INFO:colcon.colcon_core.executor:Executing jobs using 'parallel' executor
[1.868s] DEBUG:colcon.colcon_parallel_executor.executor.parallel:run_until_complete
[1.869s] INFO:colcon.colcon_ros.task.ament_python.build:Building ROS package in '/home/robot/134code/robotws/src/basic134' with build type 'ament_python'
[1.869s] Level 1:colcon.colcon_core.shell:create_environment_hook('basic134', 'ament_prefix_path')
[1.891s] INFO:colcon.colcon_core.plugin_system:Skipping extension 'colcon_core.shell.bat': Not used on non-Windows systems
[1.891s] INFO:colcon.colcon_core.shell:Creating environment hook '/home/robot/134code/robotws/install/basic134/share/basic134/hook/ament_prefix_path.ps1'
[1.892s] INFO:colcon.colcon_core.shell:Creating environment descriptor '/home/robot/134code/robotws/install/basic134/share/basic134/hook/ament_prefix_path.dsv'
[1.892s] INFO:colcon.colcon_core.shell:Creating environment hook '/home/robot/134code/robotws/install/basic134/share/basic134/hook/ament_prefix_path.sh'
[1.924s] INFO:colcon.colcon_core.shell:Skip shell extension 'powershell' for command environment: Not usable outside of PowerShell
[1.924s] DEBUG:colcon.colcon_core.shell:Skip shell extension 'dsv' for command environment
[1.991s] INFO:colcon.colcon_ros.task.ament_python.build:Building ROS package in '/home/robot/134code/robotws/src/demo134/demo134' with build type 'ament_python'
[1.991s] Level 1:colcon.colcon_core.shell:create_environment_hook('demo134', 'ament_prefix_path')
[2.014s] INFO:colcon.colcon_core.shell:Creating environment hook '/home/robot/134code/robotws/install/demo134/share/demo134/hook/ament_prefix_path.ps1'
[2.015s] INFO:colcon.colcon_core.shell:Creating environment descriptor '/home/robot/134code/robotws/install/demo134/share/demo134/hook/ament_prefix_path.dsv'
[2.015s] INFO:colcon.colcon_core.shell:Creating environment hook '/home/robot/134code/robotws/install/demo134/share/demo134/hook/ament_prefix_path.sh'
[2.035s] INFO:colcon.colcon_core.shell:Skip shell extension 'powershell' for command environment: Not usable outside of PowerShell
[2.035s] DEBUG:colcon.colcon_core.shell:Skip shell extension 'dsv' for command environment
[2.100s] INFO:colcon.colcon_ros.task.ament_python.build:Building ROS package in '/home/robot/134code/robotws/src/hebiros/hebiros' with build type 'ament_python'
[2.100s] Level 1:colcon.colcon_core.shell:create_environment_hook('hebiros', 'ament_prefix_path')
[2.120s] INFO:colcon.colcon_core.shell:Creating environment hook '/home/robot/134code/robotws/install/hebiros/share/hebiros/hook/ament_prefix_path.ps1'
[2.121s] INFO:colcon.colcon_core.shell:Creating environment descriptor '/home/robot/134code/robotws/install/hebiros/share/hebiros/hook/ament_prefix_path.dsv'
[2.121s] INFO:colcon.colcon_core.shell:Creating environment hook '/home/robot/134code/robotws/install/hebiros/share/hebiros/hook/ament_prefix_path.sh'
[2.152s] INFO:colcon.colcon_core.shell:Skip shell extension 'powershell' for command environment: Not usable outside of PowerShell
[2.152s] DEBUG:colcon.colcon_core.shell:Skip shell extension 'dsv' for command environment
[2.550s] INFO:colcon.colcon_core.task.python.build:Building Python package in '/home/robot/134code/robotws/src/basic134'
[2.570s] INFO:colcon.colcon_core.shell:Skip shell extension 'powershell' for command environment: Not usable outside of PowerShell
[2.570s] DEBUG:colcon.colcon_core.shell:Skip shell extension 'dsv' for command environment
[2.991s] INFO:colcon.colcon_core.task.python.build:Building Python package in '/home/robot/134code/robotws/src/demo134/demo134'
[3.014s] INFO:colcon.colcon_core.shell:Skip shell extension 'powershell' for command environment: Not usable outside of PowerShell
[3.014s] DEBUG:colcon.colcon_core.shell:Skip shell extension 'dsv' for command environment
[3.397s] INFO:colcon.colcon_core.task.python.build:Building Python package in '/home/robot/134code/robotws/src/hebiros/hebiros'
[3.420s] INFO:colcon.colcon_core.shell:Skip shell extension 'powershell' for command environment: Not usable outside of PowerShell
[3.421s] DEBUG:colcon.colcon_core.shell:Skip shell extension 'dsv' for command environment
[4.083s] DEBUG:colcon.colcon_core.event_handler.log_command:Invoking command in '/home/robot/134code/robotws/build/demo134': PYTHONPATH=/home/robot/134code/robotws/build/demo134/prefix_override:/home/robot/134code/robotws/install/demo134/lib/python3.10/site-packages:${PYTHONPATH} /usr/bin/python3 setup.py develop --editable --build-directory /home/robot/134code/robotws/build/demo134/build --no-deps install_data
[4.134s] DEBUG:colcon.colcon_core.event_handler.log_command:Invoking command in '/home/robot/134code/robotws/build/basic134': PYTHONPATH=/home/robot/134code/robotws/build/basic134/prefix_override:/home/robot/134code/robotws/install/basic134/lib/python3.10/site-packages:${PYTHONPATH} /usr/bin/python3 setup.py develop --editable --build-directory /home/robot/134code/robotws/build/basic134/build --no-deps install_data
[4.138s] DEBUG:colcon.colcon_core.event_handler.log_command:Invoking command in '/home/robot/134code/robotws/build/hebiros': PYTHONPATH=/home/robot/134code/robotws/build/hebiros/prefix_override:/home/robot/134code/robotws/install/hebiros/lib/python3.10/site-packages:${PYTHONPATH} /usr/bin/python3 setup.py develop --editable --build-directory /home/robot/134code/robotws/build/hebiros/build --no-deps install_data
[4.875s] Level 1:colcon.colcon_core.shell:create_environment_hook('demo134', 'pythonpath_develop')
[4.876s] DEBUG:colcon.colcon_core.event_handler.log_command:Invoked command in '/home/robot/134code/robotws/build/demo134' returned '0': PYTHONPATH=/home/robot/134code/robotws/build/demo134/prefix_override:/home/robot/134code/robotws/install/demo134/lib/python3.10/site-packages:${PYTHONPATH} /usr/bin/python3 setup.py develop --editable --build-directory /home/robot/134code/robotws/build/demo134/build --no-deps install_data
[4.903s] INFO:colcon.colcon_core.shell:Creating environment hook '/home/robot/134code/robotws/build/demo134/share/demo134/hook/pythonpath_develop.ps1'
[4.903s] INFO:colcon.colcon_core.shell:Creating environment descriptor '/home/robot/134code/robotws/build/demo134/share/demo134/hook/pythonpath_develop.dsv'
[4.904s] INFO:colcon.colcon_core.shell:Creating environment hook '/home/robot/134code/robotws/build/demo134/share/demo134/hook/pythonpath_develop.sh'
[4.948s] Level 1:colcon.colcon_core.environment:checking '/home/robot/134code/robotws/install/demo134' for CMake module files
[4.948s] Level 1:colcon.colcon_core.environment:checking '/home/robot/134code/robotws/install/demo134' for CMake config files
[4.949s] Level 1:colcon.colcon_core.environment:checking '/home/robot/134code/robotws/install/demo134/lib'
[4.950s] Level 1:colcon.colcon_core.environment:checking '/home/robot/134code/robotws/install/demo134/bin'
[4.950s] Level 1:colcon.colcon_core.environment:checking '/home/robot/134code/robotws/install/demo134/lib/pkgconfig/demo134.pc'
[4.950s] Level 1:colcon.colcon_core.environment:checking '/home/robot/134code/robotws/install/demo134/lib/python3.10/site-packages'
[4.950s] Level 1:colcon.colcon_core.shell:create_environment_hook('demo134', 'pythonpath')
[4.974s] INFO:colcon.colcon_core.shell:Creating environment hook '/home/robot/134code/robotws/install/demo134/share/demo134/hook/pythonpath.ps1'
[4.975s] INFO:colcon.colcon_core.shell:Creating environment descriptor '/home/robot/134code/robotws/install/demo134/share/demo134/hook/pythonpath.dsv'
[4.976s] INFO:colcon.colcon_core.shell:Creating environment hook '/home/robot/134code/robotws/install/demo134/share/demo134/hook/pythonpath.sh'
[4.976s] Level 1:colcon.colcon_core.environment:checking '/home/robot/134code/robotws/install/demo134/bin'
[4.976s] Level 1:colcon.colcon_core.environment:create_environment_scripts_only(demo134)
[5.002s] INFO:colcon.colcon_core.shell:Creating package script '/home/robot/134code/robotws/install/demo134/share/demo134/package.ps1'
[5.003s] INFO:colcon.colcon_core.shell:Creating package descriptor '/home/robot/134code/robotws/install/demo134/share/demo134/package.dsv'
[5.003s] INFO:colcon.colcon_core.shell:Creating package script '/home/robot/134code/robotws/install/demo134/share/demo134/package.sh'
[5.004s] INFO:colcon.colcon_core.shell:Creating package script '/home/robot/134code/robotws/install/demo134/share/demo134/package.bash'
[5.005s] INFO:colcon.colcon_core.shell:Creating package script '/home/robot/134code/robotws/install/demo134/share/demo134/package.zsh'
[5.005s] Level 1:colcon.colcon_core.environment:create_file_with_runtime_dependencies(/home/robot/134code/robotws/install/demo134/share/colcon-core/packages/demo134)
[5.006s] Level 1:colcon.colcon_core.shell:create_environment_hook('basic134', 'pythonpath_develop')
[5.007s] DEBUG:colcon.colcon_core.event_handler.log_command:Invoked command in '/home/robot/134code/robotws/build/basic134' returned '0': PYTHONPATH=/home/robot/134code/robotws/build/basic134/prefix_override:/home/robot/134code/robotws/install/basic134/lib/python3.10/site-packages:${PYTHONPATH} /usr/bin/python3 setup.py develop --editable --build-directory /home/robot/134code/robotws/build/basic134/build --no-deps install_data
[5.029s] INFO:colcon.colcon_core.shell:Creating environment hook '/home/robot/134code/robotws/build/basic134/share/basic134/hook/pythonpath_develop.ps1'
[5.030s] INFO:colcon.colcon_core.shell:Creating environment descriptor '/home/robot/134code/robotws/build/basic134/share/basic134/hook/pythonpath_develop.dsv'
[5.030s] INFO:colcon.colcon_core.shell:Creating environment hook '/home/robot/134code/robotws/build/basic134/share/basic134/hook/pythonpath_develop.sh'
[5.049s] Level 1:colcon.colcon_core.environment:checking '/home/robot/134code/robotws/install/basic134' for CMake module files
[5.049s] Level 1:colcon.colcon_core.environment:checking '/home/robot/134code/robotws/install/basic134' for CMake config files
[5.050s] Level 1:colcon.colcon_core.environment:checking '/home/robot/134code/robotws/install/basic134/lib'
[5.050s] Level 1:colcon.colcon_core.environment:checking '/home/robot/134code/robotws/install/basic134/bin'
[5.050s] Level 1:colcon.colcon_core.environment:checking '/home/robot/134code/robotws/install/basic134/lib/pkgconfig/basic134.pc'
[5.050s] Level 1:colcon.colcon_core.environment:checking '/home/robot/134code/robotws/install/basic134/lib/python3.10/site-packages'
[5.050s] Level 1:colcon.colcon_core.shell:create_environment_hook('basic134', 'pythonpath')
[5.068s] INFO:colcon.colcon_core.shell:Creating environment hook '/home/robot/134code/robotws/install/basic134/share/basic134/hook/pythonpath.ps1'
[5.069s] INFO:colcon.colcon_core.shell:Creating environment descriptor '/home/robot/134code/robotws/install/basic134/share/basic134/hook/pythonpath.dsv'
[5.069s] INFO:colcon.colcon_core.shell:Creating environment hook '/home/robot/134code/robotws/install/basic134/share/basic134/hook/pythonpath.sh'
[5.069s] Level 1:colcon.colcon_core.environment:checking '/home/robot/134code/robotws/install/basic134/bin'
[5.069s] Level 1:colcon.colcon_core.environment:create_environment_scripts_only(basic134)
[5.089s] INFO:colcon.colcon_core.shell:Creating package script '/home/robot/134code/robotws/install/basic134/share/basic134/package.ps1'
[5.089s] INFO:colcon.colcon_core.shell:Creating package descriptor '/home/robot/134code/robotws/install/basic134/share/basic134/package.dsv'
[5.089s] INFO:colcon.colcon_core.shell:Creating package script '/home/robot/134code/robotws/install/basic134/share/basic134/package.sh'
[5.090s] INFO:colcon.colcon_core.shell:Creating package script '/home/robot/134code/robotws/install/basic134/share/basic134/package.bash'
[5.090s] INFO:colcon.colcon_core.shell:Creating package script '/home/robot/134code/robotws/install/basic134/share/basic134/package.zsh'
[5.091s] Level 1:colcon.colcon_core.environment:create_file_with_runtime_dependencies(/home/robot/134code/robotws/install/basic134/share/colcon-core/packages/basic134)
[5.092s] Level 1:colcon.colcon_core.shell:create_environment_hook('hebiros', 'pythonpath_develop')
[5.092s] DEBUG:colcon.colcon_core.event_handler.log_command:Invoked command in '/home/robot/134code/robotws/build/hebiros' returned '0': PYTHONPATH=/home/robot/134code/robotws/build/hebiros/prefix_override:/home/robot/134code/robotws/install/hebiros/lib/python3.10/site-packages:${PYTHONPATH} /usr/bin/python3 setup.py develop --editable --build-directory /home/robot/134code/robotws/build/hebiros/build --no-deps install_data
[5.117s] INFO:colcon.colcon_core.shell:Creating environment hook '/home/robot/134code/robotws/build/hebiros/share/hebiros/hook/pythonpath_develop.ps1'
[5.118s] INFO:colcon.colcon_core.shell:Creating environment descriptor '/home/robot/134code/robotws/build/hebiros/share/hebiros/hook/pythonpath_develop.dsv'
[5.118s] INFO:colcon.colcon_core.shell:Creating environment hook '/home/robot/134code/robotws/build/hebiros/share/hebiros/hook/pythonpath_develop.sh'
[5.144s] Level 1:colcon.colcon_core.environment:checking '/home/robot/134code/robotws/install/hebiros' for CMake module files
[5.145s] Level 1:colcon.colcon_core.environment:checking '/home/robot/134code/robotws/install/hebiros' for CMake config files
[5.145s] Level 1:colcon.colcon_core.environment:checking '/home/robot/134code/robotws/install/hebiros/lib'
[5.145s] Level 1:colcon.colcon_core.environment:checking '/home/robot/134code/robotws/install/hebiros/bin'
[5.145s] Level 1:colcon.colcon_core.environment:checking '/home/robot/134code/robotws/install/hebiros/lib/pkgconfig/hebiros.pc'
[5.146s] Level 1:colcon.colcon_core.environment:checking '/home/robot/134code/robotws/install/hebiros/lib/python3.10/site-packages'
[5.146s] Level 1:colcon.colcon_core.shell:create_environment_hook('hebiros', 'pythonpath')
[5.167s] INFO:colcon.colcon_core.shell:Creating environment hook '/home/robot/134code/robotws/install/hebiros/share/hebiros/hook/pythonpath.ps1'
[5.167s] INFO:colcon.colcon_core.shell:Creating environment descriptor '/home/robot/134code/robotws/install/hebiros/share/hebiros/hook/pythonpath.dsv'
[5.167s] INFO:colcon.colcon_core.shell:Creating environment hook '/home/robot/134code/robotws/install/hebiros/share/hebiros/hook/pythonpath.sh'
[5.168s] Level 1:colcon.colcon_core.environment:checking '/home/robot/134code/robotws/install/hebiros/bin'
[5.168s] Level 1:colcon.colcon_core.environment:create_environment_scripts_only(hebiros)
[5.198s] INFO:colcon.colcon_core.shell:Creating package script '/home/robot/134code/robotws/install/hebiros/share/hebiros/package.ps1'
[5.198s] INFO:colcon.colcon_core.shell:Creating package descriptor '/home/robot/134code/robotws/install/hebiros/share/hebiros/package.dsv'
[5.199s] INFO:colcon.colcon_core.shell:Creating package script '/home/robot/134code/robotws/install/hebiros/share/hebiros/package.sh'
[5.199s] INFO:colcon.colcon_core.shell:Creating package script '/home/robot/134code/robotws/install/hebiros/share/hebiros/package.bash'
[5.199s] INFO:colcon.colcon_core.shell:Creating package script '/home/robot/134code/robotws/install/hebiros/share/hebiros/package.zsh'
[5.200s] Level 1:colcon.colcon_core.environment:create_file_with_runtime_dependencies(/home/robot/134code/robotws/install/hebiros/share/colcon-core/packages/hebiros)
[5.200s] DEBUG:colcon.colcon_parallel_executor.executor.parallel:closing loop
[5.200s] DEBUG:colcon.colcon_parallel_executor.executor.parallel:loop closed
[5.200s] DEBUG:colcon.colcon_parallel_executor.executor.parallel:run_until_complete finished with '0'
[5.200s] DEBUG:colcon.colcon_core.event_reactor:joining thread
[5.230s] INFO:colcon.colcon_core.plugin_system:Skipping extension 'colcon_notification.desktop_notification.terminal_notifier': Not used on non-Darwin systems
[5.230s] INFO:colcon.colcon_core.plugin_system:Skipping extension 'colcon_notification.desktop_notification.win32': Not used on non-Windows systems
[5.231s] INFO:colcon.colcon_notification.desktop_notification:Sending desktop notification using 'notify2'
[5.240s] DEBUG:colcon.colcon_core.event_reactor:joined thread
[5.266s] INFO:colcon.colcon_core.shell:Creating prefix script '/home/robot/134code/robotws/install/local_setup.ps1'
[5.267s] INFO:colcon.colcon_core.shell:Creating prefix util module '/home/robot/134code/robotws/install/_local_setup_util_ps1.py'
[5.269s] INFO:colcon.colcon_core.shell:Creating prefix chain script '/home/robot/134code/robotws/install/setup.ps1'
[5.294s] INFO:colcon.colcon_core.shell:Creating prefix script '/home/robot/134code/robotws/install/local_setup.sh'
[5.295s] INFO:colcon.colcon_core.shell:Creating prefix util module '/home/robot/134code/robotws/install/_local_setup_util_sh.py'
[5.295s] INFO:colcon.colcon_core.shell:Creating prefix chain script '/home/robot/134code/robotws/install/setup.sh'
[5.316s] INFO:colcon.colcon_core.shell:Creating prefix script '/home/robot/134code/robotws/install/local_setup.bash'
[5.316s] INFO:colcon.colcon_core.shell:Creating prefix chain script '/home/robot/134code/robotws/install/setup.bash'
[5.337s] INFO:colcon.colcon_core.shell:Creating prefix script '/home/robot/134code/robotws/install/local_setup.zsh'
[5.338s] INFO:colcon.colcon_core.shell:Creating prefix chain script '/home/robot/134code/robotws/install/setup.zsh'
