[0.474s] Invoking command in '/home/robot/134code/src/build/usb_cam': CMAKE_PREFIX_PATH=/home/robot/robotws/install/hebiros:/home/robot/robotws/install/demo134:/home/robot/robotws/install/basic134:/home/robot/install/hebiros:/home/robot/install/demo134:/home/robot/install/basic134:/opt/ros/humble /usr/bin/cmake /home/robot/134code/src/usb_cam -DAMENT_CMAKE_SYMLINK_INSTALL=1 -DCMAKE_INSTALL_PREFIX=/home/robot/134code/src/install/usb_cam
[1.321s] -- The C compiler identification is GNU 11.4.0
[1.321s] -- The CXX compiler identification is GNU 11.4.0
[1.321s] -- Detecting C compiler ABI info
[1.321s] -- Detecting C compiler ABI info - done
[1.321s] -- Check for working C compiler: /usr/bin/cc - skipped
[1.321s] -- Detecting C compile features
[1.321s] -- Detecting C compile features - done
[1.321s] -- Detecting CXX compiler ABI info
[1.321s] -- Detecting CXX compiler ABI info - done
[1.322s] -- Check for working CXX compiler: /usr/bin/c++ - skipped
[1.322s] -- Detecting CXX compile features
[1.323s] -- Detecting CXX compile features - done
[1.323s] -- Found ament_cmake_auto: 1.3.6 (/opt/ros/humble/share/ament_cmake_auto/cmake)
[1.323s] -- Found Python3: /usr/bin/python3.10 (found version "3.10.12") found components: Interpreter 
[1.324s] -- Override CMake install command with custom implementation using symlinks instead of copying resources
[1.324s] -- Found rosidl_generator_c: 3.1.5 (/opt/ros/humble/share/rosidl_generator_c/cmake)
[1.324s] -- Found rosidl_adapter: 3.1.5 (/opt/ros/humble/share/rosidl_adapter/cmake)
[1.324s] -- Found rosidl_generator_cpp: 3.1.5 (/opt/ros/humble/share/rosidl_generator_cpp/cmake)
[1.324s] -- Using all available rosidl_typesupport_c: rosidl_typesupport_fastrtps_c;rosidl_typesupport_introspection_c
[1.324s] -- Using all available rosidl_typesupport_cpp: rosidl_typesupport_fastrtps_cpp;rosidl_typesupport_introspection_cpp
[1.328s] -- Found rmw_implementation_cmake: 6.1.1 (/opt/ros/humble/share/rmw_implementation_cmake/cmake)
[1.333s] -- Found rmw_fastrtps_cpp: 6.2.5 (/opt/ros/humble/share/rmw_fastrtps_cpp/cmake)
[1.435s] -- Found OpenSSL: /usr/lib/x86_64-linux-gnu/libcrypto.so (found version "3.0.2")  
[1.469s] -- Found FastRTPS: /opt/ros/humble/include  
[1.518s] -- Using RMW implementation 'rmw_fastrtps_cpp' as default
[1.534s] -- Looking for pthread.h
[1.598s] -- Looking for pthread.h - found
[1.598s] -- Performing Test CMAKE_HAVE_LIBC_PTHREAD
[1.670s] -- Performing Test CMAKE_HAVE_LIBC_PTHREAD - Success
[1.671s] -- Found Threads: TRUE  
[2.639s] -- Found OpenCV: /usr (found version "4.5.4") 
[2.644s] -- Found PkgConfig: /usr/bin/pkg-config (found version "0.29.2") 
[2.645s] -- Checking for module 'libavcodec'
[2.663s] --   Found libavcodec, version 58.134.100
[2.709s] -- Checking for module 'libavutil'
[2.727s] --   Found libavutil, version 56.70.100
[2.771s] -- Checking for module 'libswscale'
[2.789s] --   Found libswscale, version 5.9.100
[2.856s] -- Found ament_lint_auto: 0.12.9 (/opt/ros/humble/share/ament_lint_auto/cmake)
[2.899s] -- Found gtest sources under '/opt/ros/humble/src/gtest_vendor': C++ tests using 'Google Test' will be built
[2.920s] -- Added test 'copyright' to check source files copyright and LICENSE
[2.925s] -- Added test 'cppcheck' to perform static code analysis on C / C++ code
[2.926s] -- Configured cppcheck include dirs: /home/robot/134code/src/usb_cam/include
[2.926s] -- Configured cppcheck exclude dirs and/or files: 
[2.932s] -- Added test 'cpplint' to check C / C++ code against the Google style
[2.932s] -- Configured cpplint exclude dirs and/or files: 
[2.939s] -- Added test 'flake8' to check Python code syntax and style conventions
[2.942s] -- Added test 'lint_cmake' to check CMake code style
[2.943s] -- Added test 'pep257' to check Python code against some of the docstring style conventions in PEP 257
[2.949s] -- Added test 'uncrustify' to check C / C++ code style
[2.949s] -- Configured uncrustify additional arguments: 
[2.950s] -- Added test 'xmllint' to check XML markup files
[2.956s] -- Configuring done
[3.006s] -- Generating done
[3.010s] -- Build files have been written to: /home/robot/134code/src/build/usb_cam
[3.029s] Invoked command in '/home/robot/134code/src/build/usb_cam' returned '0': CMAKE_PREFIX_PATH=/home/robot/robotws/install/hebiros:/home/robot/robotws/install/demo134:/home/robot/robotws/install/basic134:/home/robot/install/hebiros:/home/robot/install/demo134:/home/robot/install/basic134:/opt/ros/humble /usr/bin/cmake /home/robot/134code/src/usb_cam -DAMENT_CMAKE_SYMLINK_INSTALL=1 -DCMAKE_INSTALL_PREFIX=/home/robot/134code/src/install/usb_cam
[3.029s] Invoking command in '/home/robot/134code/src/build/usb_cam': CMAKE_PREFIX_PATH=/home/robot/robotws/install/hebiros:/home/robot/robotws/install/demo134:/home/robot/robotws/install/basic134:/home/robot/install/hebiros:/home/robot/install/demo134:/home/robot/install/basic134:/opt/ros/humble /usr/bin/cmake --build /home/robot/134code/src/build/usb_cam -- -j4 -l4
[3.135s] [  7%] [32mBuilding CXX object gtest/CMakeFiles/gtest.dir/src/gtest-all.cc.o[0m
[3.152s] [ 14%] [32mBuilding CXX object gtest/CMakeFiles/gtest_main.dir/src/gtest_main.cc.o[0m
[3.178s] [ 21%] [32mBuilding CXX object CMakeFiles/usb_cam.dir/src/usb_cam.cpp.o[0m
[3.211s] [ 28%] [32mBuilding CXX object CMakeFiles/usb_cam_node_exe.dir/rclcpp_components/node_main_usb_cam_node_exe.cpp.o[0m
[4.334s] [ 35%] [32m[1mLinking CXX static library libgtest_main.a[0m
[4.379s] [ 35%] Built target gtest_main
[5.451s] [ 42%] [32m[1mLinking CXX shared library libusb_cam.so[0m
[5.647s] [ 42%] Built target usb_cam
[5.668s] [ 50%] [32mBuilding CXX object CMakeFiles/usb_cam_node.dir/src/ros2/usb_cam_node.cpp.o[0m
[7.560s] [ 57%] [32m[1mLinking CXX static library libgtest.a[0m
[7.659s] [ 57%] Built target gtest
[7.685s] [ 64%] [32mBuilding CXX object CMakeFiles/test_pixel_formats.dir/test/test_pixel_formats.cpp.o[0m
[7.690s] [ 71%] [32mBuilding CXX object CMakeFiles/test_usb_cam_utils.dir/test/test_usb_cam_utils.cpp.o[0m
[8.040s] [ 78%] [32m[1mLinking CXX executable usb_cam_node_exe[0m
[8.218s] [ 78%] Built target usb_cam_node_exe
[8.650s] [ 85%] [32m[1mLinking CXX executable test_usb_cam_utils[0m
[8.824s] [ 85%] Built target test_usb_cam_utils
[9.086s] [ 92%] [32m[1mLinking CXX executable test_pixel_formats[0m
[9.253s] [ 92%] Built target test_pixel_formats
[13.277s] [100%] [32m[1mLinking CXX shared library libusb_cam_node.so[0m
[13.661s] [100%] Built target usb_cam_node
[13.671s] Invoked command in '/home/robot/134code/src/build/usb_cam' returned '0': CMAKE_PREFIX_PATH=/home/robot/robotws/install/hebiros:/home/robot/robotws/install/demo134:/home/robot/robotws/install/basic134:/home/robot/install/hebiros:/home/robot/install/demo134:/home/robot/install/basic134:/opt/ros/humble /usr/bin/cmake --build /home/robot/134code/src/build/usb_cam -- -j4 -l4
[13.717s] Invoking command in '/home/robot/134code/src/build/usb_cam': CMAKE_PREFIX_PATH=/home/robot/robotws/install/hebiros:/home/robot/robotws/install/demo134:/home/robot/robotws/install/basic134:/home/robot/install/hebiros:/home/robot/install/demo134:/home/robot/install/basic134:/opt/ros/humble /usr/bin/cmake --install /home/robot/134code/src/build/usb_cam
[13.723s] -- Install configuration: ""
[13.724s] -- Execute custom install script
[13.724s] -- Symlinking: /home/robot/134code/src/install/usb_cam/share/usb_cam/environment/library_path.sh
[13.732s] -- Symlinking: /home/robot/134code/src/install/usb_cam/share/usb_cam/environment/library_path.dsv
[13.740s] -- Symlinking: /home/robot/134code/src/install/usb_cam/lib/usb_cam/usb_cam_node_exe
[13.748s] -- Symlinking: /home/robot/134code/src/install/usb_cam/lib/usb_cam/show_image.py
[13.756s] -- Symlinking: /home/robot/134code/src/install/usb_cam/lib/libusb_cam.so
[13.764s] -- Symlinking: /home/robot/134code/src/install/usb_cam/lib/libusb_cam_node.so
[13.772s] -- Symlinking: /home/robot/134code/src/install/usb_cam/include/usb_cam/constants.hpp
[13.780s] -- Symlinking: /home/robot/134code/src/install/usb_cam/include/usb_cam/conversions.hpp
[13.788s] -- Symlinking: /home/robot/134code/src/install/usb_cam/include/usb_cam/formats/av_pixel_format_helper.hpp
[13.797s] -- Symlinking: /home/robot/134code/src/install/usb_cam/include/usb_cam/formats/m420.hpp
[13.804s] -- Symlinking: /home/robot/134code/src/install/usb_cam/include/usb_cam/formats/mjpeg.hpp
[13.813s] -- Symlinking: /home/robot/134code/src/install/usb_cam/include/usb_cam/formats/mono.hpp
[13.820s] -- Symlinking: /home/robot/134code/src/install/usb_cam/include/usb_cam/formats/pixel_format_base.hpp
[13.828s] -- Symlinking: /home/robot/134code/src/install/usb_cam/include/usb_cam/formats/rgb.hpp
[13.836s] -- Symlinking: /home/robot/134code/src/install/usb_cam/include/usb_cam/formats/utils.hpp
[13.843s] -- Symlinking: /home/robot/134code/src/install/usb_cam/include/usb_cam/formats/uyvy.hpp
[13.851s] -- Symlinking: /home/robot/134code/src/install/usb_cam/include/usb_cam/formats/yuyv.hpp
[13.859s] -- Symlinking: /home/robot/134code/src/install/usb_cam/include/usb_cam/usb_cam.hpp
[13.867s] -- Symlinking: /home/robot/134code/src/install/usb_cam/include/usb_cam/usb_cam_node.hpp
[13.875s] -- Symlinking: /home/robot/134code/src/install/usb_cam/include/usb_cam/utils.hpp
[13.883s] -- Up-to-date symlink: /home/robot/134code/src/install/usb_cam/lib/libusb_cam_node.so
[13.883s] -- Symlinking: /home/robot/134code/src/install/usb_cam/share/usb_cam/launch/__init__.py
[13.891s] -- Symlinking: /home/robot/134code/src/install/usb_cam/share/usb_cam/launch/camera.launch.py
[13.899s] -- Symlinking: /home/robot/134code/src/install/usb_cam/share/usb_cam/launch/camera_config.py
[13.907s] -- Symlinking: /home/robot/134code/src/install/usb_cam/share/usb_cam/config/camera_info.yaml
[13.915s] -- Symlinking: /home/robot/134code/src/install/usb_cam/share/usb_cam/config/params_1.yaml
[13.922s] -- Symlinking: /home/robot/134code/src/install/usb_cam/share/usb_cam/config/params_2.yaml
[13.930s] -- Symlinking: /home/robot/134code/src/install/usb_cam/share/ament_index/resource_index/package_run_dependencies/usb_cam
[13.938s] -- Symlinking: /home/robot/134code/src/install/usb_cam/share/ament_index/resource_index/parent_prefix_path/usb_cam
[13.945s] -- Symlinking: /home/robot/134code/src/install/usb_cam/share/usb_cam/environment/ament_prefix_path.sh
[13.953s] -- Symlinking: /home/robot/134code/src/install/usb_cam/share/usb_cam/environment/ament_prefix_path.dsv
[13.961s] -- Symlinking: /home/robot/134code/src/install/usb_cam/share/usb_cam/environment/path.sh
[13.969s] -- Symlinking: /home/robot/134code/src/install/usb_cam/share/usb_cam/environment/path.dsv
[13.977s] -- Symlinking: /home/robot/134code/src/install/usb_cam/share/usb_cam/local_setup.bash
[13.984s] -- Symlinking: /home/robot/134code/src/install/usb_cam/share/usb_cam/local_setup.sh
[13.993s] -- Symlinking: /home/robot/134code/src/install/usb_cam/share/usb_cam/local_setup.zsh
[14.001s] -- Symlinking: /home/robot/134code/src/install/usb_cam/share/usb_cam/local_setup.dsv
[14.008s] -- Symlinking: /home/robot/134code/src/install/usb_cam/share/usb_cam/package.dsv
[14.017s] -- Symlinking: /home/robot/134code/src/install/usb_cam/share/ament_index/resource_index/packages/usb_cam
[14.025s] -- Symlinking: /home/robot/134code/src/install/usb_cam/share/ament_index/resource_index/rclcpp_components/usb_cam
[14.032s] -- Symlinking: /home/robot/134code/src/install/usb_cam/share/usb_cam/cmake/ament_cmake_export_libraries-extras.cmake
[14.040s] -- Symlinking: /home/robot/134code/src/install/usb_cam/share/usb_cam/cmake/ament_cmake_export_dependencies-extras.cmake
[14.048s] -- Symlinking: /home/robot/134code/src/install/usb_cam/share/usb_cam/cmake/ament_cmake_export_include_directories-extras.cmake
[14.056s] -- Symlinking: /home/robot/134code/src/install/usb_cam/share/usb_cam/cmake/usb_camConfig.cmake
[14.064s] -- Symlinking: /home/robot/134code/src/install/usb_cam/share/usb_cam/cmake/usb_camConfig-version.cmake
[14.071s] -- Symlinking: /home/robot/134code/src/install/usb_cam/share/usb_cam/package.xml
[14.081s] Invoked command in '/home/robot/134code/src/build/usb_cam' returned '0': CMAKE_PREFIX_PATH=/home/robot/robotws/install/hebiros:/home/robot/robotws/install/demo134:/home/robot/robotws/install/basic134:/home/robot/install/hebiros:/home/robot/install/demo134:/home/robot/install/basic134:/opt/ros/humble /usr/bin/cmake --install /home/robot/134code/src/build/usb_cam
