[1.741s] Invoking command in '/home/robot/134code/robotws/build/hebiros': PYTHONPATH=/home/robot/134code/robotws/build/hebiros/prefix_override:/home/robot/134code/robotws/install/hebiros/lib/python3.10/site-packages:${PYTHONPATH} /usr/bin/python3 setup.py develop --editable --build-directory /home/robot/134code/robotws/build/hebiros/build --no-deps install_data
[2.157s] running develop
[2.158s] /usr/lib/python3/dist-packages/setuptools/command/easy_install.py:158: EasyInstallDeprecationWarning: easy_install command is deprecated. Use build and pip and other standards-based tools.
[2.158s]   warnings.warn(
[2.160s] /usr/lib/python3/dist-packages/setuptools/command/install.py:34: SetuptoolsDeprecationWarning: setup.py install is deprecated. Use build and pip and other standards-based tools.
[2.160s]   warnings.warn(
[2.544s] running egg_info
[2.544s] writing hebiros.egg-info/PKG-INFO
[2.545s] writing dependency_links to hebiros.egg-info/dependency_links.txt
[2.545s] writing entry points to hebiros.egg-info/entry_points.txt
[2.546s] writing requirements to hebiros.egg-info/requires.txt
[2.546s] writing top-level names to hebiros.egg-info/top_level.txt
[2.549s] reading manifest file 'hebiros.egg-info/SOURCES.txt'
[2.551s] writing manifest file 'hebiros.egg-info/SOURCES.txt'
[2.553s] running build_ext
[2.553s] Creating /home/robot/134code/robotws/install/hebiros/lib/python3.10/site-packages/hebiros.egg-link (link to .)
[2.555s] Installing hebiforce script to /home/robot/134code/robotws/install/hebiros/lib/hebiros
[2.555s] Installing hebinode script to /home/robot/134code/robotws/install/hebiros/lib/hebiros
[2.556s] Installing hebiscan script to /home/robot/134code/robotws/install/hebiros/lib/hebiros
[2.556s] Installing hebitune script to /home/robot/134code/robotws/install/hebiros/lib/hebiros
[2.556s] Installing testsend script to /home/robot/134code/robotws/install/hebiros/lib/hebiros
[2.557s] 
[2.557s] Installed /home/robot/134code/robotws/build/hebiros
[2.557s] running install_data
[2.598s] Invoked command in '/home/robot/134code/robotws/build/hebiros' returned '0': PYTHONPATH=/home/robot/134code/robotws/build/hebiros/prefix_override:/home/robot/134code/robotws/install/hebiros/lib/python3.10/site-packages:${PYTHONPATH} /usr/bin/python3 setup.py develop --editable --build-directory /home/robot/134code/robotws/build/hebiros/build --no-deps install_data
