running develop
running egg_info
writing detectors.egg-info/PKG-INFO
writing dependency_links to detectors.egg-info/dependency_links.txt
writing entry points to detectors.egg-info/entry_points.txt
writing requirements to detectors.egg-info/requires.txt
writing top-level names to detectors.egg-info/top_level.txt
reading manifest file 'detectors.egg-info/SOURCES.txt'
writing manifest file 'detectors.egg-info/SOURCES.txt'
running build_ext
Creating /home/robot/134code/install/detectors/lib/python3.10/site-packages/detectors.egg-link (link to .)
Installing balldetector script to /home/robot/134code/install/detectors/lib/detectors
Installing depthincenter script to /home/robot/134code/install/detectors/lib/detectors
Installing detectaruco script to /home/robot/134code/install/detectors/lib/detectors
Installing facedepth script to /home/robot/134code/install/detectors/lib/detectors
Installing facedetector script to /home/robot/134code/install/detectors/lib/detectors
Installing hsvtune script to /home/robot/134code/install/detectors/lib/detectors
Installing mapping script to /home/robot/134code/install/detectors/lib/detectors
Installing writearuco script to /home/robot/134code/install/detectors/lib/detectors

Installed /home/robot/134code/build/detectors
running install_data
copying launch/demodetector.launch.py -> /home/robot/134code/install/detectors/share/detectors/launch
