[2.214s] Invoking command in '/home/robot/134code/src/build/demo134': PYTHONPATH=/home/robot/134code/src/build/demo134/prefix_override:/home/robot/134code/src/install/demo134/lib/python3.10/site-packages:${PYTHONPATH} /usr/bin/python3 setup.py develop --editable --build-directory /home/robot/134code/src/build/demo134/build --no-deps install_data
[2.744s] running develop
[2.744s] /usr/lib/python3/dist-packages/setuptools/command/easy_install.py:158: EasyInstallDeprecationWarning: easy_install command is deprecated. Use build and pip and other standards-based tools.
[2.744s]   warnings.warn(
[2.746s] /usr/lib/python3/dist-packages/setuptools/command/install.py:34: SetuptoolsDeprecationWarning: setup.py install is deprecated. Use build and pip and other standards-based tools.
[2.746s]   warnings.warn(
[3.233s] running egg_info
[3.233s] creating demo134.egg-info
[3.243s] writing demo134.egg-info/PKG-INFO
[3.244s] writing dependency_links to demo134.egg-info/dependency_links.txt
[3.244s] writing entry points to demo134.egg-info/entry_points.txt
[3.244s] writing requirements to demo134.egg-info/requires.txt
[3.244s] writing top-level names to demo134.egg-info/top_level.txt
[3.244s] writing manifest file 'demo134.egg-info/SOURCES.txt'
[3.246s] reading manifest file 'demo134.egg-info/SOURCES.txt'
[3.247s] writing manifest file 'demo134.egg-info/SOURCES.txt'
[3.249s] running build_ext
[3.250s] Creating /home/robot/134code/src/install/demo134/lib/python3.10/site-packages/demo134.egg-link (link to .)
[3.262s] Installing demo134 script to /home/robot/134code/src/install/demo134/lib/demo134
[3.263s] 
[3.263s] Installed /home/robot/134code/src/build/demo134
[3.263s] running install_data
[3.263s] creating /home/robot/134code/src/install/demo134/share/ament_index
[3.263s] creating /home/robot/134code/src/install/demo134/share/ament_index/resource_index
[3.263s] creating /home/robot/134code/src/install/demo134/share/ament_index/resource_index/packages
[3.263s] copying resource/demo134 -> /home/robot/134code/src/install/demo134/share/ament_index/resource_index/packages
[3.264s] copying package.xml -> /home/robot/134code/src/install/demo134/share/demo134
[3.264s] creating /home/robot/134code/src/install/demo134/share/demo134/launch
[3.264s] copying launch/demo134.launch.py -> /home/robot/134code/src/install/demo134/share/demo134/launch
[3.813s] Invoked command in '/home/robot/134code/src/build/demo134' returned '0': PYTHONPATH=/home/robot/134code/src/build/demo134/prefix_override:/home/robot/134code/src/install/demo134/lib/python3.10/site-packages:${PYTHONPATH} /usr/bin/python3 setup.py develop --editable --build-directory /home/robot/134code/src/build/demo134/build --no-deps install_data
