[1.748s] Invoking command in '/home/robot/134code/robotws/build/basic134': PYTHONPATH=/home/robot/134code/robotws/build/basic134/prefix_override:/home/robot/134code/robotws/install/basic134/lib/python3.10/site-packages:${PYTHONPATH} /usr/bin/python3 setup.py develop --editable --build-directory /home/robot/134code/robotws/build/basic134/build --no-deps install_data
[2.049s] running develop
[2.049s] /usr/lib/python3/dist-packages/setuptools/command/easy_install.py:158: EasyInstallDeprecationWarning: easy_install command is deprecated. Use build and pip and other standards-based tools.
[2.049s]   warnings.warn(
[2.050s] /usr/lib/python3/dist-packages/setuptools/command/install.py:34: SetuptoolsDeprecationWarning: setup.py install is deprecated. Use build and pip and other standards-based tools.
[2.051s]   warnings.warn(
[2.266s] running egg_info
[2.266s] writing basic134.egg-info/PKG-INFO
[2.266s] writing dependency_links to basic134.egg-info/dependency_links.txt
[2.266s] writing entry points to basic134.egg-info/entry_points.txt
[2.267s] writing requirements to basic134.egg-info/requires.txt
[2.267s] writing top-level names to basic134.egg-info/top_level.txt
[2.268s] reading manifest file 'basic134.egg-info/SOURCES.txt'
[2.269s] writing manifest file 'basic134.egg-info/SOURCES.txt'
[2.270s] running build_ext
[2.271s] Creating /home/robot/134code/robotws/install/basic134/lib/python3.10/site-packages/basic134.egg-link (link to .)
[2.272s] Installing demo134 script to /home/robot/134code/robotws/install/basic134/lib/basic134
[2.272s] Installing receivepoint script to /home/robot/134code/robotws/install/basic134/lib/basic134
[2.272s] 
[2.272s] Installed /home/robot/134code/robotws/build/basic134
[2.272s] running install_data
[2.273s] copying urdf/threedofexample.urdf -> /home/robot/134code/robotws/install/basic134/share/basic134/urdf
[2.299s] Invoked command in '/home/robot/134code/robotws/build/basic134' returned '0': PYTHONPATH=/home/robot/134code/robotws/build/basic134/prefix_override:/home/robot/134code/robotws/install/basic134/lib/python3.10/site-packages:${PYTHONPATH} /usr/bin/python3 setup.py develop --editable --build-directory /home/robot/134code/robotws/build/basic134/build --no-deps install_data
