[1.700s] Invoking command in '/home/robot/134code/robotws/build/demo134': PYTHONPATH=/home/robot/134code/robotws/build/demo134/prefix_override:/home/robot/134code/robotws/install/demo134/lib/python3.10/site-packages:${PYTHONPATH} /usr/bin/python3 setup.py develop --editable --build-directory /home/robot/134code/robotws/build/demo134/build --no-deps install_data
[1.995s] running develop
[1.996s] /usr/lib/python3/dist-packages/setuptools/command/easy_install.py:158: EasyInstallDeprecationWarning: easy_install command is deprecated. Use build and pip and other standards-based tools.
[1.996s]   warnings.warn(
[1.997s] /usr/lib/python3/dist-packages/setuptools/command/install.py:34: SetuptoolsDeprecationWarning: setup.py install is deprecated. Use build and pip and other standards-based tools.
[1.997s]   warnings.warn(
[2.212s] running egg_info
[2.212s] writing demo134.egg-info/PKG-INFO
[2.212s] writing dependency_links to demo134.egg-info/dependency_links.txt
[2.213s] writing entry points to demo134.egg-info/entry_points.txt
[2.213s] writing requirements to demo134.egg-info/requires.txt
[2.213s] writing top-level names to demo134.egg-info/top_level.txt
[2.215s] reading manifest file 'demo134.egg-info/SOURCES.txt'
[2.216s] writing manifest file 'demo134.egg-info/SOURCES.txt'
[2.217s] running build_ext
[2.217s] Creating /home/robot/134code/robotws/install/demo134/lib/python3.10/site-packages/demo134.egg-link (link to .)
[2.218s] Installing demo134 script to /home/robot/134code/robotws/install/demo134/lib/demo134
[2.218s] 
[2.218s] Installed /home/robot/134code/robotws/build/demo134
[2.218s] running install_data
[2.247s] Invoked command in '/home/robot/134code/robotws/build/demo134' returned '0': PYTHONPATH=/home/robot/134code/robotws/build/demo134/prefix_override:/home/robot/134code/robotws/install/demo134/lib/python3.10/site-packages:${PYTHONPATH} /usr/bin/python3 setup.py develop --editable --build-directory /home/robot/134code/robotws/build/demo134/build --no-deps install_data
