[1.324s] Invoking command in '/home/robot/robotws/build/hebiros': PYTHONPATH=/home/robot/robotws/build/hebiros/prefix_override:/home/robot/robotws/install/hebiros/lib/python3.10/site-packages:${PYTHONPATH} /usr/bin/python3 setup.py develop --editable --build-directory /home/robot/robotws/build/hebiros/build --no-deps install_data
[1.798s] running develop
[1.798s] /usr/lib/python3/dist-packages/setuptools/command/easy_install.py:158: EasyInstallDeprecationWarning: easy_install command is deprecated. Use build and pip and other standards-based tools.
[1.798s]   warnings.warn(
[1.800s] /usr/lib/python3/dist-packages/setuptools/command/install.py:34: SetuptoolsDeprecationWarning: setup.py install is deprecated. Use build and pip and other standards-based tools.
[1.800s]   warnings.warn(
[2.161s] running egg_info
[2.161s] writing hebiros.egg-info/PKG-INFO
[2.161s] writing dependency_links to hebiros.egg-info/dependency_links.txt
[2.162s] writing entry points to hebiros.egg-info/entry_points.txt
[2.162s] writing requirements to hebiros.egg-info/requires.txt
[2.162s] writing top-level names to hebiros.egg-info/top_level.txt
[2.165s] reading manifest file 'hebiros.egg-info/SOURCES.txt'
[2.166s] writing manifest file 'hebiros.egg-info/SOURCES.txt'
[2.168s] running build_ext
[2.168s] Creating /home/robot/robotws/install/hebiros/lib/python3.10/site-packages/hebiros.egg-link (link to .)
[2.169s] Installing hebiforce script to /home/robot/robotws/install/hebiros/lib/hebiros
[2.170s] Installing hebinode script to /home/robot/robotws/install/hebiros/lib/hebiros
[2.170s] Installing hebiscan script to /home/robot/robotws/install/hebiros/lib/hebiros
[2.170s] Installing hebitune script to /home/robot/robotws/install/hebiros/lib/hebiros
[2.170s] Installing testsend script to /home/robot/robotws/install/hebiros/lib/hebiros
[2.170s] 
[2.170s] Installed /home/robot/robotws/build/hebiros
[2.171s] running install_data
[2.270s] Invoked command in '/home/robot/robotws/build/hebiros' returned '0': PYTHONPATH=/home/robot/robotws/build/hebiros/prefix_override:/home/robot/robotws/install/hebiros/lib/python3.10/site-packages:${PYTHONPATH} /usr/bin/python3 setup.py develop --editable --build-directory /home/robot/robotws/build/hebiros/build --no-deps install_data
