[2.268s] Invoking command in '/home/robot/134code/robotws/build/basic134': PYTHONPATH=/home/robot/134code/robotws/build/basic134/prefix_override:/home/robot/134code/robotws/install/basic134/lib/python3.10/site-packages:${PYTHONPATH} /usr/bin/python3 setup.py develop --editable --build-directory /home/robot/134code/robotws/build/basic134/build --no-deps install_data
[2.755s] running develop
[2.760s] /usr/lib/python3/dist-packages/setuptools/command/easy_install.py:158: EasyInstallDeprecationWarning: easy_install command is deprecated. Use build and pip and other standards-based tools.
[2.760s]   warnings.warn(
[2.760s] /usr/lib/python3/dist-packages/setuptools/command/install.py:34: SetuptoolsDeprecationWarning: setup.py install is deprecated. Use build and pip and other standards-based tools.
[2.760s]   warnings.warn(
[3.123s] running egg_info
[3.124s] writing basic134.egg-info/PKG-INFO
[3.124s] writing dependency_links to basic134.egg-info/dependency_links.txt
[3.124s] writing entry points to basic134.egg-info/entry_points.txt
[3.125s] writing requirements to basic134.egg-info/requires.txt
[3.125s] writing top-level names to basic134.egg-info/top_level.txt
[3.128s] reading manifest file 'basic134.egg-info/SOURCES.txt'
[3.130s] writing manifest file 'basic134.egg-info/SOURCES.txt'
[3.132s] running build_ext
[3.132s] Creating /home/robot/134code/robotws/install/basic134/lib/python3.10/site-packages/basic134.egg-link (link to .)
[3.134s] Installing demo134 script to /home/robot/134code/robotws/install/basic134/lib/basic134
[3.134s] Installing receivepoint script to /home/robot/134code/robotws/install/basic134/lib/basic134
[3.135s] 
[3.135s] Installed /home/robot/134code/robotws/build/basic134
[3.135s] running install_data
[3.136s] copying urdf/threedofexample.urdf -> /home/robot/134code/robotws/install/basic134/share/basic134/urdf
[3.175s] Invoked command in '/home/robot/134code/robotws/build/basic134' returned '0': PYTHONPATH=/home/robot/134code/robotws/build/basic134/prefix_override:/home/robot/134code/robotws/install/basic134/lib/python3.10/site-packages:${PYTHONPATH} /usr/bin/python3 setup.py develop --editable --build-directory /home/robot/134code/robotws/build/basic134/build --no-deps install_data
