[2.398s] Invoking command in '/home/robot/134code/build/demo134': PYTHONPATH=/home/robot/134code/build/demo134/prefix_override:/home/robot/134code/install/demo134/lib/python3.10/site-packages:${PYTHONPATH} /usr/bin/python3 setup.py develop --editable --build-directory /home/robot/134code/build/demo134/build --no-deps install_data
[2.906s] running develop
[2.908s] /usr/lib/python3/dist-packages/setuptools/command/easy_install.py:158: EasyInstallDeprecationWarning: easy_install command is deprecated. Use build and pip and other standards-based tools.
[2.908s]   warnings.warn(
[2.910s] /usr/lib/python3/dist-packages/setuptools/command/install.py:34: SetuptoolsDeprecationWarning: setup.py install is deprecated. Use build and pip and other standards-based tools.
[2.911s]   warnings.warn(
[3.235s] running egg_info
[3.235s] writing demo134.egg-info/PKG-INFO
[3.235s] writing dependency_links to demo134.egg-info/dependency_links.txt
[3.235s] writing entry points to demo134.egg-info/entry_points.txt
[3.235s] writing requirements to demo134.egg-info/requires.txt
[3.235s] writing top-level names to demo134.egg-info/top_level.txt
[3.235s] reading manifest file 'demo134.egg-info/SOURCES.txt'
[3.235s] writing manifest file 'demo134.egg-info/SOURCES.txt'
[3.235s] running build_ext
[3.235s] Creating /home/robot/134code/install/demo134/lib/python3.10/site-packages/demo134.egg-link (link to .)
[3.236s] Installing demo134 script to /home/robot/134code/install/demo134/lib/demo134
[3.236s] 
[3.236s] Installed /home/robot/134code/build/demo134
[3.236s] running install_data
[3.274s] Invoked command in '/home/robot/134code/build/demo134' returned '0': PYTHONPATH=/home/robot/134code/build/demo134/prefix_override:/home/robot/134code/install/demo134/lib/python3.10/site-packages:${PYTHONPATH} /usr/bin/python3 setup.py develop --editable --build-directory /home/robot/134code/build/demo134/build --no-deps install_data
