[1.248s] DEBUG:colcon:Command line arguments: ['/usr/bin/colcon', 'build', '--symlink-install']
[1.248s] DEBUG:colcon:Parsed command line arguments: Namespace(log_base=None, log_level=None, verb_name='build', build_base='build', install_base='install', merge_install=False, symlink_install=True, test_result_base=None, continue_on_error=False, executor='parallel', parallel_workers=4, event_handlers=None, ignore_user_meta=False, metas=['./colcon.meta'], base_paths=['.'], packages_ignore=None, packages_ignore_regex=None, paths=None, packages_up_to=None, packages_up_to_regex=None, packages_above=None, packages_above_and_dependencies=None, packages_above_depth=None, packages_select_by_dep=None, packages_skip_by_dep=None, packages_skip_up_to=None, packages_select_build_failed=False, packages_skip_build_finished=False, packages_select_test_failures=False, packages_skip_test_passed=False, packages_select=None, packages_skip=None, packages_select_regex=None, packages_skip_regex=None, packages_start=None, packages_end=None, allow_overriding=[], cmake_args=None, cmake_target=None, cmake_target_skip_unavailable=False, cmake_clean_cache=False, cmake_clean_first=False, cmake_force_configure=False, ament_cmake_args=None, catkin_cmake_args=None, catkin_skip_building_tests=False, verb_parser=<colcon_defaults.argument_parser.defaults.DefaultArgumentsDecorator object at 0x7f2daa8838e0>, verb_extension=<colcon_core.verb.build.BuildVerb object at 0x7f2daa882320>, main=<bound method BuildVerb.main of <colcon_core.verb.build.BuildVerb object at 0x7f2daa882320>>)
[1.302s] Level 1:colcon.colcon_core.package_discovery:discover_packages(colcon_meta) check parameters
[1.302s] Level 1:colcon.colcon_core.package_discovery:discover_packages(recursive) check parameters
[1.302s] Level 1:colcon.colcon_core.package_discovery:discover_packages(ignore) check parameters
[1.302s] Level 1:colcon.colcon_core.package_discovery:discover_packages(path) check parameters
[1.303s] Level 1:colcon.colcon_core.package_discovery:discover_packages(colcon_meta) discover
[1.303s] Level 1:colcon.colcon_core.package_discovery:discover_packages(recursive) discover
[1.303s] INFO:colcon.colcon_core.package_discovery:Crawling recursively for packages in '/home/robot/134code'
[1.303s] Level 1:colcon.colcon_core.package_identification:_identify(.) by extensions ['ignore', 'ignore_ament_install']
[1.303s] Level 1:colcon.colcon_core.package_identification:_identify(.) by extension 'ignore'
[1.303s] Level 1:colcon.colcon_core.package_identification:_identify(.) by extension 'ignore_ament_install'
[1.303s] Level 1:colcon.colcon_core.package_identification:_identify(.) by extensions ['colcon_pkg']
[1.303s] Level 1:colcon.colcon_core.package_identification:_identify(.) by extension 'colcon_pkg'
[1.303s] Level 1:colcon.colcon_core.package_identification:_identify(.) by extensions ['colcon_meta']
[1.303s] Level 1:colcon.colcon_core.package_identification:_identify(.) by extension 'colcon_meta'
[1.303s] Level 1:colcon.colcon_core.package_identification:_identify(.) by extensions ['ros']
[1.303s] Level 1:colcon.colcon_core.package_identification:_identify(.) by extension 'ros'
[1.315s] Level 1:colcon.colcon_core.package_identification:_identify(.) by extensions ['cmake', 'python']
[1.315s] Level 1:colcon.colcon_core.package_identification:_identify(.) by extension 'cmake'
[1.315s] Level 1:colcon.colcon_core.package_identification:_identify(.) by extension 'python'
[1.315s] Level 1:colcon.colcon_core.package_identification:_identify(.) by extensions ['python_setup_py']
[1.315s] Level 1:colcon.colcon_core.package_identification:_identify(.) by extension 'python_setup_py'
[1.315s] Level 1:colcon.colcon_core.package_identification:_identify(build) by extensions ['ignore', 'ignore_ament_install']
[1.315s] Level 1:colcon.colcon_core.package_identification:_identify(build) by extension 'ignore'
[1.315s] Level 1:colcon.colcon_core.package_identification:_identify(build) ignored
[1.315s] Level 1:colcon.colcon_core.package_identification:_identify(install) by extensions ['ignore', 'ignore_ament_install']
[1.316s] Level 1:colcon.colcon_core.package_identification:_identify(install) by extension 'ignore'
[1.316s] Level 1:colcon.colcon_core.package_identification:_identify(install) ignored
[1.316s] Level 1:colcon.colcon_core.package_identification:_identify(log) by extensions ['ignore', 'ignore_ament_install']
[1.316s] Level 1:colcon.colcon_core.package_identification:_identify(log) by extension 'ignore'
[1.316s] Level 1:colcon.colcon_core.package_identification:_identify(log) ignored
[1.316s] Level 1:colcon.colcon_core.package_identification:_identify(src) by extensions ['ignore', 'ignore_ament_install']
[1.316s] Level 1:colcon.colcon_core.package_identification:_identify(src) by extension 'ignore'
[1.316s] Level 1:colcon.colcon_core.package_identification:_identify(src) by extension 'ignore_ament_install'
[1.316s] Level 1:colcon.colcon_core.package_identification:_identify(src) by extensions ['colcon_pkg']
[1.316s] Level 1:colcon.colcon_core.package_identification:_identify(src) by extension 'colcon_pkg'
[1.316s] Level 1:colcon.colcon_core.package_identification:_identify(src) by extensions ['colcon_meta']
[1.317s] Level 1:colcon.colcon_core.package_identification:_identify(src) by extension 'colcon_meta'
[1.317s] Level 1:colcon.colcon_core.package_identification:_identify(src) by extensions ['ros']
[1.317s] Level 1:colcon.colcon_core.package_identification:_identify(src) by extension 'ros'
[1.317s] Level 1:colcon.colcon_core.package_identification:_identify(src) by extensions ['cmake', 'python']
[1.317s] Level 1:colcon.colcon_core.package_identification:_identify(src) by extension 'cmake'
[1.317s] Level 1:colcon.colcon_core.package_identification:_identify(src) by extension 'python'
[1.317s] Level 1:colcon.colcon_core.package_identification:_identify(src) by extensions ['python_setup_py']
[1.317s] Level 1:colcon.colcon_core.package_identification:_identify(src) by extension 'python_setup_py'
[1.317s] Level 1:colcon.colcon_core.package_identification:_identify(src/basic134) by extensions ['ignore', 'ignore_ament_install']
[1.317s] Level 1:colcon.colcon_core.package_identification:_identify(src/basic134) by extension 'ignore'
[1.317s] Level 1:colcon.colcon_core.package_identification:_identify(src/basic134) by extension 'ignore_ament_install'
[1.317s] Level 1:colcon.colcon_core.package_identification:_identify(src/basic134) by extensions ['colcon_pkg']
[1.317s] Level 1:colcon.colcon_core.package_identification:_identify(src/basic134) by extension 'colcon_pkg'
[1.318s] Level 1:colcon.colcon_core.package_identification:_identify(src/basic134) by extensions ['colcon_meta']
[1.318s] Level 1:colcon.colcon_core.package_identification:_identify(src/basic134) by extension 'colcon_meta'
[1.318s] Level 1:colcon.colcon_core.package_identification:_identify(src/basic134) by extensions ['ros']
[1.318s] Level 1:colcon.colcon_core.package_identification:_identify(src/basic134) by extension 'ros'
[1.321s] DEBUG:colcon.colcon_core.package_identification:Package 'src/basic134' with type 'ros.ament_python' and name 'basic134'
[1.322s] Level 1:colcon.colcon_core.package_identification:_identify(src/build) by extensions ['ignore', 'ignore_ament_install']
[1.322s] Level 1:colcon.colcon_core.package_identification:_identify(src/build) by extension 'ignore'
[1.322s] Level 1:colcon.colcon_core.package_identification:_identify(src/build) ignored
[1.322s] Level 1:colcon.colcon_core.package_identification:_identify(src/demo134) by extensions ['ignore', 'ignore_ament_install']
[1.322s] Level 1:colcon.colcon_core.package_identification:_identify(src/demo134) by extension 'ignore'
[1.322s] Level 1:colcon.colcon_core.package_identification:_identify(src/demo134) by extension 'ignore_ament_install'
[1.322s] Level 1:colcon.colcon_core.package_identification:_identify(src/demo134) by extensions ['colcon_pkg']
[1.322s] Level 1:colcon.colcon_core.package_identification:_identify(src/demo134) by extension 'colcon_pkg'
[1.322s] Level 1:colcon.colcon_core.package_identification:_identify(src/demo134) by extensions ['colcon_meta']
[1.322s] Level 1:colcon.colcon_core.package_identification:_identify(src/demo134) by extension 'colcon_meta'
[1.322s] Level 1:colcon.colcon_core.package_identification:_identify(src/demo134) by extensions ['ros']
[1.322s] Level 1:colcon.colcon_core.package_identification:_identify(src/demo134) by extension 'ros'
[1.323s] Level 1:colcon.colcon_core.package_identification:_identify(src/demo134) by extensions ['cmake', 'python']
[1.323s] Level 1:colcon.colcon_core.package_identification:_identify(src/demo134) by extension 'cmake'
[1.323s] Level 1:colcon.colcon_core.package_identification:_identify(src/demo134) by extension 'python'
[1.323s] Level 1:colcon.colcon_core.package_identification:_identify(src/demo134) by extensions ['python_setup_py']
[1.323s] Level 1:colcon.colcon_core.package_identification:_identify(src/demo134) by extension 'python_setup_py'
[1.323s] Level 1:colcon.colcon_core.package_identification:_identify(src/demo134/demo134) by extensions ['ignore', 'ignore_ament_install']
[1.323s] Level 1:colcon.colcon_core.package_identification:_identify(src/demo134/demo134) by extension 'ignore'
[1.323s] Level 1:colcon.colcon_core.package_identification:_identify(src/demo134/demo134) by extension 'ignore_ament_install'
[1.323s] Level 1:colcon.colcon_core.package_identification:_identify(src/demo134/demo134) by extensions ['colcon_pkg']
[1.323s] Level 1:colcon.colcon_core.package_identification:_identify(src/demo134/demo134) by extension 'colcon_pkg'
[1.323s] Level 1:colcon.colcon_core.package_identification:_identify(src/demo134/demo134) by extensions ['colcon_meta']
[1.323s] Level 1:colcon.colcon_core.package_identification:_identify(src/demo134/demo134) by extension 'colcon_meta'
[1.323s] Level 1:colcon.colcon_core.package_identification:_identify(src/demo134/demo134) by extensions ['ros']
[1.324s] Level 1:colcon.colcon_core.package_identification:_identify(src/demo134/demo134) by extension 'ros'
[1.325s] DEBUG:colcon.colcon_core.package_identification:Package 'src/demo134/demo134' with type 'ros.ament_python' and name 'demo134'
[1.325s] Level 1:colcon.colcon_core.package_identification:_identify(src/detectors) by extensions ['ignore', 'ignore_ament_install']
[1.325s] Level 1:colcon.colcon_core.package_identification:_identify(src/detectors) by extension 'ignore'
[1.325s] Level 1:colcon.colcon_core.package_identification:_identify(src/detectors) by extension 'ignore_ament_install'
[1.325s] Level 1:colcon.colcon_core.package_identification:_identify(src/detectors) by extensions ['colcon_pkg']
[1.325s] Level 1:colcon.colcon_core.package_identification:_identify(src/detectors) by extension 'colcon_pkg'
[1.325s] Level 1:colcon.colcon_core.package_identification:_identify(src/detectors) by extensions ['colcon_meta']
[1.325s] Level 1:colcon.colcon_core.package_identification:_identify(src/detectors) by extension 'colcon_meta'
[1.326s] Level 1:colcon.colcon_core.package_identification:_identify(src/detectors) by extensions ['ros']
[1.326s] Level 1:colcon.colcon_core.package_identification:_identify(src/detectors) by extension 'ros'
[1.326s] DEBUG:colcon.colcon_core.package_identification:Package 'src/detectors' with type 'ros.ament_python' and name 'detectors'
[1.327s] Level 1:colcon.colcon_core.package_identification:_identify(src/hebiros) by extensions ['ignore', 'ignore_ament_install']
[1.327s] Level 1:colcon.colcon_core.package_identification:_identify(src/hebiros) by extension 'ignore'
[1.327s] Level 1:colcon.colcon_core.package_identification:_identify(src/hebiros) by extension 'ignore_ament_install'
[1.327s] Level 1:colcon.colcon_core.package_identification:_identify(src/hebiros) by extensions ['colcon_pkg']
[1.327s] Level 1:colcon.colcon_core.package_identification:_identify(src/hebiros) by extension 'colcon_pkg'
[1.327s] Level 1:colcon.colcon_core.package_identification:_identify(src/hebiros) by extensions ['colcon_meta']
[1.327s] Level 1:colcon.colcon_core.package_identification:_identify(src/hebiros) by extension 'colcon_meta'
[1.327s] Level 1:colcon.colcon_core.package_identification:_identify(src/hebiros) by extensions ['ros']
[1.327s] Level 1:colcon.colcon_core.package_identification:_identify(src/hebiros) by extension 'ros'
[1.327s] Level 1:colcon.colcon_core.package_identification:_identify(src/hebiros) by extensions ['cmake', 'python']
[1.327s] Level 1:colcon.colcon_core.package_identification:_identify(src/hebiros) by extension 'cmake'
[1.327s] Level 1:colcon.colcon_core.package_identification:_identify(src/hebiros) by extension 'python'
[1.328s] Level 1:colcon.colcon_core.package_identification:_identify(src/hebiros) by extensions ['python_setup_py']
[1.328s] Level 1:colcon.colcon_core.package_identification:_identify(src/hebiros) by extension 'python_setup_py'
[1.328s] Level 1:colcon.colcon_core.package_identification:_identify(src/hebiros/hebiros) by extensions ['ignore', 'ignore_ament_install']
[1.328s] Level 1:colcon.colcon_core.package_identification:_identify(src/hebiros/hebiros) by extension 'ignore'
[1.328s] Level 1:colcon.colcon_core.package_identification:_identify(src/hebiros/hebiros) by extension 'ignore_ament_install'
[1.328s] Level 1:colcon.colcon_core.package_identification:_identify(src/hebiros/hebiros) by extensions ['colcon_pkg']
[1.328s] Level 1:colcon.colcon_core.package_identification:_identify(src/hebiros/hebiros) by extension 'colcon_pkg'
[1.328s] Level 1:colcon.colcon_core.package_identification:_identify(src/hebiros/hebiros) by extensions ['colcon_meta']
[1.328s] Level 1:colcon.colcon_core.package_identification:_identify(src/hebiros/hebiros) by extension 'colcon_meta'
[1.328s] Level 1:colcon.colcon_core.package_identification:_identify(src/hebiros/hebiros) by extensions ['ros']
[1.328s] Level 1:colcon.colcon_core.package_identification:_identify(src/hebiros/hebiros) by extension 'ros'
[1.329s] DEBUG:colcon.colcon_core.package_identification:Package 'src/hebiros/hebiros' with type 'ros.ament_python' and name 'hebiros'
[1.330s] Level 1:colcon.colcon_core.package_identification:_identify(src/install) by extensions ['ignore', 'ignore_ament_install']
[1.330s] Level 1:colcon.colcon_core.package_identification:_identify(src/install) by extension 'ignore'
[1.330s] Level 1:colcon.colcon_core.package_identification:_identify(src/install) ignored
[1.330s] Level 1:colcon.colcon_core.package_identification:_identify(src/log) by extensions ['ignore', 'ignore_ament_install']
[1.330s] Level 1:colcon.colcon_core.package_identification:_identify(src/log) by extension 'ignore'
[1.330s] Level 1:colcon.colcon_core.package_identification:_identify(src/log) ignored
[1.330s] Level 1:colcon.colcon_core.package_identification:_identify(src/usb_cam) by extensions ['ignore', 'ignore_ament_install']
[1.330s] Level 1:colcon.colcon_core.package_identification:_identify(src/usb_cam) by extension 'ignore'
[1.330s] Level 1:colcon.colcon_core.package_identification:_identify(src/usb_cam) by extension 'ignore_ament_install'
[1.330s] Level 1:colcon.colcon_core.package_identification:_identify(src/usb_cam) by extensions ['colcon_pkg']
[1.331s] Level 1:colcon.colcon_core.package_identification:_identify(src/usb_cam) by extension 'colcon_pkg'
[1.331s] Level 1:colcon.colcon_core.package_identification:_identify(src/usb_cam) by extensions ['colcon_meta']
[1.331s] Level 1:colcon.colcon_core.package_identification:_identify(src/usb_cam) by extension 'colcon_meta'
[1.331s] Level 1:colcon.colcon_core.package_identification:_identify(src/usb_cam) by extensions ['ros']
[1.331s] Level 1:colcon.colcon_core.package_identification:_identify(src/usb_cam) by extension 'ros'
[1.339s] DEBUG:colcon.colcon_core.package_identification:Package 'src/usb_cam' with type 'ros.ament_cmake' and name 'usb_cam'
[1.339s] Level 1:colcon.colcon_core.package_discovery:discover_packages(recursive) using defaults
[1.339s] Level 1:colcon.colcon_core.package_discovery:discover_packages(ignore) discover
[1.339s] Level 1:colcon.colcon_core.package_discovery:discover_packages(ignore) using defaults
[1.339s] Level 1:colcon.colcon_core.package_discovery:discover_packages(path) discover
[1.339s] Level 1:colcon.colcon_core.package_discovery:discover_packages(path) using defaults
[1.463s] Level 1:colcon.colcon_core.package_discovery:discover_packages(prefix_path) check parameters
[1.463s] Level 1:colcon.colcon_core.package_discovery:discover_packages(prefix_path) discover
[1.505s] DEBUG:colcon.colcon_installed_package_information.package_discovery:Found 5 installed packages in /home/robot/134code/install
[1.524s] DEBUG:colcon.colcon_installed_package_information.package_discovery:Found 3 installed packages in /home/robot/robotws/install
[1.545s] DEBUG:colcon.colcon_installed_package_information.package_discovery:Found 3 installed packages in /home/robot/install
[1.567s] DEBUG:colcon.colcon_installed_package_information.package_discovery:Found 417 installed packages in /opt/ros/humble
[1.569s] Level 1:colcon.colcon_core.package_discovery:discover_packages(prefix_path) using defaults
[1.685s] Level 5:colcon.colcon_core.verb:set package 'basic134' build argument 'cmake_args' from command line to 'None'
[1.685s] Level 5:colcon.colcon_core.verb:set package 'basic134' build argument 'cmake_target' from command line to 'None'
[1.685s] Level 5:colcon.colcon_core.verb:set package 'basic134' build argument 'cmake_target_skip_unavailable' from command line to 'False'
[1.685s] Level 5:colcon.colcon_core.verb:set package 'basic134' build argument 'cmake_clean_cache' from command line to 'False'
[1.685s] Level 5:colcon.colcon_core.verb:set package 'basic134' build argument 'cmake_clean_first' from command line to 'False'
[1.685s] Level 5:colcon.colcon_core.verb:set package 'basic134' build argument 'cmake_force_configure' from command line to 'False'
[1.685s] Level 5:colcon.colcon_core.verb:set package 'basic134' build argument 'ament_cmake_args' from command line to 'None'
[1.685s] Level 5:colcon.colcon_core.verb:set package 'basic134' build argument 'catkin_cmake_args' from command line to 'None'
[1.685s] Level 5:colcon.colcon_core.verb:set package 'basic134' build argument 'catkin_skip_building_tests' from command line to 'False'
[1.685s] DEBUG:colcon.colcon_core.verb:Building package 'basic134' with the following arguments: {'ament_cmake_args': None, 'build_base': '/home/robot/134code/build/basic134', 'catkin_cmake_args': None, 'catkin_skip_building_tests': False, 'cmake_args': None, 'cmake_clean_cache': False, 'cmake_clean_first': False, 'cmake_force_configure': False, 'cmake_target': None, 'cmake_target_skip_unavailable': False, 'install_base': '/home/robot/134code/install/basic134', 'merge_install': False, 'path': '/home/robot/134code/src/basic134', 'symlink_install': True, 'test_result_base': None}
[1.705s] Level 5:colcon.colcon_core.verb:set package 'demo134' build argument 'cmake_args' from command line to 'None'
[1.705s] Level 5:colcon.colcon_core.verb:set package 'demo134' build argument 'cmake_target' from command line to 'None'
[1.705s] Level 5:colcon.colcon_core.verb:set package 'demo134' build argument 'cmake_target_skip_unavailable' from command line to 'False'
[1.705s] Level 5:colcon.colcon_core.verb:set package 'demo134' build argument 'cmake_clean_cache' from command line to 'False'
[1.705s] Level 5:colcon.colcon_core.verb:set package 'demo134' build argument 'cmake_clean_first' from command line to 'False'
[1.705s] Level 5:colcon.colcon_core.verb:set package 'demo134' build argument 'cmake_force_configure' from command line to 'False'
[1.705s] Level 5:colcon.colcon_core.verb:set package 'demo134' build argument 'ament_cmake_args' from command line to 'None'
[1.705s] Level 5:colcon.colcon_core.verb:set package 'demo134' build argument 'catkin_cmake_args' from command line to 'None'
[1.705s] Level 5:colcon.colcon_core.verb:set package 'demo134' build argument 'catkin_skip_building_tests' from command line to 'False'
[1.705s] DEBUG:colcon.colcon_core.verb:Building package 'demo134' with the following arguments: {'ament_cmake_args': None, 'build_base': '/home/robot/134code/build/demo134', 'catkin_cmake_args': None, 'catkin_skip_building_tests': False, 'cmake_args': None, 'cmake_clean_cache': False, 'cmake_clean_first': False, 'cmake_force_configure': False, 'cmake_target': None, 'cmake_target_skip_unavailable': False, 'install_base': '/home/robot/134code/install/demo134', 'merge_install': False, 'path': '/home/robot/134code/src/demo134/demo134', 'symlink_install': True, 'test_result_base': None}
[1.724s] Level 5:colcon.colcon_core.verb:set package 'hebiros' build argument 'cmake_args' from command line to 'None'
[1.725s] Level 5:colcon.colcon_core.verb:set package 'hebiros' build argument 'cmake_target' from command line to 'None'
[1.725s] Level 5:colcon.colcon_core.verb:set package 'hebiros' build argument 'cmake_target_skip_unavailable' from command line to 'False'
[1.725s] Level 5:colcon.colcon_core.verb:set package 'hebiros' build argument 'cmake_clean_cache' from command line to 'False'
[1.725s] Level 5:colcon.colcon_core.verb:set package 'hebiros' build argument 'cmake_clean_first' from command line to 'False'
[1.725s] Level 5:colcon.colcon_core.verb:set package 'hebiros' build argument 'cmake_force_configure' from command line to 'False'
[1.725s] Level 5:colcon.colcon_core.verb:set package 'hebiros' build argument 'ament_cmake_args' from command line to 'None'
[1.725s] Level 5:colcon.colcon_core.verb:set package 'hebiros' build argument 'catkin_cmake_args' from command line to 'None'
[1.725s] Level 5:colcon.colcon_core.verb:set package 'hebiros' build argument 'catkin_skip_building_tests' from command line to 'False'
[1.725s] DEBUG:colcon.colcon_core.verb:Building package 'hebiros' with the following arguments: {'ament_cmake_args': None, 'build_base': '/home/robot/134code/build/hebiros', 'catkin_cmake_args': None, 'catkin_skip_building_tests': False, 'cmake_args': None, 'cmake_clean_cache': False, 'cmake_clean_first': False, 'cmake_force_configure': False, 'cmake_target': None, 'cmake_target_skip_unavailable': False, 'install_base': '/home/robot/134code/install/hebiros', 'merge_install': False, 'path': '/home/robot/134code/src/hebiros/hebiros', 'symlink_install': True, 'test_result_base': None}
[1.745s] Level 5:colcon.colcon_core.verb:set package 'usb_cam' build argument 'cmake_args' from command line to 'None'
[1.745s] Level 5:colcon.colcon_core.verb:set package 'usb_cam' build argument 'cmake_target' from command line to 'None'
[1.745s] Level 5:colcon.colcon_core.verb:set package 'usb_cam' build argument 'cmake_target_skip_unavailable' from command line to 'False'
[1.745s] Level 5:colcon.colcon_core.verb:set package 'usb_cam' build argument 'cmake_clean_cache' from command line to 'False'
[1.745s] Level 5:colcon.colcon_core.verb:set package 'usb_cam' build argument 'cmake_clean_first' from command line to 'False'
[1.745s] Level 5:colcon.colcon_core.verb:set package 'usb_cam' build argument 'cmake_force_configure' from command line to 'False'
[1.745s] Level 5:colcon.colcon_core.verb:set package 'usb_cam' build argument 'ament_cmake_args' from command line to 'None'
[1.745s] Level 5:colcon.colcon_core.verb:set package 'usb_cam' build argument 'catkin_cmake_args' from command line to 'None'
[1.745s] Level 5:colcon.colcon_core.verb:set package 'usb_cam' build argument 'catkin_skip_building_tests' from command line to 'False'
[1.745s] DEBUG:colcon.colcon_core.verb:Building package 'usb_cam' with the following arguments: {'ament_cmake_args': None, 'build_base': '/home/robot/134code/build/usb_cam', 'catkin_cmake_args': None, 'catkin_skip_building_tests': False, 'cmake_args': None, 'cmake_clean_cache': False, 'cmake_clean_first': False, 'cmake_force_configure': False, 'cmake_target': None, 'cmake_target_skip_unavailable': False, 'install_base': '/home/robot/134code/install/usb_cam', 'merge_install': False, 'path': '/home/robot/134code/src/usb_cam', 'symlink_install': True, 'test_result_base': None}
[1.764s] Level 5:colcon.colcon_core.verb:set package 'detectors' build argument 'cmake_args' from command line to 'None'
[1.764s] Level 5:colcon.colcon_core.verb:set package 'detectors' build argument 'cmake_target' from command line to 'None'
[1.764s] Level 5:colcon.colcon_core.verb:set package 'detectors' build argument 'cmake_target_skip_unavailable' from command line to 'False'
[1.764s] Level 5:colcon.colcon_core.verb:set package 'detectors' build argument 'cmake_clean_cache' from command line to 'False'
[1.765s] Level 5:colcon.colcon_core.verb:set package 'detectors' build argument 'cmake_clean_first' from command line to 'False'
[1.765s] Level 5:colcon.colcon_core.verb:set package 'detectors' build argument 'cmake_force_configure' from command line to 'False'
[1.765s] Level 5:colcon.colcon_core.verb:set package 'detectors' build argument 'ament_cmake_args' from command line to 'None'
[1.765s] Level 5:colcon.colcon_core.verb:set package 'detectors' build argument 'catkin_cmake_args' from command line to 'None'
[1.765s] Level 5:colcon.colcon_core.verb:set package 'detectors' build argument 'catkin_skip_building_tests' from command line to 'False'
[1.765s] DEBUG:colcon.colcon_core.verb:Building package 'detectors' with the following arguments: {'ament_cmake_args': None, 'build_base': '/home/robot/134code/build/detectors', 'catkin_cmake_args': None, 'catkin_skip_building_tests': False, 'cmake_args': None, 'cmake_clean_cache': False, 'cmake_clean_first': False, 'cmake_force_configure': False, 'cmake_target': None, 'cmake_target_skip_unavailable': False, 'install_base': '/home/robot/134code/install/detectors', 'merge_install': False, 'path': '/home/robot/134code/src/detectors', 'symlink_install': True, 'test_result_base': None}
[1.784s] INFO:colcon.colcon_core.executor:Executing jobs using 'parallel' executor
[1.804s] DEBUG:colcon.colcon_parallel_executor.executor.parallel:run_until_complete
[1.804s] INFO:colcon.colcon_ros.task.ament_cmake.build:Building ROS package in '/home/robot/134code/src/usb_cam' with build type 'ament_cmake'
[1.804s] INFO:colcon.colcon_cmake.task.cmake.build:Building CMake package in '/home/robot/134code/src/usb_cam'
[1.827s] INFO:colcon.colcon_core.plugin_system:Skipping extension 'colcon_core.shell.bat': Not used on non-Windows systems
[1.828s] INFO:colcon.colcon_core.shell:Skip shell extension 'powershell' for command environment: Not usable outside of PowerShell
[1.828s] DEBUG:colcon.colcon_core.shell:Skip shell extension 'dsv' for command environment
[1.929s] INFO:colcon.colcon_ros.task.ament_python.build:Building ROS package in '/home/robot/134code/src/basic134' with build type 'ament_python'
[1.929s] Level 1:colcon.colcon_core.shell:create_environment_hook('basic134', 'ament_prefix_path')
[1.951s] INFO:colcon.colcon_core.shell:Creating environment hook '/home/robot/134code/install/basic134/share/basic134/hook/ament_prefix_path.ps1'
[1.952s] INFO:colcon.colcon_core.shell:Creating environment descriptor '/home/robot/134code/install/basic134/share/basic134/hook/ament_prefix_path.dsv'
[1.952s] INFO:colcon.colcon_core.shell:Creating environment hook '/home/robot/134code/install/basic134/share/basic134/hook/ament_prefix_path.sh'
[1.975s] INFO:colcon.colcon_core.shell:Skip shell extension 'powershell' for command environment: Not usable outside of PowerShell
[1.975s] DEBUG:colcon.colcon_core.shell:Skip shell extension 'dsv' for command environment
[2.082s] INFO:colcon.colcon_ros.task.ament_python.build:Building ROS package in '/home/robot/134code/src/demo134/demo134' with build type 'ament_python'
[2.082s] Level 1:colcon.colcon_core.shell:create_environment_hook('demo134', 'ament_prefix_path')
[2.104s] INFO:colcon.colcon_core.shell:Creating environment hook '/home/robot/134code/install/demo134/share/demo134/hook/ament_prefix_path.ps1'
[2.105s] INFO:colcon.colcon_core.shell:Creating environment descriptor '/home/robot/134code/install/demo134/share/demo134/hook/ament_prefix_path.dsv'
[2.105s] INFO:colcon.colcon_core.shell:Creating environment hook '/home/robot/134code/install/demo134/share/demo134/hook/ament_prefix_path.sh'
[2.128s] INFO:colcon.colcon_core.shell:Skip shell extension 'powershell' for command environment: Not usable outside of PowerShell
[2.128s] DEBUG:colcon.colcon_core.shell:Skip shell extension 'dsv' for command environment
[2.226s] INFO:colcon.colcon_ros.task.ament_python.build:Building ROS package in '/home/robot/134code/src/hebiros/hebiros' with build type 'ament_python'
[2.226s] Level 1:colcon.colcon_core.shell:create_environment_hook('hebiros', 'ament_prefix_path')
[2.250s] INFO:colcon.colcon_core.shell:Creating environment hook '/home/robot/134code/install/hebiros/share/hebiros/hook/ament_prefix_path.ps1'
[2.251s] INFO:colcon.colcon_core.shell:Creating environment descriptor '/home/robot/134code/install/hebiros/share/hebiros/hook/ament_prefix_path.dsv'
[2.251s] INFO:colcon.colcon_core.shell:Creating environment hook '/home/robot/134code/install/hebiros/share/hebiros/hook/ament_prefix_path.sh'
[2.271s] INFO:colcon.colcon_core.shell:Skip shell extension 'powershell' for command environment: Not usable outside of PowerShell
[2.271s] DEBUG:colcon.colcon_core.shell:Skip shell extension 'dsv' for command environment
[2.383s] DEBUG:colcon.colcon_core.event_handler.log_command:Invoking command in '/home/robot/134code/build/usb_cam': CMAKE_PREFIX_PATH=${CMAKE_PREFIX_PATH}:/home/robot/134code/install/detectors:/home/robot/134code/install/hebiros:/home/robot/134code/install/demo134:/home/robot/134code/install/basic134:/home/robot/robotws/install/hebiros:/home/robot/robotws/install/demo134:/home/robot/robotws/install/basic134:/home/robot/install/hebiros:/home/robot/install/demo134:/home/robot/install/basic134:/opt/ros/humble /usr/bin/cmake --build /home/robot/134code/build/usb_cam -- -j4 -l4
[2.728s] INFO:colcon.colcon_core.task.python.build:Building Python package in '/home/robot/134code/src/basic134'
[2.750s] INFO:colcon.colcon_core.shell:Skip shell extension 'powershell' for command environment: Not usable outside of PowerShell
[2.751s] DEBUG:colcon.colcon_core.shell:Skip shell extension 'dsv' for command environment
[3.163s] INFO:colcon.colcon_core.task.python.build:Building Python package in '/home/robot/134code/src/demo134/demo134'
[3.181s] INFO:colcon.colcon_core.shell:Skip shell extension 'powershell' for command environment: Not usable outside of PowerShell
[3.181s] DEBUG:colcon.colcon_core.shell:Skip shell extension 'dsv' for command environment
[3.593s] INFO:colcon.colcon_core.task.python.build:Building Python package in '/home/robot/134code/src/hebiros/hebiros'
[3.612s] INFO:colcon.colcon_core.shell:Skip shell extension 'powershell' for command environment: Not usable outside of PowerShell
[3.612s] DEBUG:colcon.colcon_core.shell:Skip shell extension 'dsv' for command environment
[3.714s] DEBUG:colcon.colcon_core.event_handler.log_command:Invoked command in '/home/robot/134code/build/usb_cam' returned '0': CMAKE_PREFIX_PATH=${CMAKE_PREFIX_PATH}:/home/robot/134code/install/detectors:/home/robot/134code/install/hebiros:/home/robot/134code/install/demo134:/home/robot/134code/install/basic134:/home/robot/robotws/install/hebiros:/home/robot/robotws/install/demo134:/home/robot/robotws/install/basic134:/home/robot/install/hebiros:/home/robot/install/demo134:/home/robot/install/basic134:/opt/ros/humble /usr/bin/cmake --build /home/robot/134code/build/usb_cam -- -j4 -l4
[3.798s] DEBUG:colcon.colcon_core.event_handler.log_command:Invoking command in '/home/robot/134code/build/usb_cam': CMAKE_PREFIX_PATH=${CMAKE_PREFIX_PATH}:/home/robot/134code/install/detectors:/home/robot/134code/install/hebiros:/home/robot/134code/install/demo134:/home/robot/134code/install/basic134:/home/robot/robotws/install/hebiros:/home/robot/robotws/install/demo134:/home/robot/robotws/install/basic134:/home/robot/install/hebiros:/home/robot/install/demo134:/home/robot/install/basic134:/opt/ros/humble /usr/bin/cmake --install /home/robot/134code/build/usb_cam
[3.833s] Level 1:colcon.colcon_core.environment:create_environment_scripts_only(usb_cam)
[3.835s] DEBUG:colcon.colcon_core.event_handler.log_command:Invoked command in '/home/robot/134code/build/usb_cam' returned '0': CMAKE_PREFIX_PATH=${CMAKE_PREFIX_PATH}:/home/robot/134code/install/detectors:/home/robot/134code/install/hebiros:/home/robot/134code/install/demo134:/home/robot/134code/install/basic134:/home/robot/robotws/install/hebiros:/home/robot/robotws/install/demo134:/home/robot/robotws/install/basic134:/home/robot/install/hebiros:/home/robot/install/demo134:/home/robot/install/basic134:/opt/ros/humble /usr/bin/cmake --install /home/robot/134code/build/usb_cam
[3.884s] Level 1:colcon.colcon_core.environment:checking '/home/robot/134code/install/usb_cam' for CMake module files
[3.885s] Level 1:colcon.colcon_core.environment:checking '/home/robot/134code/install/usb_cam' for CMake config files
[3.886s] Level 1:colcon.colcon_core.shell:create_environment_hook('usb_cam', 'cmake_prefix_path')
[3.921s] INFO:colcon.colcon_core.shell:Creating environment hook '/home/robot/134code/install/usb_cam/share/usb_cam/hook/cmake_prefix_path.ps1'
[3.922s] INFO:colcon.colcon_core.shell:Creating environment descriptor '/home/robot/134code/install/usb_cam/share/usb_cam/hook/cmake_prefix_path.dsv'
[3.923s] INFO:colcon.colcon_core.shell:Creating environment hook '/home/robot/134code/install/usb_cam/share/usb_cam/hook/cmake_prefix_path.sh'
[3.925s] Level 1:colcon.colcon_core.environment:checking '/home/robot/134code/install/usb_cam/lib'
[3.925s] Level 1:colcon.colcon_core.shell:create_environment_hook('usb_cam', 'ld_library_path_lib')
[3.958s] INFO:colcon.colcon_core.shell:Creating environment hook '/home/robot/134code/install/usb_cam/share/usb_cam/hook/ld_library_path_lib.ps1'
[3.960s] INFO:colcon.colcon_core.shell:Creating environment descriptor '/home/robot/134code/install/usb_cam/share/usb_cam/hook/ld_library_path_lib.dsv'
[3.961s] INFO:colcon.colcon_core.shell:Creating environment hook '/home/robot/134code/install/usb_cam/share/usb_cam/hook/ld_library_path_lib.sh'
[3.962s] Level 1:colcon.colcon_core.environment:checking '/home/robot/134code/install/usb_cam/bin'
[3.962s] Level 1:colcon.colcon_core.environment:checking '/home/robot/134code/install/usb_cam/lib/pkgconfig/usb_cam.pc'
[3.963s] Level 1:colcon.colcon_core.environment:checking '/home/robot/134code/install/usb_cam/lib/python3.10/site-packages'
[3.963s] Level 1:colcon.colcon_core.environment:checking '/home/robot/134code/install/usb_cam/bin'
[3.999s] INFO:colcon.colcon_core.shell:Creating package script '/home/robot/134code/install/usb_cam/share/usb_cam/package.ps1'
[4.001s] INFO:colcon.colcon_core.shell:Creating package descriptor '/home/robot/134code/install/usb_cam/share/usb_cam/package.dsv'
[4.002s] INFO:colcon.colcon_core.shell:Creating package script '/home/robot/134code/install/usb_cam/share/usb_cam/package.sh'
[4.004s] INFO:colcon.colcon_core.shell:Creating package script '/home/robot/134code/install/usb_cam/share/usb_cam/package.bash'
[4.005s] INFO:colcon.colcon_core.shell:Creating package script '/home/robot/134code/install/usb_cam/share/usb_cam/package.zsh'
[4.007s] Level 1:colcon.colcon_core.environment:create_file_with_runtime_dependencies(/home/robot/134code/install/usb_cam/share/colcon-core/packages/usb_cam)
[4.096s] Level 1:colcon.colcon_core.environment:create_environment_scripts_only(usb_cam)
[4.130s] Level 1:colcon.colcon_core.environment:checking '/home/robot/134code/install/usb_cam' for CMake module files
[4.132s] Level 1:colcon.colcon_core.environment:checking '/home/robot/134code/install/usb_cam' for CMake config files
[4.132s] Level 1:colcon.colcon_core.shell:create_environment_hook('usb_cam', 'cmake_prefix_path')
[4.174s] INFO:colcon.colcon_core.shell:Creating environment hook '/home/robot/134code/install/usb_cam/share/usb_cam/hook/cmake_prefix_path.ps1'
[4.175s] INFO:colcon.colcon_core.shell:Creating environment descriptor '/home/robot/134code/install/usb_cam/share/usb_cam/hook/cmake_prefix_path.dsv'
[4.176s] INFO:colcon.colcon_core.shell:Creating environment hook '/home/robot/134code/install/usb_cam/share/usb_cam/hook/cmake_prefix_path.sh'
[4.177s] Level 1:colcon.colcon_core.environment:checking '/home/robot/134code/install/usb_cam/lib'
[4.178s] Level 1:colcon.colcon_core.shell:create_environment_hook('usb_cam', 'ld_library_path_lib')
[4.212s] INFO:colcon.colcon_core.shell:Creating environment hook '/home/robot/134code/install/usb_cam/share/usb_cam/hook/ld_library_path_lib.ps1'
[4.213s] INFO:colcon.colcon_core.shell:Creating environment descriptor '/home/robot/134code/install/usb_cam/share/usb_cam/hook/ld_library_path_lib.dsv'
[4.214s] INFO:colcon.colcon_core.shell:Creating environment hook '/home/robot/134code/install/usb_cam/share/usb_cam/hook/ld_library_path_lib.sh'
[4.216s] Level 1:colcon.colcon_core.environment:checking '/home/robot/134code/install/usb_cam/bin'
[4.216s] Level 1:colcon.colcon_core.environment:checking '/home/robot/134code/install/usb_cam/lib/pkgconfig/usb_cam.pc'
[4.217s] Level 1:colcon.colcon_core.environment:checking '/home/robot/134code/install/usb_cam/lib/python3.10/site-packages'
[4.217s] Level 1:colcon.colcon_core.environment:checking '/home/robot/134code/install/usb_cam/bin'
[4.250s] INFO:colcon.colcon_core.shell:Creating package script '/home/robot/134code/install/usb_cam/share/usb_cam/package.ps1'
[4.251s] INFO:colcon.colcon_core.shell:Creating package descriptor '/home/robot/134code/install/usb_cam/share/usb_cam/package.dsv'
[4.253s] INFO:colcon.colcon_core.shell:Creating package script '/home/robot/134code/install/usb_cam/share/usb_cam/package.sh'
[4.254s] INFO:colcon.colcon_core.shell:Creating package script '/home/robot/134code/install/usb_cam/share/usb_cam/package.bash'
[4.255s] INFO:colcon.colcon_core.shell:Creating package script '/home/robot/134code/install/usb_cam/share/usb_cam/package.zsh'
[4.256s] Level 1:colcon.colcon_core.environment:create_file_with_runtime_dependencies(/home/robot/134code/install/usb_cam/share/colcon-core/packages/usb_cam)
[4.259s] INFO:colcon.colcon_ros.task.ament_python.build:Building ROS package in '/home/robot/134code/src/detectors' with build type 'ament_python'
[4.260s] Level 1:colcon.colcon_core.shell:create_environment_hook('detectors', 'ament_prefix_path')
[4.299s] INFO:colcon.colcon_core.shell:Creating environment hook '/home/robot/134code/install/detectors/share/detectors/hook/ament_prefix_path.ps1'
[4.300s] INFO:colcon.colcon_core.shell:Creating environment descriptor '/home/robot/134code/install/detectors/share/detectors/hook/ament_prefix_path.dsv'
[4.301s] INFO:colcon.colcon_core.shell:Creating environment hook '/home/robot/134code/install/detectors/share/detectors/hook/ament_prefix_path.sh'
[4.343s] INFO:colcon.colcon_core.shell:Skip shell extension 'powershell' for command environment: Not usable outside of PowerShell
[4.343s] DEBUG:colcon.colcon_core.shell:Skip shell extension 'dsv' for command environment
[4.502s] DEBUG:colcon.colcon_core.event_handler.log_command:Invoking command in '/home/robot/134code/build/basic134': PYTHONPATH=/home/robot/134code/build/basic134/prefix_override:/home/robot/134code/install/basic134/lib/python3.10/site-packages:${PYTHONPATH} /usr/bin/python3 setup.py develop --editable --build-directory /home/robot/134code/build/basic134/build --no-deps install_data
[4.506s] DEBUG:colcon.colcon_core.event_handler.log_command:Invoking command in '/home/robot/134code/build/hebiros': PYTHONPATH=/home/robot/134code/build/hebiros/prefix_override:/home/robot/134code/install/hebiros/lib/python3.10/site-packages:${PYTHONPATH} /usr/bin/python3 setup.py develop --editable --build-directory /home/robot/134code/build/hebiros/build --no-deps install_data
[5.007s] INFO:colcon.colcon_core.task.python.build:Building Python package in '/home/robot/134code/src/detectors'
[5.045s] INFO:colcon.colcon_core.shell:Skip shell extension 'powershell' for command environment: Not usable outside of PowerShell
[5.045s] DEBUG:colcon.colcon_core.shell:Skip shell extension 'dsv' for command environment
[5.192s] DEBUG:colcon.colcon_core.event_handler.log_command:Invoking command in '/home/robot/134code/build/demo134': PYTHONPATH=/home/robot/134code/build/demo134/prefix_override:/home/robot/134code/install/demo134/lib/python3.10/site-packages:${PYTHONPATH} /usr/bin/python3 setup.py develop --editable --build-directory /home/robot/134code/build/demo134/build --no-deps install_data
[5.192s] Level 1:colcon.colcon_core.shell:create_environment_hook('basic134', 'pythonpath_develop')
[5.193s] DEBUG:colcon.colcon_core.event_handler.log_command:Invoked command in '/home/robot/134code/build/basic134' returned '0': PYTHONPATH=/home/robot/134code/build/basic134/prefix_override:/home/robot/134code/install/basic134/lib/python3.10/site-packages:${PYTHONPATH} /usr/bin/python3 setup.py develop --editable --build-directory /home/robot/134code/build/basic134/build --no-deps install_data
[5.228s] INFO:colcon.colcon_core.shell:Creating environment hook '/home/robot/134code/build/basic134/share/basic134/hook/pythonpath_develop.ps1'
[5.229s] INFO:colcon.colcon_core.shell:Creating environment descriptor '/home/robot/134code/build/basic134/share/basic134/hook/pythonpath_develop.dsv'
[5.229s] INFO:colcon.colcon_core.shell:Creating environment hook '/home/robot/134code/build/basic134/share/basic134/hook/pythonpath_develop.sh'
[5.261s] Level 1:colcon.colcon_core.environment:checking '/home/robot/134code/install/basic134' for CMake module files
[5.261s] Level 1:colcon.colcon_core.environment:checking '/home/robot/134code/install/basic134' for CMake config files
[5.262s] Level 1:colcon.colcon_core.environment:checking '/home/robot/134code/install/basic134/lib'
[5.262s] Level 1:colcon.colcon_core.environment:checking '/home/robot/134code/install/basic134/bin'
[5.262s] Level 1:colcon.colcon_core.environment:checking '/home/robot/134code/install/basic134/lib/pkgconfig/basic134.pc'
[5.262s] Level 1:colcon.colcon_core.environment:checking '/home/robot/134code/install/basic134/lib/python3.10/site-packages'
[5.262s] Level 1:colcon.colcon_core.shell:create_environment_hook('basic134', 'pythonpath')
[5.283s] INFO:colcon.colcon_core.shell:Creating environment hook '/home/robot/134code/install/basic134/share/basic134/hook/pythonpath.ps1'
[5.283s] INFO:colcon.colcon_core.shell:Creating environment descriptor '/home/robot/134code/install/basic134/share/basic134/hook/pythonpath.dsv'
[5.283s] INFO:colcon.colcon_core.shell:Creating environment hook '/home/robot/134code/install/basic134/share/basic134/hook/pythonpath.sh'
[5.284s] Level 1:colcon.colcon_core.environment:checking '/home/robot/134code/install/basic134/bin'
[5.284s] Level 1:colcon.colcon_core.environment:create_environment_scripts_only(basic134)
[5.304s] INFO:colcon.colcon_core.shell:Creating package script '/home/robot/134code/install/basic134/share/basic134/package.ps1'
[5.305s] INFO:colcon.colcon_core.shell:Creating package descriptor '/home/robot/134code/install/basic134/share/basic134/package.dsv'
[5.305s] INFO:colcon.colcon_core.shell:Creating package script '/home/robot/134code/install/basic134/share/basic134/package.sh'
[5.305s] INFO:colcon.colcon_core.shell:Creating package script '/home/robot/134code/install/basic134/share/basic134/package.bash'
[5.306s] INFO:colcon.colcon_core.shell:Creating package script '/home/robot/134code/install/basic134/share/basic134/package.zsh'
[5.306s] Level 1:colcon.colcon_core.environment:create_file_with_runtime_dependencies(/home/robot/134code/install/basic134/share/colcon-core/packages/basic134)
[5.367s] Level 1:colcon.colcon_core.shell:create_environment_hook('hebiros', 'pythonpath_develop')
[5.368s] DEBUG:colcon.colcon_core.event_handler.log_command:Invoked command in '/home/robot/134code/build/hebiros' returned '0': PYTHONPATH=/home/robot/134code/build/hebiros/prefix_override:/home/robot/134code/install/hebiros/lib/python3.10/site-packages:${PYTHONPATH} /usr/bin/python3 setup.py develop --editable --build-directory /home/robot/134code/build/hebiros/build --no-deps install_data
[5.401s] INFO:colcon.colcon_core.shell:Creating environment hook '/home/robot/134code/build/hebiros/share/hebiros/hook/pythonpath_develop.ps1'
[5.402s] INFO:colcon.colcon_core.shell:Creating environment descriptor '/home/robot/134code/build/hebiros/share/hebiros/hook/pythonpath_develop.dsv'
[5.403s] INFO:colcon.colcon_core.shell:Creating environment hook '/home/robot/134code/build/hebiros/share/hebiros/hook/pythonpath_develop.sh'
[5.437s] Level 1:colcon.colcon_core.environment:checking '/home/robot/134code/install/hebiros' for CMake module files
[5.438s] Level 1:colcon.colcon_core.environment:checking '/home/robot/134code/install/hebiros' for CMake config files
[5.439s] Level 1:colcon.colcon_core.environment:checking '/home/robot/134code/install/hebiros/lib'
[5.439s] Level 1:colcon.colcon_core.environment:checking '/home/robot/134code/install/hebiros/bin'
[5.439s] Level 1:colcon.colcon_core.environment:checking '/home/robot/134code/install/hebiros/lib/pkgconfig/hebiros.pc'
[5.440s] Level 1:colcon.colcon_core.environment:checking '/home/robot/134code/install/hebiros/lib/python3.10/site-packages'
[5.440s] Level 1:colcon.colcon_core.shell:create_environment_hook('hebiros', 'pythonpath')
[5.472s] INFO:colcon.colcon_core.shell:Creating environment hook '/home/robot/134code/install/hebiros/share/hebiros/hook/pythonpath.ps1'
[5.473s] INFO:colcon.colcon_core.shell:Creating environment descriptor '/home/robot/134code/install/hebiros/share/hebiros/hook/pythonpath.dsv'
[5.474s] INFO:colcon.colcon_core.shell:Creating environment hook '/home/robot/134code/install/hebiros/share/hebiros/hook/pythonpath.sh'
[5.475s] Level 1:colcon.colcon_core.environment:checking '/home/robot/134code/install/hebiros/bin'
[5.475s] Level 1:colcon.colcon_core.environment:create_environment_scripts_only(hebiros)
[5.509s] INFO:colcon.colcon_core.shell:Creating package script '/home/robot/134code/install/hebiros/share/hebiros/package.ps1'
[5.510s] INFO:colcon.colcon_core.shell:Creating package descriptor '/home/robot/134code/install/hebiros/share/hebiros/package.dsv'
[5.511s] INFO:colcon.colcon_core.shell:Creating package script '/home/robot/134code/install/hebiros/share/hebiros/package.sh'
[5.512s] INFO:colcon.colcon_core.shell:Creating package script '/home/robot/134code/install/hebiros/share/hebiros/package.bash'
[5.513s] INFO:colcon.colcon_core.shell:Creating package script '/home/robot/134code/install/hebiros/share/hebiros/package.zsh'
[5.513s] Level 1:colcon.colcon_core.environment:create_file_with_runtime_dependencies(/home/robot/134code/install/hebiros/share/colcon-core/packages/hebiros)
[5.836s] DEBUG:colcon.colcon_core.event_handler.log_command:Invoking command in '/home/robot/134code/build/detectors': PYTHONPATH=/home/robot/134code/build/detectors/prefix_override:/home/robot/134code/install/detectors/lib/python3.10/site-packages:${PYTHONPATH} /usr/bin/python3 setup.py develop --editable --build-directory /home/robot/134code/build/detectors/build --no-deps install_data
[5.855s] Level 1:colcon.colcon_core.shell:create_environment_hook('demo134', 'pythonpath_develop')
[5.856s] DEBUG:colcon.colcon_core.event_handler.log_command:Invoked command in '/home/robot/134code/build/demo134' returned '0': PYTHONPATH=/home/robot/134code/build/demo134/prefix_override:/home/robot/134code/install/demo134/lib/python3.10/site-packages:${PYTHONPATH} /usr/bin/python3 setup.py develop --editable --build-directory /home/robot/134code/build/demo134/build --no-deps install_data
[5.875s] INFO:colcon.colcon_core.shell:Creating environment hook '/home/robot/134code/build/demo134/share/demo134/hook/pythonpath_develop.ps1'
[5.876s] INFO:colcon.colcon_core.shell:Creating environment descriptor '/home/robot/134code/build/demo134/share/demo134/hook/pythonpath_develop.dsv'
[5.876s] INFO:colcon.colcon_core.shell:Creating environment hook '/home/robot/134code/build/demo134/share/demo134/hook/pythonpath_develop.sh'
[5.895s] Level 1:colcon.colcon_core.environment:checking '/home/robot/134code/install/demo134' for CMake module files
[5.896s] Level 1:colcon.colcon_core.environment:checking '/home/robot/134code/install/demo134' for CMake config files
[5.897s] Level 1:colcon.colcon_core.environment:checking '/home/robot/134code/install/demo134/lib'
[5.897s] Level 1:colcon.colcon_core.environment:checking '/home/robot/134code/install/demo134/bin'
[5.897s] Level 1:colcon.colcon_core.environment:checking '/home/robot/134code/install/demo134/lib/pkgconfig/demo134.pc'
[5.897s] Level 1:colcon.colcon_core.environment:checking '/home/robot/134code/install/demo134/lib/python3.10/site-packages'
[5.897s] Level 1:colcon.colcon_core.shell:create_environment_hook('demo134', 'pythonpath')
[5.916s] INFO:colcon.colcon_core.shell:Creating environment hook '/home/robot/134code/install/demo134/share/demo134/hook/pythonpath.ps1'
[5.916s] INFO:colcon.colcon_core.shell:Creating environment descriptor '/home/robot/134code/install/demo134/share/demo134/hook/pythonpath.dsv'
[5.917s] INFO:colcon.colcon_core.shell:Creating environment hook '/home/robot/134code/install/demo134/share/demo134/hook/pythonpath.sh'
[5.917s] Level 1:colcon.colcon_core.environment:checking '/home/robot/134code/install/demo134/bin'
[5.918s] Level 1:colcon.colcon_core.environment:create_environment_scripts_only(demo134)
[5.937s] INFO:colcon.colcon_core.shell:Creating package script '/home/robot/134code/install/demo134/share/demo134/package.ps1'
[5.937s] INFO:colcon.colcon_core.shell:Creating package descriptor '/home/robot/134code/install/demo134/share/demo134/package.dsv'
[5.938s] INFO:colcon.colcon_core.shell:Creating package script '/home/robot/134code/install/demo134/share/demo134/package.sh'
[5.938s] INFO:colcon.colcon_core.shell:Creating package script '/home/robot/134code/install/demo134/share/demo134/package.bash'
[5.939s] INFO:colcon.colcon_core.shell:Creating package script '/home/robot/134code/install/demo134/share/demo134/package.zsh'
[5.939s] Level 1:colcon.colcon_core.environment:create_file_with_runtime_dependencies(/home/robot/134code/install/demo134/share/colcon-core/packages/demo134)
[6.397s] Level 1:colcon.colcon_core.shell:create_environment_hook('detectors', 'pythonpath_develop')
[6.398s] DEBUG:colcon.colcon_core.event_handler.log_command:Invoked command in '/home/robot/134code/build/detectors' returned '0': PYTHONPATH=/home/robot/134code/build/detectors/prefix_override:/home/robot/134code/install/detectors/lib/python3.10/site-packages:${PYTHONPATH} /usr/bin/python3 setup.py develop --editable --build-directory /home/robot/134code/build/detectors/build --no-deps install_data
[6.417s] INFO:colcon.colcon_core.shell:Creating environment hook '/home/robot/134code/build/detectors/share/detectors/hook/pythonpath_develop.ps1'
[6.417s] INFO:colcon.colcon_core.shell:Creating environment descriptor '/home/robot/134code/build/detectors/share/detectors/hook/pythonpath_develop.dsv'
[6.417s] INFO:colcon.colcon_core.shell:Creating environment hook '/home/robot/134code/build/detectors/share/detectors/hook/pythonpath_develop.sh'
[6.437s] Level 1:colcon.colcon_core.environment:checking '/home/robot/134code/install/detectors' for CMake module files
[6.437s] Level 1:colcon.colcon_core.environment:checking '/home/robot/134code/install/detectors' for CMake config files
[6.438s] Level 1:colcon.colcon_core.environment:checking '/home/robot/134code/install/detectors/lib'
[6.438s] Level 1:colcon.colcon_core.environment:checking '/home/robot/134code/install/detectors/bin'
[6.438s] Level 1:colcon.colcon_core.environment:checking '/home/robot/134code/install/detectors/lib/pkgconfig/detectors.pc'
[6.438s] Level 1:colcon.colcon_core.environment:checking '/home/robot/134code/install/detectors/lib/python3.10/site-packages'
[6.438s] Level 1:colcon.colcon_core.shell:create_environment_hook('detectors', 'pythonpath')
[6.458s] INFO:colcon.colcon_core.shell:Creating environment hook '/home/robot/134code/install/detectors/share/detectors/hook/pythonpath.ps1'
[6.459s] INFO:colcon.colcon_core.shell:Creating environment descriptor '/home/robot/134code/install/detectors/share/detectors/hook/pythonpath.dsv'
[6.459s] INFO:colcon.colcon_core.shell:Creating environment hook '/home/robot/134code/install/detectors/share/detectors/hook/pythonpath.sh'
[6.460s] Level 1:colcon.colcon_core.environment:checking '/home/robot/134code/install/detectors/bin'
[6.460s] Level 1:colcon.colcon_core.environment:create_environment_scripts_only(detectors)
[6.479s] INFO:colcon.colcon_core.shell:Creating package script '/home/robot/134code/install/detectors/share/detectors/package.ps1'
[6.479s] INFO:colcon.colcon_core.shell:Creating package descriptor '/home/robot/134code/install/detectors/share/detectors/package.dsv'
[6.480s] INFO:colcon.colcon_core.shell:Creating package script '/home/robot/134code/install/detectors/share/detectors/package.sh'
[6.481s] INFO:colcon.colcon_core.shell:Creating package script '/home/robot/134code/install/detectors/share/detectors/package.bash'
[6.481s] INFO:colcon.colcon_core.shell:Creating package script '/home/robot/134code/install/detectors/share/detectors/package.zsh'
[6.481s] Level 1:colcon.colcon_core.environment:create_file_with_runtime_dependencies(/home/robot/134code/install/detectors/share/colcon-core/packages/detectors)
[6.482s] DEBUG:colcon.colcon_parallel_executor.executor.parallel:closing loop
[6.482s] DEBUG:colcon.colcon_parallel_executor.executor.parallel:loop closed
[6.482s] DEBUG:colcon.colcon_parallel_executor.executor.parallel:run_until_complete finished with '0'
[6.482s] DEBUG:colcon.colcon_core.event_reactor:joining thread
[6.511s] INFO:colcon.colcon_core.plugin_system:Skipping extension 'colcon_notification.desktop_notification.terminal_notifier': Not used on non-Darwin systems
[6.511s] INFO:colcon.colcon_core.plugin_system:Skipping extension 'colcon_notification.desktop_notification.win32': Not used on non-Windows systems
[6.511s] INFO:colcon.colcon_notification.desktop_notification:Sending desktop notification using 'notify2'
[6.521s] DEBUG:colcon.colcon_core.event_reactor:joined thread
[6.549s] INFO:colcon.colcon_core.shell:Creating prefix script '/home/robot/134code/install/local_setup.ps1'
[6.550s] INFO:colcon.colcon_core.shell:Creating prefix util module '/home/robot/134code/install/_local_setup_util_ps1.py'
[6.551s] INFO:colcon.colcon_core.shell:Creating prefix chain script '/home/robot/134code/install/setup.ps1'
[6.574s] INFO:colcon.colcon_core.shell:Creating prefix script '/home/robot/134code/install/local_setup.sh'
[6.575s] INFO:colcon.colcon_core.shell:Creating prefix util module '/home/robot/134code/install/_local_setup_util_sh.py'
[6.575s] INFO:colcon.colcon_core.shell:Creating prefix chain script '/home/robot/134code/install/setup.sh'
[6.594s] INFO:colcon.colcon_core.shell:Creating prefix script '/home/robot/134code/install/local_setup.bash'
[6.595s] INFO:colcon.colcon_core.shell:Creating prefix chain script '/home/robot/134code/install/setup.bash'
[6.614s] INFO:colcon.colcon_core.shell:Creating prefix script '/home/robot/134code/install/local_setup.zsh'
[6.615s] INFO:colcon.colcon_core.shell:Creating prefix chain script '/home/robot/134code/install/setup.zsh'
