[1.796s] Invoking command in '/home/robot/134code/robotws/build/hebiros': PYTHONPATH=/home/robot/134code/robotws/build/hebiros/prefix_override:/home/robot/134code/robotws/install/hebiros/lib/python3.10/site-packages:${PYTHONPATH} /usr/bin/python3 setup.py develop --editable --build-directory /home/robot/134code/robotws/build/hebiros/build --no-deps install_data
[2.277s] running develop
[2.278s] /usr/lib/python3/dist-packages/setuptools/command/easy_install.py:158: EasyInstallDeprecationWarning: easy_install command is deprecated. Use build and pip and other standards-based tools.
[2.278s]   warnings.warn(
[2.280s] /usr/lib/python3/dist-packages/setuptools/command/install.py:34: SetuptoolsDeprecationWarning: setup.py install is deprecated. Use build and pip and other standards-based tools.
[2.280s]   warnings.warn(
[2.631s] running egg_info
[2.631s] writing hebiros.egg-info/PKG-INFO
[2.632s] writing dependency_links to hebiros.egg-info/dependency_links.txt
[2.632s] writing entry points to hebiros.egg-info/entry_points.txt
[2.632s] writing requirements to hebiros.egg-info/requires.txt
[2.632s] writing top-level names to hebiros.egg-info/top_level.txt
[2.634s] reading manifest file 'hebiros.egg-info/SOURCES.txt'
[2.636s] writing manifest file 'hebiros.egg-info/SOURCES.txt'
[2.640s] running build_ext
[2.640s] Creating /home/robot/134code/robotws/install/hebiros/lib/python3.10/site-packages/hebiros.egg-link (link to .)
[2.640s] Installing hebiforce script to /home/robot/134code/robotws/install/hebiros/lib/hebiros
[2.640s] Installing hebinode script to /home/robot/134code/robotws/install/hebiros/lib/hebiros
[2.640s] Installing hebiscan script to /home/robot/134code/robotws/install/hebiros/lib/hebiros
[2.640s] Installing hebitune script to /home/robot/134code/robotws/install/hebiros/lib/hebiros
[2.640s] Installing testsend script to /home/robot/134code/robotws/install/hebiros/lib/hebiros
[2.640s] 
[2.640s] Installed /home/robot/134code/robotws/build/hebiros
[2.640s] running install_data
[2.715s] Invoked command in '/home/robot/134code/robotws/build/hebiros' returned '0': PYTHONPATH=/home/robot/134code/robotws/build/hebiros/prefix_override:/home/robot/134code/robotws/install/hebiros/lib/python3.10/site-packages:${PYTHONPATH} /usr/bin/python3 setup.py develop --editable --build-directory /home/robot/134code/robotws/build/hebiros/build --no-deps install_data
