[2.363s] Invoking command in '/home/robot/134code/build/hebiros': PYTHONPATH=/home/robot/134code/build/hebiros/prefix_override:/home/robot/134code/install/hebiros/lib/python3.10/site-packages:${PYTHONPATH} /usr/bin/python3 setup.py develop --editable --build-directory /home/robot/134code/build/hebiros/build --no-deps install_data
[2.851s] running develop
[2.852s] /usr/lib/python3/dist-packages/setuptools/command/easy_install.py:158: EasyInstallDeprecationWarning: easy_install command is deprecated. Use build and pip and other standards-based tools.
[2.852s]   warnings.warn(
[2.854s] /usr/lib/python3/dist-packages/setuptools/command/install.py:34: SetuptoolsDeprecationWarning: setup.py install is deprecated. Use build and pip and other standards-based tools.
[2.854s]   warnings.warn(
[3.250s] running egg_info
[3.250s] creating hebiros.egg-info
[3.254s] writing hebiros.egg-info/PKG-INFO
[3.254s] writing dependency_links to hebiros.egg-info/dependency_links.txt
[3.254s] writing entry points to hebiros.egg-info/entry_points.txt
[3.254s] writing requirements to hebiros.egg-info/requires.txt
[3.255s] writing top-level names to hebiros.egg-info/top_level.txt
[3.255s] writing manifest file 'hebiros.egg-info/SOURCES.txt'
[3.257s] reading manifest file 'hebiros.egg-info/SOURCES.txt'
[3.258s] writing manifest file 'hebiros.egg-info/SOURCES.txt'
[3.258s] running build_ext
[3.259s] Creating /home/robot/134code/install/hebiros/lib/python3.10/site-packages/hebiros.egg-link (link to .)
[3.262s] Installing hebiforce script to /home/robot/134code/install/hebiros/lib/hebiros
[3.262s] Installing hebinode script to /home/robot/134code/install/hebiros/lib/hebiros
[3.263s] Installing hebiscan script to /home/robot/134code/install/hebiros/lib/hebiros
[3.263s] Installing hebitune script to /home/robot/134code/install/hebiros/lib/hebiros
[3.263s] Installing testsend script to /home/robot/134code/install/hebiros/lib/hebiros
[3.263s] 
[3.263s] Installed /home/robot/134code/build/hebiros
[3.263s] running install_data
[3.263s] creating /home/robot/134code/install/hebiros/share/ament_index
[3.264s] creating /home/robot/134code/install/hebiros/share/ament_index/resource_index
[3.264s] creating /home/robot/134code/install/hebiros/share/ament_index/resource_index/packages
[3.264s] copying resource/hebiros -> /home/robot/134code/install/hebiros/share/ament_index/resource_index/packages
[3.264s] copying package.xml -> /home/robot/134code/install/hebiros/share/hebiros
[3.264s] creating /home/robot/134code/install/hebiros/share/hebiros/params
[3.264s] copying params/hebitest.yaml -> /home/robot/134code/install/hebiros/share/hebiros/params
[3.265s] creating /home/robot/134code/install/hebiros/share/hebiros/launch
[3.267s] copying launch/hebitest.launch.py -> /home/robot/134code/install/hebiros/share/hebiros/launch
[3.430s] Invoked command in '/home/robot/134code/build/hebiros' returned '0': PYTHONPATH=/home/robot/134code/build/hebiros/prefix_override:/home/robot/134code/install/hebiros/lib/python3.10/site-packages:${PYTHONPATH} /usr/bin/python3 setup.py develop --editable --build-directory /home/robot/134code/build/hebiros/build --no-deps install_data
