[2.983s] Invoking command in '/home/robot/134code/robotws/build/hebiros': PYTHONPATH=/home/robot/134code/robotws/build/hebiros/prefix_override:/home/robot/134code/robotws/install/hebiros/lib/python3.10/site-packages:${PYTHONPATH} /usr/bin/python3 setup.py develop --editable --build-directory /home/robot/134code/robotws/build/hebiros/build --no-deps install_data
[3.737s] running develop
[3.738s] /usr/lib/python3/dist-packages/setuptools/command/easy_install.py:158: EasyInstallDeprecationWarning: easy_install command is deprecated. Use build and pip and other standards-based tools.
[3.739s]   warnings.warn(
[3.763s] /usr/lib/python3/dist-packages/setuptools/command/install.py:34: SetuptoolsDeprecationWarning: setup.py install is deprecated. Use build and pip and other standards-based tools.
[3.764s]   warnings.warn(
[4.340s] running egg_info
[4.340s] writing hebiros.egg-info/PKG-INFO
[4.344s] writing dependency_links to hebiros.egg-info/dependency_links.txt
[4.373s] writing entry points to hebiros.egg-info/entry_points.txt
[4.393s] writing requirements to hebiros.egg-info/requires.txt
[4.394s] writing top-level names to hebiros.egg-info/top_level.txt
[4.394s] reading manifest file 'hebiros.egg-info/SOURCES.txt'
[4.394s] writing manifest file 'hebiros.egg-info/SOURCES.txt'
[4.394s] running build_ext
[4.394s] Creating /home/robot/134code/robotws/install/hebiros/lib/python3.10/site-packages/hebiros.egg-link (link to .)
[4.394s] Installing hebiforce script to /home/robot/134code/robotws/install/hebiros/lib/hebiros
[4.394s] Installing hebinode script to /home/robot/134code/robotws/install/hebiros/lib/hebiros
[4.394s] Installing hebiscan script to /home/robot/134code/robotws/install/hebiros/lib/hebiros
[4.394s] Installing hebitune script to /home/robot/134code/robotws/install/hebiros/lib/hebiros
[4.394s] Installing testsend script to /home/robot/134code/robotws/install/hebiros/lib/hebiros
[4.395s] 
[4.395s] Installed /home/robot/134code/robotws/build/hebiros
[4.395s] running install_data
[4.704s] Invoked command in '/home/robot/134code/robotws/build/hebiros' returned '0': PYTHONPATH=/home/robot/134code/robotws/build/hebiros/prefix_override:/home/robot/134code/robotws/install/hebiros/lib/python3.10/site-packages:${PYTHONPATH} /usr/bin/python3 setup.py develop --editable --build-directory /home/robot/134code/robotws/build/hebiros/build --no-deps install_data
