[2.182s] Invoking command in '/home/robot/134code/robotws/build/basic134': PYTHONPATH=/home/robot/134code/robotws/build/basic134/prefix_override:/home/robot/134code/robotws/install/basic134/lib/python3.10/site-packages:${PYTHONPATH} /usr/bin/python3 setup.py develop --editable --build-directory /home/robot/134code/robotws/build/basic134/build --no-deps install_data
[2.681s] running develop
[2.682s] /usr/lib/python3/dist-packages/setuptools/command/easy_install.py:158: EasyInstallDeprecationWarning: easy_install command is deprecated. Use build and pip and other standards-based tools.
[2.682s]   warnings.warn(
[2.684s] /usr/lib/python3/dist-packages/setuptools/command/install.py:34: SetuptoolsDeprecationWarning: setup.py install is deprecated. Use build and pip and other standards-based tools.
[2.684s]   warnings.warn(
[3.051s] running egg_info
[3.051s] writing basic134.egg-info/PKG-INFO
[3.051s] writing dependency_links to basic134.egg-info/dependency_links.txt
[3.051s] writing entry points to basic134.egg-info/entry_points.txt
[3.052s] writing requirements to basic134.egg-info/requires.txt
[3.052s] writing top-level names to basic134.egg-info/top_level.txt
[3.054s] reading manifest file 'basic134.egg-info/SOURCES.txt'
[3.056s] writing manifest file 'basic134.egg-info/SOURCES.txt'
[3.058s] running build_ext
[3.058s] Creating /home/robot/134code/robotws/install/basic134/lib/python3.10/site-packages/basic134.egg-link (link to .)
[3.060s] Installing demo134 script to /home/robot/134code/robotws/install/basic134/lib/basic134
[3.060s] Installing receivepoint script to /home/robot/134code/robotws/install/basic134/lib/basic134
[3.060s] 
[3.060s] Installed /home/robot/134code/robotws/build/basic134
[3.060s] running install_data
[3.061s] copying launch/viewactual.launch.py -> /home/robot/134code/robotws/install/basic134/share/basic134/launch
[3.096s] Invoked command in '/home/robot/134code/robotws/build/basic134' returned '0': PYTHONPATH=/home/robot/134code/robotws/build/basic134/prefix_override:/home/robot/134code/robotws/install/basic134/lib/python3.10/site-packages:${PYTHONPATH} /usr/bin/python3 setup.py develop --editable --build-directory /home/robot/134code/robotws/build/basic134/build --no-deps install_data
