[1.866s] Invoking command in '/home/robot/134code/robotws/build/hebiros': PYTHONPATH=/home/robot/134code/robotws/build/hebiros/prefix_override:/home/robot/134code/robotws/install/hebiros/lib/python3.10/site-packages:${PYTHONPATH} /usr/bin/python3 setup.py develop --editable --build-directory /home/robot/134code/robotws/build/hebiros/build --no-deps install_data
[2.344s] running develop
[2.345s] /usr/lib/python3/dist-packages/setuptools/command/easy_install.py:158: EasyInstallDeprecationWarning: easy_install command is deprecated. Use build and pip and other standards-based tools.
[2.345s]   warnings.warn(
[2.346s] /usr/lib/python3/dist-packages/setuptools/command/install.py:34: SetuptoolsDeprecationWarning: setup.py install is deprecated. Use build and pip and other standards-based tools.
[2.346s]   warnings.warn(
[2.708s] running egg_info
[2.708s] writing hebiros.egg-info/PKG-INFO
[2.708s] writing dependency_links to hebiros.egg-info/dependency_links.txt
[2.709s] writing entry points to hebiros.egg-info/entry_points.txt
[2.709s] writing requirements to hebiros.egg-info/requires.txt
[2.709s] writing top-level names to hebiros.egg-info/top_level.txt
[2.711s] reading manifest file 'hebiros.egg-info/SOURCES.txt'
[2.712s] writing manifest file 'hebiros.egg-info/SOURCES.txt'
[2.714s] running build_ext
[2.715s] Creating /home/robot/134code/robotws/install/hebiros/lib/python3.10/site-packages/hebiros.egg-link (link to .)
[2.716s] Installing hebiforce script to /home/robot/134code/robotws/install/hebiros/lib/hebiros
[2.716s] Installing hebinode script to /home/robot/134code/robotws/install/hebiros/lib/hebiros
[2.717s] Installing hebiscan script to /home/robot/134code/robotws/install/hebiros/lib/hebiros
[2.717s] Installing hebitune script to /home/robot/134code/robotws/install/hebiros/lib/hebiros
[2.717s] Installing testsend script to /home/robot/134code/robotws/install/hebiros/lib/hebiros
[2.717s] 
[2.717s] Installed /home/robot/134code/robotws/build/hebiros
[2.717s] running install_data
[2.757s] Invoked command in '/home/robot/134code/robotws/build/hebiros' returned '0': PYTHONPATH=/home/robot/134code/robotws/build/hebiros/prefix_override:/home/robot/134code/robotws/install/hebiros/lib/python3.10/site-packages:${PYTHONPATH} /usr/bin/python3 setup.py develop --editable --build-directory /home/robot/134code/robotws/build/hebiros/build --no-deps install_data
