[2.417s] Invoking command in '/home/robot/134code/build/demo134': PYTHONPATH=/home/robot/134code/build/demo134/prefix_override:/home/robot/134code/install/demo134/lib/python3.10/site-packages:${PYTHONPATH} /usr/bin/python3 setup.py develop --editable --build-directory /home/robot/134code/build/demo134/build --no-deps install_data
[2.965s] running develop
[2.966s] /usr/lib/python3/dist-packages/setuptools/command/easy_install.py:158: EasyInstallDeprecationWarning: easy_install command is deprecated. Use build and pip and other standards-based tools.
[2.966s]   warnings.warn(
[2.968s] /usr/lib/python3/dist-packages/setuptools/command/install.py:34: SetuptoolsDeprecationWarning: setup.py install is deprecated. Use build and pip and other standards-based tools.
[2.969s]   warnings.warn(
[3.364s] running egg_info
[3.364s] writing demo134.egg-info/PKG-INFO
[3.365s] writing dependency_links to demo134.egg-info/dependency_links.txt
[3.366s] writing entry points to demo134.egg-info/entry_points.txt
[3.366s] writing requirements to demo134.egg-info/requires.txt
[3.367s] writing top-level names to demo134.egg-info/top_level.txt
[3.371s] reading manifest file 'demo134.egg-info/SOURCES.txt'
[3.373s] writing manifest file 'demo134.egg-info/SOURCES.txt'
[3.377s] running build_ext
[3.377s] Creating /home/robot/134code/install/demo134/lib/python3.10/site-packages/demo134.egg-link (link to .)
[3.379s] Installing demo134 script to /home/robot/134code/install/demo134/lib/demo134
[3.379s] 
[3.380s] Installed /home/robot/134code/build/demo134
[3.380s] running install_data
[3.506s] Invoked command in '/home/robot/134code/build/demo134' returned '0': PYTHONPATH=/home/robot/134code/build/demo134/prefix_override:/home/robot/134code/install/demo134/lib/python3.10/site-packages:${PYTHONPATH} /usr/bin/python3 setup.py develop --editable --build-directory /home/robot/134code/build/demo134/build --no-deps install_data
