[2.685s] Invoking command in '/home/robot/134code/build/hebiros': PYTHONPATH=/home/robot/134code/build/hebiros/prefix_override:/home/robot/134code/install/hebiros/lib/python3.10/site-packages:${PYTHONPATH} /usr/bin/python3 setup.py develop --editable --build-directory /home/robot/134code/build/hebiros/build --no-deps install_data
[3.195s] running develop
[3.196s] /usr/lib/python3/dist-packages/setuptools/command/easy_install.py:158: EasyInstallDeprecationWarning: easy_install command is deprecated. Use build and pip and other standards-based tools.
[3.196s]   warnings.warn(
[3.197s] /usr/lib/python3/dist-packages/setuptools/command/install.py:34: SetuptoolsDeprecationWarning: setup.py install is deprecated. Use build and pip and other standards-based tools.
[3.198s]   warnings.warn(
[3.533s] running egg_info
[3.534s] writing hebiros.egg-info/PKG-INFO
[3.534s] writing dependency_links to hebiros.egg-info/dependency_links.txt
[3.534s] writing entry points to hebiros.egg-info/entry_points.txt
[3.534s] writing requirements to hebiros.egg-info/requires.txt
[3.535s] writing top-level names to hebiros.egg-info/top_level.txt
[3.537s] reading manifest file 'hebiros.egg-info/SOURCES.txt'
[3.537s] writing manifest file 'hebiros.egg-info/SOURCES.txt'
[3.539s] running build_ext
[3.540s] Creating /home/robot/134code/install/hebiros/lib/python3.10/site-packages/hebiros.egg-link (link to .)
[3.541s] Installing hebiforce script to /home/robot/134code/install/hebiros/lib/hebiros
[3.543s] Installing hebinode script to /home/robot/134code/install/hebiros/lib/hebiros
[3.543s] Installing hebiscan script to /home/robot/134code/install/hebiros/lib/hebiros
[3.544s] Installing hebitune script to /home/robot/134code/install/hebiros/lib/hebiros
[3.544s] Installing testsend script to /home/robot/134code/install/hebiros/lib/hebiros
[3.544s] 
[3.545s] Installed /home/robot/134code/build/hebiros
[3.545s] running install_data
[3.579s] Invoked command in '/home/robot/134code/build/hebiros' returned '0': PYTHONPATH=/home/robot/134code/build/hebiros/prefix_override:/home/robot/134code/install/hebiros/lib/python3.10/site-packages:${PYTHONPATH} /usr/bin/python3 setup.py develop --editable --build-directory /home/robot/134code/build/hebiros/build --no-deps install_data
