[2.848s] Invoking command in '/home/robot/134code/robotws/build/basic134': PYTHONPATH=/home/robot/134code/robotws/build/basic134/prefix_override:/home/robot/134code/robotws/install/basic134/lib/python3.10/site-packages:${PYTHONPATH} /usr/bin/python3 setup.py develop --editable --build-directory /home/robot/134code/robotws/build/basic134/build --no-deps install_data
[3.518s] running develop
[3.518s] /usr/lib/python3/dist-packages/setuptools/command/easy_install.py:158: EasyInstallDeprecationWarning: easy_install command is deprecated. Use build and pip and other standards-based tools.
[3.520s]   warnings.warn(
[3.520s] /usr/lib/python3/dist-packages/setuptools/command/install.py:34: SetuptoolsDeprecationWarning: setup.py install is deprecated. Use build and pip and other standards-based tools.
[3.521s]   warnings.warn(
[4.017s] running egg_info
[4.017s] writing basic134.egg-info/PKG-INFO
[4.017s] writing dependency_links to basic134.egg-info/dependency_links.txt
[4.017s] writing entry points to basic134.egg-info/entry_points.txt
[4.017s] writing requirements to basic134.egg-info/requires.txt
[4.017s] writing top-level names to basic134.egg-info/top_level.txt
[4.023s] reading manifest file 'basic134.egg-info/SOURCES.txt'
[4.025s] writing manifest file 'basic134.egg-info/SOURCES.txt'
[4.028s] running build_ext
[4.031s] Creating /home/robot/134code/robotws/install/basic134/lib/python3.10/site-packages/basic134.egg-link (link to .)
[4.033s] Installing demo134 script to /home/robot/134code/robotws/install/basic134/lib/basic134
[4.034s] Installing receivepoint script to /home/robot/134code/robotws/install/basic134/lib/basic134
[4.035s] 
[4.035s] Installed /home/robot/134code/robotws/build/basic134
[4.035s] running install_data
[4.281s] Invoked command in '/home/robot/134code/robotws/build/basic134' returned '0': PYTHONPATH=/home/robot/134code/robotws/build/basic134/prefix_override:/home/robot/134code/robotws/install/basic134/lib/python3.10/site-packages:${PYTHONPATH} /usr/bin/python3 setup.py develop --editable --build-directory /home/robot/134code/robotws/build/basic134/build --no-deps install_data
