[1.647s] Invoking command in '/home/robot/134code/robotws/build/hebiros': PYTHONPATH=/home/robot/134code/robotws/build/hebiros/prefix_override:/home/robot/134code/robotws/install/hebiros/lib/python3.10/site-packages:${PYTHONPATH} /usr/bin/python3 setup.py develop --editable --build-directory /home/robot/134code/robotws/build/hebiros/build --no-deps install_data
[1.997s] running develop
[1.997s] /usr/lib/python3/dist-packages/setuptools/command/easy_install.py:158: EasyInstallDeprecationWarning: easy_install command is deprecated. Use build and pip and other standards-based tools.
[1.997s]   warnings.warn(
[1.999s] /usr/lib/python3/dist-packages/setuptools/command/install.py:34: SetuptoolsDeprecationWarning: setup.py install is deprecated. Use build and pip and other standards-based tools.
[1.999s]   warnings.warn(
[2.259s] running egg_info
[2.260s] writing hebiros.egg-info/PKG-INFO
[2.260s] writing dependency_links to hebiros.egg-info/dependency_links.txt
[2.261s] writing entry points to hebiros.egg-info/entry_points.txt
[2.262s] writing requirements to hebiros.egg-info/requires.txt
[2.263s] writing top-level names to hebiros.egg-info/top_level.txt
[2.265s] reading manifest file 'hebiros.egg-info/SOURCES.txt'
[2.266s] writing manifest file 'hebiros.egg-info/SOURCES.txt'
[2.267s] running build_ext
[2.268s] Creating /home/robot/134code/robotws/install/hebiros/lib/python3.10/site-packages/hebiros.egg-link (link to .)
[2.270s] Installing hebiforce script to /home/robot/134code/robotws/install/hebiros/lib/hebiros
[2.271s] Installing hebinode script to /home/robot/134code/robotws/install/hebiros/lib/hebiros
[2.272s] Installing hebiscan script to /home/robot/134code/robotws/install/hebiros/lib/hebiros
[2.272s] Installing hebitune script to /home/robot/134code/robotws/install/hebiros/lib/hebiros
[2.273s] Installing testsend script to /home/robot/134code/robotws/install/hebiros/lib/hebiros
[2.273s] 
[2.274s] Installed /home/robot/134code/robotws/build/hebiros
[2.274s] running install_data
[2.299s] Invoked command in '/home/robot/134code/robotws/build/hebiros' returned '0': PYTHONPATH=/home/robot/134code/robotws/build/hebiros/prefix_override:/home/robot/134code/robotws/install/hebiros/lib/python3.10/site-packages:${PYTHONPATH} /usr/bin/python3 setup.py develop --editable --build-directory /home/robot/134code/robotws/build/hebiros/build --no-deps install_data
