[2.572s] Invoking command in '/home/robot/134code/build/basic134': PYTHONPATH=/home/robot/134code/build/basic134/prefix_override:/home/robot/134code/install/basic134/lib/python3.10/site-packages:${PYTHONPATH} /usr/bin/python3 setup.py develop --editable --build-directory /home/robot/134code/build/basic134/build --no-deps install_data
[2.907s] running develop
[2.908s] /usr/lib/python3/dist-packages/setuptools/command/easy_install.py:158: EasyInstallDeprecationWarning: easy_install command is deprecated. Use build and pip and other standards-based tools.
[2.909s]   warnings.warn(
[2.909s] /usr/lib/python3/dist-packages/setuptools/command/install.py:34: SetuptoolsDeprecationWarning: setup.py install is deprecated. Use build and pip and other standards-based tools.
[2.910s]   warnings.warn(
[3.152s] running egg_info
[3.153s] writing basic134.egg-info/PKG-INFO
[3.154s] writing dependency_links to basic134.egg-info/dependency_links.txt
[3.154s] writing entry points to basic134.egg-info/entry_points.txt
[3.155s] writing requirements to basic134.egg-info/requires.txt
[3.157s] writing top-level names to basic134.egg-info/top_level.txt
[3.157s] reading manifest file 'basic134.egg-info/SOURCES.txt'
[3.158s] writing manifest file 'basic134.egg-info/SOURCES.txt'
[3.159s] running build_ext
[3.161s] Creating /home/robot/134code/install/basic134/lib/python3.10/site-packages/basic134.egg-link (link to .)
[3.162s] Installing demo134 script to /home/robot/134code/install/basic134/lib/basic134
[3.162s] Installing receivepoint script to /home/robot/134code/install/basic134/lib/basic134
[3.163s] Installing table script to /home/robot/134code/install/basic134/lib/basic134
[3.164s] 
[3.164s] Installed /home/robot/134code/build/basic134
[3.165s] running install_data
[3.263s] Invoked command in '/home/robot/134code/build/basic134' returned '0': PYTHONPATH=/home/robot/134code/build/basic134/prefix_override:/home/robot/134code/install/basic134/lib/python3.10/site-packages:${PYTHONPATH} /usr/bin/python3 setup.py develop --editable --build-directory /home/robot/134code/build/basic134/build --no-deps install_data
