[3.330s] Invoking command in '/home/robot/134code/robotws/build/basic134': PYTHONPATH=/home/robot/134code/robotws/build/basic134/prefix_override:/home/robot/134code/robotws/install/basic134/lib/python3.10/site-packages:${PYTHONPATH} /usr/bin/python3 setup.py develop --editable --build-directory /home/robot/134code/robotws/build/basic134/build --no-deps install_data
[4.107s] running develop
[4.109s] /usr/lib/python3/dist-packages/setuptools/command/easy_install.py:158: EasyInstallDeprecationWarning: easy_install command is deprecated. Use build and pip and other standards-based tools.
[4.110s]   warnings.warn(
[4.120s] /usr/lib/python3/dist-packages/setuptools/command/install.py:34: SetuptoolsDeprecationWarning: setup.py install is deprecated. Use build and pip and other standards-based tools.
[4.120s]   warnings.warn(
[4.731s] running egg_info
[4.731s] writing basic134.egg-info/PKG-INFO
[4.733s] writing dependency_links to basic134.egg-info/dependency_links.txt
[4.733s] writing entry points to basic134.egg-info/entry_points.txt
[4.733s] writing requirements to basic134.egg-info/requires.txt
[4.733s] writing top-level names to basic134.egg-info/top_level.txt
[4.735s] reading manifest file 'basic134.egg-info/SOURCES.txt'
[4.739s] writing manifest file 'basic134.egg-info/SOURCES.txt'
[4.739s] running build_ext
[4.740s] Creating /home/robot/134code/robotws/install/basic134/lib/python3.10/site-packages/basic134.egg-link (link to .)
[4.741s] Installing demo134 script to /home/robot/134code/robotws/install/basic134/lib/basic134
[4.742s] Installing receivepoint script to /home/robot/134code/robotws/install/basic134/lib/basic134
[4.742s] Installing table script to /home/robot/134code/robotws/install/basic134/lib/basic134
[4.742s] 
[4.742s] Installed /home/robot/134code/robotws/build/basic134
[4.742s] running install_data
[4.876s] Invoked command in '/home/robot/134code/robotws/build/basic134' returned '0': PYTHONPATH=/home/robot/134code/robotws/build/basic134/prefix_override:/home/robot/134code/robotws/install/basic134/lib/python3.10/site-packages:${PYTHONPATH} /usr/bin/python3 setup.py develop --editable --build-directory /home/robot/134code/robotws/build/basic134/build --no-deps install_data
