[1.706s] Invoking command in '/home/robot/134code/robotws/build/hebiros': PYTHONPATH=/home/robot/134code/robotws/build/hebiros/prefix_override:/home/robot/134code/robotws/install/hebiros/lib/python3.10/site-packages:${PYTHONPATH} /usr/bin/python3 setup.py develop --editable --build-directory /home/robot/134code/robotws/build/hebiros/build --no-deps install_data
[2.146s] running develop
[2.147s] /usr/lib/python3/dist-packages/setuptools/command/easy_install.py:158: EasyInstallDeprecationWarning: easy_install command is deprecated. Use build and pip and other standards-based tools.
[2.149s]   warnings.warn(
[2.150s] /usr/lib/python3/dist-packages/setuptools/command/install.py:34: SetuptoolsDeprecationWarning: setup.py install is deprecated. Use build and pip and other standards-based tools.
[2.151s]   warnings.warn(
[2.454s] running egg_info
[2.456s] writing hebiros.egg-info/PKG-INFO
[2.458s] writing dependency_links to hebiros.egg-info/dependency_links.txt
[2.463s] writing entry points to hebiros.egg-info/entry_points.txt
[2.463s] writing requirements to hebiros.egg-info/requires.txt
[2.463s] writing top-level names to hebiros.egg-info/top_level.txt
[2.464s] reading manifest file 'hebiros.egg-info/SOURCES.txt'
[2.464s] writing manifest file 'hebiros.egg-info/SOURCES.txt'
[2.464s] running build_ext
[2.464s] Creating /home/robot/134code/robotws/install/hebiros/lib/python3.10/site-packages/hebiros.egg-link (link to .)
[2.464s] Installing hebiforce script to /home/robot/134code/robotws/install/hebiros/lib/hebiros
[2.464s] Installing hebinode script to /home/robot/134code/robotws/install/hebiros/lib/hebiros
[2.464s] Installing hebiscan script to /home/robot/134code/robotws/install/hebiros/lib/hebiros
[2.464s] Installing hebitune script to /home/robot/134code/robotws/install/hebiros/lib/hebiros
[2.464s] Installing testsend script to /home/robot/134code/robotws/install/hebiros/lib/hebiros
[2.464s] 
[2.465s] Installed /home/robot/134code/robotws/build/hebiros
[2.465s] running install_data
[2.497s] Invoked command in '/home/robot/134code/robotws/build/hebiros' returned '0': PYTHONPATH=/home/robot/134code/robotws/build/hebiros/prefix_override:/home/robot/134code/robotws/install/hebiros/lib/python3.10/site-packages:${PYTHONPATH} /usr/bin/python3 setup.py develop --editable --build-directory /home/robot/134code/robotws/build/hebiros/build --no-deps install_data
