[1.186s] DEBUG:colcon:Command line arguments: ['/usr/bin/colcon', 'build', '--symlink-install']
[1.186s] DEBUG:colcon:Parsed command line arguments: Namespace(log_base=None, log_level=None, verb_name='build', build_base='build', install_base='install', merge_install=False, symlink_install=True, test_result_base=None, continue_on_error=False, executor='parallel', parallel_workers=4, event_handlers=None, ignore_user_meta=False, metas=['./colcon.meta'], base_paths=['.'], packages_ignore=None, packages_ignore_regex=None, paths=None, packages_up_to=None, packages_up_to_regex=None, packages_above=None, packages_above_and_dependencies=None, packages_above_depth=None, packages_select_by_dep=None, packages_skip_by_dep=None, packages_skip_up_to=None, packages_select_build_failed=False, packages_skip_build_finished=False, packages_select_test_failures=False, packages_skip_test_passed=False, packages_select=None, packages_skip=None, packages_select_regex=None, packages_skip_regex=None, packages_start=None, packages_end=None, allow_overriding=[], cmake_args=None, cmake_target=None, cmake_target_skip_unavailable=False, cmake_clean_cache=False, cmake_clean_first=False, cmake_force_configure=False, ament_cmake_args=None, catkin_cmake_args=None, catkin_skip_building_tests=False, verb_parser=<colcon_defaults.argument_parser.defaults.DefaultArgumentsDecorator object at 0x7f04aa3545e0>, verb_extension=<colcon_core.verb.build.BuildVerb object at 0x7f04aa357cd0>, main=<bound method BuildVerb.main of <colcon_core.verb.build.BuildVerb object at 0x7f04aa357cd0>>)
[1.238s] Level 1:colcon.colcon_core.package_discovery:discover_packages(colcon_meta) check parameters
[1.238s] Level 1:colcon.colcon_core.package_discovery:discover_packages(recursive) check parameters
[1.238s] Level 1:colcon.colcon_core.package_discovery:discover_packages(ignore) check parameters
[1.238s] Level 1:colcon.colcon_core.package_discovery:discover_packages(path) check parameters
[1.238s] Level 1:colcon.colcon_core.package_discovery:discover_packages(colcon_meta) discover
[1.238s] Level 1:colcon.colcon_core.package_discovery:discover_packages(recursive) discover
[1.238s] INFO:colcon.colcon_core.package_discovery:Crawling recursively for packages in '/home/robot/134code/robotws'
[1.238s] Level 1:colcon.colcon_core.package_identification:_identify(.) by extensions ['ignore', 'ignore_ament_install']
[1.238s] Level 1:colcon.colcon_core.package_identification:_identify(.) by extension 'ignore'
[1.238s] Level 1:colcon.colcon_core.package_identification:_identify(.) by extension 'ignore_ament_install'
[1.238s] Level 1:colcon.colcon_core.package_identification:_identify(.) by extensions ['colcon_pkg']
[1.238s] Level 1:colcon.colcon_core.package_identification:_identify(.) by extension 'colcon_pkg'
[1.238s] Level 1:colcon.colcon_core.package_identification:_identify(.) by extensions ['colcon_meta']
[1.238s] Level 1:colcon.colcon_core.package_identification:_identify(.) by extension 'colcon_meta'
[1.238s] Level 1:colcon.colcon_core.package_identification:_identify(.) by extensions ['ros']
[1.238s] Level 1:colcon.colcon_core.package_identification:_identify(.) by extension 'ros'
[1.249s] Level 1:colcon.colcon_core.package_identification:_identify(.) by extensions ['cmake', 'python']
[1.249s] Level 1:colcon.colcon_core.package_identification:_identify(.) by extension 'cmake'
[1.249s] Level 1:colcon.colcon_core.package_identification:_identify(.) by extension 'python'
[1.249s] Level 1:colcon.colcon_core.package_identification:_identify(.) by extensions ['python_setup_py']
[1.249s] Level 1:colcon.colcon_core.package_identification:_identify(.) by extension 'python_setup_py'
[1.249s] Level 1:colcon.colcon_core.package_identification:_identify(build) by extensions ['ignore', 'ignore_ament_install']
[1.249s] Level 1:colcon.colcon_core.package_identification:_identify(build) by extension 'ignore'
[1.249s] Level 1:colcon.colcon_core.package_identification:_identify(build) ignored
[1.249s] Level 1:colcon.colcon_core.package_identification:_identify(install) by extensions ['ignore', 'ignore_ament_install']
[1.249s] Level 1:colcon.colcon_core.package_identification:_identify(install) by extension 'ignore'
[1.249s] Level 1:colcon.colcon_core.package_identification:_identify(install) ignored
[1.249s] Level 1:colcon.colcon_core.package_identification:_identify(log) by extensions ['ignore', 'ignore_ament_install']
[1.249s] Level 1:colcon.colcon_core.package_identification:_identify(log) by extension 'ignore'
[1.249s] Level 1:colcon.colcon_core.package_identification:_identify(log) ignored
[1.250s] Level 1:colcon.colcon_core.package_identification:_identify(src) by extensions ['ignore', 'ignore_ament_install']
[1.250s] Level 1:colcon.colcon_core.package_identification:_identify(src) by extension 'ignore'
[1.250s] Level 1:colcon.colcon_core.package_identification:_identify(src) by extension 'ignore_ament_install'
[1.250s] Level 1:colcon.colcon_core.package_identification:_identify(src) by extensions ['colcon_pkg']
[1.250s] Level 1:colcon.colcon_core.package_identification:_identify(src) by extension 'colcon_pkg'
[1.250s] Level 1:colcon.colcon_core.package_identification:_identify(src) by extensions ['colcon_meta']
[1.250s] Level 1:colcon.colcon_core.package_identification:_identify(src) by extension 'colcon_meta'
[1.250s] Level 1:colcon.colcon_core.package_identification:_identify(src) by extensions ['ros']
[1.250s] Level 1:colcon.colcon_core.package_identification:_identify(src) by extension 'ros'
[1.250s] Level 1:colcon.colcon_core.package_identification:_identify(src) by extensions ['cmake', 'python']
[1.250s] Level 1:colcon.colcon_core.package_identification:_identify(src) by extension 'cmake'
[1.250s] Level 1:colcon.colcon_core.package_identification:_identify(src) by extension 'python'
[1.250s] Level 1:colcon.colcon_core.package_identification:_identify(src) by extensions ['python_setup_py']
[1.250s] Level 1:colcon.colcon_core.package_identification:_identify(src) by extension 'python_setup_py'
[1.250s] Level 1:colcon.colcon_core.package_identification:_identify(src/basic134) by extensions ['ignore', 'ignore_ament_install']
[1.250s] Level 1:colcon.colcon_core.package_identification:_identify(src/basic134) by extension 'ignore'
[1.250s] Level 1:colcon.colcon_core.package_identification:_identify(src/basic134) by extension 'ignore_ament_install'
[1.250s] Level 1:colcon.colcon_core.package_identification:_identify(src/basic134) by extensions ['colcon_pkg']
[1.250s] Level 1:colcon.colcon_core.package_identification:_identify(src/basic134) by extension 'colcon_pkg'
[1.250s] Level 1:colcon.colcon_core.package_identification:_identify(src/basic134) by extensions ['colcon_meta']
[1.250s] Level 1:colcon.colcon_core.package_identification:_identify(src/basic134) by extension 'colcon_meta'
[1.250s] Level 1:colcon.colcon_core.package_identification:_identify(src/basic134) by extensions ['ros']
[1.250s] Level 1:colcon.colcon_core.package_identification:_identify(src/basic134) by extension 'ros'
[1.253s] DEBUG:colcon.colcon_core.package_identification:Package 'src/basic134' with type 'ros.ament_python' and name 'basic134'
[1.253s] Level 1:colcon.colcon_core.package_identification:_identify(src/demo134) by extensions ['ignore', 'ignore_ament_install']
[1.253s] Level 1:colcon.colcon_core.package_identification:_identify(src/demo134) by extension 'ignore'
[1.253s] Level 1:colcon.colcon_core.package_identification:_identify(src/demo134) by extension 'ignore_ament_install'
[1.253s] Level 1:colcon.colcon_core.package_identification:_identify(src/demo134) by extensions ['colcon_pkg']
[1.253s] Level 1:colcon.colcon_core.package_identification:_identify(src/demo134) by extension 'colcon_pkg'
[1.253s] Level 1:colcon.colcon_core.package_identification:_identify(src/demo134) by extensions ['colcon_meta']
[1.253s] Level 1:colcon.colcon_core.package_identification:_identify(src/demo134) by extension 'colcon_meta'
[1.253s] Level 1:colcon.colcon_core.package_identification:_identify(src/demo134) by extensions ['ros']
[1.253s] Level 1:colcon.colcon_core.package_identification:_identify(src/demo134) by extension 'ros'
[1.253s] Level 1:colcon.colcon_core.package_identification:_identify(src/demo134) by extensions ['cmake', 'python']
[1.253s] Level 1:colcon.colcon_core.package_identification:_identify(src/demo134) by extension 'cmake'
[1.253s] Level 1:colcon.colcon_core.package_identification:_identify(src/demo134) by extension 'python'
[1.253s] Level 1:colcon.colcon_core.package_identification:_identify(src/demo134) by extensions ['python_setup_py']
[1.253s] Level 1:colcon.colcon_core.package_identification:_identify(src/demo134) by extension 'python_setup_py'
[1.254s] Level 1:colcon.colcon_core.package_identification:_identify(src/demo134/demo134) by extensions ['ignore', 'ignore_ament_install']
[1.254s] Level 1:colcon.colcon_core.package_identification:_identify(src/demo134/demo134) by extension 'ignore'
[1.254s] Level 1:colcon.colcon_core.package_identification:_identify(src/demo134/demo134) by extension 'ignore_ament_install'
[1.254s] Level 1:colcon.colcon_core.package_identification:_identify(src/demo134/demo134) by extensions ['colcon_pkg']
[1.254s] Level 1:colcon.colcon_core.package_identification:_identify(src/demo134/demo134) by extension 'colcon_pkg'
[1.254s] Level 1:colcon.colcon_core.package_identification:_identify(src/demo134/demo134) by extensions ['colcon_meta']
[1.254s] Level 1:colcon.colcon_core.package_identification:_identify(src/demo134/demo134) by extension 'colcon_meta'
[1.254s] Level 1:colcon.colcon_core.package_identification:_identify(src/demo134/demo134) by extensions ['ros']
[1.254s] Level 1:colcon.colcon_core.package_identification:_identify(src/demo134/demo134) by extension 'ros'
[1.254s] DEBUG:colcon.colcon_core.package_identification:Package 'src/demo134/demo134' with type 'ros.ament_python' and name 'demo134'
[1.255s] Level 1:colcon.colcon_core.package_identification:_identify(src/hebiros) by extensions ['ignore', 'ignore_ament_install']
[1.255s] Level 1:colcon.colcon_core.package_identification:_identify(src/hebiros) by extension 'ignore'
[1.255s] Level 1:colcon.colcon_core.package_identification:_identify(src/hebiros) by extension 'ignore_ament_install'
[1.255s] Level 1:colcon.colcon_core.package_identification:_identify(src/hebiros) by extensions ['colcon_pkg']
[1.255s] Level 1:colcon.colcon_core.package_identification:_identify(src/hebiros) by extension 'colcon_pkg'
[1.255s] Level 1:colcon.colcon_core.package_identification:_identify(src/hebiros) by extensions ['colcon_meta']
[1.255s] Level 1:colcon.colcon_core.package_identification:_identify(src/hebiros) by extension 'colcon_meta'
[1.255s] Level 1:colcon.colcon_core.package_identification:_identify(src/hebiros) by extensions ['ros']
[1.255s] Level 1:colcon.colcon_core.package_identification:_identify(src/hebiros) by extension 'ros'
[1.255s] Level 1:colcon.colcon_core.package_identification:_identify(src/hebiros) by extensions ['cmake', 'python']
[1.255s] Level 1:colcon.colcon_core.package_identification:_identify(src/hebiros) by extension 'cmake'
[1.255s] Level 1:colcon.colcon_core.package_identification:_identify(src/hebiros) by extension 'python'
[1.255s] Level 1:colcon.colcon_core.package_identification:_identify(src/hebiros) by extensions ['python_setup_py']
[1.255s] Level 1:colcon.colcon_core.package_identification:_identify(src/hebiros) by extension 'python_setup_py'
[1.255s] Level 1:colcon.colcon_core.package_identification:_identify(src/hebiros/hebiros) by extensions ['ignore', 'ignore_ament_install']
[1.255s] Level 1:colcon.colcon_core.package_identification:_identify(src/hebiros/hebiros) by extension 'ignore'
[1.255s] Level 1:colcon.colcon_core.package_identification:_identify(src/hebiros/hebiros) by extension 'ignore_ament_install'
[1.255s] Level 1:colcon.colcon_core.package_identification:_identify(src/hebiros/hebiros) by extensions ['colcon_pkg']
[1.255s] Level 1:colcon.colcon_core.package_identification:_identify(src/hebiros/hebiros) by extension 'colcon_pkg'
[1.256s] Level 1:colcon.colcon_core.package_identification:_identify(src/hebiros/hebiros) by extensions ['colcon_meta']
[1.256s] Level 1:colcon.colcon_core.package_identification:_identify(src/hebiros/hebiros) by extension 'colcon_meta'
[1.256s] Level 1:colcon.colcon_core.package_identification:_identify(src/hebiros/hebiros) by extensions ['ros']
[1.256s] Level 1:colcon.colcon_core.package_identification:_identify(src/hebiros/hebiros) by extension 'ros'
[1.256s] DEBUG:colcon.colcon_core.package_identification:Package 'src/hebiros/hebiros' with type 'ros.ament_python' and name 'hebiros'
[1.256s] Level 1:colcon.colcon_core.package_discovery:discover_packages(recursive) using defaults
[1.256s] Level 1:colcon.colcon_core.package_discovery:discover_packages(ignore) discover
[1.256s] Level 1:colcon.colcon_core.package_discovery:discover_packages(ignore) using defaults
[1.256s] Level 1:colcon.colcon_core.package_discovery:discover_packages(path) discover
[1.256s] Level 1:colcon.colcon_core.package_discovery:discover_packages(path) using defaults
[1.362s] Level 1:colcon.colcon_core.package_discovery:discover_packages(prefix_path) check parameters
[1.362s] Level 1:colcon.colcon_core.package_discovery:discover_packages(prefix_path) discover
[1.408s] DEBUG:colcon.colcon_installed_package_information.package_discovery:Found 3 installed packages in /home/robot/134code/robotws/install
[1.427s] DEBUG:colcon.colcon_installed_package_information.package_discovery:Found 417 installed packages in /opt/ros/humble
[1.429s] Level 1:colcon.colcon_core.package_discovery:discover_packages(prefix_path) using defaults
[1.536s] Level 5:colcon.colcon_core.verb:set package 'basic134' build argument 'cmake_args' from command line to 'None'
[1.537s] Level 5:colcon.colcon_core.verb:set package 'basic134' build argument 'cmake_target' from command line to 'None'
[1.537s] Level 5:colcon.colcon_core.verb:set package 'basic134' build argument 'cmake_target_skip_unavailable' from command line to 'False'
[1.537s] Level 5:colcon.colcon_core.verb:set package 'basic134' build argument 'cmake_clean_cache' from command line to 'False'
[1.537s] Level 5:colcon.colcon_core.verb:set package 'basic134' build argument 'cmake_clean_first' from command line to 'False'
[1.537s] Level 5:colcon.colcon_core.verb:set package 'basic134' build argument 'cmake_force_configure' from command line to 'False'
[1.537s] Level 5:colcon.colcon_core.verb:set package 'basic134' build argument 'ament_cmake_args' from command line to 'None'
[1.537s] Level 5:colcon.colcon_core.verb:set package 'basic134' build argument 'catkin_cmake_args' from command line to 'None'
[1.537s] Level 5:colcon.colcon_core.verb:set package 'basic134' build argument 'catkin_skip_building_tests' from command line to 'False'
[1.537s] DEBUG:colcon.colcon_core.verb:Building package 'basic134' with the following arguments: {'ament_cmake_args': None, 'build_base': '/home/robot/134code/robotws/build/basic134', 'catkin_cmake_args': None, 'catkin_skip_building_tests': False, 'cmake_args': None, 'cmake_clean_cache': False, 'cmake_clean_first': False, 'cmake_force_configure': False, 'cmake_target': None, 'cmake_target_skip_unavailable': False, 'install_base': '/home/robot/134code/robotws/install/basic134', 'merge_install': False, 'path': '/home/robot/134code/robotws/src/basic134', 'symlink_install': True, 'test_result_base': None}
[1.554s] Level 5:colcon.colcon_core.verb:set package 'demo134' build argument 'cmake_args' from command line to 'None'
[1.555s] Level 5:colcon.colcon_core.verb:set package 'demo134' build argument 'cmake_target' from command line to 'None'
[1.555s] Level 5:colcon.colcon_core.verb:set package 'demo134' build argument 'cmake_target_skip_unavailable' from command line to 'False'
[1.555s] Level 5:colcon.colcon_core.verb:set package 'demo134' build argument 'cmake_clean_cache' from command line to 'False'
[1.555s] Level 5:colcon.colcon_core.verb:set package 'demo134' build argument 'cmake_clean_first' from command line to 'False'
[1.555s] Level 5:colcon.colcon_core.verb:set package 'demo134' build argument 'cmake_force_configure' from command line to 'False'
[1.555s] Level 5:colcon.colcon_core.verb:set package 'demo134' build argument 'ament_cmake_args' from command line to 'None'
[1.555s] Level 5:colcon.colcon_core.verb:set package 'demo134' build argument 'catkin_cmake_args' from command line to 'None'
[1.555s] Level 5:colcon.colcon_core.verb:set package 'demo134' build argument 'catkin_skip_building_tests' from command line to 'False'
[1.555s] DEBUG:colcon.colcon_core.verb:Building package 'demo134' with the following arguments: {'ament_cmake_args': None, 'build_base': '/home/robot/134code/robotws/build/demo134', 'catkin_cmake_args': None, 'catkin_skip_building_tests': False, 'cmake_args': None, 'cmake_clean_cache': False, 'cmake_clean_first': False, 'cmake_force_configure': False, 'cmake_target': None, 'cmake_target_skip_unavailable': False, 'install_base': '/home/robot/134code/robotws/install/demo134', 'merge_install': False, 'path': '/home/robot/134code/robotws/src/demo134/demo134', 'symlink_install': True, 'test_result_base': None}
[1.572s] Level 5:colcon.colcon_core.verb:set package 'hebiros' build argument 'cmake_args' from command line to 'None'
[1.572s] Level 5:colcon.colcon_core.verb:set package 'hebiros' build argument 'cmake_target' from command line to 'None'
[1.572s] Level 5:colcon.colcon_core.verb:set package 'hebiros' build argument 'cmake_target_skip_unavailable' from command line to 'False'
[1.572s] Level 5:colcon.colcon_core.verb:set package 'hebiros' build argument 'cmake_clean_cache' from command line to 'False'
[1.572s] Level 5:colcon.colcon_core.verb:set package 'hebiros' build argument 'cmake_clean_first' from command line to 'False'
[1.572s] Level 5:colcon.colcon_core.verb:set package 'hebiros' build argument 'cmake_force_configure' from command line to 'False'
[1.572s] Level 5:colcon.colcon_core.verb:set package 'hebiros' build argument 'ament_cmake_args' from command line to 'None'
[1.573s] Level 5:colcon.colcon_core.verb:set package 'hebiros' build argument 'catkin_cmake_args' from command line to 'None'
[1.573s] Level 5:colcon.colcon_core.verb:set package 'hebiros' build argument 'catkin_skip_building_tests' from command line to 'False'
[1.573s] DEBUG:colcon.colcon_core.verb:Building package 'hebiros' with the following arguments: {'ament_cmake_args': None, 'build_base': '/home/robot/134code/robotws/build/hebiros', 'catkin_cmake_args': None, 'catkin_skip_building_tests': False, 'cmake_args': None, 'cmake_clean_cache': False, 'cmake_clean_first': False, 'cmake_force_configure': False, 'cmake_target': None, 'cmake_target_skip_unavailable': False, 'install_base': '/home/robot/134code/robotws/install/hebiros', 'merge_install': False, 'path': '/home/robot/134code/robotws/src/hebiros/hebiros', 'symlink_install': True, 'test_result_base': None}
[1.590s] INFO:colcon.colcon_core.executor:Executing jobs using 'parallel' executor
[1.608s] DEBUG:colcon.colcon_parallel_executor.executor.parallel:run_until_complete
[1.608s] INFO:colcon.colcon_ros.task.ament_python.build:Building ROS package in '/home/robot/134code/robotws/src/basic134' with build type 'ament_python'
[1.609s] Level 1:colcon.colcon_core.shell:create_environment_hook('basic134', 'ament_prefix_path')
[1.629s] INFO:colcon.colcon_core.plugin_system:Skipping extension 'colcon_core.shell.bat': Not used on non-Windows systems
[1.629s] INFO:colcon.colcon_core.shell:Creating environment hook '/home/robot/134code/robotws/install/basic134/share/basic134/hook/ament_prefix_path.ps1'
[1.630s] INFO:colcon.colcon_core.shell:Creating environment descriptor '/home/robot/134code/robotws/install/basic134/share/basic134/hook/ament_prefix_path.dsv'
[1.630s] INFO:colcon.colcon_core.shell:Creating environment hook '/home/robot/134code/robotws/install/basic134/share/basic134/hook/ament_prefix_path.sh'
[1.650s] INFO:colcon.colcon_core.shell:Skip shell extension 'powershell' for command environment: Not usable outside of PowerShell
[1.650s] DEBUG:colcon.colcon_core.shell:Skip shell extension 'dsv' for command environment
[1.706s] INFO:colcon.colcon_ros.task.ament_python.build:Building ROS package in '/home/robot/134code/robotws/src/demo134/demo134' with build type 'ament_python'
[1.707s] Level 1:colcon.colcon_core.shell:create_environment_hook('demo134', 'ament_prefix_path')
[1.727s] INFO:colcon.colcon_core.shell:Creating environment hook '/home/robot/134code/robotws/install/demo134/share/demo134/hook/ament_prefix_path.ps1'
[1.727s] INFO:colcon.colcon_core.shell:Creating environment descriptor '/home/robot/134code/robotws/install/demo134/share/demo134/hook/ament_prefix_path.dsv'
[1.728s] INFO:colcon.colcon_core.shell:Creating environment hook '/home/robot/134code/robotws/install/demo134/share/demo134/hook/ament_prefix_path.sh'
[1.749s] INFO:colcon.colcon_core.shell:Skip shell extension 'powershell' for command environment: Not usable outside of PowerShell
[1.749s] DEBUG:colcon.colcon_core.shell:Skip shell extension 'dsv' for command environment
[1.804s] INFO:colcon.colcon_ros.task.ament_python.build:Building ROS package in '/home/robot/134code/robotws/src/hebiros/hebiros' with build type 'ament_python'
[1.805s] Level 1:colcon.colcon_core.shell:create_environment_hook('hebiros', 'ament_prefix_path')
[1.827s] INFO:colcon.colcon_core.shell:Creating environment hook '/home/robot/134code/robotws/install/hebiros/share/hebiros/hook/ament_prefix_path.ps1'
[1.827s] INFO:colcon.colcon_core.shell:Creating environment descriptor '/home/robot/134code/robotws/install/hebiros/share/hebiros/hook/ament_prefix_path.dsv'
[1.827s] INFO:colcon.colcon_core.shell:Creating environment hook '/home/robot/134code/robotws/install/hebiros/share/hebiros/hook/ament_prefix_path.sh'
[1.847s] INFO:colcon.colcon_core.shell:Skip shell extension 'powershell' for command environment: Not usable outside of PowerShell
[1.847s] DEBUG:colcon.colcon_core.shell:Skip shell extension 'dsv' for command environment
[2.186s] INFO:colcon.colcon_core.task.python.build:Building Python package in '/home/robot/134code/robotws/src/basic134'
[2.208s] INFO:colcon.colcon_core.shell:Skip shell extension 'powershell' for command environment: Not usable outside of PowerShell
[2.208s] DEBUG:colcon.colcon_core.shell:Skip shell extension 'dsv' for command environment
[2.546s] INFO:colcon.colcon_core.task.python.build:Building Python package in '/home/robot/134code/robotws/src/demo134/demo134'
[2.564s] INFO:colcon.colcon_core.shell:Skip shell extension 'powershell' for command environment: Not usable outside of PowerShell
[2.564s] DEBUG:colcon.colcon_core.shell:Skip shell extension 'dsv' for command environment
[2.904s] INFO:colcon.colcon_core.task.python.build:Building Python package in '/home/robot/134code/robotws/src/hebiros/hebiros'
[2.922s] INFO:colcon.colcon_core.shell:Skip shell extension 'powershell' for command environment: Not usable outside of PowerShell
[2.923s] DEBUG:colcon.colcon_core.shell:Skip shell extension 'dsv' for command environment
[3.402s] DEBUG:colcon.colcon_core.event_handler.log_command:Invoking command in '/home/robot/134code/robotws/build/demo134': PYTHONPATH=/home/robot/134code/robotws/build/demo134/prefix_override:/home/robot/134code/robotws/install/demo134/lib/python3.10/site-packages:${PYTHONPATH} /usr/bin/python3 setup.py develop --editable --build-directory /home/robot/134code/robotws/build/demo134/build --no-deps install_data
[3.648s] DEBUG:colcon.colcon_core.event_handler.log_command:Invoking command in '/home/robot/134code/robotws/build/hebiros': PYTHONPATH=/home/robot/134code/robotws/build/hebiros/prefix_override:/home/robot/134code/robotws/install/hebiros/lib/python3.10/site-packages:${PYTHONPATH} /usr/bin/python3 setup.py develop --editable --build-directory /home/robot/134code/robotws/build/hebiros/build --no-deps install_data
[3.650s] DEBUG:colcon.colcon_core.event_handler.log_command:Invoking command in '/home/robot/134code/robotws/build/basic134': PYTHONPATH=/home/robot/134code/robotws/build/basic134/prefix_override:/home/robot/134code/robotws/install/basic134/lib/python3.10/site-packages:${PYTHONPATH} /usr/bin/python3 setup.py develop --editable --build-directory /home/robot/134code/robotws/build/basic134/build --no-deps install_data
[4.144s] Level 1:colcon.colcon_core.shell:create_environment_hook('demo134', 'pythonpath_develop')
[4.149s] DEBUG:colcon.colcon_core.event_handler.log_command:Invoked command in '/home/robot/134code/robotws/build/demo134' returned '0': PYTHONPATH=/home/robot/134code/robotws/build/demo134/prefix_override:/home/robot/134code/robotws/install/demo134/lib/python3.10/site-packages:${PYTHONPATH} /usr/bin/python3 setup.py develop --editable --build-directory /home/robot/134code/robotws/build/demo134/build --no-deps install_data
[4.183s] INFO:colcon.colcon_core.shell:Creating environment hook '/home/robot/134code/robotws/build/demo134/share/demo134/hook/pythonpath_develop.ps1'
[4.183s] INFO:colcon.colcon_core.shell:Creating environment descriptor '/home/robot/134code/robotws/build/demo134/share/demo134/hook/pythonpath_develop.dsv'
[4.184s] INFO:colcon.colcon_core.shell:Creating environment hook '/home/robot/134code/robotws/build/demo134/share/demo134/hook/pythonpath_develop.sh'
[4.215s] Level 1:colcon.colcon_core.environment:checking '/home/robot/134code/robotws/install/demo134' for CMake module files
[4.215s] Level 1:colcon.colcon_core.environment:checking '/home/robot/134code/robotws/install/demo134' for CMake config files
[4.216s] Level 1:colcon.colcon_core.environment:checking '/home/robot/134code/robotws/install/demo134/lib'
[4.216s] Level 1:colcon.colcon_core.environment:checking '/home/robot/134code/robotws/install/demo134/bin'
[4.216s] Level 1:colcon.colcon_core.environment:checking '/home/robot/134code/robotws/install/demo134/lib/pkgconfig/demo134.pc'
[4.217s] Level 1:colcon.colcon_core.environment:checking '/home/robot/134code/robotws/install/demo134/lib/python3.10/site-packages'
[4.217s] Level 1:colcon.colcon_core.shell:create_environment_hook('demo134', 'pythonpath')
[4.235s] INFO:colcon.colcon_core.shell:Creating environment hook '/home/robot/134code/robotws/install/demo134/share/demo134/hook/pythonpath.ps1'
[4.235s] INFO:colcon.colcon_core.shell:Creating environment descriptor '/home/robot/134code/robotws/install/demo134/share/demo134/hook/pythonpath.dsv'
[4.235s] INFO:colcon.colcon_core.shell:Creating environment hook '/home/robot/134code/robotws/install/demo134/share/demo134/hook/pythonpath.sh'
[4.236s] Level 1:colcon.colcon_core.environment:checking '/home/robot/134code/robotws/install/demo134/bin'
[4.236s] Level 1:colcon.colcon_core.environment:create_environment_scripts_only(demo134)
[4.257s] INFO:colcon.colcon_core.shell:Creating package script '/home/robot/134code/robotws/install/demo134/share/demo134/package.ps1'
[4.258s] INFO:colcon.colcon_core.shell:Creating package descriptor '/home/robot/134code/robotws/install/demo134/share/demo134/package.dsv'
[4.258s] INFO:colcon.colcon_core.shell:Creating package script '/home/robot/134code/robotws/install/demo134/share/demo134/package.sh'
[4.259s] INFO:colcon.colcon_core.shell:Creating package script '/home/robot/134code/robotws/install/demo134/share/demo134/package.bash'
[4.259s] INFO:colcon.colcon_core.shell:Creating package script '/home/robot/134code/robotws/install/demo134/share/demo134/package.zsh'
[4.260s] Level 1:colcon.colcon_core.environment:create_file_with_runtime_dependencies(/home/robot/134code/robotws/install/demo134/share/colcon-core/packages/demo134)
[4.261s] Level 1:colcon.colcon_core.shell:create_environment_hook('hebiros', 'pythonpath_develop')
[4.262s] DEBUG:colcon.colcon_core.event_handler.log_command:Invoked command in '/home/robot/134code/robotws/build/hebiros' returned '0': PYTHONPATH=/home/robot/134code/robotws/build/hebiros/prefix_override:/home/robot/134code/robotws/install/hebiros/lib/python3.10/site-packages:${PYTHONPATH} /usr/bin/python3 setup.py develop --editable --build-directory /home/robot/134code/robotws/build/hebiros/build --no-deps install_data
[4.284s] INFO:colcon.colcon_core.shell:Creating environment hook '/home/robot/134code/robotws/build/hebiros/share/hebiros/hook/pythonpath_develop.ps1'
[4.285s] INFO:colcon.colcon_core.shell:Creating environment descriptor '/home/robot/134code/robotws/build/hebiros/share/hebiros/hook/pythonpath_develop.dsv'
[4.285s] INFO:colcon.colcon_core.shell:Creating environment hook '/home/robot/134code/robotws/build/hebiros/share/hebiros/hook/pythonpath_develop.sh'
[4.303s] Level 1:colcon.colcon_core.environment:checking '/home/robot/134code/robotws/install/hebiros' for CMake module files
[4.304s] Level 1:colcon.colcon_core.environment:checking '/home/robot/134code/robotws/install/hebiros' for CMake config files
[4.304s] Level 1:colcon.colcon_core.environment:checking '/home/robot/134code/robotws/install/hebiros/lib'
[4.304s] Level 1:colcon.colcon_core.environment:checking '/home/robot/134code/robotws/install/hebiros/bin'
[4.304s] Level 1:colcon.colcon_core.environment:checking '/home/robot/134code/robotws/install/hebiros/lib/pkgconfig/hebiros.pc'
[4.304s] Level 1:colcon.colcon_core.environment:checking '/home/robot/134code/robotws/install/hebiros/lib/python3.10/site-packages'
[4.305s] Level 1:colcon.colcon_core.shell:create_environment_hook('hebiros', 'pythonpath')
[4.327s] INFO:colcon.colcon_core.shell:Creating environment hook '/home/robot/134code/robotws/install/hebiros/share/hebiros/hook/pythonpath.ps1'
[4.327s] INFO:colcon.colcon_core.shell:Creating environment descriptor '/home/robot/134code/robotws/install/hebiros/share/hebiros/hook/pythonpath.dsv'
[4.328s] INFO:colcon.colcon_core.shell:Creating environment hook '/home/robot/134code/robotws/install/hebiros/share/hebiros/hook/pythonpath.sh'
[4.328s] Level 1:colcon.colcon_core.environment:checking '/home/robot/134code/robotws/install/hebiros/bin'
[4.328s] Level 1:colcon.colcon_core.environment:create_environment_scripts_only(hebiros)
[4.350s] INFO:colcon.colcon_core.shell:Creating package script '/home/robot/134code/robotws/install/hebiros/share/hebiros/package.ps1'
[4.351s] INFO:colcon.colcon_core.shell:Creating package descriptor '/home/robot/134code/robotws/install/hebiros/share/hebiros/package.dsv'
[4.351s] INFO:colcon.colcon_core.shell:Creating package script '/home/robot/134code/robotws/install/hebiros/share/hebiros/package.sh'
[4.351s] INFO:colcon.colcon_core.shell:Creating package script '/home/robot/134code/robotws/install/hebiros/share/hebiros/package.bash'
[4.351s] INFO:colcon.colcon_core.shell:Creating package script '/home/robot/134code/robotws/install/hebiros/share/hebiros/package.zsh'
[4.352s] Level 1:colcon.colcon_core.environment:create_file_with_runtime_dependencies(/home/robot/134code/robotws/install/hebiros/share/colcon-core/packages/hebiros)
[4.421s] Level 1:colcon.colcon_core.shell:create_environment_hook('basic134', 'pythonpath_develop')
[4.422s] DEBUG:colcon.colcon_core.event_handler.log_command:Invoked command in '/home/robot/134code/robotws/build/basic134' returned '0': PYTHONPATH=/home/robot/134code/robotws/build/basic134/prefix_override:/home/robot/134code/robotws/install/basic134/lib/python3.10/site-packages:${PYTHONPATH} /usr/bin/python3 setup.py develop --editable --build-directory /home/robot/134code/robotws/build/basic134/build --no-deps install_data
[4.443s] INFO:colcon.colcon_core.shell:Creating environment hook '/home/robot/134code/robotws/build/basic134/share/basic134/hook/pythonpath_develop.ps1'
[4.443s] INFO:colcon.colcon_core.shell:Creating environment descriptor '/home/robot/134code/robotws/build/basic134/share/basic134/hook/pythonpath_develop.dsv'
[4.444s] INFO:colcon.colcon_core.shell:Creating environment hook '/home/robot/134code/robotws/build/basic134/share/basic134/hook/pythonpath_develop.sh'
[4.463s] Level 1:colcon.colcon_core.environment:checking '/home/robot/134code/robotws/install/basic134' for CMake module files
[4.464s] Level 1:colcon.colcon_core.environment:checking '/home/robot/134code/robotws/install/basic134' for CMake config files
[4.464s] Level 1:colcon.colcon_core.environment:checking '/home/robot/134code/robotws/install/basic134/lib'
[4.464s] Level 1:colcon.colcon_core.environment:checking '/home/robot/134code/robotws/install/basic134/bin'
[4.464s] Level 1:colcon.colcon_core.environment:checking '/home/robot/134code/robotws/install/basic134/lib/pkgconfig/basic134.pc'
[4.465s] Level 1:colcon.colcon_core.environment:checking '/home/robot/134code/robotws/install/basic134/lib/python3.10/site-packages'
[4.465s] Level 1:colcon.colcon_core.shell:create_environment_hook('basic134', 'pythonpath')
[4.482s] INFO:colcon.colcon_core.shell:Creating environment hook '/home/robot/134code/robotws/install/basic134/share/basic134/hook/pythonpath.ps1'
[4.483s] INFO:colcon.colcon_core.shell:Creating environment descriptor '/home/robot/134code/robotws/install/basic134/share/basic134/hook/pythonpath.dsv'
[4.483s] INFO:colcon.colcon_core.shell:Creating environment hook '/home/robot/134code/robotws/install/basic134/share/basic134/hook/pythonpath.sh'
[4.484s] Level 1:colcon.colcon_core.environment:checking '/home/robot/134code/robotws/install/basic134/bin'
[4.484s] Level 1:colcon.colcon_core.environment:create_environment_scripts_only(basic134)
[4.510s] INFO:colcon.colcon_core.shell:Creating package script '/home/robot/134code/robotws/install/basic134/share/basic134/package.ps1'
[4.511s] INFO:colcon.colcon_core.shell:Creating package descriptor '/home/robot/134code/robotws/install/basic134/share/basic134/package.dsv'
[4.511s] INFO:colcon.colcon_core.shell:Creating package script '/home/robot/134code/robotws/install/basic134/share/basic134/package.sh'
[4.512s] INFO:colcon.colcon_core.shell:Creating package script '/home/robot/134code/robotws/install/basic134/share/basic134/package.bash'
[4.512s] INFO:colcon.colcon_core.shell:Creating package script '/home/robot/134code/robotws/install/basic134/share/basic134/package.zsh'
[4.512s] Level 1:colcon.colcon_core.environment:create_file_with_runtime_dependencies(/home/robot/134code/robotws/install/basic134/share/colcon-core/packages/basic134)
[4.513s] DEBUG:colcon.colcon_parallel_executor.executor.parallel:closing loop
[4.513s] DEBUG:colcon.colcon_parallel_executor.executor.parallel:loop closed
[4.513s] DEBUG:colcon.colcon_parallel_executor.executor.parallel:run_until_complete finished with '0'
[4.513s] DEBUG:colcon.colcon_core.event_reactor:joining thread
[4.539s] INFO:colcon.colcon_core.plugin_system:Skipping extension 'colcon_notification.desktop_notification.terminal_notifier': Not used on non-Darwin systems
[4.539s] INFO:colcon.colcon_core.plugin_system:Skipping extension 'colcon_notification.desktop_notification.win32': Not used on non-Windows systems
[4.539s] INFO:colcon.colcon_notification.desktop_notification:Sending desktop notification using 'notify2'
[4.549s] DEBUG:colcon.colcon_core.event_reactor:joined thread
[4.575s] INFO:colcon.colcon_core.shell:Creating prefix script '/home/robot/134code/robotws/install/local_setup.ps1'
[4.577s] INFO:colcon.colcon_core.shell:Creating prefix util module '/home/robot/134code/robotws/install/_local_setup_util_ps1.py'
[4.579s] INFO:colcon.colcon_core.shell:Creating prefix chain script '/home/robot/134code/robotws/install/setup.ps1'
[4.600s] INFO:colcon.colcon_core.shell:Creating prefix script '/home/robot/134code/robotws/install/local_setup.sh'
[4.601s] INFO:colcon.colcon_core.shell:Creating prefix util module '/home/robot/134code/robotws/install/_local_setup_util_sh.py'
[4.601s] INFO:colcon.colcon_core.shell:Creating prefix chain script '/home/robot/134code/robotws/install/setup.sh'
[4.620s] INFO:colcon.colcon_core.shell:Creating prefix script '/home/robot/134code/robotws/install/local_setup.bash'
[4.620s] INFO:colcon.colcon_core.shell:Creating prefix chain script '/home/robot/134code/robotws/install/setup.bash'
[4.638s] INFO:colcon.colcon_core.shell:Creating prefix script '/home/robot/134code/robotws/install/local_setup.zsh'
[4.639s] INFO:colcon.colcon_core.shell:Creating prefix chain script '/home/robot/134code/robotws/install/setup.zsh'
