[2.243s] Invoking command in '/home/robot/134code/build/hebiros': PYTHONPATH=/home/robot/134code/build/hebiros/prefix_override:/home/robot/134code/install/hebiros/lib/python3.10/site-packages:${PYTHONPATH} /usr/bin/python3 setup.py develop --editable --build-directory /home/robot/134code/build/hebiros/build --no-deps install_data
[2.579s] running develop
[2.580s] /usr/lib/python3/dist-packages/setuptools/command/easy_install.py:158: EasyInstallDeprecationWarning: easy_install command is deprecated. Use build and pip and other standards-based tools.
[2.580s]   warnings.warn(
[2.581s] /usr/lib/python3/dist-packages/setuptools/command/install.py:34: SetuptoolsDeprecationWarning: setup.py install is deprecated. Use build and pip and other standards-based tools.
[2.582s]   warnings.warn(
[2.864s] running egg_info
[2.866s] writing hebiros.egg-info/PKG-INFO
[2.867s] writing dependency_links to hebiros.egg-info/dependency_links.txt
[2.869s] writing entry points to hebiros.egg-info/entry_points.txt
[2.873s] writing requirements to hebiros.egg-info/requires.txt
[2.874s] writing top-level names to hebiros.egg-info/top_level.txt
[2.875s] reading manifest file 'hebiros.egg-info/SOURCES.txt'
[2.877s] writing manifest file 'hebiros.egg-info/SOURCES.txt'
[2.878s] running build_ext
[2.879s] Creating /home/robot/134code/install/hebiros/lib/python3.10/site-packages/hebiros.egg-link (link to .)
[2.880s] Installing hebiforce script to /home/robot/134code/install/hebiros/lib/hebiros
[2.882s] Installing hebinode script to /home/robot/134code/install/hebiros/lib/hebiros
[2.883s] Installing hebiscan script to /home/robot/134code/install/hebiros/lib/hebiros
[2.884s] Installing hebitune script to /home/robot/134code/install/hebiros/lib/hebiros
[2.885s] Installing testsend script to /home/robot/134code/install/hebiros/lib/hebiros
[2.887s] 
[2.888s] Installed /home/robot/134code/build/hebiros
[2.889s] running install_data
[2.946s] Invoked command in '/home/robot/134code/build/hebiros' returned '0': PYTHONPATH=/home/robot/134code/build/hebiros/prefix_override:/home/robot/134code/install/hebiros/lib/python3.10/site-packages:${PYTHONPATH} /usr/bin/python3 setup.py develop --editable --build-directory /home/robot/134code/build/hebiros/build --no-deps install_data
