[2.670s] Invoking command in '/home/robot/134code/robotws/build/hebiros': PYTHONPATH=/home/robot/134code/robotws/build/hebiros/prefix_override:/home/robot/134code/robotws/install/hebiros/lib/python3.10/site-packages:${PYTHONPATH} /usr/bin/python3 setup.py develop --editable --build-directory /home/robot/134code/robotws/build/hebiros/build --no-deps install_data
[3.206s] running develop
[3.207s] /usr/lib/python3/dist-packages/setuptools/command/easy_install.py:158: EasyInstallDeprecationWarning: easy_install command is deprecated. Use build and pip and other standards-based tools.
[3.208s]   warnings.warn(
[3.209s] /usr/lib/python3/dist-packages/setuptools/command/install.py:34: SetuptoolsDeprecationWarning: setup.py install is deprecated. Use build and pip and other standards-based tools.
[3.210s]   warnings.warn(
[3.670s] running egg_info
[3.671s] writing hebiros.egg-info/PKG-INFO
[3.672s] writing dependency_links to hebiros.egg-info/dependency_links.txt
[3.674s] writing entry points to hebiros.egg-info/entry_points.txt
[3.674s] writing requirements to hebiros.egg-info/requires.txt
[3.675s] writing top-level names to hebiros.egg-info/top_level.txt
[3.680s] reading manifest file 'hebiros.egg-info/SOURCES.txt'
[3.680s] writing manifest file 'hebiros.egg-info/SOURCES.txt'
[3.683s] running build_ext
[3.684s] Creating /home/robot/134code/robotws/install/hebiros/lib/python3.10/site-packages/hebiros.egg-link (link to .)
[3.688s] Installing hebiforce script to /home/robot/134code/robotws/install/hebiros/lib/hebiros
[3.691s] Installing hebinode script to /home/robot/134code/robotws/install/hebiros/lib/hebiros
[3.692s] Installing hebiscan script to /home/robot/134code/robotws/install/hebiros/lib/hebiros
[3.692s] Installing hebitune script to /home/robot/134code/robotws/install/hebiros/lib/hebiros
[3.693s] Installing testsend script to /home/robot/134code/robotws/install/hebiros/lib/hebiros
[3.694s] 
[3.694s] Installed /home/robot/134code/robotws/build/hebiros
[3.695s] running install_data
[3.740s] Invoked command in '/home/robot/134code/robotws/build/hebiros' returned '0': PYTHONPATH=/home/robot/134code/robotws/build/hebiros/prefix_override:/home/robot/134code/robotws/install/hebiros/lib/python3.10/site-packages:${PYTHONPATH} /usr/bin/python3 setup.py develop --editable --build-directory /home/robot/134code/robotws/build/hebiros/build --no-deps install_data
