[2.272s] Invoking command in '/home/robot/134code/robotws/build/demo134': PYTHONPATH=/home/robot/134code/robotws/build/demo134/prefix_override:/home/robot/134code/robotws/install/demo134/lib/python3.10/site-packages:${PYTHONPATH} /usr/bin/python3 setup.py develop --editable --build-directory /home/robot/134code/robotws/build/demo134/build --no-deps install_data
[2.750s] running develop
[2.751s] /usr/lib/python3/dist-packages/setuptools/command/easy_install.py:158: EasyInstallDeprecationWarning: easy_install command is deprecated. Use build and pip and other standards-based tools.
[2.752s]   warnings.warn(
[2.754s] /usr/lib/python3/dist-packages/setuptools/command/install.py:34: SetuptoolsDeprecationWarning: setup.py install is deprecated. Use build and pip and other standards-based tools.
[2.755s]   warnings.warn(
[3.036s] running egg_info
[3.037s] writing demo134.egg-info/PKG-INFO
[3.038s] writing dependency_links to demo134.egg-info/dependency_links.txt
[3.039s] writing entry points to demo134.egg-info/entry_points.txt
[3.039s] writing requirements to demo134.egg-info/requires.txt
[3.040s] writing top-level names to demo134.egg-info/top_level.txt
[3.041s] reading manifest file 'demo134.egg-info/SOURCES.txt'
[3.042s] writing manifest file 'demo134.egg-info/SOURCES.txt'
[3.044s] running build_ext
[3.045s] Creating /home/robot/134code/robotws/install/demo134/lib/python3.10/site-packages/demo134.egg-link (link to .)
[3.046s] Installing demo134 script to /home/robot/134code/robotws/install/demo134/lib/demo134
[3.047s] 
[3.048s] Installed /home/robot/134code/robotws/build/demo134
[3.048s] running install_data
[3.094s] Invoked command in '/home/robot/134code/robotws/build/demo134' returned '0': PYTHONPATH=/home/robot/134code/robotws/build/demo134/prefix_override:/home/robot/134code/robotws/install/demo134/lib/python3.10/site-packages:${PYTHONPATH} /usr/bin/python3 setup.py develop --editable --build-directory /home/robot/134code/robotws/build/demo134/build --no-deps install_data
