running develop
running egg_info
creating detectors.egg-info
writing detectors.egg-info/PKG-INFO
writing dependency_links to detectors.egg-info/dependency_links.txt
writing entry points to detectors.egg-info/entry_points.txt
writing requirements to detectors.egg-info/requires.txt
writing top-level names to detectors.egg-info/top_level.txt
writing manifest file 'detectors.egg-info/SOURCES.txt'
reading manifest file 'detectors.egg-info/SOURCES.txt'
writing manifest file 'detectors.egg-info/SOURCES.txt'
running build_ext
Creating /home/robot/134code/src/install/detectors/lib/python3.10/site-packages/detectors.egg-link (link to .)
Installing balldetector script to /home/robot/134code/src/install/detectors/lib/detectors
Installing depthincenter script to /home/robot/134code/src/install/detectors/lib/detectors
Installing detectaruco script to /home/robot/134code/src/install/detectors/lib/detectors
Installing facedepth script to /home/robot/134code/src/install/detectors/lib/detectors
Installing facedetector script to /home/robot/134code/src/install/detectors/lib/detectors
Installing hsvtune script to /home/robot/134code/src/install/detectors/lib/detectors
Installing mapping script to /home/robot/134code/src/install/detectors/lib/detectors
Installing writearuco script to /home/robot/134code/src/install/detectors/lib/detectors

Installed /home/robot/134code/src/build/detectors
running install_data
creating /home/robot/134code/src/install/detectors/share/ament_index
creating /home/robot/134code/src/install/detectors/share/ament_index/resource_index
creating /home/robot/134code/src/install/detectors/share/ament_index/resource_index/packages
copying resource/detectors -> /home/robot/134code/src/install/detectors/share/ament_index/resource_index/packages
copying package.xml -> /home/robot/134code/src/install/detectors/share/detectors
creating /home/robot/134code/src/install/detectors/share/detectors/rviz
copying rviz/viewurdfandimage.rviz -> /home/robot/134code/src/install/detectors/share/detectors/rviz
copying rviz/viewpointcloud.rviz -> /home/robot/134code/src/install/detectors/share/detectors/rviz
creating /home/robot/134code/src/install/detectors/share/detectors/launch
copying launch/facedepth.launch.py -> /home/robot/134code/src/install/detectors/share/detectors/launch
copying launch/hsvtune.launch.py -> /home/robot/134code/src/install/detectors/share/detectors/launch
copying launch/balldetector.launch.py -> /home/robot/134code/src/install/detectors/share/detectors/launch
copying launch/start_usbcam.launch.py -> /home/robot/134code/src/install/detectors/share/detectors/launch
copying launch/realsense_pointcloud.launch.py -> /home/robot/134code/src/install/detectors/share/detectors/launch
copying launch/view_usbcam_rviz.launch.py -> /home/robot/134code/src/install/detectors/share/detectors/launch
copying launch/realsense_plain.launch.py -> /home/robot/134code/src/install/detectors/share/detectors/launch
copying launch/testmapping.launch.py -> /home/robot/134code/src/install/detectors/share/detectors/launch
copying launch/realsense_aligned.launch.py -> /home/robot/134code/src/install/detectors/share/detectors/launch
copying launch/facedetector.launch.py -> /home/robot/134code/src/install/detectors/share/detectors/launch
copying launch/view_usbcam_showimage.launch.py -> /home/robot/134code/src/install/detectors/share/detectors/launch
copying launch/view_usbcam_imageview.launch.py -> /home/robot/134code/src/install/detectors/share/detectors/launch
copying launch/detectaruco.launch.py -> /home/robot/134code/src/install/detectors/share/detectors/launch
