[0.895s] Invoking command in '/home/robot/134code/src/build/detectors': AMENT_PREFIX_PATH=/home/robot/134code/src/install/usb_cam:${AMENT_PREFIX_PATH} CMAKE_PREFIX_PATH=/home/robot/134code/src/install/usb_cam LD_LIBRARY_PATH=/home/robot/134code/src/install/usb_cam/lib:${LD_LIBRARY_PATH} PYTHONPATH=/home/robot/134code/src/build/detectors/prefix_override:/home/robot/134code/src/install/detectors/lib/python3.10/site-packages:${PYTHONPATH} /usr/bin/python3 setup.py develop --editable --build-directory /home/robot/134code/src/build/detectors/build --no-deps install_data
[1.176s] running develop
[1.177s] /usr/lib/python3/dist-packages/setuptools/command/easy_install.py:158: EasyInstallDeprecationWarning: easy_install command is deprecated. Use build and pip and other standards-based tools.
[1.177s]   warnings.warn(
[1.178s] /usr/lib/python3/dist-packages/setuptools/command/install.py:34: SetuptoolsDeprecationWarning: setup.py install is deprecated. Use build and pip and other standards-based tools.
[1.178s]   warnings.warn(
[1.383s] running egg_info
[1.383s] creating detectors.egg-info
[1.383s] writing detectors.egg-info/PKG-INFO
[1.383s] writing dependency_links to detectors.egg-info/dependency_links.txt
[1.384s] writing entry points to detectors.egg-info/entry_points.txt
[1.384s] writing requirements to detectors.egg-info/requires.txt
[1.384s] writing top-level names to detectors.egg-info/top_level.txt
[1.384s] writing manifest file 'detectors.egg-info/SOURCES.txt'
[1.386s] reading manifest file 'detectors.egg-info/SOURCES.txt'
[1.387s] writing manifest file 'detectors.egg-info/SOURCES.txt'
[1.388s] running build_ext
[1.389s] Creating /home/robot/134code/src/install/detectors/lib/python3.10/site-packages/detectors.egg-link (link to .)
[1.391s] Installing balldetector script to /home/robot/134code/src/install/detectors/lib/detectors
[1.391s] Installing depthincenter script to /home/robot/134code/src/install/detectors/lib/detectors
[1.391s] Installing detectaruco script to /home/robot/134code/src/install/detectors/lib/detectors
[1.391s] Installing facedepth script to /home/robot/134code/src/install/detectors/lib/detectors
[1.391s] Installing facedetector script to /home/robot/134code/src/install/detectors/lib/detectors
[1.391s] Installing hsvtune script to /home/robot/134code/src/install/detectors/lib/detectors
[1.392s] Installing mapping script to /home/robot/134code/src/install/detectors/lib/detectors
[1.392s] Installing writearuco script to /home/robot/134code/src/install/detectors/lib/detectors
[1.392s] 
[1.392s] Installed /home/robot/134code/src/build/detectors
[1.392s] running install_data
[1.392s] creating /home/robot/134code/src/install/detectors/share/ament_index
[1.392s] creating /home/robot/134code/src/install/detectors/share/ament_index/resource_index
[1.392s] creating /home/robot/134code/src/install/detectors/share/ament_index/resource_index/packages
[1.392s] copying resource/detectors -> /home/robot/134code/src/install/detectors/share/ament_index/resource_index/packages
[1.392s] copying package.xml -> /home/robot/134code/src/install/detectors/share/detectors
[1.392s] creating /home/robot/134code/src/install/detectors/share/detectors/rviz
[1.393s] copying rviz/viewurdfandimage.rviz -> /home/robot/134code/src/install/detectors/share/detectors/rviz
[1.393s] copying rviz/viewpointcloud.rviz -> /home/robot/134code/src/install/detectors/share/detectors/rviz
[1.393s] creating /home/robot/134code/src/install/detectors/share/detectors/launch
[1.393s] copying launch/facedepth.launch.py -> /home/robot/134code/src/install/detectors/share/detectors/launch
[1.393s] copying launch/hsvtune.launch.py -> /home/robot/134code/src/install/detectors/share/detectors/launch
[1.393s] copying launch/balldetector.launch.py -> /home/robot/134code/src/install/detectors/share/detectors/launch
[1.393s] copying launch/start_usbcam.launch.py -> /home/robot/134code/src/install/detectors/share/detectors/launch
[1.393s] copying launch/realsense_pointcloud.launch.py -> /home/robot/134code/src/install/detectors/share/detectors/launch
[1.393s] copying launch/view_usbcam_rviz.launch.py -> /home/robot/134code/src/install/detectors/share/detectors/launch
[1.393s] copying launch/realsense_plain.launch.py -> /home/robot/134code/src/install/detectors/share/detectors/launch
[1.393s] copying launch/testmapping.launch.py -> /home/robot/134code/src/install/detectors/share/detectors/launch
[1.393s] copying launch/realsense_aligned.launch.py -> /home/robot/134code/src/install/detectors/share/detectors/launch
[1.393s] copying launch/facedetector.launch.py -> /home/robot/134code/src/install/detectors/share/detectors/launch
[1.393s] copying launch/view_usbcam_showimage.launch.py -> /home/robot/134code/src/install/detectors/share/detectors/launch
[1.394s] copying launch/view_usbcam_imageview.launch.py -> /home/robot/134code/src/install/detectors/share/detectors/launch
[1.394s] copying launch/detectaruco.launch.py -> /home/robot/134code/src/install/detectors/share/detectors/launch
[1.419s] Invoked command in '/home/robot/134code/src/build/detectors' returned '0': AMENT_PREFIX_PATH=/home/robot/134code/src/install/usb_cam:${AMENT_PREFIX_PATH} CMAKE_PREFIX_PATH=/home/robot/134code/src/install/usb_cam LD_LIBRARY_PATH=/home/robot/134code/src/install/usb_cam/lib:${LD_LIBRARY_PATH} PYTHONPATH=/home/robot/134code/src/build/detectors/prefix_override:/home/robot/134code/src/install/detectors/lib/python3.10/site-packages:${PYTHONPATH} /usr/bin/python3 setup.py develop --editable --build-directory /home/robot/134code/src/build/detectors/build --no-deps install_data
