[2.542s] Invoking command in '/home/robot/134code/build/basic134': PYTHONPATH=/home/robot/134code/build/basic134/prefix_override:/home/robot/134code/install/basic134/lib/python3.10/site-packages:${PYTHONPATH} /usr/bin/python3 setup.py develop --editable --build-directory /home/robot/134code/build/basic134/build --no-deps install_data
[2.856s] running develop
[2.856s] /usr/lib/python3/dist-packages/setuptools/command/easy_install.py:158: EasyInstallDeprecationWarning: easy_install command is deprecated. Use build and pip and other standards-based tools.
[2.856s]   warnings.warn(
[2.858s] /usr/lib/python3/dist-packages/setuptools/command/install.py:34: SetuptoolsDeprecationWarning: setup.py install is deprecated. Use build and pip and other standards-based tools.
[2.859s]   warnings.warn(
[3.175s] running egg_info
[3.175s] writing basic134.egg-info/PKG-INFO
[3.176s] writing dependency_links to basic134.egg-info/dependency_links.txt
[3.176s] writing entry points to basic134.egg-info/entry_points.txt
[3.177s] writing requirements to basic134.egg-info/requires.txt
[3.177s] writing top-level names to basic134.egg-info/top_level.txt
[3.180s] reading manifest file 'basic134.egg-info/SOURCES.txt'
[3.182s] writing manifest file 'basic134.egg-info/SOURCES.txt'
[3.185s] running build_ext
[3.185s] Creating /home/robot/134code/install/basic134/lib/python3.10/site-packages/basic134.egg-link (link to .)
[3.187s] Installing demo134 script to /home/robot/134code/install/basic134/lib/basic134
[3.187s] Installing receivepoint script to /home/robot/134code/install/basic134/lib/basic134
[3.187s] Installing table script to /home/robot/134code/install/basic134/lib/basic134
[3.188s] 
[3.188s] Installed /home/robot/134code/build/basic134
[3.188s] running install_data
[3.238s] Invoked command in '/home/robot/134code/build/basic134' returned '0': PYTHONPATH=/home/robot/134code/build/basic134/prefix_override:/home/robot/134code/install/basic134/lib/python3.10/site-packages:${PYTHONPATH} /usr/bin/python3 setup.py develop --editable --build-directory /home/robot/134code/build/basic134/build --no-deps install_data
