[1.388s] Invoking command in '/home/robot/robotws/build/demo134': PYTHONPATH=/home/robot/robotws/build/demo134/prefix_override:/home/robot/robotws/install/demo134/lib/python3.10/site-packages:${PYTHONPATH} /usr/bin/python3 setup.py develop --editable --build-directory /home/robot/robotws/build/demo134/build --no-deps install_data
[1.862s] running develop
[1.862s] /usr/lib/python3/dist-packages/setuptools/command/easy_install.py:158: EasyInstallDeprecationWarning: easy_install command is deprecated. Use build and pip and other standards-based tools.
[1.862s]   warnings.warn(
[1.864s] /usr/lib/python3/dist-packages/setuptools/command/install.py:34: SetuptoolsDeprecationWarning: setup.py install is deprecated. Use build and pip and other standards-based tools.
[1.864s]   warnings.warn(
[2.227s] running egg_info
[2.227s] writing demo134.egg-info/PKG-INFO
[2.227s] writing dependency_links to demo134.egg-info/dependency_links.txt
[2.227s] writing entry points to demo134.egg-info/entry_points.txt
[2.227s] writing requirements to demo134.egg-info/requires.txt
[2.228s] writing top-level names to demo134.egg-info/top_level.txt
[2.230s] reading manifest file 'demo134.egg-info/SOURCES.txt'
[2.231s] writing manifest file 'demo134.egg-info/SOURCES.txt'
[2.233s] running build_ext
[2.233s] Creating /home/robot/robotws/install/demo134/lib/python3.10/site-packages/demo134.egg-link (link to .)
[2.235s] Installing demo134 script to /home/robot/robotws/install/demo134/lib/demo134
[2.235s] 
[2.235s] Installed /home/robot/robotws/build/demo134
[2.235s] running install_data
[2.235s] copying launch/demo134.launch.py -> /home/robot/robotws/install/demo134/share/demo134/launch
[2.273s] Invoked command in '/home/robot/robotws/build/demo134' returned '0': PYTHONPATH=/home/robot/robotws/build/demo134/prefix_override:/home/robot/robotws/install/demo134/lib/python3.10/site-packages:${PYTHONPATH} /usr/bin/python3 setup.py develop --editable --build-directory /home/robot/robotws/build/demo134/build --no-deps install_data
