[2.214s] Invoking command in '/home/robot/134code/robotws/build/demo134': PYTHONPATH=/home/robot/134code/robotws/build/demo134/prefix_override:/home/robot/134code/robotws/install/demo134/lib/python3.10/site-packages:${PYTHONPATH} /usr/bin/python3 setup.py develop --editable --build-directory /home/robot/134code/robotws/build/demo134/build --no-deps install_data
[2.720s] running develop
[2.721s] /usr/lib/python3/dist-packages/setuptools/command/easy_install.py:158: EasyInstallDeprecationWarning: easy_install command is deprecated. Use build and pip and other standards-based tools.
[2.723s]   warnings.warn(
[2.724s] /usr/lib/python3/dist-packages/setuptools/command/install.py:34: SetuptoolsDeprecationWarning: setup.py install is deprecated. Use build and pip and other standards-based tools.
[2.725s]   warnings.warn(
[3.096s] running egg_info
[3.096s] writing demo134.egg-info/PKG-INFO
[3.097s] writing dependency_links to demo134.egg-info/dependency_links.txt
[3.097s] writing entry points to demo134.egg-info/entry_points.txt
[3.097s] writing requirements to demo134.egg-info/requires.txt
[3.097s] writing top-level names to demo134.egg-info/top_level.txt
[3.102s] reading manifest file 'demo134.egg-info/SOURCES.txt'
[3.102s] writing manifest file 'demo134.egg-info/SOURCES.txt'
[3.103s] running build_ext
[3.104s] Creating /home/robot/134code/robotws/install/demo134/lib/python3.10/site-packages/demo134.egg-link (link to .)
[3.104s] Installing demo134 script to /home/robot/134code/robotws/install/demo134/lib/demo134
[3.105s] 
[3.105s] Installed /home/robot/134code/robotws/build/demo134
[3.105s] running install_data
[3.248s] Invoked command in '/home/robot/134code/robotws/build/demo134' returned '0': PYTHONPATH=/home/robot/134code/robotws/build/demo134/prefix_override:/home/robot/134code/robotws/install/demo134/lib/python3.10/site-packages:${PYTHONPATH} /usr/bin/python3 setup.py develop --editable --build-directory /home/robot/134code/robotws/build/demo134/build --no-deps install_data
