[2.281s] Invoking command in '/home/robot/134code/build/hebiros': PYTHONPATH=/home/robot/134code/build/hebiros/prefix_override:/home/robot/134code/install/hebiros/lib/python3.10/site-packages:${PYTHONPATH} /usr/bin/python3 setup.py develop --editable --build-directory /home/robot/134code/build/hebiros/build --no-deps install_data
[2.814s] running develop
[2.815s] /usr/lib/python3/dist-packages/setuptools/command/easy_install.py:158: EasyInstallDeprecationWarning: easy_install command is deprecated. Use build and pip and other standards-based tools.
[2.815s]   warnings.warn(
[2.816s] /usr/lib/python3/dist-packages/setuptools/command/install.py:34: SetuptoolsDeprecationWarning: setup.py install is deprecated. Use build and pip and other standards-based tools.
[2.817s]   warnings.warn(
[3.240s] running egg_info
[3.241s] writing hebiros.egg-info/PKG-INFO
[3.242s] writing dependency_links to hebiros.egg-info/dependency_links.txt
[3.243s] writing entry points to hebiros.egg-info/entry_points.txt
[3.246s] writing requirements to hebiros.egg-info/requires.txt
[3.247s] writing top-level names to hebiros.egg-info/top_level.txt
[3.251s] reading manifest file 'hebiros.egg-info/SOURCES.txt'
[3.252s] writing manifest file 'hebiros.egg-info/SOURCES.txt'
[3.255s] running build_ext
[3.257s] Creating /home/robot/134code/install/hebiros/lib/python3.10/site-packages/hebiros.egg-link (link to .)
[3.263s] Installing hebiforce script to /home/robot/134code/install/hebiros/lib/hebiros
[3.264s] Installing hebinode script to /home/robot/134code/install/hebiros/lib/hebiros
[3.265s] Installing hebiscan script to /home/robot/134code/install/hebiros/lib/hebiros
[3.266s] Installing hebitune script to /home/robot/134code/install/hebiros/lib/hebiros
[3.267s] Installing testsend script to /home/robot/134code/install/hebiros/lib/hebiros
[3.269s] 
[3.270s] Installed /home/robot/134code/build/hebiros
[3.271s] running install_data
[3.455s] Invoked command in '/home/robot/134code/build/hebiros' returned '0': PYTHONPATH=/home/robot/134code/build/hebiros/prefix_override:/home/robot/134code/install/hebiros/lib/python3.10/site-packages:${PYTHONPATH} /usr/bin/python3 setup.py develop --editable --build-directory /home/robot/134code/build/hebiros/build --no-deps install_data
