[1.206s] DEBUG:colcon:Command line arguments: ['/usr/bin/colcon', 'build', '--symlink-install']
[1.206s] DEBUG:colcon:Parsed command line arguments: Namespace(log_base=None, log_level=None, verb_name='build', build_base='build', install_base='install', merge_install=False, symlink_install=True, test_result_base=None, continue_on_error=False, executor='parallel', parallel_workers=4, event_handlers=None, ignore_user_meta=False, metas=['./colcon.meta'], base_paths=['.'], packages_ignore=None, packages_ignore_regex=None, paths=None, packages_up_to=None, packages_up_to_regex=None, packages_above=None, packages_above_and_dependencies=None, packages_above_depth=None, packages_select_by_dep=None, packages_skip_by_dep=None, packages_skip_up_to=None, packages_select_build_failed=False, packages_skip_build_finished=False, packages_select_test_failures=False, packages_skip_test_passed=False, packages_select=None, packages_skip=None, packages_select_regex=None, packages_skip_regex=None, packages_start=None, packages_end=None, allow_overriding=[], cmake_args=None, cmake_target=None, cmake_target_skip_unavailable=False, cmake_clean_cache=False, cmake_clean_first=False, cmake_force_configure=False, ament_cmake_args=None, catkin_cmake_args=None, catkin_skip_building_tests=False, verb_parser=<colcon_defaults.argument_parser.defaults.DefaultArgumentsDecorator object at 0x7fcffb6a7b80>, verb_extension=<colcon_core.verb.build.BuildVerb object at 0x7fcffb6a4460>, main=<bound method BuildVerb.main of <colcon_core.verb.build.BuildVerb object at 0x7fcffb6a4460>>)
[1.259s] Level 1:colcon.colcon_core.package_discovery:discover_packages(colcon_meta) check parameters
[1.259s] Level 1:colcon.colcon_core.package_discovery:discover_packages(recursive) check parameters
[1.259s] Level 1:colcon.colcon_core.package_discovery:discover_packages(ignore) check parameters
[1.259s] Level 1:colcon.colcon_core.package_discovery:discover_packages(path) check parameters
[1.259s] Level 1:colcon.colcon_core.package_discovery:discover_packages(colcon_meta) discover
[1.259s] Level 1:colcon.colcon_core.package_discovery:discover_packages(recursive) discover
[1.259s] INFO:colcon.colcon_core.package_discovery:Crawling recursively for packages in '/home/robot/134code/robotws'
[1.259s] Level 1:colcon.colcon_core.package_identification:_identify(.) by extensions ['ignore', 'ignore_ament_install']
[1.259s] Level 1:colcon.colcon_core.package_identification:_identify(.) by extension 'ignore'
[1.259s] Level 1:colcon.colcon_core.package_identification:_identify(.) by extension 'ignore_ament_install'
[1.259s] Level 1:colcon.colcon_core.package_identification:_identify(.) by extensions ['colcon_pkg']
[1.259s] Level 1:colcon.colcon_core.package_identification:_identify(.) by extension 'colcon_pkg'
[1.260s] Level 1:colcon.colcon_core.package_identification:_identify(.) by extensions ['colcon_meta']
[1.260s] Level 1:colcon.colcon_core.package_identification:_identify(.) by extension 'colcon_meta'
[1.260s] Level 1:colcon.colcon_core.package_identification:_identify(.) by extensions ['ros']
[1.260s] Level 1:colcon.colcon_core.package_identification:_identify(.) by extension 'ros'
[1.270s] Level 1:colcon.colcon_core.package_identification:_identify(.) by extensions ['cmake', 'python']
[1.270s] Level 1:colcon.colcon_core.package_identification:_identify(.) by extension 'cmake'
[1.270s] Level 1:colcon.colcon_core.package_identification:_identify(.) by extension 'python'
[1.270s] Level 1:colcon.colcon_core.package_identification:_identify(.) by extensions ['python_setup_py']
[1.270s] Level 1:colcon.colcon_core.package_identification:_identify(.) by extension 'python_setup_py'
[1.270s] Level 1:colcon.colcon_core.package_identification:_identify(build) by extensions ['ignore', 'ignore_ament_install']
[1.271s] Level 1:colcon.colcon_core.package_identification:_identify(build) by extension 'ignore'
[1.271s] Level 1:colcon.colcon_core.package_identification:_identify(build) ignored
[1.271s] Level 1:colcon.colcon_core.package_identification:_identify(data) by extensions ['ignore', 'ignore_ament_install']
[1.271s] Level 1:colcon.colcon_core.package_identification:_identify(data) by extension 'ignore'
[1.271s] Level 1:colcon.colcon_core.package_identification:_identify(data) by extension 'ignore_ament_install'
[1.271s] Level 1:colcon.colcon_core.package_identification:_identify(data) by extensions ['colcon_pkg']
[1.271s] Level 1:colcon.colcon_core.package_identification:_identify(data) by extension 'colcon_pkg'
[1.271s] Level 1:colcon.colcon_core.package_identification:_identify(data) by extensions ['colcon_meta']
[1.271s] Level 1:colcon.colcon_core.package_identification:_identify(data) by extension 'colcon_meta'
[1.271s] Level 1:colcon.colcon_core.package_identification:_identify(data) by extensions ['ros']
[1.271s] Level 1:colcon.colcon_core.package_identification:_identify(data) by extension 'ros'
[1.272s] Level 1:colcon.colcon_core.package_identification:_identify(data) by extensions ['cmake', 'python']
[1.272s] Level 1:colcon.colcon_core.package_identification:_identify(data) by extension 'cmake'
[1.272s] Level 1:colcon.colcon_core.package_identification:_identify(data) by extension 'python'
[1.272s] Level 1:colcon.colcon_core.package_identification:_identify(data) by extensions ['python_setup_py']
[1.272s] Level 1:colcon.colcon_core.package_identification:_identify(data) by extension 'python_setup_py'
[1.272s] Level 1:colcon.colcon_core.package_identification:_identify(install) by extensions ['ignore', 'ignore_ament_install']
[1.272s] Level 1:colcon.colcon_core.package_identification:_identify(install) by extension 'ignore'
[1.272s] Level 1:colcon.colcon_core.package_identification:_identify(install) ignored
[1.272s] Level 1:colcon.colcon_core.package_identification:_identify(log) by extensions ['ignore', 'ignore_ament_install']
[1.272s] Level 1:colcon.colcon_core.package_identification:_identify(log) by extension 'ignore'
[1.273s] Level 1:colcon.colcon_core.package_identification:_identify(log) ignored
[1.273s] Level 1:colcon.colcon_core.package_identification:_identify(src) by extensions ['ignore', 'ignore_ament_install']
[1.273s] Level 1:colcon.colcon_core.package_identification:_identify(src) by extension 'ignore'
[1.273s] Level 1:colcon.colcon_core.package_identification:_identify(src) by extension 'ignore_ament_install'
[1.273s] Level 1:colcon.colcon_core.package_identification:_identify(src) by extensions ['colcon_pkg']
[1.273s] Level 1:colcon.colcon_core.package_identification:_identify(src) by extension 'colcon_pkg'
[1.273s] Level 1:colcon.colcon_core.package_identification:_identify(src) by extensions ['colcon_meta']
[1.273s] Level 1:colcon.colcon_core.package_identification:_identify(src) by extension 'colcon_meta'
[1.273s] Level 1:colcon.colcon_core.package_identification:_identify(src) by extensions ['ros']
[1.273s] Level 1:colcon.colcon_core.package_identification:_identify(src) by extension 'ros'
[1.273s] Level 1:colcon.colcon_core.package_identification:_identify(src) by extensions ['cmake', 'python']
[1.273s] Level 1:colcon.colcon_core.package_identification:_identify(src) by extension 'cmake'
[1.274s] Level 1:colcon.colcon_core.package_identification:_identify(src) by extension 'python'
[1.274s] Level 1:colcon.colcon_core.package_identification:_identify(src) by extensions ['python_setup_py']
[1.274s] Level 1:colcon.colcon_core.package_identification:_identify(src) by extension 'python_setup_py'
[1.274s] Level 1:colcon.colcon_core.package_identification:_identify(src/basic134) by extensions ['ignore', 'ignore_ament_install']
[1.274s] Level 1:colcon.colcon_core.package_identification:_identify(src/basic134) by extension 'ignore'
[1.274s] Level 1:colcon.colcon_core.package_identification:_identify(src/basic134) by extension 'ignore_ament_install'
[1.274s] Level 1:colcon.colcon_core.package_identification:_identify(src/basic134) by extensions ['colcon_pkg']
[1.274s] Level 1:colcon.colcon_core.package_identification:_identify(src/basic134) by extension 'colcon_pkg'
[1.274s] Level 1:colcon.colcon_core.package_identification:_identify(src/basic134) by extensions ['colcon_meta']
[1.274s] Level 1:colcon.colcon_core.package_identification:_identify(src/basic134) by extension 'colcon_meta'
[1.274s] Level 1:colcon.colcon_core.package_identification:_identify(src/basic134) by extensions ['ros']
[1.274s] Level 1:colcon.colcon_core.package_identification:_identify(src/basic134) by extension 'ros'
[1.278s] DEBUG:colcon.colcon_core.package_identification:Package 'src/basic134' with type 'ros.ament_python' and name 'basic134'
[1.278s] Level 1:colcon.colcon_core.package_identification:_identify(src/demo134) by extensions ['ignore', 'ignore_ament_install']
[1.278s] Level 1:colcon.colcon_core.package_identification:_identify(src/demo134) by extension 'ignore'
[1.279s] Level 1:colcon.colcon_core.package_identification:_identify(src/demo134) by extension 'ignore_ament_install'
[1.279s] Level 1:colcon.colcon_core.package_identification:_identify(src/demo134) by extensions ['colcon_pkg']
[1.279s] Level 1:colcon.colcon_core.package_identification:_identify(src/demo134) by extension 'colcon_pkg'
[1.279s] Level 1:colcon.colcon_core.package_identification:_identify(src/demo134) by extensions ['colcon_meta']
[1.279s] Level 1:colcon.colcon_core.package_identification:_identify(src/demo134) by extension 'colcon_meta'
[1.279s] Level 1:colcon.colcon_core.package_identification:_identify(src/demo134) by extensions ['ros']
[1.279s] Level 1:colcon.colcon_core.package_identification:_identify(src/demo134) by extension 'ros'
[1.279s] Level 1:colcon.colcon_core.package_identification:_identify(src/demo134) by extensions ['cmake', 'python']
[1.279s] Level 1:colcon.colcon_core.package_identification:_identify(src/demo134) by extension 'cmake'
[1.279s] Level 1:colcon.colcon_core.package_identification:_identify(src/demo134) by extension 'python'
[1.279s] Level 1:colcon.colcon_core.package_identification:_identify(src/demo134) by extensions ['python_setup_py']
[1.279s] Level 1:colcon.colcon_core.package_identification:_identify(src/demo134) by extension 'python_setup_py'
[1.279s] Level 1:colcon.colcon_core.package_identification:_identify(src/demo134/demo134) by extensions ['ignore', 'ignore_ament_install']
[1.279s] Level 1:colcon.colcon_core.package_identification:_identify(src/demo134/demo134) by extension 'ignore'
[1.280s] Level 1:colcon.colcon_core.package_identification:_identify(src/demo134/demo134) by extension 'ignore_ament_install'
[1.280s] Level 1:colcon.colcon_core.package_identification:_identify(src/demo134/demo134) by extensions ['colcon_pkg']
[1.280s] Level 1:colcon.colcon_core.package_identification:_identify(src/demo134/demo134) by extension 'colcon_pkg'
[1.280s] Level 1:colcon.colcon_core.package_identification:_identify(src/demo134/demo134) by extensions ['colcon_meta']
[1.280s] Level 1:colcon.colcon_core.package_identification:_identify(src/demo134/demo134) by extension 'colcon_meta'
[1.280s] Level 1:colcon.colcon_core.package_identification:_identify(src/demo134/demo134) by extensions ['ros']
[1.280s] Level 1:colcon.colcon_core.package_identification:_identify(src/demo134/demo134) by extension 'ros'
[1.281s] DEBUG:colcon.colcon_core.package_identification:Package 'src/demo134/demo134' with type 'ros.ament_python' and name 'demo134'
[1.281s] Level 1:colcon.colcon_core.package_identification:_identify(src/hebiros) by extensions ['ignore', 'ignore_ament_install']
[1.281s] Level 1:colcon.colcon_core.package_identification:_identify(src/hebiros) by extension 'ignore'
[1.281s] Level 1:colcon.colcon_core.package_identification:_identify(src/hebiros) by extension 'ignore_ament_install'
[1.282s] Level 1:colcon.colcon_core.package_identification:_identify(src/hebiros) by extensions ['colcon_pkg']
[1.282s] Level 1:colcon.colcon_core.package_identification:_identify(src/hebiros) by extension 'colcon_pkg'
[1.282s] Level 1:colcon.colcon_core.package_identification:_identify(src/hebiros) by extensions ['colcon_meta']
[1.282s] Level 1:colcon.colcon_core.package_identification:_identify(src/hebiros) by extension 'colcon_meta'
[1.282s] Level 1:colcon.colcon_core.package_identification:_identify(src/hebiros) by extensions ['ros']
[1.282s] Level 1:colcon.colcon_core.package_identification:_identify(src/hebiros) by extension 'ros'
[1.282s] Level 1:colcon.colcon_core.package_identification:_identify(src/hebiros) by extensions ['cmake', 'python']
[1.282s] Level 1:colcon.colcon_core.package_identification:_identify(src/hebiros) by extension 'cmake'
[1.282s] Level 1:colcon.colcon_core.package_identification:_identify(src/hebiros) by extension 'python'
[1.282s] Level 1:colcon.colcon_core.package_identification:_identify(src/hebiros) by extensions ['python_setup_py']
[1.282s] Level 1:colcon.colcon_core.package_identification:_identify(src/hebiros) by extension 'python_setup_py'
[1.282s] Level 1:colcon.colcon_core.package_identification:_identify(src/hebiros/hebiros) by extensions ['ignore', 'ignore_ament_install']
[1.282s] Level 1:colcon.colcon_core.package_identification:_identify(src/hebiros/hebiros) by extension 'ignore'
[1.283s] Level 1:colcon.colcon_core.package_identification:_identify(src/hebiros/hebiros) by extension 'ignore_ament_install'
[1.283s] Level 1:colcon.colcon_core.package_identification:_identify(src/hebiros/hebiros) by extensions ['colcon_pkg']
[1.283s] Level 1:colcon.colcon_core.package_identification:_identify(src/hebiros/hebiros) by extension 'colcon_pkg'
[1.283s] Level 1:colcon.colcon_core.package_identification:_identify(src/hebiros/hebiros) by extensions ['colcon_meta']
[1.283s] Level 1:colcon.colcon_core.package_identification:_identify(src/hebiros/hebiros) by extension 'colcon_meta'
[1.283s] Level 1:colcon.colcon_core.package_identification:_identify(src/hebiros/hebiros) by extensions ['ros']
[1.283s] Level 1:colcon.colcon_core.package_identification:_identify(src/hebiros/hebiros) by extension 'ros'
[1.284s] DEBUG:colcon.colcon_core.package_identification:Package 'src/hebiros/hebiros' with type 'ros.ament_python' and name 'hebiros'
[1.284s] Level 1:colcon.colcon_core.package_discovery:discover_packages(recursive) using defaults
[1.284s] Level 1:colcon.colcon_core.package_discovery:discover_packages(ignore) discover
[1.284s] Level 1:colcon.colcon_core.package_discovery:discover_packages(ignore) using defaults
[1.284s] Level 1:colcon.colcon_core.package_discovery:discover_packages(path) discover
[1.284s] Level 1:colcon.colcon_core.package_discovery:discover_packages(path) using defaults
[1.392s] Level 1:colcon.colcon_core.package_discovery:discover_packages(prefix_path) check parameters
[1.392s] Level 1:colcon.colcon_core.package_discovery:discover_packages(prefix_path) discover
[1.440s] DEBUG:colcon.colcon_installed_package_information.package_discovery:Found 3 installed packages in /home/robot/134code/robotws/install
[1.459s] DEBUG:colcon.colcon_installed_package_information.package_discovery:Found 417 installed packages in /opt/ros/humble
[1.461s] Level 1:colcon.colcon_core.package_discovery:discover_packages(prefix_path) using defaults
[1.569s] Level 5:colcon.colcon_core.verb:set package 'basic134' build argument 'cmake_args' from command line to 'None'
[1.569s] Level 5:colcon.colcon_core.verb:set package 'basic134' build argument 'cmake_target' from command line to 'None'
[1.569s] Level 5:colcon.colcon_core.verb:set package 'basic134' build argument 'cmake_target_skip_unavailable' from command line to 'False'
[1.569s] Level 5:colcon.colcon_core.verb:set package 'basic134' build argument 'cmake_clean_cache' from command line to 'False'
[1.569s] Level 5:colcon.colcon_core.verb:set package 'basic134' build argument 'cmake_clean_first' from command line to 'False'
[1.569s] Level 5:colcon.colcon_core.verb:set package 'basic134' build argument 'cmake_force_configure' from command line to 'False'
[1.569s] Level 5:colcon.colcon_core.verb:set package 'basic134' build argument 'ament_cmake_args' from command line to 'None'
[1.569s] Level 5:colcon.colcon_core.verb:set package 'basic134' build argument 'catkin_cmake_args' from command line to 'None'
[1.570s] Level 5:colcon.colcon_core.verb:set package 'basic134' build argument 'catkin_skip_building_tests' from command line to 'False'
[1.570s] DEBUG:colcon.colcon_core.verb:Building package 'basic134' with the following arguments: {'ament_cmake_args': None, 'build_base': '/home/robot/134code/robotws/build/basic134', 'catkin_cmake_args': None, 'catkin_skip_building_tests': False, 'cmake_args': None, 'cmake_clean_cache': False, 'cmake_clean_first': False, 'cmake_force_configure': False, 'cmake_target': None, 'cmake_target_skip_unavailable': False, 'install_base': '/home/robot/134code/robotws/install/basic134', 'merge_install': False, 'path': '/home/robot/134code/robotws/src/basic134', 'symlink_install': True, 'test_result_base': None}
[1.588s] Level 5:colcon.colcon_core.verb:set package 'demo134' build argument 'cmake_args' from command line to 'None'
[1.588s] Level 5:colcon.colcon_core.verb:set package 'demo134' build argument 'cmake_target' from command line to 'None'
[1.588s] Level 5:colcon.colcon_core.verb:set package 'demo134' build argument 'cmake_target_skip_unavailable' from command line to 'False'
[1.588s] Level 5:colcon.colcon_core.verb:set package 'demo134' build argument 'cmake_clean_cache' from command line to 'False'
[1.588s] Level 5:colcon.colcon_core.verb:set package 'demo134' build argument 'cmake_clean_first' from command line to 'False'
[1.588s] Level 5:colcon.colcon_core.verb:set package 'demo134' build argument 'cmake_force_configure' from command line to 'False'
[1.588s] Level 5:colcon.colcon_core.verb:set package 'demo134' build argument 'ament_cmake_args' from command line to 'None'
[1.588s] Level 5:colcon.colcon_core.verb:set package 'demo134' build argument 'catkin_cmake_args' from command line to 'None'
[1.588s] Level 5:colcon.colcon_core.verb:set package 'demo134' build argument 'catkin_skip_building_tests' from command line to 'False'
[1.588s] DEBUG:colcon.colcon_core.verb:Building package 'demo134' with the following arguments: {'ament_cmake_args': None, 'build_base': '/home/robot/134code/robotws/build/demo134', 'catkin_cmake_args': None, 'catkin_skip_building_tests': False, 'cmake_args': None, 'cmake_clean_cache': False, 'cmake_clean_first': False, 'cmake_force_configure': False, 'cmake_target': None, 'cmake_target_skip_unavailable': False, 'install_base': '/home/robot/134code/robotws/install/demo134', 'merge_install': False, 'path': '/home/robot/134code/robotws/src/demo134/demo134', 'symlink_install': True, 'test_result_base': None}
[1.610s] Level 5:colcon.colcon_core.verb:set package 'hebiros' build argument 'cmake_args' from command line to 'None'
[1.610s] Level 5:colcon.colcon_core.verb:set package 'hebiros' build argument 'cmake_target' from command line to 'None'
[1.610s] Level 5:colcon.colcon_core.verb:set package 'hebiros' build argument 'cmake_target_skip_unavailable' from command line to 'False'
[1.610s] Level 5:colcon.colcon_core.verb:set package 'hebiros' build argument 'cmake_clean_cache' from command line to 'False'
[1.610s] Level 5:colcon.colcon_core.verb:set package 'hebiros' build argument 'cmake_clean_first' from command line to 'False'
[1.610s] Level 5:colcon.colcon_core.verb:set package 'hebiros' build argument 'cmake_force_configure' from command line to 'False'
[1.610s] Level 5:colcon.colcon_core.verb:set package 'hebiros' build argument 'ament_cmake_args' from command line to 'None'
[1.610s] Level 5:colcon.colcon_core.verb:set package 'hebiros' build argument 'catkin_cmake_args' from command line to 'None'
[1.610s] Level 5:colcon.colcon_core.verb:set package 'hebiros' build argument 'catkin_skip_building_tests' from command line to 'False'
[1.610s] DEBUG:colcon.colcon_core.verb:Building package 'hebiros' with the following arguments: {'ament_cmake_args': None, 'build_base': '/home/robot/134code/robotws/build/hebiros', 'catkin_cmake_args': None, 'catkin_skip_building_tests': False, 'cmake_args': None, 'cmake_clean_cache': False, 'cmake_clean_first': False, 'cmake_force_configure': False, 'cmake_target': None, 'cmake_target_skip_unavailable': False, 'install_base': '/home/robot/134code/robotws/install/hebiros', 'merge_install': False, 'path': '/home/robot/134code/robotws/src/hebiros/hebiros', 'symlink_install': True, 'test_result_base': None}
[1.628s] INFO:colcon.colcon_core.executor:Executing jobs using 'parallel' executor
[1.647s] DEBUG:colcon.colcon_parallel_executor.executor.parallel:run_until_complete
[1.647s] INFO:colcon.colcon_ros.task.ament_python.build:Building ROS package in '/home/robot/134code/robotws/src/basic134' with build type 'ament_python'
[1.647s] Level 1:colcon.colcon_core.shell:create_environment_hook('basic134', 'ament_prefix_path')
[1.669s] INFO:colcon.colcon_core.plugin_system:Skipping extension 'colcon_core.shell.bat': Not used on non-Windows systems
[1.669s] INFO:colcon.colcon_core.shell:Creating environment hook '/home/robot/134code/robotws/install/basic134/share/basic134/hook/ament_prefix_path.ps1'
[1.670s] INFO:colcon.colcon_core.shell:Creating environment descriptor '/home/robot/134code/robotws/install/basic134/share/basic134/hook/ament_prefix_path.dsv'
[1.670s] INFO:colcon.colcon_core.shell:Creating environment hook '/home/robot/134code/robotws/install/basic134/share/basic134/hook/ament_prefix_path.sh'
[1.692s] INFO:colcon.colcon_core.shell:Skip shell extension 'powershell' for command environment: Not usable outside of PowerShell
[1.692s] DEBUG:colcon.colcon_core.shell:Skip shell extension 'dsv' for command environment
[1.756s] INFO:colcon.colcon_ros.task.ament_python.build:Building ROS package in '/home/robot/134code/robotws/src/demo134/demo134' with build type 'ament_python'
[1.756s] Level 1:colcon.colcon_core.shell:create_environment_hook('demo134', 'ament_prefix_path')
[1.782s] INFO:colcon.colcon_core.shell:Creating environment hook '/home/robot/134code/robotws/install/demo134/share/demo134/hook/ament_prefix_path.ps1'
[1.783s] INFO:colcon.colcon_core.shell:Creating environment descriptor '/home/robot/134code/robotws/install/demo134/share/demo134/hook/ament_prefix_path.dsv'
[1.783s] INFO:colcon.colcon_core.shell:Creating environment hook '/home/robot/134code/robotws/install/demo134/share/demo134/hook/ament_prefix_path.sh'
[1.806s] INFO:colcon.colcon_core.shell:Skip shell extension 'powershell' for command environment: Not usable outside of PowerShell
[1.806s] DEBUG:colcon.colcon_core.shell:Skip shell extension 'dsv' for command environment
[1.875s] INFO:colcon.colcon_ros.task.ament_python.build:Building ROS package in '/home/robot/134code/robotws/src/hebiros/hebiros' with build type 'ament_python'
[1.875s] Level 1:colcon.colcon_core.shell:create_environment_hook('hebiros', 'ament_prefix_path')
[1.899s] INFO:colcon.colcon_core.shell:Creating environment hook '/home/robot/134code/robotws/install/hebiros/share/hebiros/hook/ament_prefix_path.ps1'
[1.900s] INFO:colcon.colcon_core.shell:Creating environment descriptor '/home/robot/134code/robotws/install/hebiros/share/hebiros/hook/ament_prefix_path.dsv'
[1.900s] INFO:colcon.colcon_core.shell:Creating environment hook '/home/robot/134code/robotws/install/hebiros/share/hebiros/hook/ament_prefix_path.sh'
[1.922s] INFO:colcon.colcon_core.shell:Skip shell extension 'powershell' for command environment: Not usable outside of PowerShell
[1.922s] DEBUG:colcon.colcon_core.shell:Skip shell extension 'dsv' for command environment
[2.273s] INFO:colcon.colcon_core.task.python.build:Building Python package in '/home/robot/134code/robotws/src/basic134'
[2.297s] INFO:colcon.colcon_core.shell:Skip shell extension 'powershell' for command environment: Not usable outside of PowerShell
[2.297s] DEBUG:colcon.colcon_core.shell:Skip shell extension 'dsv' for command environment
[2.634s] INFO:colcon.colcon_core.task.python.build:Building Python package in '/home/robot/134code/robotws/src/demo134/demo134'
[2.652s] INFO:colcon.colcon_core.shell:Skip shell extension 'powershell' for command environment: Not usable outside of PowerShell
[2.652s] DEBUG:colcon.colcon_core.shell:Skip shell extension 'dsv' for command environment
[2.998s] INFO:colcon.colcon_core.task.python.build:Building Python package in '/home/robot/134code/robotws/src/hebiros/hebiros'
[3.016s] INFO:colcon.colcon_core.shell:Skip shell extension 'powershell' for command environment: Not usable outside of PowerShell
[3.016s] DEBUG:colcon.colcon_core.shell:Skip shell extension 'dsv' for command environment
[3.527s] DEBUG:colcon.colcon_core.event_handler.log_command:Invoking command in '/home/robot/134code/robotws/build/hebiros': PYTHONPATH=/home/robot/134code/robotws/build/hebiros/prefix_override:/home/robot/134code/robotws/install/hebiros/lib/python3.10/site-packages:${PYTHONPATH} /usr/bin/python3 setup.py develop --editable --build-directory /home/robot/134code/robotws/build/hebiros/build --no-deps install_data
[3.739s] DEBUG:colcon.colcon_core.event_handler.log_command:Invoking command in '/home/robot/134code/robotws/build/demo134': PYTHONPATH=/home/robot/134code/robotws/build/demo134/prefix_override:/home/robot/134code/robotws/install/demo134/lib/python3.10/site-packages:${PYTHONPATH} /usr/bin/python3 setup.py develop --editable --build-directory /home/robot/134code/robotws/build/demo134/build --no-deps install_data
[3.742s] DEBUG:colcon.colcon_core.event_handler.log_command:Invoking command in '/home/robot/134code/robotws/build/basic134': PYTHONPATH=/home/robot/134code/robotws/build/basic134/prefix_override:/home/robot/134code/robotws/install/basic134/lib/python3.10/site-packages:${PYTHONPATH} /usr/bin/python3 setup.py develop --editable --build-directory /home/robot/134code/robotws/build/basic134/build --no-deps install_data
[4.178s] Level 1:colcon.colcon_core.shell:create_environment_hook('hebiros', 'pythonpath_develop')
[4.178s] DEBUG:colcon.colcon_core.event_handler.log_command:Invoked command in '/home/robot/134code/robotws/build/hebiros' returned '0': PYTHONPATH=/home/robot/134code/robotws/build/hebiros/prefix_override:/home/robot/134code/robotws/install/hebiros/lib/python3.10/site-packages:${PYTHONPATH} /usr/bin/python3 setup.py develop --editable --build-directory /home/robot/134code/robotws/build/hebiros/build --no-deps install_data
[4.209s] INFO:colcon.colcon_core.shell:Creating environment hook '/home/robot/134code/robotws/build/hebiros/share/hebiros/hook/pythonpath_develop.ps1'
[4.210s] INFO:colcon.colcon_core.shell:Creating environment descriptor '/home/robot/134code/robotws/build/hebiros/share/hebiros/hook/pythonpath_develop.dsv'
[4.210s] INFO:colcon.colcon_core.shell:Creating environment hook '/home/robot/134code/robotws/build/hebiros/share/hebiros/hook/pythonpath_develop.sh'
[4.236s] Level 1:colcon.colcon_core.environment:checking '/home/robot/134code/robotws/install/hebiros' for CMake module files
[4.237s] Level 1:colcon.colcon_core.environment:checking '/home/robot/134code/robotws/install/hebiros' for CMake config files
[4.238s] Level 1:colcon.colcon_core.environment:checking '/home/robot/134code/robotws/install/hebiros/lib'
[4.238s] Level 1:colcon.colcon_core.environment:checking '/home/robot/134code/robotws/install/hebiros/bin'
[4.238s] Level 1:colcon.colcon_core.environment:checking '/home/robot/134code/robotws/install/hebiros/lib/pkgconfig/hebiros.pc'
[4.238s] Level 1:colcon.colcon_core.environment:checking '/home/robot/134code/robotws/install/hebiros/lib/python3.10/site-packages'
[4.238s] Level 1:colcon.colcon_core.shell:create_environment_hook('hebiros', 'pythonpath')
[4.260s] INFO:colcon.colcon_core.shell:Creating environment hook '/home/robot/134code/robotws/install/hebiros/share/hebiros/hook/pythonpath.ps1'
[4.260s] INFO:colcon.colcon_core.shell:Creating environment descriptor '/home/robot/134code/robotws/install/hebiros/share/hebiros/hook/pythonpath.dsv'
[4.260s] INFO:colcon.colcon_core.shell:Creating environment hook '/home/robot/134code/robotws/install/hebiros/share/hebiros/hook/pythonpath.sh'
[4.261s] Level 1:colcon.colcon_core.environment:checking '/home/robot/134code/robotws/install/hebiros/bin'
[4.261s] Level 1:colcon.colcon_core.environment:create_environment_scripts_only(hebiros)
[4.280s] INFO:colcon.colcon_core.shell:Creating package script '/home/robot/134code/robotws/install/hebiros/share/hebiros/package.ps1'
[4.281s] INFO:colcon.colcon_core.shell:Creating package descriptor '/home/robot/134code/robotws/install/hebiros/share/hebiros/package.dsv'
[4.282s] INFO:colcon.colcon_core.shell:Creating package script '/home/robot/134code/robotws/install/hebiros/share/hebiros/package.sh'
[4.284s] INFO:colcon.colcon_core.shell:Creating package script '/home/robot/134code/robotws/install/hebiros/share/hebiros/package.bash'
[4.285s] INFO:colcon.colcon_core.shell:Creating package script '/home/robot/134code/robotws/install/hebiros/share/hebiros/package.zsh'
[4.287s] Level 1:colcon.colcon_core.environment:create_file_with_runtime_dependencies(/home/robot/134code/robotws/install/hebiros/share/colcon-core/packages/hebiros)
[4.537s] Level 1:colcon.colcon_core.shell:create_environment_hook('basic134', 'pythonpath_develop')
[4.538s] DEBUG:colcon.colcon_core.event_handler.log_command:Invoked command in '/home/robot/134code/robotws/build/basic134' returned '0': PYTHONPATH=/home/robot/134code/robotws/build/basic134/prefix_override:/home/robot/134code/robotws/install/basic134/lib/python3.10/site-packages:${PYTHONPATH} /usr/bin/python3 setup.py develop --editable --build-directory /home/robot/134code/robotws/build/basic134/build --no-deps install_data
[4.557s] INFO:colcon.colcon_core.shell:Creating environment hook '/home/robot/134code/robotws/build/basic134/share/basic134/hook/pythonpath_develop.ps1'
[4.557s] INFO:colcon.colcon_core.shell:Creating environment descriptor '/home/robot/134code/robotws/build/basic134/share/basic134/hook/pythonpath_develop.dsv'
[4.558s] INFO:colcon.colcon_core.shell:Creating environment hook '/home/robot/134code/robotws/build/basic134/share/basic134/hook/pythonpath_develop.sh'
[4.576s] Level 1:colcon.colcon_core.environment:checking '/home/robot/134code/robotws/install/basic134' for CMake module files
[4.576s] Level 1:colcon.colcon_core.environment:checking '/home/robot/134code/robotws/install/basic134' for CMake config files
[4.577s] Level 1:colcon.colcon_core.environment:checking '/home/robot/134code/robotws/install/basic134/lib'
[4.577s] Level 1:colcon.colcon_core.environment:checking '/home/robot/134code/robotws/install/basic134/bin'
[4.577s] Level 1:colcon.colcon_core.environment:checking '/home/robot/134code/robotws/install/basic134/lib/pkgconfig/basic134.pc'
[4.577s] Level 1:colcon.colcon_core.environment:checking '/home/robot/134code/robotws/install/basic134/lib/python3.10/site-packages'
[4.577s] Level 1:colcon.colcon_core.shell:create_environment_hook('basic134', 'pythonpath')
[4.597s] INFO:colcon.colcon_core.shell:Creating environment hook '/home/robot/134code/robotws/install/basic134/share/basic134/hook/pythonpath.ps1'
[4.598s] INFO:colcon.colcon_core.shell:Creating environment descriptor '/home/robot/134code/robotws/install/basic134/share/basic134/hook/pythonpath.dsv'
[4.598s] INFO:colcon.colcon_core.shell:Creating environment hook '/home/robot/134code/robotws/install/basic134/share/basic134/hook/pythonpath.sh'
[4.599s] Level 1:colcon.colcon_core.environment:checking '/home/robot/134code/robotws/install/basic134/bin'
[4.599s] Level 1:colcon.colcon_core.environment:create_environment_scripts_only(basic134)
[4.617s] INFO:colcon.colcon_core.shell:Creating package script '/home/robot/134code/robotws/install/basic134/share/basic134/package.ps1'
[4.617s] INFO:colcon.colcon_core.shell:Creating package descriptor '/home/robot/134code/robotws/install/basic134/share/basic134/package.dsv'
[4.618s] INFO:colcon.colcon_core.shell:Creating package script '/home/robot/134code/robotws/install/basic134/share/basic134/package.sh'
[4.618s] INFO:colcon.colcon_core.shell:Creating package script '/home/robot/134code/robotws/install/basic134/share/basic134/package.bash'
[4.619s] INFO:colcon.colcon_core.shell:Creating package script '/home/robot/134code/robotws/install/basic134/share/basic134/package.zsh'
[4.619s] Level 1:colcon.colcon_core.environment:create_file_with_runtime_dependencies(/home/robot/134code/robotws/install/basic134/share/colcon-core/packages/basic134)
[4.620s] Level 1:colcon.colcon_core.shell:create_environment_hook('demo134', 'pythonpath_develop')
[4.621s] DEBUG:colcon.colcon_core.event_handler.log_command:Invoked command in '/home/robot/134code/robotws/build/demo134' returned '0': PYTHONPATH=/home/robot/134code/robotws/build/demo134/prefix_override:/home/robot/134code/robotws/install/demo134/lib/python3.10/site-packages:${PYTHONPATH} /usr/bin/python3 setup.py develop --editable --build-directory /home/robot/134code/robotws/build/demo134/build --no-deps install_data
[4.640s] INFO:colcon.colcon_core.shell:Creating environment hook '/home/robot/134code/robotws/build/demo134/share/demo134/hook/pythonpath_develop.ps1'
[4.640s] INFO:colcon.colcon_core.shell:Creating environment descriptor '/home/robot/134code/robotws/build/demo134/share/demo134/hook/pythonpath_develop.dsv'
[4.641s] INFO:colcon.colcon_core.shell:Creating environment hook '/home/robot/134code/robotws/build/demo134/share/demo134/hook/pythonpath_develop.sh'
[4.663s] Level 1:colcon.colcon_core.environment:checking '/home/robot/134code/robotws/install/demo134' for CMake module files
[4.663s] Level 1:colcon.colcon_core.environment:checking '/home/robot/134code/robotws/install/demo134' for CMake config files
[4.664s] Level 1:colcon.colcon_core.environment:checking '/home/robot/134code/robotws/install/demo134/lib'
[4.664s] Level 1:colcon.colcon_core.environment:checking '/home/robot/134code/robotws/install/demo134/bin'
[4.664s] Level 1:colcon.colcon_core.environment:checking '/home/robot/134code/robotws/install/demo134/lib/pkgconfig/demo134.pc'
[4.664s] Level 1:colcon.colcon_core.environment:checking '/home/robot/134code/robotws/install/demo134/lib/python3.10/site-packages'
[4.664s] Level 1:colcon.colcon_core.shell:create_environment_hook('demo134', 'pythonpath')
[4.683s] INFO:colcon.colcon_core.shell:Creating environment hook '/home/robot/134code/robotws/install/demo134/share/demo134/hook/pythonpath.ps1'
[4.683s] INFO:colcon.colcon_core.shell:Creating environment descriptor '/home/robot/134code/robotws/install/demo134/share/demo134/hook/pythonpath.dsv'
[4.683s] INFO:colcon.colcon_core.shell:Creating environment hook '/home/robot/134code/robotws/install/demo134/share/demo134/hook/pythonpath.sh'
[4.684s] Level 1:colcon.colcon_core.environment:checking '/home/robot/134code/robotws/install/demo134/bin'
[4.684s] Level 1:colcon.colcon_core.environment:create_environment_scripts_only(demo134)
[4.715s] INFO:colcon.colcon_core.shell:Creating package script '/home/robot/134code/robotws/install/demo134/share/demo134/package.ps1'
[4.716s] INFO:colcon.colcon_core.shell:Creating package descriptor '/home/robot/134code/robotws/install/demo134/share/demo134/package.dsv'
[4.716s] INFO:colcon.colcon_core.shell:Creating package script '/home/robot/134code/robotws/install/demo134/share/demo134/package.sh'
[4.717s] INFO:colcon.colcon_core.shell:Creating package script '/home/robot/134code/robotws/install/demo134/share/demo134/package.bash'
[4.717s] INFO:colcon.colcon_core.shell:Creating package script '/home/robot/134code/robotws/install/demo134/share/demo134/package.zsh'
[4.717s] Level 1:colcon.colcon_core.environment:create_file_with_runtime_dependencies(/home/robot/134code/robotws/install/demo134/share/colcon-core/packages/demo134)
[4.717s] DEBUG:colcon.colcon_parallel_executor.executor.parallel:closing loop
[4.718s] DEBUG:colcon.colcon_parallel_executor.executor.parallel:loop closed
[4.718s] DEBUG:colcon.colcon_parallel_executor.executor.parallel:run_until_complete finished with '0'
[4.718s] DEBUG:colcon.colcon_core.event_reactor:joining thread
[4.748s] INFO:colcon.colcon_core.plugin_system:Skipping extension 'colcon_notification.desktop_notification.terminal_notifier': Not used on non-Darwin systems
[4.748s] INFO:colcon.colcon_core.plugin_system:Skipping extension 'colcon_notification.desktop_notification.win32': Not used on non-Windows systems
[4.749s] INFO:colcon.colcon_notification.desktop_notification:Sending desktop notification using 'notify2'
[4.764s] DEBUG:colcon.colcon_core.event_reactor:joined thread
[4.791s] INFO:colcon.colcon_core.shell:Creating prefix script '/home/robot/134code/robotws/install/local_setup.ps1'
[4.792s] INFO:colcon.colcon_core.shell:Creating prefix util module '/home/robot/134code/robotws/install/_local_setup_util_ps1.py'
[4.794s] INFO:colcon.colcon_core.shell:Creating prefix chain script '/home/robot/134code/robotws/install/setup.ps1'
[4.814s] INFO:colcon.colcon_core.shell:Creating prefix script '/home/robot/134code/robotws/install/local_setup.sh'
[4.815s] INFO:colcon.colcon_core.shell:Creating prefix util module '/home/robot/134code/robotws/install/_local_setup_util_sh.py'
[4.815s] INFO:colcon.colcon_core.shell:Creating prefix chain script '/home/robot/134code/robotws/install/setup.sh'
[4.843s] INFO:colcon.colcon_core.shell:Creating prefix script '/home/robot/134code/robotws/install/local_setup.bash'
[4.843s] INFO:colcon.colcon_core.shell:Creating prefix chain script '/home/robot/134code/robotws/install/setup.bash'
[4.864s] INFO:colcon.colcon_core.shell:Creating prefix script '/home/robot/134code/robotws/install/local_setup.zsh'
[4.865s] INFO:colcon.colcon_core.shell:Creating prefix chain script '/home/robot/134code/robotws/install/setup.zsh'
