[1.641s] Invoking command in '/home/robot/134code/robotws/build/hebiros': PYTHONPATH=/home/robot/134code/robotws/build/hebiros/prefix_override:/home/robot/134code/robotws/install/hebiros/lib/python3.10/site-packages:${PYTHONPATH} /usr/bin/python3 setup.py develop --editable --build-directory /home/robot/134code/robotws/build/hebiros/build --no-deps install_data
[1.960s] running develop
[1.960s] /usr/lib/python3/dist-packages/setuptools/command/easy_install.py:158: EasyInstallDeprecationWarning: easy_install command is deprecated. Use build and pip and other standards-based tools.
[1.961s]   warnings.warn(
[1.962s] /usr/lib/python3/dist-packages/setuptools/command/install.py:34: SetuptoolsDeprecationWarning: setup.py install is deprecated. Use build and pip and other standards-based tools.
[1.962s]   warnings.warn(
[2.180s] running egg_info
[2.182s] writing hebiros.egg-info/PKG-INFO
[2.182s] writing dependency_links to hebiros.egg-info/dependency_links.txt
[2.183s] writing entry points to hebiros.egg-info/entry_points.txt
[2.183s] writing requirements to hebiros.egg-info/requires.txt
[2.184s] writing top-level names to hebiros.egg-info/top_level.txt
[2.185s] reading manifest file 'hebiros.egg-info/SOURCES.txt'
[2.186s] writing manifest file 'hebiros.egg-info/SOURCES.txt'
[2.187s] running build_ext
[2.188s] Creating /home/robot/134code/robotws/install/hebiros/lib/python3.10/site-packages/hebiros.egg-link (link to .)
[2.191s] Installing hebiforce script to /home/robot/134code/robotws/install/hebiros/lib/hebiros
[2.191s] Installing hebinode script to /home/robot/134code/robotws/install/hebiros/lib/hebiros
[2.192s] Installing hebiscan script to /home/robot/134code/robotws/install/hebiros/lib/hebiros
[2.192s] Installing hebitune script to /home/robot/134code/robotws/install/hebiros/lib/hebiros
[2.193s] Installing testsend script to /home/robot/134code/robotws/install/hebiros/lib/hebiros
[2.193s] 
[2.194s] Installed /home/robot/134code/robotws/build/hebiros
[2.195s] running install_data
[2.219s] Invoked command in '/home/robot/134code/robotws/build/hebiros' returned '0': PYTHONPATH=/home/robot/134code/robotws/build/hebiros/prefix_override:/home/robot/134code/robotws/install/hebiros/lib/python3.10/site-packages:${PYTHONPATH} /usr/bin/python3 setup.py develop --editable --build-directory /home/robot/134code/robotws/build/hebiros/build --no-deps install_data
