[1.378s] DEBUG:colcon:Command line arguments: ['/usr/bin/colcon', 'build', '--symlink-install']
[1.378s] DEBUG:colcon:Parsed command line arguments: Namespace(log_base=None, log_level=None, verb_name='build', build_base='build', install_base='install', merge_install=False, symlink_install=True, test_result_base=None, continue_on_error=False, executor='parallel', parallel_workers=4, event_handlers=None, ignore_user_meta=False, metas=['./colcon.meta'], base_paths=['.'], packages_ignore=None, packages_ignore_regex=None, paths=None, packages_up_to=None, packages_up_to_regex=None, packages_above=None, packages_above_and_dependencies=None, packages_above_depth=None, packages_select_by_dep=None, packages_skip_by_dep=None, packages_skip_up_to=None, packages_select_build_failed=False, packages_skip_build_finished=False, packages_select_test_failures=False, packages_skip_test_passed=False, packages_select=None, packages_skip=None, packages_select_regex=None, packages_skip_regex=None, packages_start=None, packages_end=None, allow_overriding=[], cmake_args=None, cmake_target=None, cmake_target_skip_unavailable=False, cmake_clean_cache=False, cmake_clean_first=False, cmake_force_configure=False, ament_cmake_args=None, catkin_cmake_args=None, catkin_skip_building_tests=False, verb_parser=<colcon_defaults.argument_parser.defaults.DefaultArgumentsDecorator object at 0x7f0aa5d4dc30>, verb_extension=<colcon_core.verb.build.BuildVerb object at 0x7f0aa5d4ea10>, main=<bound method BuildVerb.main of <colcon_core.verb.build.BuildVerb object at 0x7f0aa5d4ea10>>)
[1.475s] Level 1:colcon.colcon_core.package_discovery:discover_packages(colcon_meta) check parameters
[1.476s] Level 1:colcon.colcon_core.package_discovery:discover_packages(recursive) check parameters
[1.476s] Level 1:colcon.colcon_core.package_discovery:discover_packages(ignore) check parameters
[1.476s] Level 1:colcon.colcon_core.package_discovery:discover_packages(path) check parameters
[1.476s] Level 1:colcon.colcon_core.package_discovery:discover_packages(colcon_meta) discover
[1.476s] Level 1:colcon.colcon_core.package_discovery:discover_packages(recursive) discover
[1.476s] INFO:colcon.colcon_core.package_discovery:Crawling recursively for packages in '/home/robot/robotws'
[1.476s] Level 1:colcon.colcon_core.package_identification:_identify(.) by extensions ['ignore', 'ignore_ament_install']
[1.476s] Level 1:colcon.colcon_core.package_identification:_identify(.) by extension 'ignore'
[1.476s] Level 1:colcon.colcon_core.package_identification:_identify(.) by extension 'ignore_ament_install'
[1.476s] Level 1:colcon.colcon_core.package_identification:_identify(.) by extensions ['colcon_pkg']
[1.476s] Level 1:colcon.colcon_core.package_identification:_identify(.) by extension 'colcon_pkg'
[1.476s] Level 1:colcon.colcon_core.package_identification:_identify(.) by extensions ['colcon_meta']
[1.476s] Level 1:colcon.colcon_core.package_identification:_identify(.) by extension 'colcon_meta'
[1.476s] Level 1:colcon.colcon_core.package_identification:_identify(.) by extensions ['ros']
[1.476s] Level 1:colcon.colcon_core.package_identification:_identify(.) by extension 'ros'
[1.488s] Level 1:colcon.colcon_core.package_identification:_identify(.) by extensions ['cmake', 'python']
[1.488s] Level 1:colcon.colcon_core.package_identification:_identify(.) by extension 'cmake'
[1.488s] Level 1:colcon.colcon_core.package_identification:_identify(.) by extension 'python'
[1.488s] Level 1:colcon.colcon_core.package_identification:_identify(.) by extensions ['python_setup_py']
[1.488s] Level 1:colcon.colcon_core.package_identification:_identify(.) by extension 'python_setup_py'
[1.488s] Level 1:colcon.colcon_core.package_identification:_identify(build) by extensions ['ignore', 'ignore_ament_install']
[1.488s] Level 1:colcon.colcon_core.package_identification:_identify(build) by extension 'ignore'
[1.488s] Level 1:colcon.colcon_core.package_identification:_identify(build) ignored
[1.488s] Level 1:colcon.colcon_core.package_identification:_identify(install) by extensions ['ignore', 'ignore_ament_install']
[1.488s] Level 1:colcon.colcon_core.package_identification:_identify(install) by extension 'ignore'
[1.488s] Level 1:colcon.colcon_core.package_identification:_identify(install) ignored
[1.488s] Level 1:colcon.colcon_core.package_identification:_identify(log) by extensions ['ignore', 'ignore_ament_install']
[1.488s] Level 1:colcon.colcon_core.package_identification:_identify(log) by extension 'ignore'
[1.489s] Level 1:colcon.colcon_core.package_identification:_identify(log) ignored
[1.489s] Level 1:colcon.colcon_core.package_identification:_identify(src) by extensions ['ignore', 'ignore_ament_install']
[1.489s] Level 1:colcon.colcon_core.package_identification:_identify(src) by extension 'ignore'
[1.489s] Level 1:colcon.colcon_core.package_identification:_identify(src) by extension 'ignore_ament_install'
[1.489s] Level 1:colcon.colcon_core.package_identification:_identify(src) by extensions ['colcon_pkg']
[1.489s] Level 1:colcon.colcon_core.package_identification:_identify(src) by extension 'colcon_pkg'
[1.489s] Level 1:colcon.colcon_core.package_identification:_identify(src) by extensions ['colcon_meta']
[1.489s] Level 1:colcon.colcon_core.package_identification:_identify(src) by extension 'colcon_meta'
[1.489s] Level 1:colcon.colcon_core.package_identification:_identify(src) by extensions ['ros']
[1.489s] Level 1:colcon.colcon_core.package_identification:_identify(src) by extension 'ros'
[1.489s] Level 1:colcon.colcon_core.package_identification:_identify(src) by extensions ['cmake', 'python']
[1.489s] Level 1:colcon.colcon_core.package_identification:_identify(src) by extension 'cmake'
[1.489s] Level 1:colcon.colcon_core.package_identification:_identify(src) by extension 'python'
[1.489s] Level 1:colcon.colcon_core.package_identification:_identify(src) by extensions ['python_setup_py']
[1.489s] Level 1:colcon.colcon_core.package_identification:_identify(src) by extension 'python_setup_py'
[1.489s] Level 1:colcon.colcon_core.package_identification:_identify(src/demo134) by extensions ['ignore', 'ignore_ament_install']
[1.489s] Level 1:colcon.colcon_core.package_identification:_identify(src/demo134) by extension 'ignore'
[1.489s] Level 1:colcon.colcon_core.package_identification:_identify(src/demo134) by extension 'ignore_ament_install'
[1.489s] Level 1:colcon.colcon_core.package_identification:_identify(src/demo134) by extensions ['colcon_pkg']
[1.489s] Level 1:colcon.colcon_core.package_identification:_identify(src/demo134) by extension 'colcon_pkg'
[1.489s] Level 1:colcon.colcon_core.package_identification:_identify(src/demo134) by extensions ['colcon_meta']
[1.489s] Level 1:colcon.colcon_core.package_identification:_identify(src/demo134) by extension 'colcon_meta'
[1.490s] Level 1:colcon.colcon_core.package_identification:_identify(src/demo134) by extensions ['ros']
[1.490s] Level 1:colcon.colcon_core.package_identification:_identify(src/demo134) by extension 'ros'
[1.490s] Level 1:colcon.colcon_core.package_identification:_identify(src/demo134) by extensions ['cmake', 'python']
[1.490s] Level 1:colcon.colcon_core.package_identification:_identify(src/demo134) by extension 'cmake'
[1.490s] Level 1:colcon.colcon_core.package_identification:_identify(src/demo134) by extension 'python'
[1.490s] Level 1:colcon.colcon_core.package_identification:_identify(src/demo134) by extensions ['python_setup_py']
[1.490s] Level 1:colcon.colcon_core.package_identification:_identify(src/demo134) by extension 'python_setup_py'
[1.490s] Level 1:colcon.colcon_core.package_identification:_identify(src/demo134/demo134) by extensions ['ignore', 'ignore_ament_install']
[1.490s] Level 1:colcon.colcon_core.package_identification:_identify(src/demo134/demo134) by extension 'ignore'
[1.490s] Level 1:colcon.colcon_core.package_identification:_identify(src/demo134/demo134) by extension 'ignore_ament_install'
[1.490s] Level 1:colcon.colcon_core.package_identification:_identify(src/demo134/demo134) by extensions ['colcon_pkg']
[1.490s] Level 1:colcon.colcon_core.package_identification:_identify(src/demo134/demo134) by extension 'colcon_pkg'
[1.490s] Level 1:colcon.colcon_core.package_identification:_identify(src/demo134/demo134) by extensions ['colcon_meta']
[1.490s] Level 1:colcon.colcon_core.package_identification:_identify(src/demo134/demo134) by extension 'colcon_meta'
[1.490s] Level 1:colcon.colcon_core.package_identification:_identify(src/demo134/demo134) by extensions ['ros']
[1.490s] Level 1:colcon.colcon_core.package_identification:_identify(src/demo134/demo134) by extension 'ros'
[1.494s] DEBUG:colcon.colcon_core.package_identification:Package 'src/demo134/demo134' with type 'ros.ament_python' and name 'demo134'
[1.494s] Level 1:colcon.colcon_core.package_identification:_identify(src/hebiros) by extensions ['ignore', 'ignore_ament_install']
[1.494s] Level 1:colcon.colcon_core.package_identification:_identify(src/hebiros) by extension 'ignore'
[1.494s] Level 1:colcon.colcon_core.package_identification:_identify(src/hebiros) by extension 'ignore_ament_install'
[1.494s] Level 1:colcon.colcon_core.package_identification:_identify(src/hebiros) by extensions ['colcon_pkg']
[1.494s] Level 1:colcon.colcon_core.package_identification:_identify(src/hebiros) by extension 'colcon_pkg'
[1.494s] Level 1:colcon.colcon_core.package_identification:_identify(src/hebiros) by extensions ['colcon_meta']
[1.494s] Level 1:colcon.colcon_core.package_identification:_identify(src/hebiros) by extension 'colcon_meta'
[1.494s] Level 1:colcon.colcon_core.package_identification:_identify(src/hebiros) by extensions ['ros']
[1.494s] Level 1:colcon.colcon_core.package_identification:_identify(src/hebiros) by extension 'ros'
[1.494s] Level 1:colcon.colcon_core.package_identification:_identify(src/hebiros) by extensions ['cmake', 'python']
[1.494s] Level 1:colcon.colcon_core.package_identification:_identify(src/hebiros) by extension 'cmake'
[1.494s] Level 1:colcon.colcon_core.package_identification:_identify(src/hebiros) by extension 'python'
[1.494s] Level 1:colcon.colcon_core.package_identification:_identify(src/hebiros) by extensions ['python_setup_py']
[1.494s] Level 1:colcon.colcon_core.package_identification:_identify(src/hebiros) by extension 'python_setup_py'
[1.494s] Level 1:colcon.colcon_core.package_identification:_identify(src/hebiros/hebiros) by extensions ['ignore', 'ignore_ament_install']
[1.495s] Level 1:colcon.colcon_core.package_identification:_identify(src/hebiros/hebiros) by extension 'ignore'
[1.495s] Level 1:colcon.colcon_core.package_identification:_identify(src/hebiros/hebiros) by extension 'ignore_ament_install'
[1.495s] Level 1:colcon.colcon_core.package_identification:_identify(src/hebiros/hebiros) by extensions ['colcon_pkg']
[1.495s] Level 1:colcon.colcon_core.package_identification:_identify(src/hebiros/hebiros) by extension 'colcon_pkg'
[1.495s] Level 1:colcon.colcon_core.package_identification:_identify(src/hebiros/hebiros) by extensions ['colcon_meta']
[1.495s] Level 1:colcon.colcon_core.package_identification:_identify(src/hebiros/hebiros) by extension 'colcon_meta'
[1.495s] Level 1:colcon.colcon_core.package_identification:_identify(src/hebiros/hebiros) by extensions ['ros']
[1.495s] Level 1:colcon.colcon_core.package_identification:_identify(src/hebiros/hebiros) by extension 'ros'
[1.495s] DEBUG:colcon.colcon_core.package_identification:Package 'src/hebiros/hebiros' with type 'ros.ament_python' and name 'hebiros'
[1.495s] Level 1:colcon.colcon_core.package_discovery:discover_packages(recursive) using defaults
[1.496s] Level 1:colcon.colcon_core.package_discovery:discover_packages(ignore) discover
[1.496s] Level 1:colcon.colcon_core.package_discovery:discover_packages(ignore) using defaults
[1.496s] Level 1:colcon.colcon_core.package_discovery:discover_packages(path) discover
[1.496s] Level 1:colcon.colcon_core.package_discovery:discover_packages(path) using defaults
[1.625s] Level 1:colcon.colcon_core.package_discovery:discover_packages(prefix_path) check parameters
[1.625s] Level 1:colcon.colcon_core.package_discovery:discover_packages(prefix_path) discover
[1.673s] DEBUG:colcon.colcon_installed_package_information.package_discovery:Found 0 installed packages in /home/robot/robotws/install
[1.693s] DEBUG:colcon.colcon_installed_package_information.package_discovery:Found 417 installed packages in /opt/ros/humble
[1.694s] Level 1:colcon.colcon_core.package_discovery:discover_packages(prefix_path) using defaults
[1.805s] Level 5:colcon.colcon_core.verb:set package 'demo134' build argument 'cmake_args' from command line to 'None'
[1.805s] Level 5:colcon.colcon_core.verb:set package 'demo134' build argument 'cmake_target' from command line to 'None'
[1.805s] Level 5:colcon.colcon_core.verb:set package 'demo134' build argument 'cmake_target_skip_unavailable' from command line to 'False'
[1.805s] Level 5:colcon.colcon_core.verb:set package 'demo134' build argument 'cmake_clean_cache' from command line to 'False'
[1.805s] Level 5:colcon.colcon_core.verb:set package 'demo134' build argument 'cmake_clean_first' from command line to 'False'
[1.805s] Level 5:colcon.colcon_core.verb:set package 'demo134' build argument 'cmake_force_configure' from command line to 'False'
[1.805s] Level 5:colcon.colcon_core.verb:set package 'demo134' build argument 'ament_cmake_args' from command line to 'None'
[1.805s] Level 5:colcon.colcon_core.verb:set package 'demo134' build argument 'catkin_cmake_args' from command line to 'None'
[1.805s] Level 5:colcon.colcon_core.verb:set package 'demo134' build argument 'catkin_skip_building_tests' from command line to 'False'
[1.805s] DEBUG:colcon.colcon_core.verb:Building package 'demo134' with the following arguments: {'ament_cmake_args': None, 'build_base': '/home/robot/robotws/build/demo134', 'catkin_cmake_args': None, 'catkin_skip_building_tests': False, 'cmake_args': None, 'cmake_clean_cache': False, 'cmake_clean_first': False, 'cmake_force_configure': False, 'cmake_target': None, 'cmake_target_skip_unavailable': False, 'install_base': '/home/robot/robotws/install/demo134', 'merge_install': False, 'path': '/home/robot/robotws/src/demo134/demo134', 'symlink_install': True, 'test_result_base': None}
[1.823s] Level 5:colcon.colcon_core.verb:set package 'hebiros' build argument 'cmake_args' from command line to 'None'
[1.823s] Level 5:colcon.colcon_core.verb:set package 'hebiros' build argument 'cmake_target' from command line to 'None'
[1.823s] Level 5:colcon.colcon_core.verb:set package 'hebiros' build argument 'cmake_target_skip_unavailable' from command line to 'False'
[1.823s] Level 5:colcon.colcon_core.verb:set package 'hebiros' build argument 'cmake_clean_cache' from command line to 'False'
[1.823s] Level 5:colcon.colcon_core.verb:set package 'hebiros' build argument 'cmake_clean_first' from command line to 'False'
[1.823s] Level 5:colcon.colcon_core.verb:set package 'hebiros' build argument 'cmake_force_configure' from command line to 'False'
[1.823s] Level 5:colcon.colcon_core.verb:set package 'hebiros' build argument 'ament_cmake_args' from command line to 'None'
[1.823s] Level 5:colcon.colcon_core.verb:set package 'hebiros' build argument 'catkin_cmake_args' from command line to 'None'
[1.823s] Level 5:colcon.colcon_core.verb:set package 'hebiros' build argument 'catkin_skip_building_tests' from command line to 'False'
[1.823s] DEBUG:colcon.colcon_core.verb:Building package 'hebiros' with the following arguments: {'ament_cmake_args': None, 'build_base': '/home/robot/robotws/build/hebiros', 'catkin_cmake_args': None, 'catkin_skip_building_tests': False, 'cmake_args': None, 'cmake_clean_cache': False, 'cmake_clean_first': False, 'cmake_force_configure': False, 'cmake_target': None, 'cmake_target_skip_unavailable': False, 'install_base': '/home/robot/robotws/install/hebiros', 'merge_install': False, 'path': '/home/robot/robotws/src/hebiros/hebiros', 'symlink_install': True, 'test_result_base': None}
[1.841s] INFO:colcon.colcon_core.executor:Executing jobs using 'parallel' executor
[1.859s] DEBUG:colcon.colcon_parallel_executor.executor.parallel:run_until_complete
[1.860s] INFO:colcon.colcon_ros.task.ament_python.build:Building ROS package in '/home/robot/robotws/src/demo134/demo134' with build type 'ament_python'
[1.860s] Level 1:colcon.colcon_core.shell:create_environment_hook('demo134', 'ament_prefix_path')
[1.884s] INFO:colcon.colcon_core.plugin_system:Skipping extension 'colcon_core.shell.bat': Not used on non-Windows systems
[1.884s] INFO:colcon.colcon_core.shell:Creating environment hook '/home/robot/robotws/install/demo134/share/demo134/hook/ament_prefix_path.ps1'
[1.885s] INFO:colcon.colcon_core.shell:Creating environment descriptor '/home/robot/robotws/install/demo134/share/demo134/hook/ament_prefix_path.dsv'
[1.885s] INFO:colcon.colcon_core.shell:Creating environment hook '/home/robot/robotws/install/demo134/share/demo134/hook/ament_prefix_path.sh'
[1.907s] INFO:colcon.colcon_core.shell:Skip shell extension 'powershell' for command environment: Not usable outside of PowerShell
[1.907s] DEBUG:colcon.colcon_core.shell:Skip shell extension 'dsv' for command environment
[1.964s] INFO:colcon.colcon_ros.task.ament_python.build:Building ROS package in '/home/robot/robotws/src/hebiros/hebiros' with build type 'ament_python'
[1.964s] Level 1:colcon.colcon_core.shell:create_environment_hook('hebiros', 'ament_prefix_path')
[1.985s] INFO:colcon.colcon_core.shell:Creating environment hook '/home/robot/robotws/install/hebiros/share/hebiros/hook/ament_prefix_path.ps1'
[1.985s] INFO:colcon.colcon_core.shell:Creating environment descriptor '/home/robot/robotws/install/hebiros/share/hebiros/hook/ament_prefix_path.dsv'
[1.986s] INFO:colcon.colcon_core.shell:Creating environment hook '/home/robot/robotws/install/hebiros/share/hebiros/hook/ament_prefix_path.sh'
[2.005s] INFO:colcon.colcon_core.shell:Skip shell extension 'powershell' for command environment: Not usable outside of PowerShell
[2.005s] DEBUG:colcon.colcon_core.shell:Skip shell extension 'dsv' for command environment
[2.338s] INFO:colcon.colcon_core.task.python.build:Building Python package in '/home/robot/robotws/src/demo134/demo134'
[2.358s] INFO:colcon.colcon_core.shell:Skip shell extension 'powershell' for command environment: Not usable outside of PowerShell
[2.358s] DEBUG:colcon.colcon_core.shell:Skip shell extension 'dsv' for command environment
[2.696s] INFO:colcon.colcon_core.task.python.build:Building Python package in '/home/robot/robotws/src/hebiros/hebiros'
[2.714s] INFO:colcon.colcon_core.shell:Skip shell extension 'powershell' for command environment: Not usable outside of PowerShell
[2.714s] DEBUG:colcon.colcon_core.shell:Skip shell extension 'dsv' for command environment
[3.408s] DEBUG:colcon.colcon_core.event_handler.log_command:Invoking command in '/home/robot/robotws/build/demo134': PYTHONPATH=/home/robot/robotws/build/demo134/prefix_override:/home/robot/robotws/install/demo134/lib/python3.10/site-packages:${PYTHONPATH} /usr/bin/python3 setup.py develop --editable --build-directory /home/robot/robotws/build/demo134/build --no-deps install_data
[3.412s] DEBUG:colcon.colcon_core.event_handler.log_command:Invoking command in '/home/robot/robotws/build/hebiros': PYTHONPATH=/home/robot/robotws/build/hebiros/prefix_override:/home/robot/robotws/install/hebiros/lib/python3.10/site-packages:${PYTHONPATH} /usr/bin/python3 setup.py develop --editable --build-directory /home/robot/robotws/build/hebiros/build --no-deps install_data
[3.947s] Level 1:colcon.colcon_core.shell:create_environment_hook('hebiros', 'pythonpath_develop')
[3.947s] DEBUG:colcon.colcon_core.event_handler.log_command:Invoked command in '/home/robot/robotws/build/hebiros' returned '0': PYTHONPATH=/home/robot/robotws/build/hebiros/prefix_override:/home/robot/robotws/install/hebiros/lib/python3.10/site-packages:${PYTHONPATH} /usr/bin/python3 setup.py develop --editable --build-directory /home/robot/robotws/build/hebiros/build --no-deps install_data
[3.965s] INFO:colcon.colcon_core.shell:Creating environment hook '/home/robot/robotws/build/hebiros/share/hebiros/hook/pythonpath_develop.ps1'
[3.966s] INFO:colcon.colcon_core.shell:Creating environment descriptor '/home/robot/robotws/build/hebiros/share/hebiros/hook/pythonpath_develop.dsv'
[3.966s] INFO:colcon.colcon_core.shell:Creating environment hook '/home/robot/robotws/build/hebiros/share/hebiros/hook/pythonpath_develop.sh'
[3.993s] Level 1:colcon.colcon_core.environment:checking '/home/robot/robotws/install/hebiros' for CMake module files
[3.993s] Level 1:colcon.colcon_core.environment:checking '/home/robot/robotws/install/hebiros' for CMake config files
[3.994s] Level 1:colcon.colcon_core.environment:checking '/home/robot/robotws/install/hebiros/lib'
[3.994s] Level 1:colcon.colcon_core.environment:checking '/home/robot/robotws/install/hebiros/bin'
[3.994s] Level 1:colcon.colcon_core.environment:checking '/home/robot/robotws/install/hebiros/lib/pkgconfig/hebiros.pc'
[3.995s] Level 1:colcon.colcon_core.environment:checking '/home/robot/robotws/install/hebiros/lib/python3.10/site-packages'
[3.995s] Level 1:colcon.colcon_core.shell:create_environment_hook('hebiros', 'pythonpath')
[4.013s] INFO:colcon.colcon_core.shell:Creating environment hook '/home/robot/robotws/install/hebiros/share/hebiros/hook/pythonpath.ps1'
[4.013s] INFO:colcon.colcon_core.shell:Creating environment descriptor '/home/robot/robotws/install/hebiros/share/hebiros/hook/pythonpath.dsv'
[4.013s] INFO:colcon.colcon_core.shell:Creating environment hook '/home/robot/robotws/install/hebiros/share/hebiros/hook/pythonpath.sh'
[4.014s] Level 1:colcon.colcon_core.environment:checking '/home/robot/robotws/install/hebiros/bin'
[4.014s] Level 1:colcon.colcon_core.environment:create_environment_scripts_only(hebiros)
[4.032s] INFO:colcon.colcon_core.shell:Creating package script '/home/robot/robotws/install/hebiros/share/hebiros/package.ps1'
[4.033s] INFO:colcon.colcon_core.shell:Creating package descriptor '/home/robot/robotws/install/hebiros/share/hebiros/package.dsv'
[4.033s] INFO:colcon.colcon_core.shell:Creating package script '/home/robot/robotws/install/hebiros/share/hebiros/package.sh'
[4.034s] INFO:colcon.colcon_core.shell:Creating package script '/home/robot/robotws/install/hebiros/share/hebiros/package.bash'
[4.035s] INFO:colcon.colcon_core.shell:Creating package script '/home/robot/robotws/install/hebiros/share/hebiros/package.zsh'
[4.036s] Level 1:colcon.colcon_core.environment:create_file_with_runtime_dependencies(/home/robot/robotws/install/hebiros/share/colcon-core/packages/hebiros)
[4.037s] Level 1:colcon.colcon_core.shell:create_environment_hook('demo134', 'pythonpath_develop')
[4.038s] DEBUG:colcon.colcon_core.event_handler.log_command:Invoked command in '/home/robot/robotws/build/demo134' returned '0': PYTHONPATH=/home/robot/robotws/build/demo134/prefix_override:/home/robot/robotws/install/demo134/lib/python3.10/site-packages:${PYTHONPATH} /usr/bin/python3 setup.py develop --editable --build-directory /home/robot/robotws/build/demo134/build --no-deps install_data
[4.059s] INFO:colcon.colcon_core.shell:Creating environment hook '/home/robot/robotws/build/demo134/share/demo134/hook/pythonpath_develop.ps1'
[4.059s] INFO:colcon.colcon_core.shell:Creating environment descriptor '/home/robot/robotws/build/demo134/share/demo134/hook/pythonpath_develop.dsv'
[4.060s] INFO:colcon.colcon_core.shell:Creating environment hook '/home/robot/robotws/build/demo134/share/demo134/hook/pythonpath_develop.sh'
[4.082s] Level 1:colcon.colcon_core.environment:checking '/home/robot/robotws/install/demo134' for CMake module files
[4.082s] Level 1:colcon.colcon_core.environment:checking '/home/robot/robotws/install/demo134' for CMake config files
[4.083s] Level 1:colcon.colcon_core.environment:checking '/home/robot/robotws/install/demo134/lib'
[4.083s] Level 1:colcon.colcon_core.environment:checking '/home/robot/robotws/install/demo134/bin'
[4.083s] Level 1:colcon.colcon_core.environment:checking '/home/robot/robotws/install/demo134/lib/pkgconfig/demo134.pc'
[4.083s] Level 1:colcon.colcon_core.environment:checking '/home/robot/robotws/install/demo134/lib/python3.10/site-packages'
[4.083s] Level 1:colcon.colcon_core.shell:create_environment_hook('demo134', 'pythonpath')
[4.109s] INFO:colcon.colcon_core.shell:Creating environment hook '/home/robot/robotws/install/demo134/share/demo134/hook/pythonpath.ps1'
[4.109s] INFO:colcon.colcon_core.shell:Creating environment descriptor '/home/robot/robotws/install/demo134/share/demo134/hook/pythonpath.dsv'
[4.109s] INFO:colcon.colcon_core.shell:Creating environment hook '/home/robot/robotws/install/demo134/share/demo134/hook/pythonpath.sh'
[4.110s] Level 1:colcon.colcon_core.environment:checking '/home/robot/robotws/install/demo134/bin'
[4.110s] Level 1:colcon.colcon_core.environment:create_environment_scripts_only(demo134)
[4.128s] INFO:colcon.colcon_core.shell:Creating package script '/home/robot/robotws/install/demo134/share/demo134/package.ps1'
[4.129s] INFO:colcon.colcon_core.shell:Creating package descriptor '/home/robot/robotws/install/demo134/share/demo134/package.dsv'
[4.129s] INFO:colcon.colcon_core.shell:Creating package script '/home/robot/robotws/install/demo134/share/demo134/package.sh'
[4.129s] INFO:colcon.colcon_core.shell:Creating package script '/home/robot/robotws/install/demo134/share/demo134/package.bash'
[4.130s] INFO:colcon.colcon_core.shell:Creating package script '/home/robot/robotws/install/demo134/share/demo134/package.zsh'
[4.130s] Level 1:colcon.colcon_core.environment:create_file_with_runtime_dependencies(/home/robot/robotws/install/demo134/share/colcon-core/packages/demo134)
[4.130s] DEBUG:colcon.colcon_parallel_executor.executor.parallel:closing loop
[4.130s] DEBUG:colcon.colcon_parallel_executor.executor.parallel:loop closed
[4.131s] DEBUG:colcon.colcon_parallel_executor.executor.parallel:run_until_complete finished with '0'
[4.131s] DEBUG:colcon.colcon_core.event_reactor:joining thread
[4.159s] INFO:colcon.colcon_core.plugin_system:Skipping extension 'colcon_notification.desktop_notification.terminal_notifier': Not used on non-Darwin systems
[4.159s] INFO:colcon.colcon_core.plugin_system:Skipping extension 'colcon_notification.desktop_notification.win32': Not used on non-Windows systems
[4.159s] INFO:colcon.colcon_notification.desktop_notification:Sending desktop notification using 'notify2'
[4.181s] DEBUG:colcon.colcon_core.event_reactor:joined thread
[4.206s] INFO:colcon.colcon_core.shell:Creating prefix script '/home/robot/robotws/install/local_setup.ps1'
[4.207s] INFO:colcon.colcon_core.shell:Creating prefix util module '/home/robot/robotws/install/_local_setup_util_ps1.py'
[4.209s] INFO:colcon.colcon_core.shell:Creating prefix chain script '/home/robot/robotws/install/setup.ps1'
[4.229s] INFO:colcon.colcon_core.shell:Creating prefix script '/home/robot/robotws/install/local_setup.sh'
[4.230s] INFO:colcon.colcon_core.shell:Creating prefix util module '/home/robot/robotws/install/_local_setup_util_sh.py'
[4.230s] INFO:colcon.colcon_core.shell:Creating prefix chain script '/home/robot/robotws/install/setup.sh'
[4.257s] INFO:colcon.colcon_core.shell:Creating prefix script '/home/robot/robotws/install/local_setup.bash'
[4.258s] INFO:colcon.colcon_core.shell:Creating prefix chain script '/home/robot/robotws/install/setup.bash'
[4.276s] INFO:colcon.colcon_core.shell:Creating prefix script '/home/robot/robotws/install/local_setup.zsh'
[4.277s] INFO:colcon.colcon_core.shell:Creating prefix chain script '/home/robot/robotws/install/setup.zsh'
