[1.373s] Invoking command in '/home/robot/134code/build/detectors': PYTHONPATH=/home/robot/134code/build/detectors/prefix_override:/home/robot/134code/install/detectors/lib/python3.10/site-packages:${PYTHONPATH} /usr/bin/python3 setup.py develop --editable --build-directory /home/robot/134code/build/detectors/build --no-deps install_data
[1.712s] running develop
[1.713s] /usr/lib/python3/dist-packages/setuptools/command/easy_install.py:158: EasyInstallDeprecationWarning: easy_install command is deprecated. Use build and pip and other standards-based tools.
[1.713s]   warnings.warn(
[1.713s] /usr/lib/python3/dist-packages/setuptools/command/install.py:34: SetuptoolsDeprecationWarning: setup.py install is deprecated. Use build and pip and other standards-based tools.
[1.713s]   warnings.warn(
[2.003s] running egg_info
[2.004s] writing detectors.egg-info/PKG-INFO
[2.004s] writing dependency_links to detectors.egg-info/dependency_links.txt
[2.004s] writing entry points to detectors.egg-info/entry_points.txt
[2.004s] writing requirements to detectors.egg-info/requires.txt
[2.005s] writing top-level names to detectors.egg-info/top_level.txt
[2.006s] reading manifest file 'detectors.egg-info/SOURCES.txt'
[2.007s] writing manifest file 'detectors.egg-info/SOURCES.txt'
[2.009s] running build_ext
[2.009s] Creating /home/robot/134code/install/detectors/lib/python3.10/site-packages/detectors.egg-link (link to .)
[2.010s] Installing balldetector script to /home/robot/134code/install/detectors/lib/detectors
[2.010s] Installing demodetector script to /home/robot/134code/install/detectors/lib/detectors
[2.011s] Installing depthincenter script to /home/robot/134code/install/detectors/lib/detectors
[2.011s] Installing detectaruco script to /home/robot/134code/install/detectors/lib/detectors
[2.011s] Installing facedepth script to /home/robot/134code/install/detectors/lib/detectors
[2.011s] Installing facedetector script to /home/robot/134code/install/detectors/lib/detectors
[2.011s] Installing hsvtune script to /home/robot/134code/install/detectors/lib/detectors
[2.011s] Installing mapping script to /home/robot/134code/install/detectors/lib/detectors
[2.012s] Installing writearuco script to /home/robot/134code/install/detectors/lib/detectors
[2.012s] 
[2.012s] Installed /home/robot/134code/build/detectors
[2.012s] running install_data
[2.042s] Invoked command in '/home/robot/134code/build/detectors' returned '0': PYTHONPATH=/home/robot/134code/build/detectors/prefix_override:/home/robot/134code/install/detectors/lib/python3.10/site-packages:${PYTHONPATH} /usr/bin/python3 setup.py develop --editable --build-directory /home/robot/134code/build/detectors/build --no-deps install_data
