[1.884s] Invoking command in '/home/robot/134code/robotws/build/hebiros': PYTHONPATH=/home/robot/134code/robotws/build/hebiros/prefix_override:/home/robot/134code/robotws/install/hebiros/lib/python3.10/site-packages:${PYTHONPATH} /usr/bin/python3 setup.py develop --editable --build-directory /home/robot/134code/robotws/build/hebiros/build --no-deps install_data
[2.365s] running develop
[2.365s] /usr/lib/python3/dist-packages/setuptools/command/easy_install.py:158: EasyInstallDeprecationWarning: easy_install command is deprecated. Use build and pip and other standards-based tools.
[2.366s]   warnings.warn(
[2.367s] /usr/lib/python3/dist-packages/setuptools/command/install.py:34: SetuptoolsDeprecationWarning: setup.py install is deprecated. Use build and pip and other standards-based tools.
[2.367s]   warnings.warn(
[2.590s] running egg_info
[2.590s] writing hebiros.egg-info/PKG-INFO
[2.591s] writing dependency_links to hebiros.egg-info/dependency_links.txt
[2.591s] writing entry points to hebiros.egg-info/entry_points.txt
[2.591s] writing requirements to hebiros.egg-info/requires.txt
[2.591s] writing top-level names to hebiros.egg-info/top_level.txt
[2.593s] reading manifest file 'hebiros.egg-info/SOURCES.txt'
[2.594s] writing manifest file 'hebiros.egg-info/SOURCES.txt'
[2.595s] running build_ext
[2.596s] Creating /home/robot/134code/robotws/install/hebiros/lib/python3.10/site-packages/hebiros.egg-link (link to .)
[2.597s] Installing hebiforce script to /home/robot/134code/robotws/install/hebiros/lib/hebiros
[2.597s] Installing hebinode script to /home/robot/134code/robotws/install/hebiros/lib/hebiros
[2.597s] Installing hebiscan script to /home/robot/134code/robotws/install/hebiros/lib/hebiros
[2.598s] Installing hebitune script to /home/robot/134code/robotws/install/hebiros/lib/hebiros
[2.598s] Installing testsend script to /home/robot/134code/robotws/install/hebiros/lib/hebiros
[2.598s] 
[2.598s] Installed /home/robot/134code/robotws/build/hebiros
[2.598s] running install_data
[2.655s] Invoked command in '/home/robot/134code/robotws/build/hebiros' returned '0': PYTHONPATH=/home/robot/134code/robotws/build/hebiros/prefix_override:/home/robot/134code/robotws/install/hebiros/lib/python3.10/site-packages:${PYTHONPATH} /usr/bin/python3 setup.py develop --editable --build-directory /home/robot/134code/robotws/build/hebiros/build --no-deps install_data
