[2.316s] Invoking command in '/home/robot/134code/robotws/build/basic134': PYTHONPATH=/home/robot/134code/robotws/build/basic134/prefix_override:/home/robot/134code/robotws/install/basic134/lib/python3.10/site-packages:${PYTHONPATH} /usr/bin/python3 setup.py develop --editable --build-directory /home/robot/134code/robotws/build/basic134/build --no-deps install_data
[2.830s] running develop
[2.831s] /usr/lib/python3/dist-packages/setuptools/command/easy_install.py:158: EasyInstallDeprecationWarning: easy_install command is deprecated. Use build and pip and other standards-based tools.
[2.833s]   warnings.warn(
[2.833s] /usr/lib/python3/dist-packages/setuptools/command/install.py:34: SetuptoolsDeprecationWarning: setup.py install is deprecated. Use build and pip and other standards-based tools.
[2.834s]   warnings.warn(
[3.225s] running egg_info
[3.226s] writing basic134.egg-info/PKG-INFO
[3.226s] writing dependency_links to basic134.egg-info/dependency_links.txt
[3.226s] writing entry points to basic134.egg-info/entry_points.txt
[3.226s] writing requirements to basic134.egg-info/requires.txt
[3.226s] writing top-level names to basic134.egg-info/top_level.txt
[3.230s] reading manifest file 'basic134.egg-info/SOURCES.txt'
[3.232s] writing manifest file 'basic134.egg-info/SOURCES.txt'
[3.233s] running build_ext
[3.234s] Creating /home/robot/134code/robotws/install/basic134/lib/python3.10/site-packages/basic134.egg-link (link to .)
[3.235s] Installing demo134 script to /home/robot/134code/robotws/install/basic134/lib/basic134
[3.235s] Installing receivepoint script to /home/robot/134code/robotws/install/basic134/lib/basic134
[3.235s] 
[3.236s] Installed /home/robot/134code/robotws/build/basic134
[3.236s] running install_data
[3.236s] copying launch/viewcommand.launch.py -> /home/robot/134code/robotws/install/basic134/share/basic134/launch
[3.423s] Invoked command in '/home/robot/134code/robotws/build/basic134' returned '0': PYTHONPATH=/home/robot/134code/robotws/build/basic134/prefix_override:/home/robot/134code/robotws/install/basic134/lib/python3.10/site-packages:${PYTHONPATH} /usr/bin/python3 setup.py develop --editable --build-directory /home/robot/134code/robotws/build/basic134/build --no-deps install_data
