[1.841s] Invoking command in '/home/robot/134code/robotws/build/hebiros': PYTHONPATH=/home/robot/134code/robotws/build/hebiros/prefix_override:/home/robot/134code/robotws/install/hebiros/lib/python3.10/site-packages:${PYTHONPATH} /usr/bin/python3 setup.py develop --editable --build-directory /home/robot/134code/robotws/build/hebiros/build --no-deps install_data
[2.301s] running develop
[2.301s] /usr/lib/python3/dist-packages/setuptools/command/easy_install.py:158: EasyInstallDeprecationWarning: easy_install command is deprecated. Use build and pip and other standards-based tools.
[2.301s]   warnings.warn(
[2.302s] /usr/lib/python3/dist-packages/setuptools/command/install.py:34: SetuptoolsDeprecationWarning: setup.py install is deprecated. Use build and pip and other standards-based tools.
[2.302s]   warnings.warn(
[2.516s] running egg_info
[2.516s] writing hebiros.egg-info/PKG-INFO
[2.517s] writing dependency_links to hebiros.egg-info/dependency_links.txt
[2.517s] writing entry points to hebiros.egg-info/entry_points.txt
[2.517s] writing requirements to hebiros.egg-info/requires.txt
[2.517s] writing top-level names to hebiros.egg-info/top_level.txt
[2.519s] reading manifest file 'hebiros.egg-info/SOURCES.txt'
[2.520s] writing manifest file 'hebiros.egg-info/SOURCES.txt'
[2.522s] running build_ext
[2.522s] Creating /home/robot/134code/robotws/install/hebiros/lib/python3.10/site-packages/hebiros.egg-link (link to .)
[2.523s] Installing hebiforce script to /home/robot/134code/robotws/install/hebiros/lib/hebiros
[2.523s] Installing hebinode script to /home/robot/134code/robotws/install/hebiros/lib/hebiros
[2.524s] Installing hebiscan script to /home/robot/134code/robotws/install/hebiros/lib/hebiros
[2.524s] Installing hebitune script to /home/robot/134code/robotws/install/hebiros/lib/hebiros
[2.524s] Installing testsend script to /home/robot/134code/robotws/install/hebiros/lib/hebiros
[2.524s] 
[2.525s] Installed /home/robot/134code/robotws/build/hebiros
[2.525s] running install_data
[2.555s] Invoked command in '/home/robot/134code/robotws/build/hebiros' returned '0': PYTHONPATH=/home/robot/134code/robotws/build/hebiros/prefix_override:/home/robot/134code/robotws/install/hebiros/lib/python3.10/site-packages:${PYTHONPATH} /usr/bin/python3 setup.py develop --editable --build-directory /home/robot/134code/robotws/build/hebiros/build --no-deps install_data
