[1.599s] Invoking command in '/home/robot/134code/build/detectors': PYTHONPATH=/home/robot/134code/build/detectors/prefix_override:/home/robot/134code/install/detectors/lib/python3.10/site-packages:${PYTHONPATH} /usr/bin/python3 setup.py develop --editable --build-directory /home/robot/134code/build/detectors/build --no-deps install_data
[1.975s] running develop
[1.975s] /usr/lib/python3/dist-packages/setuptools/command/easy_install.py:158: EasyInstallDeprecationWarning: easy_install command is deprecated. Use build and pip and other standards-based tools.
[1.975s]   warnings.warn(
[1.977s] /usr/lib/python3/dist-packages/setuptools/command/install.py:34: SetuptoolsDeprecationWarning: setup.py install is deprecated. Use build and pip and other standards-based tools.
[1.977s]   warnings.warn(
[2.193s] running egg_info
[2.193s] writing detectors.egg-info/PKG-INFO
[2.193s] writing dependency_links to detectors.egg-info/dependency_links.txt
[2.194s] writing entry points to detectors.egg-info/entry_points.txt
[2.194s] writing requirements to detectors.egg-info/requires.txt
[2.194s] writing top-level names to detectors.egg-info/top_level.txt
[2.196s] reading manifest file 'detectors.egg-info/SOURCES.txt'
[2.198s] writing manifest file 'detectors.egg-info/SOURCES.txt'
[2.199s] running build_ext
[2.199s] Creating /home/robot/134code/install/detectors/lib/python3.10/site-packages/detectors.egg-link (link to .)
[2.200s] Installing balldetector script to /home/robot/134code/install/detectors/lib/detectors
[2.201s] Installing demodetector script to /home/robot/134code/install/detectors/lib/detectors
[2.201s] Installing depthincenter script to /home/robot/134code/install/detectors/lib/detectors
[2.201s] Installing detectaruco script to /home/robot/134code/install/detectors/lib/detectors
[2.202s] Installing facedepth script to /home/robot/134code/install/detectors/lib/detectors
[2.202s] Installing facedetector script to /home/robot/134code/install/detectors/lib/detectors
[2.202s] Installing hsvtune script to /home/robot/134code/install/detectors/lib/detectors
[2.202s] Installing mapping script to /home/robot/134code/install/detectors/lib/detectors
[2.202s] Installing writearuco script to /home/robot/134code/install/detectors/lib/detectors
[2.202s] 
[2.202s] Installed /home/robot/134code/build/detectors
[2.203s] running install_data
[2.228s] Invoked command in '/home/robot/134code/build/detectors' returned '0': PYTHONPATH=/home/robot/134code/build/detectors/prefix_override:/home/robot/134code/install/detectors/lib/python3.10/site-packages:${PYTHONPATH} /usr/bin/python3 setup.py develop --editable --build-directory /home/robot/134code/build/detectors/build --no-deps install_data
