[1.638s] Invoking command in '/home/robot/134code/robotws/build/hebiros': PYTHONPATH=/home/robot/134code/robotws/build/hebiros/prefix_override:/home/robot/134code/robotws/install/hebiros/lib/python3.10/site-packages:${PYTHONPATH} /usr/bin/python3 setup.py develop --editable --build-directory /home/robot/134code/robotws/build/hebiros/build --no-deps install_data
[1.943s] running develop
[1.944s] /usr/lib/python3/dist-packages/setuptools/command/easy_install.py:158: EasyInstallDeprecationWarning: easy_install command is deprecated. Use build and pip and other standards-based tools.
[1.945s]   warnings.warn(
[1.948s] /usr/lib/python3/dist-packages/setuptools/command/install.py:34: SetuptoolsDeprecationWarning: setup.py install is deprecated. Use build and pip and other standards-based tools.
[1.949s]   warnings.warn(
[2.286s] running egg_info
[2.287s] writing hebiros.egg-info/PKG-INFO
[2.288s] writing dependency_links to hebiros.egg-info/dependency_links.txt
[2.289s] writing entry points to hebiros.egg-info/entry_points.txt
[2.289s] writing requirements to hebiros.egg-info/requires.txt
[2.290s] writing top-level names to hebiros.egg-info/top_level.txt
[2.294s] reading manifest file 'hebiros.egg-info/SOURCES.txt'
[2.295s] writing manifest file 'hebiros.egg-info/SOURCES.txt'
[2.297s] running build_ext
[2.298s] Creating /home/robot/134code/robotws/install/hebiros/lib/python3.10/site-packages/hebiros.egg-link (link to .)
[2.300s] Installing hebiforce script to /home/robot/134code/robotws/install/hebiros/lib/hebiros
[2.301s] Installing hebinode script to /home/robot/134code/robotws/install/hebiros/lib/hebiros
[2.302s] Installing hebiscan script to /home/robot/134code/robotws/install/hebiros/lib/hebiros
[2.302s] Installing hebitune script to /home/robot/134code/robotws/install/hebiros/lib/hebiros
[2.303s] Installing testsend script to /home/robot/134code/robotws/install/hebiros/lib/hebiros
[2.303s] 
[2.304s] Installed /home/robot/134code/robotws/build/hebiros
[2.305s] running install_data
[2.340s] Invoked command in '/home/robot/134code/robotws/build/hebiros' returned '0': PYTHONPATH=/home/robot/134code/robotws/build/hebiros/prefix_override:/home/robot/134code/robotws/install/hebiros/lib/python3.10/site-packages:${PYTHONPATH} /usr/bin/python3 setup.py develop --editable --build-directory /home/robot/134code/robotws/build/hebiros/build --no-deps install_data
