[1.717s] Invoking command in '/home/robot/134code/robotws/build/hebiros': PYTHONPATH=/home/robot/134code/robotws/build/hebiros/prefix_override:/home/robot/134code/robotws/install/hebiros/lib/python3.10/site-packages:${PYTHONPATH} /usr/bin/python3 setup.py develop --editable --build-directory /home/robot/134code/robotws/build/hebiros/build --no-deps install_data
[2.160s] running develop
[2.160s] /usr/lib/python3/dist-packages/setuptools/command/easy_install.py:158: EasyInstallDeprecationWarning: easy_install command is deprecated. Use build and pip and other standards-based tools.
[2.161s]   warnings.warn(
[2.162s] /usr/lib/python3/dist-packages/setuptools/command/install.py:34: SetuptoolsDeprecationWarning: setup.py install is deprecated. Use build and pip and other standards-based tools.
[2.162s]   warnings.warn(
[2.368s] running egg_info
[2.369s] writing hebiros.egg-info/PKG-INFO
[2.369s] writing dependency_links to hebiros.egg-info/dependency_links.txt
[2.370s] writing entry points to hebiros.egg-info/entry_points.txt
[2.371s] writing requirements to hebiros.egg-info/requires.txt
[2.372s] writing top-level names to hebiros.egg-info/top_level.txt
[2.373s] reading manifest file 'hebiros.egg-info/SOURCES.txt'
[2.373s] writing manifest file 'hebiros.egg-info/SOURCES.txt'
[2.374s] running build_ext
[2.376s] Creating /home/robot/134code/robotws/install/hebiros/lib/python3.10/site-packages/hebiros.egg-link (link to .)
[2.376s] Installing hebiforce script to /home/robot/134code/robotws/install/hebiros/lib/hebiros
[2.376s] Installing hebinode script to /home/robot/134code/robotws/install/hebiros/lib/hebiros
[2.377s] Installing hebiscan script to /home/robot/134code/robotws/install/hebiros/lib/hebiros
[2.377s] Installing hebitune script to /home/robot/134code/robotws/install/hebiros/lib/hebiros
[2.377s] Installing testsend script to /home/robot/134code/robotws/install/hebiros/lib/hebiros
[2.377s] 
[2.377s] Installed /home/robot/134code/robotws/build/hebiros
[2.377s] running install_data
[2.408s] Invoked command in '/home/robot/134code/robotws/build/hebiros' returned '0': PYTHONPATH=/home/robot/134code/robotws/build/hebiros/prefix_override:/home/robot/134code/robotws/install/hebiros/lib/python3.10/site-packages:${PYTHONPATH} /usr/bin/python3 setup.py develop --editable --build-directory /home/robot/134code/robotws/build/hebiros/build --no-deps install_data
