[2.160s] Invoking command in '/home/robot/134code/robotws/build/hebiros': PYTHONPATH=/home/robot/134code/robotws/build/hebiros/prefix_override:/home/robot/134code/robotws/install/hebiros/lib/python3.10/site-packages:${PYTHONPATH} /usr/bin/python3 setup.py develop --editable --build-directory /home/robot/134code/robotws/build/hebiros/build --no-deps install_data
[2.654s] running develop
[2.655s] /usr/lib/python3/dist-packages/setuptools/command/easy_install.py:158: EasyInstallDeprecationWarning: easy_install command is deprecated. Use build and pip and other standards-based tools.
[2.655s]   warnings.warn(
[2.656s] /usr/lib/python3/dist-packages/setuptools/command/install.py:34: SetuptoolsDeprecationWarning: setup.py install is deprecated. Use build and pip and other standards-based tools.
[2.656s]   warnings.warn(
[2.999s] running egg_info
[2.999s] writing hebiros.egg-info/PKG-INFO
[3.000s] writing dependency_links to hebiros.egg-info/dependency_links.txt
[3.000s] writing entry points to hebiros.egg-info/entry_points.txt
[3.005s] writing requirements to hebiros.egg-info/requires.txt
[3.005s] writing top-level names to hebiros.egg-info/top_level.txt
[3.006s] reading manifest file 'hebiros.egg-info/SOURCES.txt'
[3.007s] writing manifest file 'hebiros.egg-info/SOURCES.txt'
[3.010s] running build_ext
[3.019s] Creating /home/robot/134code/robotws/install/hebiros/lib/python3.10/site-packages/hebiros.egg-link (link to .)
[3.019s] Installing hebiforce script to /home/robot/134code/robotws/install/hebiros/lib/hebiros
[3.019s] Installing hebinode script to /home/robot/134code/robotws/install/hebiros/lib/hebiros
[3.019s] Installing hebiscan script to /home/robot/134code/robotws/install/hebiros/lib/hebiros
[3.019s] Installing hebitune script to /home/robot/134code/robotws/install/hebiros/lib/hebiros
[3.019s] Installing testsend script to /home/robot/134code/robotws/install/hebiros/lib/hebiros
[3.019s] 
[3.019s] Installed /home/robot/134code/robotws/build/hebiros
[3.019s] running install_data
[3.063s] Invoked command in '/home/robot/134code/robotws/build/hebiros' returned '0': PYTHONPATH=/home/robot/134code/robotws/build/hebiros/prefix_override:/home/robot/134code/robotws/install/hebiros/lib/python3.10/site-packages:${PYTHONPATH} /usr/bin/python3 setup.py develop --editable --build-directory /home/robot/134code/robotws/build/hebiros/build --no-deps install_data
