[1.447s] Invoking command in '/home/robot/robotws/build/hebiros': PYTHONPATH=/home/robot/robotws/build/hebiros/prefix_override:/home/robot/robotws/install/hebiros/lib/python3.10/site-packages:${PYTHONPATH} /usr/bin/python3 setup.py develop --editable --build-directory /home/robot/robotws/build/hebiros/build --no-deps install_data
[1.734s] running develop
[1.735s] /usr/lib/python3/dist-packages/setuptools/command/easy_install.py:158: EasyInstallDeprecationWarning: easy_install command is deprecated. Use build and pip and other standards-based tools.
[1.735s]   warnings.warn(
[1.736s] /usr/lib/python3/dist-packages/setuptools/command/install.py:34: SetuptoolsDeprecationWarning: setup.py install is deprecated. Use build and pip and other standards-based tools.
[1.736s]   warnings.warn(
[1.946s] running egg_info
[1.946s] creating hebiros.egg-info
[1.947s] writing hebiros.egg-info/PKG-INFO
[1.947s] writing dependency_links to hebiros.egg-info/dependency_links.txt
[1.947s] writing entry points to hebiros.egg-info/entry_points.txt
[1.947s] writing requirements to hebiros.egg-info/requires.txt
[1.947s] writing top-level names to hebiros.egg-info/top_level.txt
[1.947s] writing manifest file 'hebiros.egg-info/SOURCES.txt'
[1.949s] reading manifest file 'hebiros.egg-info/SOURCES.txt'
[1.949s] writing manifest file 'hebiros.egg-info/SOURCES.txt'
[1.950s] running build_ext
[1.951s] Creating /home/robot/robotws/install/hebiros/lib/python3.10/site-packages/hebiros.egg-link (link to .)
[1.952s] Installing hebiforce script to /home/robot/robotws/install/hebiros/lib/hebiros
[1.952s] Installing hebinode script to /home/robot/robotws/install/hebiros/lib/hebiros
[1.952s] Installing hebiscan script to /home/robot/robotws/install/hebiros/lib/hebiros
[1.952s] Installing hebitune script to /home/robot/robotws/install/hebiros/lib/hebiros
[1.952s] Installing testsend script to /home/robot/robotws/install/hebiros/lib/hebiros
[1.952s] 
[1.953s] Installed /home/robot/robotws/build/hebiros
[1.953s] running install_data
[1.953s] creating /home/robot/robotws/install/hebiros/share/ament_index
[1.953s] creating /home/robot/robotws/install/hebiros/share/ament_index/resource_index
[1.953s] creating /home/robot/robotws/install/hebiros/share/ament_index/resource_index/packages
[1.953s] copying resource/hebiros -> /home/robot/robotws/install/hebiros/share/ament_index/resource_index/packages
[1.954s] copying package.xml -> /home/robot/robotws/install/hebiros/share/hebiros
[1.954s] creating /home/robot/robotws/install/hebiros/share/hebiros/params
[1.954s] copying params/hebitest.yaml -> /home/robot/robotws/install/hebiros/share/hebiros/params
[1.954s] creating /home/robot/robotws/install/hebiros/share/hebiros/launch
[1.954s] copying launch/hebitest.launch.py -> /home/robot/robotws/install/hebiros/share/hebiros/launch
[1.982s] Invoked command in '/home/robot/robotws/build/hebiros' returned '0': PYTHONPATH=/home/robot/robotws/build/hebiros/prefix_override:/home/robot/robotws/install/hebiros/lib/python3.10/site-packages:${PYTHONPATH} /usr/bin/python3 setup.py develop --editable --build-directory /home/robot/robotws/build/hebiros/build --no-deps install_data
