[2.045s] Invoking command in '/home/robot/134code/robotws/build/hebiros': PYTHONPATH=/home/robot/134code/robotws/build/hebiros/prefix_override:/home/robot/134code/robotws/install/hebiros/lib/python3.10/site-packages:${PYTHONPATH} /usr/bin/python3 setup.py develop --editable --build-directory /home/robot/134code/robotws/build/hebiros/build --no-deps install_data
[2.508s] running develop
[2.508s] /usr/lib/python3/dist-packages/setuptools/command/easy_install.py:158: EasyInstallDeprecationWarning: easy_install command is deprecated. Use build and pip and other standards-based tools.
[2.509s]   warnings.warn(
[2.511s] /usr/lib/python3/dist-packages/setuptools/command/install.py:34: SetuptoolsDeprecationWarning: setup.py install is deprecated. Use build and pip and other standards-based tools.
[2.513s]   warnings.warn(
[2.822s] running egg_info
[2.823s] writing hebiros.egg-info/PKG-INFO
[2.824s] writing dependency_links to hebiros.egg-info/dependency_links.txt
[2.824s] writing entry points to hebiros.egg-info/entry_points.txt
[2.825s] writing requirements to hebiros.egg-info/requires.txt
[2.826s] writing top-level names to hebiros.egg-info/top_level.txt
[2.827s] reading manifest file 'hebiros.egg-info/SOURCES.txt'
[2.827s] writing manifest file 'hebiros.egg-info/SOURCES.txt'
[2.830s] running build_ext
[2.832s] Creating /home/robot/134code/robotws/install/hebiros/lib/python3.10/site-packages/hebiros.egg-link (link to .)
[2.835s] Installing hebiforce script to /home/robot/134code/robotws/install/hebiros/lib/hebiros
[2.836s] Installing hebinode script to /home/robot/134code/robotws/install/hebiros/lib/hebiros
[2.837s] Installing hebiscan script to /home/robot/134code/robotws/install/hebiros/lib/hebiros
[2.839s] Installing hebitune script to /home/robot/134code/robotws/install/hebiros/lib/hebiros
[2.841s] Installing testsend script to /home/robot/134code/robotws/install/hebiros/lib/hebiros
[2.841s] 
[2.842s] Installed /home/robot/134code/robotws/build/hebiros
[2.843s] running install_data
[2.874s] Invoked command in '/home/robot/134code/robotws/build/hebiros' returned '0': PYTHONPATH=/home/robot/134code/robotws/build/hebiros/prefix_override:/home/robot/134code/robotws/install/hebiros/lib/python3.10/site-packages:${PYTHONPATH} /usr/bin/python3 setup.py develop --editable --build-directory /home/robot/134code/robotws/build/hebiros/build --no-deps install_data
