[1.200s] DEBUG:colcon:Command line arguments: ['/usr/bin/colcon', 'build', '--symlink-install']
[1.200s] DEBUG:colcon:Parsed command line arguments: Namespace(log_base=None, log_level=None, verb_name='build', build_base='build', install_base='install', merge_install=False, symlink_install=True, test_result_base=None, continue_on_error=False, executor='parallel', parallel_workers=4, event_handlers=None, ignore_user_meta=False, metas=['./colcon.meta'], base_paths=['.'], packages_ignore=None, packages_ignore_regex=None, paths=None, packages_up_to=None, packages_up_to_regex=None, packages_above=None, packages_above_and_dependencies=None, packages_above_depth=None, packages_select_by_dep=None, packages_skip_by_dep=None, packages_skip_up_to=None, packages_select_build_failed=False, packages_skip_build_finished=False, packages_select_test_failures=False, packages_skip_test_passed=False, packages_select=None, packages_skip=None, packages_select_regex=None, packages_skip_regex=None, packages_start=None, packages_end=None, allow_overriding=[], cmake_args=None, cmake_target=None, cmake_target_skip_unavailable=False, cmake_clean_cache=False, cmake_clean_first=False, cmake_force_configure=False, ament_cmake_args=None, catkin_cmake_args=None, catkin_skip_building_tests=False, verb_parser=<colcon_defaults.argument_parser.defaults.DefaultArgumentsDecorator object at 0x7f18d219d360>, verb_extension=<colcon_core.verb.build.BuildVerb object at 0x7f18d21cac80>, main=<bound method BuildVerb.main of <colcon_core.verb.build.BuildVerb object at 0x7f18d21cac80>>)
[1.252s] Level 1:colcon.colcon_core.package_discovery:discover_packages(colcon_meta) check parameters
[1.252s] Level 1:colcon.colcon_core.package_discovery:discover_packages(recursive) check parameters
[1.252s] Level 1:colcon.colcon_core.package_discovery:discover_packages(ignore) check parameters
[1.252s] Level 1:colcon.colcon_core.package_discovery:discover_packages(path) check parameters
[1.252s] Level 1:colcon.colcon_core.package_discovery:discover_packages(colcon_meta) discover
[1.252s] Level 1:colcon.colcon_core.package_discovery:discover_packages(recursive) discover
[1.252s] INFO:colcon.colcon_core.package_discovery:Crawling recursively for packages in '/home/robot/134code/robotws'
[1.253s] Level 1:colcon.colcon_core.package_identification:_identify(.) by extensions ['ignore', 'ignore_ament_install']
[1.253s] Level 1:colcon.colcon_core.package_identification:_identify(.) by extension 'ignore'
[1.253s] Level 1:colcon.colcon_core.package_identification:_identify(.) by extension 'ignore_ament_install'
[1.253s] Level 1:colcon.colcon_core.package_identification:_identify(.) by extensions ['colcon_pkg']
[1.253s] Level 1:colcon.colcon_core.package_identification:_identify(.) by extension 'colcon_pkg'
[1.253s] Level 1:colcon.colcon_core.package_identification:_identify(.) by extensions ['colcon_meta']
[1.253s] Level 1:colcon.colcon_core.package_identification:_identify(.) by extension 'colcon_meta'
[1.253s] Level 1:colcon.colcon_core.package_identification:_identify(.) by extensions ['ros']
[1.253s] Level 1:colcon.colcon_core.package_identification:_identify(.) by extension 'ros'
[1.263s] Level 1:colcon.colcon_core.package_identification:_identify(.) by extensions ['cmake', 'python']
[1.263s] Level 1:colcon.colcon_core.package_identification:_identify(.) by extension 'cmake'
[1.263s] Level 1:colcon.colcon_core.package_identification:_identify(.) by extension 'python'
[1.263s] Level 1:colcon.colcon_core.package_identification:_identify(.) by extensions ['python_setup_py']
[1.263s] Level 1:colcon.colcon_core.package_identification:_identify(.) by extension 'python_setup_py'
[1.264s] Level 1:colcon.colcon_core.package_identification:_identify(build) by extensions ['ignore', 'ignore_ament_install']
[1.264s] Level 1:colcon.colcon_core.package_identification:_identify(build) by extension 'ignore'
[1.264s] Level 1:colcon.colcon_core.package_identification:_identify(build) ignored
[1.264s] Level 1:colcon.colcon_core.package_identification:_identify(data) by extensions ['ignore', 'ignore_ament_install']
[1.264s] Level 1:colcon.colcon_core.package_identification:_identify(data) by extension 'ignore'
[1.264s] Level 1:colcon.colcon_core.package_identification:_identify(data) by extension 'ignore_ament_install'
[1.264s] Level 1:colcon.colcon_core.package_identification:_identify(data) by extensions ['colcon_pkg']
[1.264s] Level 1:colcon.colcon_core.package_identification:_identify(data) by extension 'colcon_pkg'
[1.264s] Level 1:colcon.colcon_core.package_identification:_identify(data) by extensions ['colcon_meta']
[1.264s] Level 1:colcon.colcon_core.package_identification:_identify(data) by extension 'colcon_meta'
[1.264s] Level 1:colcon.colcon_core.package_identification:_identify(data) by extensions ['ros']
[1.264s] Level 1:colcon.colcon_core.package_identification:_identify(data) by extension 'ros'
[1.264s] Level 1:colcon.colcon_core.package_identification:_identify(data) by extensions ['cmake', 'python']
[1.264s] Level 1:colcon.colcon_core.package_identification:_identify(data) by extension 'cmake'
[1.264s] Level 1:colcon.colcon_core.package_identification:_identify(data) by extension 'python'
[1.264s] Level 1:colcon.colcon_core.package_identification:_identify(data) by extensions ['python_setup_py']
[1.264s] Level 1:colcon.colcon_core.package_identification:_identify(data) by extension 'python_setup_py'
[1.264s] Level 1:colcon.colcon_core.package_identification:_identify(data/rosbag2_2024_01_17-17_57_18) by extensions ['ignore', 'ignore_ament_install']
[1.265s] Level 1:colcon.colcon_core.package_identification:_identify(data/rosbag2_2024_01_17-17_57_18) by extension 'ignore'
[1.265s] Level 1:colcon.colcon_core.package_identification:_identify(data/rosbag2_2024_01_17-17_57_18) by extension 'ignore_ament_install'
[1.265s] Level 1:colcon.colcon_core.package_identification:_identify(data/rosbag2_2024_01_17-17_57_18) by extensions ['colcon_pkg']
[1.265s] Level 1:colcon.colcon_core.package_identification:_identify(data/rosbag2_2024_01_17-17_57_18) by extension 'colcon_pkg'
[1.265s] Level 1:colcon.colcon_core.package_identification:_identify(data/rosbag2_2024_01_17-17_57_18) by extensions ['colcon_meta']
[1.265s] Level 1:colcon.colcon_core.package_identification:_identify(data/rosbag2_2024_01_17-17_57_18) by extension 'colcon_meta'
[1.265s] Level 1:colcon.colcon_core.package_identification:_identify(data/rosbag2_2024_01_17-17_57_18) by extensions ['ros']
[1.265s] Level 1:colcon.colcon_core.package_identification:_identify(data/rosbag2_2024_01_17-17_57_18) by extension 'ros'
[1.265s] Level 1:colcon.colcon_core.package_identification:_identify(data/rosbag2_2024_01_17-17_57_18) by extensions ['cmake', 'python']
[1.265s] Level 1:colcon.colcon_core.package_identification:_identify(data/rosbag2_2024_01_17-17_57_18) by extension 'cmake'
[1.265s] Level 1:colcon.colcon_core.package_identification:_identify(data/rosbag2_2024_01_17-17_57_18) by extension 'python'
[1.265s] Level 1:colcon.colcon_core.package_identification:_identify(data/rosbag2_2024_01_17-17_57_18) by extensions ['python_setup_py']
[1.265s] Level 1:colcon.colcon_core.package_identification:_identify(data/rosbag2_2024_01_17-17_57_18) by extension 'python_setup_py'
[1.265s] Level 1:colcon.colcon_core.package_identification:_identify(install) by extensions ['ignore', 'ignore_ament_install']
[1.265s] Level 1:colcon.colcon_core.package_identification:_identify(install) by extension 'ignore'
[1.265s] Level 1:colcon.colcon_core.package_identification:_identify(install) ignored
[1.266s] Level 1:colcon.colcon_core.package_identification:_identify(log) by extensions ['ignore', 'ignore_ament_install']
[1.266s] Level 1:colcon.colcon_core.package_identification:_identify(log) by extension 'ignore'
[1.266s] Level 1:colcon.colcon_core.package_identification:_identify(log) ignored
[1.266s] Level 1:colcon.colcon_core.package_identification:_identify(src) by extensions ['ignore', 'ignore_ament_install']
[1.266s] Level 1:colcon.colcon_core.package_identification:_identify(src) by extension 'ignore'
[1.266s] Level 1:colcon.colcon_core.package_identification:_identify(src) by extension 'ignore_ament_install'
[1.266s] Level 1:colcon.colcon_core.package_identification:_identify(src) by extensions ['colcon_pkg']
[1.266s] Level 1:colcon.colcon_core.package_identification:_identify(src) by extension 'colcon_pkg'
[1.266s] Level 1:colcon.colcon_core.package_identification:_identify(src) by extensions ['colcon_meta']
[1.266s] Level 1:colcon.colcon_core.package_identification:_identify(src) by extension 'colcon_meta'
[1.266s] Level 1:colcon.colcon_core.package_identification:_identify(src) by extensions ['ros']
[1.266s] Level 1:colcon.colcon_core.package_identification:_identify(src) by extension 'ros'
[1.266s] Level 1:colcon.colcon_core.package_identification:_identify(src) by extensions ['cmake', 'python']
[1.266s] Level 1:colcon.colcon_core.package_identification:_identify(src) by extension 'cmake'
[1.266s] Level 1:colcon.colcon_core.package_identification:_identify(src) by extension 'python'
[1.266s] Level 1:colcon.colcon_core.package_identification:_identify(src) by extensions ['python_setup_py']
[1.266s] Level 1:colcon.colcon_core.package_identification:_identify(src) by extension 'python_setup_py'
[1.266s] Level 1:colcon.colcon_core.package_identification:_identify(src/basic134) by extensions ['ignore', 'ignore_ament_install']
[1.266s] Level 1:colcon.colcon_core.package_identification:_identify(src/basic134) by extension 'ignore'
[1.267s] Level 1:colcon.colcon_core.package_identification:_identify(src/basic134) by extension 'ignore_ament_install'
[1.267s] Level 1:colcon.colcon_core.package_identification:_identify(src/basic134) by extensions ['colcon_pkg']
[1.267s] Level 1:colcon.colcon_core.package_identification:_identify(src/basic134) by extension 'colcon_pkg'
[1.267s] Level 1:colcon.colcon_core.package_identification:_identify(src/basic134) by extensions ['colcon_meta']
[1.267s] Level 1:colcon.colcon_core.package_identification:_identify(src/basic134) by extension 'colcon_meta'
[1.267s] Level 1:colcon.colcon_core.package_identification:_identify(src/basic134) by extensions ['ros']
[1.267s] Level 1:colcon.colcon_core.package_identification:_identify(src/basic134) by extension 'ros'
[1.269s] DEBUG:colcon.colcon_core.package_identification:Package 'src/basic134' with type 'ros.ament_python' and name 'basic134'
[1.269s] Level 1:colcon.colcon_core.package_identification:_identify(src/demo134) by extensions ['ignore', 'ignore_ament_install']
[1.269s] Level 1:colcon.colcon_core.package_identification:_identify(src/demo134) by extension 'ignore'
[1.269s] Level 1:colcon.colcon_core.package_identification:_identify(src/demo134) by extension 'ignore_ament_install'
[1.269s] Level 1:colcon.colcon_core.package_identification:_identify(src/demo134) by extensions ['colcon_pkg']
[1.270s] Level 1:colcon.colcon_core.package_identification:_identify(src/demo134) by extension 'colcon_pkg'
[1.270s] Level 1:colcon.colcon_core.package_identification:_identify(src/demo134) by extensions ['colcon_meta']
[1.270s] Level 1:colcon.colcon_core.package_identification:_identify(src/demo134) by extension 'colcon_meta'
[1.270s] Level 1:colcon.colcon_core.package_identification:_identify(src/demo134) by extensions ['ros']
[1.270s] Level 1:colcon.colcon_core.package_identification:_identify(src/demo134) by extension 'ros'
[1.270s] Level 1:colcon.colcon_core.package_identification:_identify(src/demo134) by extensions ['cmake', 'python']
[1.270s] Level 1:colcon.colcon_core.package_identification:_identify(src/demo134) by extension 'cmake'
[1.270s] Level 1:colcon.colcon_core.package_identification:_identify(src/demo134) by extension 'python'
[1.270s] Level 1:colcon.colcon_core.package_identification:_identify(src/demo134) by extensions ['python_setup_py']
[1.270s] Level 1:colcon.colcon_core.package_identification:_identify(src/demo134) by extension 'python_setup_py'
[1.270s] Level 1:colcon.colcon_core.package_identification:_identify(src/demo134/demo134) by extensions ['ignore', 'ignore_ament_install']
[1.270s] Level 1:colcon.colcon_core.package_identification:_identify(src/demo134/demo134) by extension 'ignore'
[1.270s] Level 1:colcon.colcon_core.package_identification:_identify(src/demo134/demo134) by extension 'ignore_ament_install'
[1.270s] Level 1:colcon.colcon_core.package_identification:_identify(src/demo134/demo134) by extensions ['colcon_pkg']
[1.270s] Level 1:colcon.colcon_core.package_identification:_identify(src/demo134/demo134) by extension 'colcon_pkg'
[1.270s] Level 1:colcon.colcon_core.package_identification:_identify(src/demo134/demo134) by extensions ['colcon_meta']
[1.270s] Level 1:colcon.colcon_core.package_identification:_identify(src/demo134/demo134) by extension 'colcon_meta'
[1.270s] Level 1:colcon.colcon_core.package_identification:_identify(src/demo134/demo134) by extensions ['ros']
[1.270s] Level 1:colcon.colcon_core.package_identification:_identify(src/demo134/demo134) by extension 'ros'
[1.271s] DEBUG:colcon.colcon_core.package_identification:Package 'src/demo134/demo134' with type 'ros.ament_python' and name 'demo134'
[1.271s] Level 1:colcon.colcon_core.package_identification:_identify(src/hebiros) by extensions ['ignore', 'ignore_ament_install']
[1.271s] Level 1:colcon.colcon_core.package_identification:_identify(src/hebiros) by extension 'ignore'
[1.271s] Level 1:colcon.colcon_core.package_identification:_identify(src/hebiros) by extension 'ignore_ament_install'
[1.271s] Level 1:colcon.colcon_core.package_identification:_identify(src/hebiros) by extensions ['colcon_pkg']
[1.271s] Level 1:colcon.colcon_core.package_identification:_identify(src/hebiros) by extension 'colcon_pkg'
[1.271s] Level 1:colcon.colcon_core.package_identification:_identify(src/hebiros) by extensions ['colcon_meta']
[1.271s] Level 1:colcon.colcon_core.package_identification:_identify(src/hebiros) by extension 'colcon_meta'
[1.271s] Level 1:colcon.colcon_core.package_identification:_identify(src/hebiros) by extensions ['ros']
[1.271s] Level 1:colcon.colcon_core.package_identification:_identify(src/hebiros) by extension 'ros'
[1.272s] Level 1:colcon.colcon_core.package_identification:_identify(src/hebiros) by extensions ['cmake', 'python']
[1.272s] Level 1:colcon.colcon_core.package_identification:_identify(src/hebiros) by extension 'cmake'
[1.272s] Level 1:colcon.colcon_core.package_identification:_identify(src/hebiros) by extension 'python'
[1.272s] Level 1:colcon.colcon_core.package_identification:_identify(src/hebiros) by extensions ['python_setup_py']
[1.272s] Level 1:colcon.colcon_core.package_identification:_identify(src/hebiros) by extension 'python_setup_py'
[1.272s] Level 1:colcon.colcon_core.package_identification:_identify(src/hebiros/hebiros) by extensions ['ignore', 'ignore_ament_install']
[1.272s] Level 1:colcon.colcon_core.package_identification:_identify(src/hebiros/hebiros) by extension 'ignore'
[1.272s] Level 1:colcon.colcon_core.package_identification:_identify(src/hebiros/hebiros) by extension 'ignore_ament_install'
[1.272s] Level 1:colcon.colcon_core.package_identification:_identify(src/hebiros/hebiros) by extensions ['colcon_pkg']
[1.272s] Level 1:colcon.colcon_core.package_identification:_identify(src/hebiros/hebiros) by extension 'colcon_pkg'
[1.272s] Level 1:colcon.colcon_core.package_identification:_identify(src/hebiros/hebiros) by extensions ['colcon_meta']
[1.272s] Level 1:colcon.colcon_core.package_identification:_identify(src/hebiros/hebiros) by extension 'colcon_meta'
[1.272s] Level 1:colcon.colcon_core.package_identification:_identify(src/hebiros/hebiros) by extensions ['ros']
[1.272s] Level 1:colcon.colcon_core.package_identification:_identify(src/hebiros/hebiros) by extension 'ros'
[1.273s] DEBUG:colcon.colcon_core.package_identification:Package 'src/hebiros/hebiros' with type 'ros.ament_python' and name 'hebiros'
[1.273s] Level 1:colcon.colcon_core.package_discovery:discover_packages(recursive) using defaults
[1.273s] Level 1:colcon.colcon_core.package_discovery:discover_packages(ignore) discover
[1.273s] Level 1:colcon.colcon_core.package_discovery:discover_packages(ignore) using defaults
[1.273s] Level 1:colcon.colcon_core.package_discovery:discover_packages(path) discover
[1.273s] Level 1:colcon.colcon_core.package_discovery:discover_packages(path) using defaults
[1.380s] Level 1:colcon.colcon_core.package_discovery:discover_packages(prefix_path) check parameters
[1.380s] Level 1:colcon.colcon_core.package_discovery:discover_packages(prefix_path) discover
[1.427s] DEBUG:colcon.colcon_installed_package_information.package_discovery:Found 3 installed packages in /home/robot/134code/robotws/install
[1.446s] DEBUG:colcon.colcon_installed_package_information.package_discovery:Found 417 installed packages in /opt/ros/humble
[1.448s] Level 1:colcon.colcon_core.package_discovery:discover_packages(prefix_path) using defaults
[1.555s] Level 5:colcon.colcon_core.verb:set package 'basic134' build argument 'cmake_args' from command line to 'None'
[1.555s] Level 5:colcon.colcon_core.verb:set package 'basic134' build argument 'cmake_target' from command line to 'None'
[1.555s] Level 5:colcon.colcon_core.verb:set package 'basic134' build argument 'cmake_target_skip_unavailable' from command line to 'False'
[1.555s] Level 5:colcon.colcon_core.verb:set package 'basic134' build argument 'cmake_clean_cache' from command line to 'False'
[1.555s] Level 5:colcon.colcon_core.verb:set package 'basic134' build argument 'cmake_clean_first' from command line to 'False'
[1.555s] Level 5:colcon.colcon_core.verb:set package 'basic134' build argument 'cmake_force_configure' from command line to 'False'
[1.555s] Level 5:colcon.colcon_core.verb:set package 'basic134' build argument 'ament_cmake_args' from command line to 'None'
[1.555s] Level 5:colcon.colcon_core.verb:set package 'basic134' build argument 'catkin_cmake_args' from command line to 'None'
[1.555s] Level 5:colcon.colcon_core.verb:set package 'basic134' build argument 'catkin_skip_building_tests' from command line to 'False'
[1.555s] DEBUG:colcon.colcon_core.verb:Building package 'basic134' with the following arguments: {'ament_cmake_args': None, 'build_base': '/home/robot/134code/robotws/build/basic134', 'catkin_cmake_args': None, 'catkin_skip_building_tests': False, 'cmake_args': None, 'cmake_clean_cache': False, 'cmake_clean_first': False, 'cmake_force_configure': False, 'cmake_target': None, 'cmake_target_skip_unavailable': False, 'install_base': '/home/robot/134code/robotws/install/basic134', 'merge_install': False, 'path': '/home/robot/134code/robotws/src/basic134', 'symlink_install': True, 'test_result_base': None}
[1.573s] Level 5:colcon.colcon_core.verb:set package 'demo134' build argument 'cmake_args' from command line to 'None'
[1.574s] Level 5:colcon.colcon_core.verb:set package 'demo134' build argument 'cmake_target' from command line to 'None'
[1.574s] Level 5:colcon.colcon_core.verb:set package 'demo134' build argument 'cmake_target_skip_unavailable' from command line to 'False'
[1.574s] Level 5:colcon.colcon_core.verb:set package 'demo134' build argument 'cmake_clean_cache' from command line to 'False'
[1.574s] Level 5:colcon.colcon_core.verb:set package 'demo134' build argument 'cmake_clean_first' from command line to 'False'
[1.574s] Level 5:colcon.colcon_core.verb:set package 'demo134' build argument 'cmake_force_configure' from command line to 'False'
[1.574s] Level 5:colcon.colcon_core.verb:set package 'demo134' build argument 'ament_cmake_args' from command line to 'None'
[1.574s] Level 5:colcon.colcon_core.verb:set package 'demo134' build argument 'catkin_cmake_args' from command line to 'None'
[1.574s] Level 5:colcon.colcon_core.verb:set package 'demo134' build argument 'catkin_skip_building_tests' from command line to 'False'
[1.574s] DEBUG:colcon.colcon_core.verb:Building package 'demo134' with the following arguments: {'ament_cmake_args': None, 'build_base': '/home/robot/134code/robotws/build/demo134', 'catkin_cmake_args': None, 'catkin_skip_building_tests': False, 'cmake_args': None, 'cmake_clean_cache': False, 'cmake_clean_first': False, 'cmake_force_configure': False, 'cmake_target': None, 'cmake_target_skip_unavailable': False, 'install_base': '/home/robot/134code/robotws/install/demo134', 'merge_install': False, 'path': '/home/robot/134code/robotws/src/demo134/demo134', 'symlink_install': True, 'test_result_base': None}
[1.592s] Level 5:colcon.colcon_core.verb:set package 'hebiros' build argument 'cmake_args' from command line to 'None'
[1.592s] Level 5:colcon.colcon_core.verb:set package 'hebiros' build argument 'cmake_target' from command line to 'None'
[1.592s] Level 5:colcon.colcon_core.verb:set package 'hebiros' build argument 'cmake_target_skip_unavailable' from command line to 'False'
[1.592s] Level 5:colcon.colcon_core.verb:set package 'hebiros' build argument 'cmake_clean_cache' from command line to 'False'
[1.592s] Level 5:colcon.colcon_core.verb:set package 'hebiros' build argument 'cmake_clean_first' from command line to 'False'
[1.592s] Level 5:colcon.colcon_core.verb:set package 'hebiros' build argument 'cmake_force_configure' from command line to 'False'
[1.592s] Level 5:colcon.colcon_core.verb:set package 'hebiros' build argument 'ament_cmake_args' from command line to 'None'
[1.592s] Level 5:colcon.colcon_core.verb:set package 'hebiros' build argument 'catkin_cmake_args' from command line to 'None'
[1.592s] Level 5:colcon.colcon_core.verb:set package 'hebiros' build argument 'catkin_skip_building_tests' from command line to 'False'
[1.592s] DEBUG:colcon.colcon_core.verb:Building package 'hebiros' with the following arguments: {'ament_cmake_args': None, 'build_base': '/home/robot/134code/robotws/build/hebiros', 'catkin_cmake_args': None, 'catkin_skip_building_tests': False, 'cmake_args': None, 'cmake_clean_cache': False, 'cmake_clean_first': False, 'cmake_force_configure': False, 'cmake_target': None, 'cmake_target_skip_unavailable': False, 'install_base': '/home/robot/134code/robotws/install/hebiros', 'merge_install': False, 'path': '/home/robot/134code/robotws/src/hebiros/hebiros', 'symlink_install': True, 'test_result_base': None}
[1.609s] INFO:colcon.colcon_core.executor:Executing jobs using 'parallel' executor
[1.628s] DEBUG:colcon.colcon_parallel_executor.executor.parallel:run_until_complete
[1.628s] INFO:colcon.colcon_ros.task.ament_python.build:Building ROS package in '/home/robot/134code/robotws/src/basic134' with build type 'ament_python'
[1.629s] Level 1:colcon.colcon_core.shell:create_environment_hook('basic134', 'ament_prefix_path')
[1.651s] INFO:colcon.colcon_core.plugin_system:Skipping extension 'colcon_core.shell.bat': Not used on non-Windows systems
[1.651s] INFO:colcon.colcon_core.shell:Creating environment hook '/home/robot/134code/robotws/install/basic134/share/basic134/hook/ament_prefix_path.ps1'
[1.652s] INFO:colcon.colcon_core.shell:Creating environment descriptor '/home/robot/134code/robotws/install/basic134/share/basic134/hook/ament_prefix_path.dsv'
[1.652s] INFO:colcon.colcon_core.shell:Creating environment hook '/home/robot/134code/robotws/install/basic134/share/basic134/hook/ament_prefix_path.sh'
[1.670s] INFO:colcon.colcon_core.shell:Skip shell extension 'powershell' for command environment: Not usable outside of PowerShell
[1.671s] DEBUG:colcon.colcon_core.shell:Skip shell extension 'dsv' for command environment
[1.727s] INFO:colcon.colcon_ros.task.ament_python.build:Building ROS package in '/home/robot/134code/robotws/src/demo134/demo134' with build type 'ament_python'
[1.727s] Level 1:colcon.colcon_core.shell:create_environment_hook('demo134', 'ament_prefix_path')
[1.748s] INFO:colcon.colcon_core.shell:Creating environment hook '/home/robot/134code/robotws/install/demo134/share/demo134/hook/ament_prefix_path.ps1'
[1.749s] INFO:colcon.colcon_core.shell:Creating environment descriptor '/home/robot/134code/robotws/install/demo134/share/demo134/hook/ament_prefix_path.dsv'
[1.749s] INFO:colcon.colcon_core.shell:Creating environment hook '/home/robot/134code/robotws/install/demo134/share/demo134/hook/ament_prefix_path.sh'
[1.767s] INFO:colcon.colcon_core.shell:Skip shell extension 'powershell' for command environment: Not usable outside of PowerShell
[1.767s] DEBUG:colcon.colcon_core.shell:Skip shell extension 'dsv' for command environment
[1.824s] INFO:colcon.colcon_ros.task.ament_python.build:Building ROS package in '/home/robot/134code/robotws/src/hebiros/hebiros' with build type 'ament_python'
[1.824s] Level 1:colcon.colcon_core.shell:create_environment_hook('hebiros', 'ament_prefix_path')
[1.847s] INFO:colcon.colcon_core.shell:Creating environment hook '/home/robot/134code/robotws/install/hebiros/share/hebiros/hook/ament_prefix_path.ps1'
[1.847s] INFO:colcon.colcon_core.shell:Creating environment descriptor '/home/robot/134code/robotws/install/hebiros/share/hebiros/hook/ament_prefix_path.dsv'
[1.847s] INFO:colcon.colcon_core.shell:Creating environment hook '/home/robot/134code/robotws/install/hebiros/share/hebiros/hook/ament_prefix_path.sh'
[1.870s] INFO:colcon.colcon_core.shell:Skip shell extension 'powershell' for command environment: Not usable outside of PowerShell
[1.870s] DEBUG:colcon.colcon_core.shell:Skip shell extension 'dsv' for command environment
[2.213s] INFO:colcon.colcon_core.task.python.build:Building Python package in '/home/robot/134code/robotws/src/basic134'
[2.231s] INFO:colcon.colcon_core.shell:Skip shell extension 'powershell' for command environment: Not usable outside of PowerShell
[2.231s] DEBUG:colcon.colcon_core.shell:Skip shell extension 'dsv' for command environment
[2.566s] INFO:colcon.colcon_core.task.python.build:Building Python package in '/home/robot/134code/robotws/src/demo134/demo134'
[2.584s] INFO:colcon.colcon_core.shell:Skip shell extension 'powershell' for command environment: Not usable outside of PowerShell
[2.584s] DEBUG:colcon.colcon_core.shell:Skip shell extension 'dsv' for command environment
[2.919s] INFO:colcon.colcon_core.task.python.build:Building Python package in '/home/robot/134code/robotws/src/hebiros/hebiros'
[2.938s] INFO:colcon.colcon_core.shell:Skip shell extension 'powershell' for command environment: Not usable outside of PowerShell
[2.938s] DEBUG:colcon.colcon_core.shell:Skip shell extension 'dsv' for command environment
[3.413s] DEBUG:colcon.colcon_core.event_handler.log_command:Invoking command in '/home/robot/134code/robotws/build/demo134': PYTHONPATH=/home/robot/134code/robotws/build/demo134/prefix_override:/home/robot/134code/robotws/install/demo134/lib/python3.10/site-packages:${PYTHONPATH} /usr/bin/python3 setup.py develop --editable --build-directory /home/robot/134code/robotws/build/demo134/build --no-deps install_data
[3.665s] DEBUG:colcon.colcon_core.event_handler.log_command:Invoking command in '/home/robot/134code/robotws/build/hebiros': PYTHONPATH=/home/robot/134code/robotws/build/hebiros/prefix_override:/home/robot/134code/robotws/install/hebiros/lib/python3.10/site-packages:${PYTHONPATH} /usr/bin/python3 setup.py develop --editable --build-directory /home/robot/134code/robotws/build/hebiros/build --no-deps install_data
[3.667s] DEBUG:colcon.colcon_core.event_handler.log_command:Invoking command in '/home/robot/134code/robotws/build/basic134': PYTHONPATH=/home/robot/134code/robotws/build/basic134/prefix_override:/home/robot/134code/robotws/install/basic134/lib/python3.10/site-packages:${PYTHONPATH} /usr/bin/python3 setup.py develop --editable --build-directory /home/robot/134code/robotws/build/basic134/build --no-deps install_data
[3.954s] Level 1:colcon.colcon_core.shell:create_environment_hook('demo134', 'pythonpath_develop')
[3.954s] DEBUG:colcon.colcon_core.event_handler.log_command:Invoked command in '/home/robot/134code/robotws/build/demo134' returned '0': PYTHONPATH=/home/robot/134code/robotws/build/demo134/prefix_override:/home/robot/134code/robotws/install/demo134/lib/python3.10/site-packages:${PYTHONPATH} /usr/bin/python3 setup.py develop --editable --build-directory /home/robot/134code/robotws/build/demo134/build --no-deps install_data
[3.975s] INFO:colcon.colcon_core.shell:Creating environment hook '/home/robot/134code/robotws/build/demo134/share/demo134/hook/pythonpath_develop.ps1'
[3.976s] INFO:colcon.colcon_core.shell:Creating environment descriptor '/home/robot/134code/robotws/build/demo134/share/demo134/hook/pythonpath_develop.dsv'
[3.976s] INFO:colcon.colcon_core.shell:Creating environment hook '/home/robot/134code/robotws/build/demo134/share/demo134/hook/pythonpath_develop.sh'
[3.998s] Level 1:colcon.colcon_core.environment:checking '/home/robot/134code/robotws/install/demo134' for CMake module files
[3.999s] Level 1:colcon.colcon_core.environment:checking '/home/robot/134code/robotws/install/demo134' for CMake config files
[3.999s] Level 1:colcon.colcon_core.environment:checking '/home/robot/134code/robotws/install/demo134/lib'
[3.999s] Level 1:colcon.colcon_core.environment:checking '/home/robot/134code/robotws/install/demo134/bin'
[3.999s] Level 1:colcon.colcon_core.environment:checking '/home/robot/134code/robotws/install/demo134/lib/pkgconfig/demo134.pc'
[4.000s] Level 1:colcon.colcon_core.environment:checking '/home/robot/134code/robotws/install/demo134/lib/python3.10/site-packages'
[4.000s] Level 1:colcon.colcon_core.shell:create_environment_hook('demo134', 'pythonpath')
[4.018s] INFO:colcon.colcon_core.shell:Creating environment hook '/home/robot/134code/robotws/install/demo134/share/demo134/hook/pythonpath.ps1'
[4.018s] INFO:colcon.colcon_core.shell:Creating environment descriptor '/home/robot/134code/robotws/install/demo134/share/demo134/hook/pythonpath.dsv'
[4.019s] INFO:colcon.colcon_core.shell:Creating environment hook '/home/robot/134code/robotws/install/demo134/share/demo134/hook/pythonpath.sh'
[4.019s] Level 1:colcon.colcon_core.environment:checking '/home/robot/134code/robotws/install/demo134/bin'
[4.019s] Level 1:colcon.colcon_core.environment:create_environment_scripts_only(demo134)
[4.038s] INFO:colcon.colcon_core.shell:Creating package script '/home/robot/134code/robotws/install/demo134/share/demo134/package.ps1'
[4.039s] INFO:colcon.colcon_core.shell:Creating package descriptor '/home/robot/134code/robotws/install/demo134/share/demo134/package.dsv'
[4.039s] INFO:colcon.colcon_core.shell:Creating package script '/home/robot/134code/robotws/install/demo134/share/demo134/package.sh'
[4.040s] INFO:colcon.colcon_core.shell:Creating package script '/home/robot/134code/robotws/install/demo134/share/demo134/package.bash'
[4.041s] INFO:colcon.colcon_core.shell:Creating package script '/home/robot/134code/robotws/install/demo134/share/demo134/package.zsh'
[4.042s] Level 1:colcon.colcon_core.environment:create_file_with_runtime_dependencies(/home/robot/134code/robotws/install/demo134/share/colcon-core/packages/demo134)
[4.550s] Level 1:colcon.colcon_core.shell:create_environment_hook('hebiros', 'pythonpath_develop')
[4.550s] DEBUG:colcon.colcon_core.event_handler.log_command:Invoked command in '/home/robot/134code/robotws/build/hebiros' returned '0': PYTHONPATH=/home/robot/134code/robotws/build/hebiros/prefix_override:/home/robot/134code/robotws/install/hebiros/lib/python3.10/site-packages:${PYTHONPATH} /usr/bin/python3 setup.py develop --editable --build-directory /home/robot/134code/robotws/build/hebiros/build --no-deps install_data
[4.570s] INFO:colcon.colcon_core.shell:Creating environment hook '/home/robot/134code/robotws/build/hebiros/share/hebiros/hook/pythonpath_develop.ps1'
[4.571s] INFO:colcon.colcon_core.shell:Creating environment descriptor '/home/robot/134code/robotws/build/hebiros/share/hebiros/hook/pythonpath_develop.dsv'
[4.571s] INFO:colcon.colcon_core.shell:Creating environment hook '/home/robot/134code/robotws/build/hebiros/share/hebiros/hook/pythonpath_develop.sh'
[4.590s] Level 1:colcon.colcon_core.environment:checking '/home/robot/134code/robotws/install/hebiros' for CMake module files
[4.590s] Level 1:colcon.colcon_core.environment:checking '/home/robot/134code/robotws/install/hebiros' for CMake config files
[4.591s] Level 1:colcon.colcon_core.environment:checking '/home/robot/134code/robotws/install/hebiros/lib'
[4.591s] Level 1:colcon.colcon_core.environment:checking '/home/robot/134code/robotws/install/hebiros/bin'
[4.591s] Level 1:colcon.colcon_core.environment:checking '/home/robot/134code/robotws/install/hebiros/lib/pkgconfig/hebiros.pc'
[4.591s] Level 1:colcon.colcon_core.environment:checking '/home/robot/134code/robotws/install/hebiros/lib/python3.10/site-packages'
[4.591s] Level 1:colcon.colcon_core.shell:create_environment_hook('hebiros', 'pythonpath')
[4.609s] INFO:colcon.colcon_core.shell:Creating environment hook '/home/robot/134code/robotws/install/hebiros/share/hebiros/hook/pythonpath.ps1'
[4.609s] INFO:colcon.colcon_core.shell:Creating environment descriptor '/home/robot/134code/robotws/install/hebiros/share/hebiros/hook/pythonpath.dsv'
[4.609s] INFO:colcon.colcon_core.shell:Creating environment hook '/home/robot/134code/robotws/install/hebiros/share/hebiros/hook/pythonpath.sh'
[4.610s] Level 1:colcon.colcon_core.environment:checking '/home/robot/134code/robotws/install/hebiros/bin'
[4.610s] Level 1:colcon.colcon_core.environment:create_environment_scripts_only(hebiros)
[4.628s] INFO:colcon.colcon_core.shell:Creating package script '/home/robot/134code/robotws/install/hebiros/share/hebiros/package.ps1'
[4.628s] INFO:colcon.colcon_core.shell:Creating package descriptor '/home/robot/134code/robotws/install/hebiros/share/hebiros/package.dsv'
[4.629s] INFO:colcon.colcon_core.shell:Creating package script '/home/robot/134code/robotws/install/hebiros/share/hebiros/package.sh'
[4.629s] INFO:colcon.colcon_core.shell:Creating package script '/home/robot/134code/robotws/install/hebiros/share/hebiros/package.bash'
[4.629s] INFO:colcon.colcon_core.shell:Creating package script '/home/robot/134code/robotws/install/hebiros/share/hebiros/package.zsh'
[4.630s] Level 1:colcon.colcon_core.environment:create_file_with_runtime_dependencies(/home/robot/134code/robotws/install/hebiros/share/colcon-core/packages/hebiros)
[4.631s] Level 1:colcon.colcon_core.shell:create_environment_hook('basic134', 'pythonpath_develop')
[4.631s] DEBUG:colcon.colcon_core.event_handler.log_command:Invoked command in '/home/robot/134code/robotws/build/basic134' returned '0': PYTHONPATH=/home/robot/134code/robotws/build/basic134/prefix_override:/home/robot/134code/robotws/install/basic134/lib/python3.10/site-packages:${PYTHONPATH} /usr/bin/python3 setup.py develop --editable --build-directory /home/robot/134code/robotws/build/basic134/build --no-deps install_data
[4.650s] INFO:colcon.colcon_core.shell:Creating environment hook '/home/robot/134code/robotws/build/basic134/share/basic134/hook/pythonpath_develop.ps1'
[4.651s] INFO:colcon.colcon_core.shell:Creating environment descriptor '/home/robot/134code/robotws/build/basic134/share/basic134/hook/pythonpath_develop.dsv'
[4.651s] INFO:colcon.colcon_core.shell:Creating environment hook '/home/robot/134code/robotws/build/basic134/share/basic134/hook/pythonpath_develop.sh'
[4.670s] Level 1:colcon.colcon_core.environment:checking '/home/robot/134code/robotws/install/basic134' for CMake module files
[4.670s] Level 1:colcon.colcon_core.environment:checking '/home/robot/134code/robotws/install/basic134' for CMake config files
[4.670s] Level 1:colcon.colcon_core.environment:checking '/home/robot/134code/robotws/install/basic134/lib'
[4.671s] Level 1:colcon.colcon_core.environment:checking '/home/robot/134code/robotws/install/basic134/bin'
[4.671s] Level 1:colcon.colcon_core.environment:checking '/home/robot/134code/robotws/install/basic134/lib/pkgconfig/basic134.pc'
[4.671s] Level 1:colcon.colcon_core.environment:checking '/home/robot/134code/robotws/install/basic134/lib/python3.10/site-packages'
[4.671s] Level 1:colcon.colcon_core.shell:create_environment_hook('basic134', 'pythonpath')
[4.689s] INFO:colcon.colcon_core.shell:Creating environment hook '/home/robot/134code/robotws/install/basic134/share/basic134/hook/pythonpath.ps1'
[4.689s] INFO:colcon.colcon_core.shell:Creating environment descriptor '/home/robot/134code/robotws/install/basic134/share/basic134/hook/pythonpath.dsv'
[4.689s] INFO:colcon.colcon_core.shell:Creating environment hook '/home/robot/134code/robotws/install/basic134/share/basic134/hook/pythonpath.sh'
[4.690s] Level 1:colcon.colcon_core.environment:checking '/home/robot/134code/robotws/install/basic134/bin'
[4.690s] Level 1:colcon.colcon_core.environment:create_environment_scripts_only(basic134)
[4.718s] INFO:colcon.colcon_core.shell:Creating package script '/home/robot/134code/robotws/install/basic134/share/basic134/package.ps1'
[4.719s] INFO:colcon.colcon_core.shell:Creating package descriptor '/home/robot/134code/robotws/install/basic134/share/basic134/package.dsv'
[4.719s] INFO:colcon.colcon_core.shell:Creating package script '/home/robot/134code/robotws/install/basic134/share/basic134/package.sh'
[4.720s] INFO:colcon.colcon_core.shell:Creating package script '/home/robot/134code/robotws/install/basic134/share/basic134/package.bash'
[4.720s] INFO:colcon.colcon_core.shell:Creating package script '/home/robot/134code/robotws/install/basic134/share/basic134/package.zsh'
[4.720s] Level 1:colcon.colcon_core.environment:create_file_with_runtime_dependencies(/home/robot/134code/robotws/install/basic134/share/colcon-core/packages/basic134)
[4.721s] DEBUG:colcon.colcon_parallel_executor.executor.parallel:closing loop
[4.721s] DEBUG:colcon.colcon_parallel_executor.executor.parallel:loop closed
[4.721s] DEBUG:colcon.colcon_parallel_executor.executor.parallel:run_until_complete finished with '0'
[4.721s] DEBUG:colcon.colcon_core.event_reactor:joining thread
[4.745s] INFO:colcon.colcon_core.plugin_system:Skipping extension 'colcon_notification.desktop_notification.terminal_notifier': Not used on non-Darwin systems
[4.745s] INFO:colcon.colcon_core.plugin_system:Skipping extension 'colcon_notification.desktop_notification.win32': Not used on non-Windows systems
[4.745s] INFO:colcon.colcon_notification.desktop_notification:Sending desktop notification using 'notify2'
[4.753s] DEBUG:colcon.colcon_core.event_reactor:joined thread
[4.774s] INFO:colcon.colcon_core.shell:Creating prefix script '/home/robot/134code/robotws/install/local_setup.ps1'
[4.776s] INFO:colcon.colcon_core.shell:Creating prefix util module '/home/robot/134code/robotws/install/_local_setup_util_ps1.py'
[4.777s] INFO:colcon.colcon_core.shell:Creating prefix chain script '/home/robot/134code/robotws/install/setup.ps1'
[4.795s] INFO:colcon.colcon_core.shell:Creating prefix script '/home/robot/134code/robotws/install/local_setup.sh'
[4.796s] INFO:colcon.colcon_core.shell:Creating prefix util module '/home/robot/134code/robotws/install/_local_setup_util_sh.py'
[4.796s] INFO:colcon.colcon_core.shell:Creating prefix chain script '/home/robot/134code/robotws/install/setup.sh'
[4.815s] INFO:colcon.colcon_core.shell:Creating prefix script '/home/robot/134code/robotws/install/local_setup.bash'
[4.815s] INFO:colcon.colcon_core.shell:Creating prefix chain script '/home/robot/134code/robotws/install/setup.bash'
[4.833s] INFO:colcon.colcon_core.shell:Creating prefix script '/home/robot/134code/robotws/install/local_setup.zsh'
[4.834s] INFO:colcon.colcon_core.shell:Creating prefix chain script '/home/robot/134code/robotws/install/setup.zsh'
