[1.196s] DEBUG:colcon:Command line arguments: ['/usr/bin/colcon', 'build', '--symlink-install']
[1.196s] DEBUG:colcon:Parsed command line arguments: Namespace(log_base=None, log_level=None, verb_name='build', build_base='build', install_base='install', merge_install=False, symlink_install=True, test_result_base=None, continue_on_error=False, executor='parallel', parallel_workers=4, event_handlers=None, ignore_user_meta=False, metas=['./colcon.meta'], base_paths=['.'], packages_ignore=None, packages_ignore_regex=None, paths=None, packages_up_to=None, packages_up_to_regex=None, packages_above=None, packages_above_and_dependencies=None, packages_above_depth=None, packages_select_by_dep=None, packages_skip_by_dep=None, packages_skip_up_to=None, packages_select_build_failed=False, packages_skip_build_finished=False, packages_select_test_failures=False, packages_skip_test_passed=False, packages_select=None, packages_skip=None, packages_select_regex=None, packages_skip_regex=None, packages_start=None, packages_end=None, allow_overriding=[], cmake_args=None, cmake_target=None, cmake_target_skip_unavailable=False, cmake_clean_cache=False, cmake_clean_first=False, cmake_force_configure=False, ament_cmake_args=None, catkin_cmake_args=None, catkin_skip_building_tests=False, verb_parser=<colcon_defaults.argument_parser.defaults.DefaultArgumentsDecorator object at 0x7f88e747eaa0>, verb_extension=<colcon_core.verb.build.BuildVerb object at 0x7f88e747c280>, main=<bound method BuildVerb.main of <colcon_core.verb.build.BuildVerb object at 0x7f88e747c280>>)
[1.248s] Level 1:colcon.colcon_core.package_discovery:discover_packages(colcon_meta) check parameters
[1.249s] Level 1:colcon.colcon_core.package_discovery:discover_packages(recursive) check parameters
[1.249s] Level 1:colcon.colcon_core.package_discovery:discover_packages(ignore) check parameters
[1.249s] Level 1:colcon.colcon_core.package_discovery:discover_packages(path) check parameters
[1.249s] Level 1:colcon.colcon_core.package_discovery:discover_packages(colcon_meta) discover
[1.249s] Level 1:colcon.colcon_core.package_discovery:discover_packages(recursive) discover
[1.249s] INFO:colcon.colcon_core.package_discovery:Crawling recursively for packages in '/home/robot/134code/src'
[1.249s] Level 1:colcon.colcon_core.package_identification:_identify(.) by extensions ['ignore', 'ignore_ament_install']
[1.249s] Level 1:colcon.colcon_core.package_identification:_identify(.) by extension 'ignore'
[1.249s] Level 1:colcon.colcon_core.package_identification:_identify(.) by extension 'ignore_ament_install'
[1.249s] Level 1:colcon.colcon_core.package_identification:_identify(.) by extensions ['colcon_pkg']
[1.249s] Level 1:colcon.colcon_core.package_identification:_identify(.) by extension 'colcon_pkg'
[1.249s] Level 1:colcon.colcon_core.package_identification:_identify(.) by extensions ['colcon_meta']
[1.249s] Level 1:colcon.colcon_core.package_identification:_identify(.) by extension 'colcon_meta'
[1.249s] Level 1:colcon.colcon_core.package_identification:_identify(.) by extensions ['ros']
[1.249s] Level 1:colcon.colcon_core.package_identification:_identify(.) by extension 'ros'
[1.259s] Level 1:colcon.colcon_core.package_identification:_identify(.) by extensions ['cmake', 'python']
[1.259s] Level 1:colcon.colcon_core.package_identification:_identify(.) by extension 'cmake'
[1.260s] Level 1:colcon.colcon_core.package_identification:_identify(.) by extension 'python'
[1.260s] Level 1:colcon.colcon_core.package_identification:_identify(.) by extensions ['python_setup_py']
[1.260s] Level 1:colcon.colcon_core.package_identification:_identify(.) by extension 'python_setup_py'
[1.260s] Level 1:colcon.colcon_core.package_identification:_identify(basic134) by extensions ['ignore', 'ignore_ament_install']
[1.260s] Level 1:colcon.colcon_core.package_identification:_identify(basic134) by extension 'ignore'
[1.260s] Level 1:colcon.colcon_core.package_identification:_identify(basic134) by extension 'ignore_ament_install'
[1.260s] Level 1:colcon.colcon_core.package_identification:_identify(basic134) by extensions ['colcon_pkg']
[1.260s] Level 1:colcon.colcon_core.package_identification:_identify(basic134) by extension 'colcon_pkg'
[1.260s] Level 1:colcon.colcon_core.package_identification:_identify(basic134) by extensions ['colcon_meta']
[1.260s] Level 1:colcon.colcon_core.package_identification:_identify(basic134) by extension 'colcon_meta'
[1.260s] Level 1:colcon.colcon_core.package_identification:_identify(basic134) by extensions ['ros']
[1.260s] Level 1:colcon.colcon_core.package_identification:_identify(basic134) by extension 'ros'
[1.262s] DEBUG:colcon.colcon_core.package_identification:Package 'basic134' with type 'ros.ament_python' and name 'basic134'
[1.263s] Level 1:colcon.colcon_core.package_identification:_identify(build) by extensions ['ignore', 'ignore_ament_install']
[1.263s] Level 1:colcon.colcon_core.package_identification:_identify(build) by extension 'ignore'
[1.263s] Level 1:colcon.colcon_core.package_identification:_identify(build) ignored
[1.263s] Level 1:colcon.colcon_core.package_identification:_identify(demo134) by extensions ['ignore', 'ignore_ament_install']
[1.263s] Level 1:colcon.colcon_core.package_identification:_identify(demo134) by extension 'ignore'
[1.263s] Level 1:colcon.colcon_core.package_identification:_identify(demo134) by extension 'ignore_ament_install'
[1.263s] Level 1:colcon.colcon_core.package_identification:_identify(demo134) by extensions ['colcon_pkg']
[1.263s] Level 1:colcon.colcon_core.package_identification:_identify(demo134) by extension 'colcon_pkg'
[1.263s] Level 1:colcon.colcon_core.package_identification:_identify(demo134) by extensions ['colcon_meta']
[1.263s] Level 1:colcon.colcon_core.package_identification:_identify(demo134) by extension 'colcon_meta'
[1.263s] Level 1:colcon.colcon_core.package_identification:_identify(demo134) by extensions ['ros']
[1.263s] Level 1:colcon.colcon_core.package_identification:_identify(demo134) by extension 'ros'
[1.263s] Level 1:colcon.colcon_core.package_identification:_identify(demo134) by extensions ['cmake', 'python']
[1.263s] Level 1:colcon.colcon_core.package_identification:_identify(demo134) by extension 'cmake'
[1.263s] Level 1:colcon.colcon_core.package_identification:_identify(demo134) by extension 'python'
[1.263s] Level 1:colcon.colcon_core.package_identification:_identify(demo134) by extensions ['python_setup_py']
[1.263s] Level 1:colcon.colcon_core.package_identification:_identify(demo134) by extension 'python_setup_py'
[1.263s] Level 1:colcon.colcon_core.package_identification:_identify(demo134/demo134) by extensions ['ignore', 'ignore_ament_install']
[1.263s] Level 1:colcon.colcon_core.package_identification:_identify(demo134/demo134) by extension 'ignore'
[1.263s] Level 1:colcon.colcon_core.package_identification:_identify(demo134/demo134) by extension 'ignore_ament_install'
[1.264s] Level 1:colcon.colcon_core.package_identification:_identify(demo134/demo134) by extensions ['colcon_pkg']
[1.264s] Level 1:colcon.colcon_core.package_identification:_identify(demo134/demo134) by extension 'colcon_pkg'
[1.264s] Level 1:colcon.colcon_core.package_identification:_identify(demo134/demo134) by extensions ['colcon_meta']
[1.264s] Level 1:colcon.colcon_core.package_identification:_identify(demo134/demo134) by extension 'colcon_meta'
[1.264s] Level 1:colcon.colcon_core.package_identification:_identify(demo134/demo134) by extensions ['ros']
[1.264s] Level 1:colcon.colcon_core.package_identification:_identify(demo134/demo134) by extension 'ros'
[1.264s] DEBUG:colcon.colcon_core.package_identification:Package 'demo134/demo134' with type 'ros.ament_python' and name 'demo134'
[1.264s] Level 1:colcon.colcon_core.package_identification:_identify(detectors) by extensions ['ignore', 'ignore_ament_install']
[1.264s] Level 1:colcon.colcon_core.package_identification:_identify(detectors) by extension 'ignore'
[1.264s] Level 1:colcon.colcon_core.package_identification:_identify(detectors) by extension 'ignore_ament_install'
[1.264s] Level 1:colcon.colcon_core.package_identification:_identify(detectors) by extensions ['colcon_pkg']
[1.264s] Level 1:colcon.colcon_core.package_identification:_identify(detectors) by extension 'colcon_pkg'
[1.265s] Level 1:colcon.colcon_core.package_identification:_identify(detectors) by extensions ['colcon_meta']
[1.265s] Level 1:colcon.colcon_core.package_identification:_identify(detectors) by extension 'colcon_meta'
[1.265s] Level 1:colcon.colcon_core.package_identification:_identify(detectors) by extensions ['ros']
[1.265s] Level 1:colcon.colcon_core.package_identification:_identify(detectors) by extension 'ros'
[1.265s] DEBUG:colcon.colcon_core.package_identification:Package 'detectors' with type 'ros.ament_python' and name 'detectors'
[1.265s] Level 1:colcon.colcon_core.package_identification:_identify(hebiros) by extensions ['ignore', 'ignore_ament_install']
[1.266s] Level 1:colcon.colcon_core.package_identification:_identify(hebiros) by extension 'ignore'
[1.266s] Level 1:colcon.colcon_core.package_identification:_identify(hebiros) by extension 'ignore_ament_install'
[1.266s] Level 1:colcon.colcon_core.package_identification:_identify(hebiros) by extensions ['colcon_pkg']
[1.266s] Level 1:colcon.colcon_core.package_identification:_identify(hebiros) by extension 'colcon_pkg'
[1.266s] Level 1:colcon.colcon_core.package_identification:_identify(hebiros) by extensions ['colcon_meta']
[1.266s] Level 1:colcon.colcon_core.package_identification:_identify(hebiros) by extension 'colcon_meta'
[1.266s] Level 1:colcon.colcon_core.package_identification:_identify(hebiros) by extensions ['ros']
[1.266s] Level 1:colcon.colcon_core.package_identification:_identify(hebiros) by extension 'ros'
[1.266s] Level 1:colcon.colcon_core.package_identification:_identify(hebiros) by extensions ['cmake', 'python']
[1.266s] Level 1:colcon.colcon_core.package_identification:_identify(hebiros) by extension 'cmake'
[1.266s] Level 1:colcon.colcon_core.package_identification:_identify(hebiros) by extension 'python'
[1.266s] Level 1:colcon.colcon_core.package_identification:_identify(hebiros) by extensions ['python_setup_py']
[1.266s] Level 1:colcon.colcon_core.package_identification:_identify(hebiros) by extension 'python_setup_py'
[1.266s] Level 1:colcon.colcon_core.package_identification:_identify(hebiros/hebiros) by extensions ['ignore', 'ignore_ament_install']
[1.266s] Level 1:colcon.colcon_core.package_identification:_identify(hebiros/hebiros) by extension 'ignore'
[1.266s] Level 1:colcon.colcon_core.package_identification:_identify(hebiros/hebiros) by extension 'ignore_ament_install'
[1.266s] Level 1:colcon.colcon_core.package_identification:_identify(hebiros/hebiros) by extensions ['colcon_pkg']
[1.266s] Level 1:colcon.colcon_core.package_identification:_identify(hebiros/hebiros) by extension 'colcon_pkg'
[1.266s] Level 1:colcon.colcon_core.package_identification:_identify(hebiros/hebiros) by extensions ['colcon_meta']
[1.266s] Level 1:colcon.colcon_core.package_identification:_identify(hebiros/hebiros) by extension 'colcon_meta'
[1.266s] Level 1:colcon.colcon_core.package_identification:_identify(hebiros/hebiros) by extensions ['ros']
[1.266s] Level 1:colcon.colcon_core.package_identification:_identify(hebiros/hebiros) by extension 'ros'
[1.267s] DEBUG:colcon.colcon_core.package_identification:Package 'hebiros/hebiros' with type 'ros.ament_python' and name 'hebiros'
[1.267s] Level 1:colcon.colcon_core.package_identification:_identify(install) by extensions ['ignore', 'ignore_ament_install']
[1.267s] Level 1:colcon.colcon_core.package_identification:_identify(install) by extension 'ignore'
[1.267s] Level 1:colcon.colcon_core.package_identification:_identify(install) ignored
[1.267s] Level 1:colcon.colcon_core.package_identification:_identify(log) by extensions ['ignore', 'ignore_ament_install']
[1.267s] Level 1:colcon.colcon_core.package_identification:_identify(log) by extension 'ignore'
[1.267s] Level 1:colcon.colcon_core.package_identification:_identify(log) ignored
[1.267s] Level 1:colcon.colcon_core.package_identification:_identify(usb_cam) by extensions ['ignore', 'ignore_ament_install']
[1.267s] Level 1:colcon.colcon_core.package_identification:_identify(usb_cam) by extension 'ignore'
[1.268s] Level 1:colcon.colcon_core.package_identification:_identify(usb_cam) by extension 'ignore_ament_install'
[1.268s] Level 1:colcon.colcon_core.package_identification:_identify(usb_cam) by extensions ['colcon_pkg']
[1.268s] Level 1:colcon.colcon_core.package_identification:_identify(usb_cam) by extension 'colcon_pkg'
[1.268s] Level 1:colcon.colcon_core.package_identification:_identify(usb_cam) by extensions ['colcon_meta']
[1.268s] Level 1:colcon.colcon_core.package_identification:_identify(usb_cam) by extension 'colcon_meta'
[1.268s] Level 1:colcon.colcon_core.package_identification:_identify(usb_cam) by extensions ['ros']
[1.268s] Level 1:colcon.colcon_core.package_identification:_identify(usb_cam) by extension 'ros'
[1.274s] DEBUG:colcon.colcon_core.package_identification:Package 'usb_cam' with type 'ros.ament_cmake' and name 'usb_cam'
[1.274s] Level 1:colcon.colcon_core.package_discovery:discover_packages(recursive) using defaults
[1.274s] Level 1:colcon.colcon_core.package_discovery:discover_packages(ignore) discover
[1.274s] Level 1:colcon.colcon_core.package_discovery:discover_packages(ignore) using defaults
[1.274s] Level 1:colcon.colcon_core.package_discovery:discover_packages(path) discover
[1.274s] Level 1:colcon.colcon_core.package_discovery:discover_packages(path) using defaults
[1.393s] Level 1:colcon.colcon_core.package_discovery:discover_packages(prefix_path) check parameters
[1.393s] Level 1:colcon.colcon_core.package_discovery:discover_packages(prefix_path) discover
[1.431s] DEBUG:colcon.colcon_installed_package_information.package_discovery:Found 3 installed packages in /home/robot/robotws/install
[1.449s] DEBUG:colcon.colcon_installed_package_information.package_discovery:Found 3 installed packages in /home/robot/install
[1.468s] DEBUG:colcon.colcon_installed_package_information.package_discovery:Found 417 installed packages in /opt/ros/humble
[1.470s] Level 1:colcon.colcon_core.package_discovery:discover_packages(prefix_path) using defaults
[1.578s] Level 5:colcon.colcon_core.verb:set package 'basic134' build argument 'cmake_args' from command line to 'None'
[1.578s] Level 5:colcon.colcon_core.verb:set package 'basic134' build argument 'cmake_target' from command line to 'None'
[1.578s] Level 5:colcon.colcon_core.verb:set package 'basic134' build argument 'cmake_target_skip_unavailable' from command line to 'False'
[1.578s] Level 5:colcon.colcon_core.verb:set package 'basic134' build argument 'cmake_clean_cache' from command line to 'False'
[1.578s] Level 5:colcon.colcon_core.verb:set package 'basic134' build argument 'cmake_clean_first' from command line to 'False'
[1.578s] Level 5:colcon.colcon_core.verb:set package 'basic134' build argument 'cmake_force_configure' from command line to 'False'
[1.578s] Level 5:colcon.colcon_core.verb:set package 'basic134' build argument 'ament_cmake_args' from command line to 'None'
[1.578s] Level 5:colcon.colcon_core.verb:set package 'basic134' build argument 'catkin_cmake_args' from command line to 'None'
[1.578s] Level 5:colcon.colcon_core.verb:set package 'basic134' build argument 'catkin_skip_building_tests' from command line to 'False'
[1.578s] DEBUG:colcon.colcon_core.verb:Building package 'basic134' with the following arguments: {'ament_cmake_args': None, 'build_base': '/home/robot/134code/src/build/basic134', 'catkin_cmake_args': None, 'catkin_skip_building_tests': False, 'cmake_args': None, 'cmake_clean_cache': False, 'cmake_clean_first': False, 'cmake_force_configure': False, 'cmake_target': None, 'cmake_target_skip_unavailable': False, 'install_base': '/home/robot/134code/src/install/basic134', 'merge_install': False, 'path': '/home/robot/134code/src/basic134', 'symlink_install': True, 'test_result_base': None}
[1.596s] Level 5:colcon.colcon_core.verb:set package 'demo134' build argument 'cmake_args' from command line to 'None'
[1.596s] Level 5:colcon.colcon_core.verb:set package 'demo134' build argument 'cmake_target' from command line to 'None'
[1.596s] Level 5:colcon.colcon_core.verb:set package 'demo134' build argument 'cmake_target_skip_unavailable' from command line to 'False'
[1.596s] Level 5:colcon.colcon_core.verb:set package 'demo134' build argument 'cmake_clean_cache' from command line to 'False'
[1.596s] Level 5:colcon.colcon_core.verb:set package 'demo134' build argument 'cmake_clean_first' from command line to 'False'
[1.596s] Level 5:colcon.colcon_core.verb:set package 'demo134' build argument 'cmake_force_configure' from command line to 'False'
[1.596s] Level 5:colcon.colcon_core.verb:set package 'demo134' build argument 'ament_cmake_args' from command line to 'None'
[1.596s] Level 5:colcon.colcon_core.verb:set package 'demo134' build argument 'catkin_cmake_args' from command line to 'None'
[1.596s] Level 5:colcon.colcon_core.verb:set package 'demo134' build argument 'catkin_skip_building_tests' from command line to 'False'
[1.596s] DEBUG:colcon.colcon_core.verb:Building package 'demo134' with the following arguments: {'ament_cmake_args': None, 'build_base': '/home/robot/134code/src/build/demo134', 'catkin_cmake_args': None, 'catkin_skip_building_tests': False, 'cmake_args': None, 'cmake_clean_cache': False, 'cmake_clean_first': False, 'cmake_force_configure': False, 'cmake_target': None, 'cmake_target_skip_unavailable': False, 'install_base': '/home/robot/134code/src/install/demo134', 'merge_install': False, 'path': '/home/robot/134code/src/demo134/demo134', 'symlink_install': True, 'test_result_base': None}
[1.614s] Level 5:colcon.colcon_core.verb:set package 'hebiros' build argument 'cmake_args' from command line to 'None'
[1.614s] Level 5:colcon.colcon_core.verb:set package 'hebiros' build argument 'cmake_target' from command line to 'None'
[1.614s] Level 5:colcon.colcon_core.verb:set package 'hebiros' build argument 'cmake_target_skip_unavailable' from command line to 'False'
[1.614s] Level 5:colcon.colcon_core.verb:set package 'hebiros' build argument 'cmake_clean_cache' from command line to 'False'
[1.614s] Level 5:colcon.colcon_core.verb:set package 'hebiros' build argument 'cmake_clean_first' from command line to 'False'
[1.614s] Level 5:colcon.colcon_core.verb:set package 'hebiros' build argument 'cmake_force_configure' from command line to 'False'
[1.614s] Level 5:colcon.colcon_core.verb:set package 'hebiros' build argument 'ament_cmake_args' from command line to 'None'
[1.614s] Level 5:colcon.colcon_core.verb:set package 'hebiros' build argument 'catkin_cmake_args' from command line to 'None'
[1.614s] Level 5:colcon.colcon_core.verb:set package 'hebiros' build argument 'catkin_skip_building_tests' from command line to 'False'
[1.614s] DEBUG:colcon.colcon_core.verb:Building package 'hebiros' with the following arguments: {'ament_cmake_args': None, 'build_base': '/home/robot/134code/src/build/hebiros', 'catkin_cmake_args': None, 'catkin_skip_building_tests': False, 'cmake_args': None, 'cmake_clean_cache': False, 'cmake_clean_first': False, 'cmake_force_configure': False, 'cmake_target': None, 'cmake_target_skip_unavailable': False, 'install_base': '/home/robot/134code/src/install/hebiros', 'merge_install': False, 'path': '/home/robot/134code/src/hebiros/hebiros', 'symlink_install': True, 'test_result_base': None}
[1.632s] Level 5:colcon.colcon_core.verb:set package 'usb_cam' build argument 'cmake_args' from command line to 'None'
[1.632s] Level 5:colcon.colcon_core.verb:set package 'usb_cam' build argument 'cmake_target' from command line to 'None'
[1.632s] Level 5:colcon.colcon_core.verb:set package 'usb_cam' build argument 'cmake_target_skip_unavailable' from command line to 'False'
[1.632s] Level 5:colcon.colcon_core.verb:set package 'usb_cam' build argument 'cmake_clean_cache' from command line to 'False'
[1.632s] Level 5:colcon.colcon_core.verb:set package 'usb_cam' build argument 'cmake_clean_first' from command line to 'False'
[1.632s] Level 5:colcon.colcon_core.verb:set package 'usb_cam' build argument 'cmake_force_configure' from command line to 'False'
[1.632s] Level 5:colcon.colcon_core.verb:set package 'usb_cam' build argument 'ament_cmake_args' from command line to 'None'
[1.632s] Level 5:colcon.colcon_core.verb:set package 'usb_cam' build argument 'catkin_cmake_args' from command line to 'None'
[1.632s] Level 5:colcon.colcon_core.verb:set package 'usb_cam' build argument 'catkin_skip_building_tests' from command line to 'False'
[1.632s] DEBUG:colcon.colcon_core.verb:Building package 'usb_cam' with the following arguments: {'ament_cmake_args': None, 'build_base': '/home/robot/134code/src/build/usb_cam', 'catkin_cmake_args': None, 'catkin_skip_building_tests': False, 'cmake_args': None, 'cmake_clean_cache': False, 'cmake_clean_first': False, 'cmake_force_configure': False, 'cmake_target': None, 'cmake_target_skip_unavailable': False, 'install_base': '/home/robot/134code/src/install/usb_cam', 'merge_install': False, 'path': '/home/robot/134code/src/usb_cam', 'symlink_install': True, 'test_result_base': None}
[1.650s] Level 5:colcon.colcon_core.verb:set package 'detectors' build argument 'cmake_args' from command line to 'None'
[1.650s] Level 5:colcon.colcon_core.verb:set package 'detectors' build argument 'cmake_target' from command line to 'None'
[1.650s] Level 5:colcon.colcon_core.verb:set package 'detectors' build argument 'cmake_target_skip_unavailable' from command line to 'False'
[1.650s] Level 5:colcon.colcon_core.verb:set package 'detectors' build argument 'cmake_clean_cache' from command line to 'False'
[1.650s] Level 5:colcon.colcon_core.verb:set package 'detectors' build argument 'cmake_clean_first' from command line to 'False'
[1.650s] Level 5:colcon.colcon_core.verb:set package 'detectors' build argument 'cmake_force_configure' from command line to 'False'
[1.650s] Level 5:colcon.colcon_core.verb:set package 'detectors' build argument 'ament_cmake_args' from command line to 'None'
[1.650s] Level 5:colcon.colcon_core.verb:set package 'detectors' build argument 'catkin_cmake_args' from command line to 'None'
[1.650s] Level 5:colcon.colcon_core.verb:set package 'detectors' build argument 'catkin_skip_building_tests' from command line to 'False'
[1.650s] DEBUG:colcon.colcon_core.verb:Building package 'detectors' with the following arguments: {'ament_cmake_args': None, 'build_base': '/home/robot/134code/src/build/detectors', 'catkin_cmake_args': None, 'catkin_skip_building_tests': False, 'cmake_args': None, 'cmake_clean_cache': False, 'cmake_clean_first': False, 'cmake_force_configure': False, 'cmake_target': None, 'cmake_target_skip_unavailable': False, 'install_base': '/home/robot/134code/src/install/detectors', 'merge_install': False, 'path': '/home/robot/134code/src/detectors', 'symlink_install': True, 'test_result_base': None}
[1.668s] INFO:colcon.colcon_core.executor:Executing jobs using 'parallel' executor
[1.686s] DEBUG:colcon.colcon_parallel_executor.executor.parallel:run_until_complete
[1.686s] INFO:colcon.colcon_ros.task.ament_cmake.build:Building ROS package in '/home/robot/134code/src/usb_cam' with build type 'ament_cmake'
[1.686s] INFO:colcon.colcon_cmake.task.cmake.build:Building CMake package in '/home/robot/134code/src/usb_cam'
[1.708s] INFO:colcon.colcon_core.plugin_system:Skipping extension 'colcon_core.shell.bat': Not used on non-Windows systems
[1.708s] INFO:colcon.colcon_core.shell:Skip shell extension 'powershell' for command environment: Not usable outside of PowerShell
[1.708s] DEBUG:colcon.colcon_core.shell:Skip shell extension 'dsv' for command environment
[1.788s] INFO:colcon.colcon_ros.task.ament_python.build:Building ROS package in '/home/robot/134code/src/basic134' with build type 'ament_python'
[1.789s] Level 1:colcon.colcon_core.shell:create_environment_hook('basic134', 'ament_prefix_path')
[1.811s] INFO:colcon.colcon_core.shell:Creating environment hook '/home/robot/134code/src/install/basic134/share/basic134/hook/ament_prefix_path.ps1'
[1.811s] INFO:colcon.colcon_core.shell:Creating environment descriptor '/home/robot/134code/src/install/basic134/share/basic134/hook/ament_prefix_path.dsv'
[1.812s] INFO:colcon.colcon_core.shell:Creating environment hook '/home/robot/134code/src/install/basic134/share/basic134/hook/ament_prefix_path.sh'
[1.832s] INFO:colcon.colcon_core.shell:Skip shell extension 'powershell' for command environment: Not usable outside of PowerShell
[1.832s] DEBUG:colcon.colcon_core.shell:Skip shell extension 'dsv' for command environment
[1.912s] INFO:colcon.colcon_ros.task.ament_python.build:Building ROS package in '/home/robot/134code/src/demo134/demo134' with build type 'ament_python'
[1.912s] Level 1:colcon.colcon_core.shell:create_environment_hook('demo134', 'ament_prefix_path')
[1.933s] INFO:colcon.colcon_core.shell:Creating environment hook '/home/robot/134code/src/install/demo134/share/demo134/hook/ament_prefix_path.ps1'
[1.934s] INFO:colcon.colcon_core.shell:Creating environment descriptor '/home/robot/134code/src/install/demo134/share/demo134/hook/ament_prefix_path.dsv'
[1.934s] INFO:colcon.colcon_core.shell:Creating environment hook '/home/robot/134code/src/install/demo134/share/demo134/hook/ament_prefix_path.sh'
[1.955s] INFO:colcon.colcon_core.shell:Skip shell extension 'powershell' for command environment: Not usable outside of PowerShell
[1.955s] DEBUG:colcon.colcon_core.shell:Skip shell extension 'dsv' for command environment
[2.037s] INFO:colcon.colcon_ros.task.ament_python.build:Building ROS package in '/home/robot/134code/src/hebiros/hebiros' with build type 'ament_python'
[2.038s] Level 1:colcon.colcon_core.shell:create_environment_hook('hebiros', 'ament_prefix_path')
[2.058s] INFO:colcon.colcon_core.shell:Creating environment hook '/home/robot/134code/src/install/hebiros/share/hebiros/hook/ament_prefix_path.ps1'
[2.058s] INFO:colcon.colcon_core.shell:Creating environment descriptor '/home/robot/134code/src/install/hebiros/share/hebiros/hook/ament_prefix_path.dsv'
[2.058s] INFO:colcon.colcon_core.shell:Creating environment hook '/home/robot/134code/src/install/hebiros/share/hebiros/hook/ament_prefix_path.sh'
[2.079s] INFO:colcon.colcon_core.shell:Skip shell extension 'powershell' for command environment: Not usable outside of PowerShell
[2.079s] DEBUG:colcon.colcon_core.shell:Skip shell extension 'dsv' for command environment
[2.161s] DEBUG:colcon.colcon_core.event_handler.log_command:Invoking command in '/home/robot/134code/src/build/usb_cam': CMAKE_PREFIX_PATH=/home/robot/robotws/install/hebiros:/home/robot/robotws/install/demo134:/home/robot/robotws/install/basic134:/home/robot/install/hebiros:/home/robot/install/demo134:/home/robot/install/basic134:/opt/ros/humble /usr/bin/cmake /home/robot/134code/src/usb_cam -DAMENT_CMAKE_SYMLINK_INSTALL=1 -DCMAKE_INSTALL_PREFIX=/home/robot/134code/src/install/usb_cam
[2.507s] INFO:colcon.colcon_core.task.python.build:Building Python package in '/home/robot/134code/src/basic134'
[2.527s] INFO:colcon.colcon_core.shell:Skip shell extension 'powershell' for command environment: Not usable outside of PowerShell
[2.527s] DEBUG:colcon.colcon_core.shell:Skip shell extension 'dsv' for command environment
[2.899s] INFO:colcon.colcon_core.task.python.build:Building Python package in '/home/robot/134code/src/demo134/demo134'
[2.919s] INFO:colcon.colcon_core.shell:Skip shell extension 'powershell' for command environment: Not usable outside of PowerShell
[2.919s] DEBUG:colcon.colcon_core.shell:Skip shell extension 'dsv' for command environment
[3.312s] INFO:colcon.colcon_core.task.python.build:Building Python package in '/home/robot/134code/src/hebiros/hebiros'
[3.333s] INFO:colcon.colcon_core.shell:Skip shell extension 'powershell' for command environment: Not usable outside of PowerShell
[3.333s] DEBUG:colcon.colcon_core.shell:Skip shell extension 'dsv' for command environment
[4.102s] DEBUG:colcon.colcon_core.event_handler.log_command:Invoking command in '/home/robot/134code/src/build/basic134': PYTHONPATH=/home/robot/134code/src/build/basic134/prefix_override:/home/robot/134code/src/install/basic134/lib/python3.10/site-packages:${PYTHONPATH} /usr/bin/python3 setup.py develop --editable --build-directory /home/robot/134code/src/build/basic134/build --no-deps install_data
[4.112s] DEBUG:colcon.colcon_core.event_handler.log_command:Invoking command in '/home/robot/134code/src/build/hebiros': PYTHONPATH=/home/robot/134code/src/build/hebiros/prefix_override:/home/robot/134code/src/install/hebiros/lib/python3.10/site-packages:${PYTHONPATH} /usr/bin/python3 setup.py develop --editable --build-directory /home/robot/134code/src/build/hebiros/build --no-deps install_data
[4.127s] DEBUG:colcon.colcon_core.event_handler.log_command:Invoking command in '/home/robot/134code/src/build/demo134': PYTHONPATH=/home/robot/134code/src/build/demo134/prefix_override:/home/robot/134code/src/install/demo134/lib/python3.10/site-packages:${PYTHONPATH} /usr/bin/python3 setup.py develop --editable --build-directory /home/robot/134code/src/build/demo134/build --no-deps install_data
[4.716s] DEBUG:colcon.colcon_core.event_handler.log_command:Invoked command in '/home/robot/134code/src/build/usb_cam' returned '0': CMAKE_PREFIX_PATH=/home/robot/robotws/install/hebiros:/home/robot/robotws/install/demo134:/home/robot/robotws/install/basic134:/home/robot/install/hebiros:/home/robot/install/demo134:/home/robot/install/basic134:/opt/ros/humble /usr/bin/cmake /home/robot/134code/src/usb_cam -DAMENT_CMAKE_SYMLINK_INSTALL=1 -DCMAKE_INSTALL_PREFIX=/home/robot/134code/src/install/usb_cam
[4.716s] DEBUG:colcon.colcon_core.event_handler.log_command:Invoking command in '/home/robot/134code/src/build/usb_cam': CMAKE_PREFIX_PATH=/home/robot/robotws/install/hebiros:/home/robot/robotws/install/demo134:/home/robot/robotws/install/basic134:/home/robot/install/hebiros:/home/robot/install/demo134:/home/robot/install/basic134:/opt/ros/humble /usr/bin/cmake --build /home/robot/134code/src/build/usb_cam -- -j4 -l4
[5.210s] Level 1:colcon.colcon_core.shell:create_environment_hook('basic134', 'pythonpath_develop')
[5.214s] DEBUG:colcon.colcon_core.event_handler.log_command:Invoked command in '/home/robot/134code/src/build/basic134' returned '0': PYTHONPATH=/home/robot/134code/src/build/basic134/prefix_override:/home/robot/134code/src/install/basic134/lib/python3.10/site-packages:${PYTHONPATH} /usr/bin/python3 setup.py develop --editable --build-directory /home/robot/134code/src/build/basic134/build --no-deps install_data
[5.277s] INFO:colcon.colcon_core.shell:Creating environment hook '/home/robot/134code/src/build/basic134/share/basic134/hook/pythonpath_develop.ps1'
[5.278s] INFO:colcon.colcon_core.shell:Creating environment descriptor '/home/robot/134code/src/build/basic134/share/basic134/hook/pythonpath_develop.dsv'
[5.279s] INFO:colcon.colcon_core.shell:Creating environment hook '/home/robot/134code/src/build/basic134/share/basic134/hook/pythonpath_develop.sh'
[5.363s] Level 1:colcon.colcon_core.environment:checking '/home/robot/134code/src/install/basic134' for CMake module files
[5.364s] Level 1:colcon.colcon_core.environment:checking '/home/robot/134code/src/install/basic134' for CMake config files
[5.365s] Level 1:colcon.colcon_core.environment:checking '/home/robot/134code/src/install/basic134/lib'
[5.378s] Level 1:colcon.colcon_core.environment:checking '/home/robot/134code/src/install/basic134/bin'
[5.378s] Level 1:colcon.colcon_core.environment:checking '/home/robot/134code/src/install/basic134/lib/pkgconfig/basic134.pc'
[5.378s] Level 1:colcon.colcon_core.environment:checking '/home/robot/134code/src/install/basic134/lib/python3.10/site-packages'
[5.378s] Level 1:colcon.colcon_core.shell:create_environment_hook('basic134', 'pythonpath')
[5.444s] INFO:colcon.colcon_core.shell:Creating environment hook '/home/robot/134code/src/install/basic134/share/basic134/hook/pythonpath.ps1'
[5.445s] INFO:colcon.colcon_core.shell:Creating environment descriptor '/home/robot/134code/src/install/basic134/share/basic134/hook/pythonpath.dsv'
[5.445s] INFO:colcon.colcon_core.shell:Creating environment hook '/home/robot/134code/src/install/basic134/share/basic134/hook/pythonpath.sh'
[5.446s] Level 1:colcon.colcon_core.environment:checking '/home/robot/134code/src/install/basic134/bin'
[5.446s] Level 1:colcon.colcon_core.environment:create_environment_scripts_only(basic134)
[5.508s] INFO:colcon.colcon_core.shell:Creating package script '/home/robot/134code/src/install/basic134/share/basic134/package.ps1'
[5.509s] INFO:colcon.colcon_core.shell:Creating package descriptor '/home/robot/134code/src/install/basic134/share/basic134/package.dsv'
[5.518s] INFO:colcon.colcon_core.shell:Creating package script '/home/robot/134code/src/install/basic134/share/basic134/package.sh'
[5.519s] INFO:colcon.colcon_core.shell:Creating package script '/home/robot/134code/src/install/basic134/share/basic134/package.bash'
[5.520s] INFO:colcon.colcon_core.shell:Creating package script '/home/robot/134code/src/install/basic134/share/basic134/package.zsh'
[5.521s] Level 1:colcon.colcon_core.environment:create_file_with_runtime_dependencies(/home/robot/134code/src/install/basic134/share/colcon-core/packages/basic134)
[5.530s] Level 1:colcon.colcon_core.shell:create_environment_hook('hebiros', 'pythonpath_develop')
[5.530s] DEBUG:colcon.colcon_core.event_handler.log_command:Invoked command in '/home/robot/134code/src/build/hebiros' returned '0': PYTHONPATH=/home/robot/134code/src/build/hebiros/prefix_override:/home/robot/134code/src/install/hebiros/lib/python3.10/site-packages:${PYTHONPATH} /usr/bin/python3 setup.py develop --editable --build-directory /home/robot/134code/src/build/hebiros/build --no-deps install_data
[5.589s] INFO:colcon.colcon_core.shell:Creating environment hook '/home/robot/134code/src/build/hebiros/share/hebiros/hook/pythonpath_develop.ps1'
[5.590s] INFO:colcon.colcon_core.shell:Creating environment descriptor '/home/robot/134code/src/build/hebiros/share/hebiros/hook/pythonpath_develop.dsv'
[5.590s] INFO:colcon.colcon_core.shell:Creating environment hook '/home/robot/134code/src/build/hebiros/share/hebiros/hook/pythonpath_develop.sh'
[5.650s] Level 1:colcon.colcon_core.environment:checking '/home/robot/134code/src/install/hebiros' for CMake module files
[5.650s] Level 1:colcon.colcon_core.environment:checking '/home/robot/134code/src/install/hebiros' for CMake config files
[5.651s] Level 1:colcon.colcon_core.environment:checking '/home/robot/134code/src/install/hebiros/lib'
[5.651s] Level 1:colcon.colcon_core.environment:checking '/home/robot/134code/src/install/hebiros/bin'
[5.651s] Level 1:colcon.colcon_core.environment:checking '/home/robot/134code/src/install/hebiros/lib/pkgconfig/hebiros.pc'
[5.652s] Level 1:colcon.colcon_core.environment:checking '/home/robot/134code/src/install/hebiros/lib/python3.10/site-packages'
[5.652s] Level 1:colcon.colcon_core.shell:create_environment_hook('hebiros', 'pythonpath')
[5.685s] INFO:colcon.colcon_core.shell:Creating environment hook '/home/robot/134code/src/install/hebiros/share/hebiros/hook/pythonpath.ps1'
[5.686s] INFO:colcon.colcon_core.shell:Creating environment descriptor '/home/robot/134code/src/install/hebiros/share/hebiros/hook/pythonpath.dsv'
[5.686s] INFO:colcon.colcon_core.shell:Creating environment hook '/home/robot/134code/src/install/hebiros/share/hebiros/hook/pythonpath.sh'
[5.687s] Level 1:colcon.colcon_core.environment:checking '/home/robot/134code/src/install/hebiros/bin'
[5.687s] Level 1:colcon.colcon_core.environment:create_environment_scripts_only(hebiros)
[5.720s] INFO:colcon.colcon_core.shell:Creating package script '/home/robot/134code/src/install/hebiros/share/hebiros/package.ps1'
[5.721s] INFO:colcon.colcon_core.shell:Creating package descriptor '/home/robot/134code/src/install/hebiros/share/hebiros/package.dsv'
[5.722s] INFO:colcon.colcon_core.shell:Creating package script '/home/robot/134code/src/install/hebiros/share/hebiros/package.sh'
[5.722s] INFO:colcon.colcon_core.shell:Creating package script '/home/robot/134code/src/install/hebiros/share/hebiros/package.bash'
[5.723s] INFO:colcon.colcon_core.shell:Creating package script '/home/robot/134code/src/install/hebiros/share/hebiros/package.zsh'
[5.723s] Level 1:colcon.colcon_core.environment:create_file_with_runtime_dependencies(/home/robot/134code/src/install/hebiros/share/colcon-core/packages/hebiros)
[5.725s] Level 1:colcon.colcon_core.shell:create_environment_hook('demo134', 'pythonpath_develop')
[5.725s] DEBUG:colcon.colcon_core.event_handler.log_command:Invoked command in '/home/robot/134code/src/build/demo134' returned '0': PYTHONPATH=/home/robot/134code/src/build/demo134/prefix_override:/home/robot/134code/src/install/demo134/lib/python3.10/site-packages:${PYTHONPATH} /usr/bin/python3 setup.py develop --editable --build-directory /home/robot/134code/src/build/demo134/build --no-deps install_data
[5.758s] INFO:colcon.colcon_core.shell:Creating environment hook '/home/robot/134code/src/build/demo134/share/demo134/hook/pythonpath_develop.ps1'
[5.759s] INFO:colcon.colcon_core.shell:Creating environment descriptor '/home/robot/134code/src/build/demo134/share/demo134/hook/pythonpath_develop.dsv'
[5.760s] INFO:colcon.colcon_core.shell:Creating environment hook '/home/robot/134code/src/build/demo134/share/demo134/hook/pythonpath_develop.sh'
[5.794s] Level 1:colcon.colcon_core.environment:checking '/home/robot/134code/src/install/demo134' for CMake module files
[5.795s] Level 1:colcon.colcon_core.environment:checking '/home/robot/134code/src/install/demo134' for CMake config files
[5.796s] Level 1:colcon.colcon_core.environment:checking '/home/robot/134code/src/install/demo134/lib'
[5.796s] Level 1:colcon.colcon_core.environment:checking '/home/robot/134code/src/install/demo134/bin'
[5.796s] Level 1:colcon.colcon_core.environment:checking '/home/robot/134code/src/install/demo134/lib/pkgconfig/demo134.pc'
[5.796s] Level 1:colcon.colcon_core.environment:checking '/home/robot/134code/src/install/demo134/lib/python3.10/site-packages'
[5.796s] Level 1:colcon.colcon_core.shell:create_environment_hook('demo134', 'pythonpath')
[5.852s] INFO:colcon.colcon_core.shell:Creating environment hook '/home/robot/134code/src/install/demo134/share/demo134/hook/pythonpath.ps1'
[5.853s] INFO:colcon.colcon_core.shell:Creating environment descriptor '/home/robot/134code/src/install/demo134/share/demo134/hook/pythonpath.dsv'
[5.865s] INFO:colcon.colcon_core.shell:Creating environment hook '/home/robot/134code/src/install/demo134/share/demo134/hook/pythonpath.sh'
[5.866s] Level 1:colcon.colcon_core.environment:checking '/home/robot/134code/src/install/demo134/bin'
[5.866s] Level 1:colcon.colcon_core.environment:create_environment_scripts_only(demo134)
[5.921s] INFO:colcon.colcon_core.shell:Creating package script '/home/robot/134code/src/install/demo134/share/demo134/package.ps1'
[5.922s] INFO:colcon.colcon_core.shell:Creating package descriptor '/home/robot/134code/src/install/demo134/share/demo134/package.dsv'
[5.923s] INFO:colcon.colcon_core.shell:Creating package script '/home/robot/134code/src/install/demo134/share/demo134/package.sh'
[5.923s] INFO:colcon.colcon_core.shell:Creating package script '/home/robot/134code/src/install/demo134/share/demo134/package.bash'
[5.924s] INFO:colcon.colcon_core.shell:Creating package script '/home/robot/134code/src/install/demo134/share/demo134/package.zsh'
[5.924s] Level 1:colcon.colcon_core.environment:create_file_with_runtime_dependencies(/home/robot/134code/src/install/demo134/share/colcon-core/packages/demo134)
[15.359s] DEBUG:colcon.colcon_core.event_handler.log_command:Invoked command in '/home/robot/134code/src/build/usb_cam' returned '0': CMAKE_PREFIX_PATH=/home/robot/robotws/install/hebiros:/home/robot/robotws/install/demo134:/home/robot/robotws/install/basic134:/home/robot/install/hebiros:/home/robot/install/demo134:/home/robot/install/basic134:/opt/ros/humble /usr/bin/cmake --build /home/robot/134code/src/build/usb_cam -- -j4 -l4
[15.404s] DEBUG:colcon.colcon_core.event_handler.log_command:Invoking command in '/home/robot/134code/src/build/usb_cam': CMAKE_PREFIX_PATH=/home/robot/robotws/install/hebiros:/home/robot/robotws/install/demo134:/home/robot/robotws/install/basic134:/home/robot/install/hebiros:/home/robot/install/demo134:/home/robot/install/basic134:/opt/ros/humble /usr/bin/cmake --install /home/robot/134code/src/build/usb_cam
[15.767s] Level 1:colcon.colcon_core.environment:create_environment_scripts_only(usb_cam)
[15.768s] DEBUG:colcon.colcon_core.event_handler.log_command:Invoked command in '/home/robot/134code/src/build/usb_cam' returned '0': CMAKE_PREFIX_PATH=/home/robot/robotws/install/hebiros:/home/robot/robotws/install/demo134:/home/robot/robotws/install/basic134:/home/robot/install/hebiros:/home/robot/install/demo134:/home/robot/install/basic134:/opt/ros/humble /usr/bin/cmake --install /home/robot/134code/src/build/usb_cam
[15.787s] Level 1:colcon.colcon_core.environment:checking '/home/robot/134code/src/install/usb_cam' for CMake module files
[15.788s] Level 1:colcon.colcon_core.environment:checking '/home/robot/134code/src/install/usb_cam' for CMake config files
[15.788s] Level 1:colcon.colcon_core.shell:create_environment_hook('usb_cam', 'cmake_prefix_path')
[15.806s] INFO:colcon.colcon_core.shell:Creating environment hook '/home/robot/134code/src/install/usb_cam/share/usb_cam/hook/cmake_prefix_path.ps1'
[15.807s] INFO:colcon.colcon_core.shell:Creating environment descriptor '/home/robot/134code/src/install/usb_cam/share/usb_cam/hook/cmake_prefix_path.dsv'
[15.807s] INFO:colcon.colcon_core.shell:Creating environment hook '/home/robot/134code/src/install/usb_cam/share/usb_cam/hook/cmake_prefix_path.sh'
[15.807s] Level 1:colcon.colcon_core.environment:checking '/home/robot/134code/src/install/usb_cam/lib'
[15.807s] Level 1:colcon.colcon_core.shell:create_environment_hook('usb_cam', 'ld_library_path_lib')
[15.825s] INFO:colcon.colcon_core.shell:Creating environment hook '/home/robot/134code/src/install/usb_cam/share/usb_cam/hook/ld_library_path_lib.ps1'
[15.826s] INFO:colcon.colcon_core.shell:Creating environment descriptor '/home/robot/134code/src/install/usb_cam/share/usb_cam/hook/ld_library_path_lib.dsv'
[15.826s] INFO:colcon.colcon_core.shell:Creating environment hook '/home/robot/134code/src/install/usb_cam/share/usb_cam/hook/ld_library_path_lib.sh'
[15.826s] Level 1:colcon.colcon_core.environment:checking '/home/robot/134code/src/install/usb_cam/bin'
[15.826s] Level 1:colcon.colcon_core.environment:checking '/home/robot/134code/src/install/usb_cam/lib/pkgconfig/usb_cam.pc'
[15.826s] Level 1:colcon.colcon_core.environment:checking '/home/robot/134code/src/install/usb_cam/lib/python3.10/site-packages'
[15.827s] Level 1:colcon.colcon_core.environment:checking '/home/robot/134code/src/install/usb_cam/bin'
[15.844s] INFO:colcon.colcon_core.shell:Creating package script '/home/robot/134code/src/install/usb_cam/share/usb_cam/package.ps1'
[15.845s] INFO:colcon.colcon_core.shell:Creating package descriptor '/home/robot/134code/src/install/usb_cam/share/usb_cam/package.dsv'
[15.845s] INFO:colcon.colcon_core.shell:Creating package script '/home/robot/134code/src/install/usb_cam/share/usb_cam/package.sh'
[15.845s] INFO:colcon.colcon_core.shell:Creating package script '/home/robot/134code/src/install/usb_cam/share/usb_cam/package.bash'
[15.846s] INFO:colcon.colcon_core.shell:Creating package script '/home/robot/134code/src/install/usb_cam/share/usb_cam/package.zsh'
[15.846s] Level 1:colcon.colcon_core.environment:create_file_with_runtime_dependencies(/home/robot/134code/src/install/usb_cam/share/colcon-core/packages/usb_cam)
[15.903s] Level 1:colcon.colcon_core.environment:create_environment_scripts_only(usb_cam)
[15.923s] Level 1:colcon.colcon_core.environment:checking '/home/robot/134code/src/install/usb_cam' for CMake module files
[15.923s] Level 1:colcon.colcon_core.environment:checking '/home/robot/134code/src/install/usb_cam' for CMake config files
[15.924s] Level 1:colcon.colcon_core.shell:create_environment_hook('usb_cam', 'cmake_prefix_path')
[15.941s] INFO:colcon.colcon_core.shell:Creating environment hook '/home/robot/134code/src/install/usb_cam/share/usb_cam/hook/cmake_prefix_path.ps1'
[15.942s] INFO:colcon.colcon_core.shell:Creating environment descriptor '/home/robot/134code/src/install/usb_cam/share/usb_cam/hook/cmake_prefix_path.dsv'
[15.942s] INFO:colcon.colcon_core.shell:Creating environment hook '/home/robot/134code/src/install/usb_cam/share/usb_cam/hook/cmake_prefix_path.sh'
[15.942s] Level 1:colcon.colcon_core.environment:checking '/home/robot/134code/src/install/usb_cam/lib'
[15.942s] Level 1:colcon.colcon_core.shell:create_environment_hook('usb_cam', 'ld_library_path_lib')
[15.961s] INFO:colcon.colcon_core.shell:Creating environment hook '/home/robot/134code/src/install/usb_cam/share/usb_cam/hook/ld_library_path_lib.ps1'
[15.961s] INFO:colcon.colcon_core.shell:Creating environment descriptor '/home/robot/134code/src/install/usb_cam/share/usb_cam/hook/ld_library_path_lib.dsv'
[15.962s] INFO:colcon.colcon_core.shell:Creating environment hook '/home/robot/134code/src/install/usb_cam/share/usb_cam/hook/ld_library_path_lib.sh'
[15.962s] Level 1:colcon.colcon_core.environment:checking '/home/robot/134code/src/install/usb_cam/bin'
[15.962s] Level 1:colcon.colcon_core.environment:checking '/home/robot/134code/src/install/usb_cam/lib/pkgconfig/usb_cam.pc'
[15.962s] Level 1:colcon.colcon_core.environment:checking '/home/robot/134code/src/install/usb_cam/lib/python3.10/site-packages'
[15.962s] Level 1:colcon.colcon_core.environment:checking '/home/robot/134code/src/install/usb_cam/bin'
[15.982s] INFO:colcon.colcon_core.shell:Creating package script '/home/robot/134code/src/install/usb_cam/share/usb_cam/package.ps1'
[15.982s] INFO:colcon.colcon_core.shell:Creating package descriptor '/home/robot/134code/src/install/usb_cam/share/usb_cam/package.dsv'
[15.983s] INFO:colcon.colcon_core.shell:Creating package script '/home/robot/134code/src/install/usb_cam/share/usb_cam/package.sh'
[15.983s] INFO:colcon.colcon_core.shell:Creating package script '/home/robot/134code/src/install/usb_cam/share/usb_cam/package.bash'
[15.983s] INFO:colcon.colcon_core.shell:Creating package script '/home/robot/134code/src/install/usb_cam/share/usb_cam/package.zsh'
[15.984s] Level 1:colcon.colcon_core.environment:create_file_with_runtime_dependencies(/home/robot/134code/src/install/usb_cam/share/colcon-core/packages/usb_cam)
[15.984s] INFO:colcon.colcon_ros.task.ament_python.build:Building ROS package in '/home/robot/134code/src/detectors' with build type 'ament_python'
[15.984s] Level 1:colcon.colcon_core.shell:create_environment_hook('detectors', 'ament_prefix_path')
[16.003s] INFO:colcon.colcon_core.shell:Creating environment hook '/home/robot/134code/src/install/detectors/share/detectors/hook/ament_prefix_path.ps1'
[16.003s] INFO:colcon.colcon_core.shell:Creating environment descriptor '/home/robot/134code/src/install/detectors/share/detectors/hook/ament_prefix_path.dsv'
[16.003s] INFO:colcon.colcon_core.shell:Creating environment hook '/home/robot/134code/src/install/detectors/share/detectors/hook/ament_prefix_path.sh'
[16.023s] INFO:colcon.colcon_core.shell:Skip shell extension 'powershell' for command environment: Not usable outside of PowerShell
[16.023s] DEBUG:colcon.colcon_core.shell:Skip shell extension 'dsv' for command environment
[16.389s] INFO:colcon.colcon_core.task.python.build:Building Python package in '/home/robot/134code/src/detectors'
[16.407s] INFO:colcon.colcon_core.shell:Skip shell extension 'powershell' for command environment: Not usable outside of PowerShell
[16.407s] DEBUG:colcon.colcon_core.shell:Skip shell extension 'dsv' for command environment
[16.880s] DEBUG:colcon.colcon_core.event_handler.log_command:Invoking command in '/home/robot/134code/src/build/detectors': AMENT_PREFIX_PATH=/home/robot/134code/src/install/usb_cam:${AMENT_PREFIX_PATH} CMAKE_PREFIX_PATH=/home/robot/134code/src/install/usb_cam LD_LIBRARY_PATH=/home/robot/134code/src/install/usb_cam/lib:${LD_LIBRARY_PATH} PYTHONPATH=/home/robot/134code/src/build/detectors/prefix_override:/home/robot/134code/src/install/detectors/lib/python3.10/site-packages:${PYTHONPATH} /usr/bin/python3 setup.py develop --editable --build-directory /home/robot/134code/src/build/detectors/build --no-deps install_data
[17.404s] Level 1:colcon.colcon_core.shell:create_environment_hook('detectors', 'pythonpath_develop')
[17.404s] DEBUG:colcon.colcon_core.event_handler.log_command:Invoked command in '/home/robot/134code/src/build/detectors' returned '0': AMENT_PREFIX_PATH=/home/robot/134code/src/install/usb_cam:${AMENT_PREFIX_PATH} CMAKE_PREFIX_PATH=/home/robot/134code/src/install/usb_cam LD_LIBRARY_PATH=/home/robot/134code/src/install/usb_cam/lib:${LD_LIBRARY_PATH} PYTHONPATH=/home/robot/134code/src/build/detectors/prefix_override:/home/robot/134code/src/install/detectors/lib/python3.10/site-packages:${PYTHONPATH} /usr/bin/python3 setup.py develop --editable --build-directory /home/robot/134code/src/build/detectors/build --no-deps install_data
[17.425s] INFO:colcon.colcon_core.shell:Creating environment hook '/home/robot/134code/src/build/detectors/share/detectors/hook/pythonpath_develop.ps1'
[17.425s] INFO:colcon.colcon_core.shell:Creating environment descriptor '/home/robot/134code/src/build/detectors/share/detectors/hook/pythonpath_develop.dsv'
[17.425s] INFO:colcon.colcon_core.shell:Creating environment hook '/home/robot/134code/src/build/detectors/share/detectors/hook/pythonpath_develop.sh'
[17.448s] Level 1:colcon.colcon_core.environment:checking '/home/robot/134code/src/install/detectors' for CMake module files
[17.448s] Level 1:colcon.colcon_core.environment:checking '/home/robot/134code/src/install/detectors' for CMake config files
[17.449s] Level 1:colcon.colcon_core.environment:checking '/home/robot/134code/src/install/detectors/lib'
[17.449s] Level 1:colcon.colcon_core.environment:checking '/home/robot/134code/src/install/detectors/bin'
[17.449s] Level 1:colcon.colcon_core.environment:checking '/home/robot/134code/src/install/detectors/lib/pkgconfig/detectors.pc'
[17.449s] Level 1:colcon.colcon_core.environment:checking '/home/robot/134code/src/install/detectors/lib/python3.10/site-packages'
[17.449s] Level 1:colcon.colcon_core.shell:create_environment_hook('detectors', 'pythonpath')
[17.467s] INFO:colcon.colcon_core.shell:Creating environment hook '/home/robot/134code/src/install/detectors/share/detectors/hook/pythonpath.ps1'
[17.468s] INFO:colcon.colcon_core.shell:Creating environment descriptor '/home/robot/134code/src/install/detectors/share/detectors/hook/pythonpath.dsv'
[17.468s] INFO:colcon.colcon_core.shell:Creating environment hook '/home/robot/134code/src/install/detectors/share/detectors/hook/pythonpath.sh'
[17.468s] Level 1:colcon.colcon_core.environment:checking '/home/robot/134code/src/install/detectors/bin'
[17.468s] Level 1:colcon.colcon_core.environment:create_environment_scripts_only(detectors)
[17.487s] INFO:colcon.colcon_core.shell:Creating package script '/home/robot/134code/src/install/detectors/share/detectors/package.ps1'
[17.488s] INFO:colcon.colcon_core.shell:Creating package descriptor '/home/robot/134code/src/install/detectors/share/detectors/package.dsv'
[17.488s] INFO:colcon.colcon_core.shell:Creating package script '/home/robot/134code/src/install/detectors/share/detectors/package.sh'
[17.489s] INFO:colcon.colcon_core.shell:Creating package script '/home/robot/134code/src/install/detectors/share/detectors/package.bash'
[17.489s] INFO:colcon.colcon_core.shell:Creating package script '/home/robot/134code/src/install/detectors/share/detectors/package.zsh'
[17.489s] Level 1:colcon.colcon_core.environment:create_file_with_runtime_dependencies(/home/robot/134code/src/install/detectors/share/colcon-core/packages/detectors)
[17.489s] DEBUG:colcon.colcon_parallel_executor.executor.parallel:closing loop
[17.490s] DEBUG:colcon.colcon_parallel_executor.executor.parallel:loop closed
[17.490s] DEBUG:colcon.colcon_parallel_executor.executor.parallel:run_until_complete finished with '0'
[17.490s] DEBUG:colcon.colcon_core.event_reactor:joining thread
[17.517s] INFO:colcon.colcon_core.plugin_system:Skipping extension 'colcon_notification.desktop_notification.terminal_notifier': Not used on non-Darwin systems
[17.517s] INFO:colcon.colcon_core.plugin_system:Skipping extension 'colcon_notification.desktop_notification.win32': Not used on non-Windows systems
[17.517s] INFO:colcon.colcon_notification.desktop_notification:Sending desktop notification using 'notify2'
[17.527s] DEBUG:colcon.colcon_core.event_reactor:joined thread
[17.554s] INFO:colcon.colcon_core.shell:Creating prefix script '/home/robot/134code/src/install/local_setup.ps1'
[17.555s] INFO:colcon.colcon_core.shell:Creating prefix util module '/home/robot/134code/src/install/_local_setup_util_ps1.py'
[17.557s] INFO:colcon.colcon_core.shell:Creating prefix chain script '/home/robot/134code/src/install/setup.ps1'
[17.579s] INFO:colcon.colcon_core.shell:Creating prefix script '/home/robot/134code/src/install/local_setup.sh'
[17.580s] INFO:colcon.colcon_core.shell:Creating prefix util module '/home/robot/134code/src/install/_local_setup_util_sh.py'
[17.580s] INFO:colcon.colcon_core.shell:Creating prefix chain script '/home/robot/134code/src/install/setup.sh'
[17.599s] INFO:colcon.colcon_core.shell:Creating prefix script '/home/robot/134code/src/install/local_setup.bash'
[17.600s] INFO:colcon.colcon_core.shell:Creating prefix chain script '/home/robot/134code/src/install/setup.bash'
[17.618s] INFO:colcon.colcon_core.shell:Creating prefix script '/home/robot/134code/src/install/local_setup.zsh'
[17.618s] INFO:colcon.colcon_core.shell:Creating prefix chain script '/home/robot/134code/src/install/setup.zsh'
