[1.812s] Invoking command in '/home/robot/134code/robotws/build/hebiros': PYTHONPATH=/home/robot/134code/robotws/build/hebiros/prefix_override:/home/robot/134code/robotws/install/hebiros/lib/python3.10/site-packages:${PYTHONPATH} /usr/bin/python3 setup.py develop --editable --build-directory /home/robot/134code/robotws/build/hebiros/build --no-deps install_data
[2.290s] running develop
[2.291s] /usr/lib/python3/dist-packages/setuptools/command/easy_install.py:158: EasyInstallDeprecationWarning: easy_install command is deprecated. Use build and pip and other standards-based tools.
[2.291s]   warnings.warn(
[2.292s] /usr/lib/python3/dist-packages/setuptools/command/install.py:34: SetuptoolsDeprecationWarning: setup.py install is deprecated. Use build and pip and other standards-based tools.
[2.292s]   warnings.warn(
[2.654s] running egg_info
[2.655s] writing hebiros.egg-info/PKG-INFO
[2.655s] writing dependency_links to hebiros.egg-info/dependency_links.txt
[2.655s] writing entry points to hebiros.egg-info/entry_points.txt
[2.655s] writing requirements to hebiros.egg-info/requires.txt
[2.655s] writing top-level names to hebiros.egg-info/top_level.txt
[2.658s] reading manifest file 'hebiros.egg-info/SOURCES.txt'
[2.659s] writing manifest file 'hebiros.egg-info/SOURCES.txt'
[2.661s] running build_ext
[2.661s] Creating /home/robot/134code/robotws/install/hebiros/lib/python3.10/site-packages/hebiros.egg-link (link to .)
[2.663s] Installing hebiforce script to /home/robot/134code/robotws/install/hebiros/lib/hebiros
[2.663s] Installing hebinode script to /home/robot/134code/robotws/install/hebiros/lib/hebiros
[2.663s] Installing hebiscan script to /home/robot/134code/robotws/install/hebiros/lib/hebiros
[2.663s] Installing hebitune script to /home/robot/134code/robotws/install/hebiros/lib/hebiros
[2.663s] Installing testsend script to /home/robot/134code/robotws/install/hebiros/lib/hebiros
[2.663s] 
[2.663s] Installed /home/robot/134code/robotws/build/hebiros
[2.664s] running install_data
[2.775s] Invoked command in '/home/robot/134code/robotws/build/hebiros' returned '0': PYTHONPATH=/home/robot/134code/robotws/build/hebiros/prefix_override:/home/robot/134code/robotws/install/hebiros/lib/python3.10/site-packages:${PYTHONPATH} /usr/bin/python3 setup.py develop --editable --build-directory /home/robot/134code/robotws/build/hebiros/build --no-deps install_data
