[1.315s] DEBUG:colcon:Command line arguments: ['/usr/bin/colcon', 'build', '--symlink-install']
[1.315s] DEBUG:colcon:Parsed command line arguments: Namespace(log_base=None, log_level=None, verb_name='build', build_base='build', install_base='install', merge_install=False, symlink_install=True, test_result_base=None, continue_on_error=False, executor='parallel', parallel_workers=4, event_handlers=None, ignore_user_meta=False, metas=['./colcon.meta'], base_paths=['.'], packages_ignore=None, packages_ignore_regex=None, paths=None, packages_up_to=None, packages_up_to_regex=None, packages_above=None, packages_above_and_dependencies=None, packages_above_depth=None, packages_select_by_dep=None, packages_skip_by_dep=None, packages_skip_up_to=None, packages_select_build_failed=False, packages_skip_build_finished=False, packages_select_test_failures=False, packages_skip_test_passed=False, packages_select=None, packages_skip=None, packages_select_regex=None, packages_skip_regex=None, packages_start=None, packages_end=None, allow_overriding=[], cmake_args=None, cmake_target=None, cmake_target_skip_unavailable=False, cmake_clean_cache=False, cmake_clean_first=False, cmake_force_configure=False, ament_cmake_args=None, catkin_cmake_args=None, catkin_skip_building_tests=False, verb_parser=<colcon_defaults.argument_parser.defaults.DefaultArgumentsDecorator object at 0x7f17fa1a1690>, verb_extension=<colcon_core.verb.build.BuildVerb object at 0x7f17fa1cc910>, main=<bound method BuildVerb.main of <colcon_core.verb.build.BuildVerb object at 0x7f17fa1cc910>>)
[1.386s] Level 1:colcon.colcon_core.package_discovery:discover_packages(colcon_meta) check parameters
[1.386s] Level 1:colcon.colcon_core.package_discovery:discover_packages(recursive) check parameters
[1.386s] Level 1:colcon.colcon_core.package_discovery:discover_packages(ignore) check parameters
[1.386s] Level 1:colcon.colcon_core.package_discovery:discover_packages(path) check parameters
[1.386s] Level 1:colcon.colcon_core.package_discovery:discover_packages(colcon_meta) discover
[1.386s] Level 1:colcon.colcon_core.package_discovery:discover_packages(recursive) discover
[1.386s] INFO:colcon.colcon_core.package_discovery:Crawling recursively for packages in '/home/robot/robotws'
[1.386s] Level 1:colcon.colcon_core.package_identification:_identify(.) by extensions ['ignore', 'ignore_ament_install']
[1.386s] Level 1:colcon.colcon_core.package_identification:_identify(.) by extension 'ignore'
[1.386s] Level 1:colcon.colcon_core.package_identification:_identify(.) by extension 'ignore_ament_install'
[1.386s] Level 1:colcon.colcon_core.package_identification:_identify(.) by extensions ['colcon_pkg']
[1.387s] Level 1:colcon.colcon_core.package_identification:_identify(.) by extension 'colcon_pkg'
[1.387s] Level 1:colcon.colcon_core.package_identification:_identify(.) by extensions ['colcon_meta']
[1.387s] Level 1:colcon.colcon_core.package_identification:_identify(.) by extension 'colcon_meta'
[1.387s] Level 1:colcon.colcon_core.package_identification:_identify(.) by extensions ['ros']
[1.387s] Level 1:colcon.colcon_core.package_identification:_identify(.) by extension 'ros'
[1.397s] Level 1:colcon.colcon_core.package_identification:_identify(.) by extensions ['cmake', 'python']
[1.397s] Level 1:colcon.colcon_core.package_identification:_identify(.) by extension 'cmake'
[1.397s] Level 1:colcon.colcon_core.package_identification:_identify(.) by extension 'python'
[1.397s] Level 1:colcon.colcon_core.package_identification:_identify(.) by extensions ['python_setup_py']
[1.397s] Level 1:colcon.colcon_core.package_identification:_identify(.) by extension 'python_setup_py'
[1.397s] Level 1:colcon.colcon_core.package_identification:_identify(build) by extensions ['ignore', 'ignore_ament_install']
[1.397s] Level 1:colcon.colcon_core.package_identification:_identify(build) by extension 'ignore'
[1.397s] Level 1:colcon.colcon_core.package_identification:_identify(build) ignored
[1.397s] Level 1:colcon.colcon_core.package_identification:_identify(install) by extensions ['ignore', 'ignore_ament_install']
[1.397s] Level 1:colcon.colcon_core.package_identification:_identify(install) by extension 'ignore'
[1.397s] Level 1:colcon.colcon_core.package_identification:_identify(install) ignored
[1.397s] Level 1:colcon.colcon_core.package_identification:_identify(log) by extensions ['ignore', 'ignore_ament_install']
[1.398s] Level 1:colcon.colcon_core.package_identification:_identify(log) by extension 'ignore'
[1.398s] Level 1:colcon.colcon_core.package_identification:_identify(log) ignored
[1.398s] Level 1:colcon.colcon_core.package_identification:_identify(src) by extensions ['ignore', 'ignore_ament_install']
[1.398s] Level 1:colcon.colcon_core.package_identification:_identify(src) by extension 'ignore'
[1.398s] Level 1:colcon.colcon_core.package_identification:_identify(src) by extension 'ignore_ament_install'
[1.398s] Level 1:colcon.colcon_core.package_identification:_identify(src) by extensions ['colcon_pkg']
[1.398s] Level 1:colcon.colcon_core.package_identification:_identify(src) by extension 'colcon_pkg'
[1.398s] Level 1:colcon.colcon_core.package_identification:_identify(src) by extensions ['colcon_meta']
[1.398s] Level 1:colcon.colcon_core.package_identification:_identify(src) by extension 'colcon_meta'
[1.398s] Level 1:colcon.colcon_core.package_identification:_identify(src) by extensions ['ros']
[1.398s] Level 1:colcon.colcon_core.package_identification:_identify(src) by extension 'ros'
[1.398s] Level 1:colcon.colcon_core.package_identification:_identify(src) by extensions ['cmake', 'python']
[1.398s] Level 1:colcon.colcon_core.package_identification:_identify(src) by extension 'cmake'
[1.398s] Level 1:colcon.colcon_core.package_identification:_identify(src) by extension 'python'
[1.398s] Level 1:colcon.colcon_core.package_identification:_identify(src) by extensions ['python_setup_py']
[1.398s] Level 1:colcon.colcon_core.package_identification:_identify(src) by extension 'python_setup_py'
[1.398s] Level 1:colcon.colcon_core.package_identification:_identify(src/demo134) by extensions ['ignore', 'ignore_ament_install']
[1.398s] Level 1:colcon.colcon_core.package_identification:_identify(src/demo134) by extension 'ignore'
[1.398s] Level 1:colcon.colcon_core.package_identification:_identify(src/demo134) by extension 'ignore_ament_install'
[1.398s] Level 1:colcon.colcon_core.package_identification:_identify(src/demo134) by extensions ['colcon_pkg']
[1.398s] Level 1:colcon.colcon_core.package_identification:_identify(src/demo134) by extension 'colcon_pkg'
[1.399s] Level 1:colcon.colcon_core.package_identification:_identify(src/demo134) by extensions ['colcon_meta']
[1.399s] Level 1:colcon.colcon_core.package_identification:_identify(src/demo134) by extension 'colcon_meta'
[1.399s] Level 1:colcon.colcon_core.package_identification:_identify(src/demo134) by extensions ['ros']
[1.399s] Level 1:colcon.colcon_core.package_identification:_identify(src/demo134) by extension 'ros'
[1.399s] Level 1:colcon.colcon_core.package_identification:_identify(src/demo134) by extensions ['cmake', 'python']
[1.399s] Level 1:colcon.colcon_core.package_identification:_identify(src/demo134) by extension 'cmake'
[1.399s] Level 1:colcon.colcon_core.package_identification:_identify(src/demo134) by extension 'python'
[1.399s] Level 1:colcon.colcon_core.package_identification:_identify(src/demo134) by extensions ['python_setup_py']
[1.399s] Level 1:colcon.colcon_core.package_identification:_identify(src/demo134) by extension 'python_setup_py'
[1.399s] Level 1:colcon.colcon_core.package_identification:_identify(src/demo134/demo134) by extensions ['ignore', 'ignore_ament_install']
[1.399s] Level 1:colcon.colcon_core.package_identification:_identify(src/demo134/demo134) by extension 'ignore'
[1.399s] Level 1:colcon.colcon_core.package_identification:_identify(src/demo134/demo134) by extension 'ignore_ament_install'
[1.399s] Level 1:colcon.colcon_core.package_identification:_identify(src/demo134/demo134) by extensions ['colcon_pkg']
[1.399s] Level 1:colcon.colcon_core.package_identification:_identify(src/demo134/demo134) by extension 'colcon_pkg'
[1.399s] Level 1:colcon.colcon_core.package_identification:_identify(src/demo134/demo134) by extensions ['colcon_meta']
[1.399s] Level 1:colcon.colcon_core.package_identification:_identify(src/demo134/demo134) by extension 'colcon_meta'
[1.399s] Level 1:colcon.colcon_core.package_identification:_identify(src/demo134/demo134) by extensions ['ros']
[1.399s] Level 1:colcon.colcon_core.package_identification:_identify(src/demo134/demo134) by extension 'ros'
[1.401s] DEBUG:colcon.colcon_core.package_identification:Package 'src/demo134/demo134' with type 'ros.ament_python' and name 'demo134'
[1.402s] Level 1:colcon.colcon_core.package_identification:_identify(src/hebiros) by extensions ['ignore', 'ignore_ament_install']
[1.402s] Level 1:colcon.colcon_core.package_identification:_identify(src/hebiros) by extension 'ignore'
[1.402s] Level 1:colcon.colcon_core.package_identification:_identify(src/hebiros) by extension 'ignore_ament_install'
[1.402s] Level 1:colcon.colcon_core.package_identification:_identify(src/hebiros) by extensions ['colcon_pkg']
[1.402s] Level 1:colcon.colcon_core.package_identification:_identify(src/hebiros) by extension 'colcon_pkg'
[1.402s] Level 1:colcon.colcon_core.package_identification:_identify(src/hebiros) by extensions ['colcon_meta']
[1.402s] Level 1:colcon.colcon_core.package_identification:_identify(src/hebiros) by extension 'colcon_meta'
[1.402s] Level 1:colcon.colcon_core.package_identification:_identify(src/hebiros) by extensions ['ros']
[1.402s] Level 1:colcon.colcon_core.package_identification:_identify(src/hebiros) by extension 'ros'
[1.402s] Level 1:colcon.colcon_core.package_identification:_identify(src/hebiros) by extensions ['cmake', 'python']
[1.402s] Level 1:colcon.colcon_core.package_identification:_identify(src/hebiros) by extension 'cmake'
[1.402s] Level 1:colcon.colcon_core.package_identification:_identify(src/hebiros) by extension 'python'
[1.402s] Level 1:colcon.colcon_core.package_identification:_identify(src/hebiros) by extensions ['python_setup_py']
[1.402s] Level 1:colcon.colcon_core.package_identification:_identify(src/hebiros) by extension 'python_setup_py'
[1.402s] Level 1:colcon.colcon_core.package_identification:_identify(src/hebiros/hebiros) by extensions ['ignore', 'ignore_ament_install']
[1.402s] Level 1:colcon.colcon_core.package_identification:_identify(src/hebiros/hebiros) by extension 'ignore'
[1.402s] Level 1:colcon.colcon_core.package_identification:_identify(src/hebiros/hebiros) by extension 'ignore_ament_install'
[1.402s] Level 1:colcon.colcon_core.package_identification:_identify(src/hebiros/hebiros) by extensions ['colcon_pkg']
[1.402s] Level 1:colcon.colcon_core.package_identification:_identify(src/hebiros/hebiros) by extension 'colcon_pkg'
[1.402s] Level 1:colcon.colcon_core.package_identification:_identify(src/hebiros/hebiros) by extensions ['colcon_meta']
[1.402s] Level 1:colcon.colcon_core.package_identification:_identify(src/hebiros/hebiros) by extension 'colcon_meta'
[1.403s] Level 1:colcon.colcon_core.package_identification:_identify(src/hebiros/hebiros) by extensions ['ros']
[1.403s] Level 1:colcon.colcon_core.package_identification:_identify(src/hebiros/hebiros) by extension 'ros'
[1.403s] DEBUG:colcon.colcon_core.package_identification:Package 'src/hebiros/hebiros' with type 'ros.ament_python' and name 'hebiros'
[1.403s] Level 1:colcon.colcon_core.package_discovery:discover_packages(recursive) using defaults
[1.403s] Level 1:colcon.colcon_core.package_discovery:discover_packages(ignore) discover
[1.403s] Level 1:colcon.colcon_core.package_discovery:discover_packages(ignore) using defaults
[1.403s] Level 1:colcon.colcon_core.package_discovery:discover_packages(path) discover
[1.403s] Level 1:colcon.colcon_core.package_discovery:discover_packages(path) using defaults
[1.509s] Level 1:colcon.colcon_core.package_discovery:discover_packages(prefix_path) check parameters
[1.509s] Level 1:colcon.colcon_core.package_discovery:discover_packages(prefix_path) discover
[1.561s] DEBUG:colcon.colcon_installed_package_information.package_discovery:Found 2 installed packages in /home/robot/robotws/install
[1.580s] DEBUG:colcon.colcon_installed_package_information.package_discovery:Found 417 installed packages in /opt/ros/humble
[1.581s] Level 1:colcon.colcon_core.package_discovery:discover_packages(prefix_path) using defaults
[1.690s] Level 5:colcon.colcon_core.verb:set package 'demo134' build argument 'cmake_args' from command line to 'None'
[1.690s] Level 5:colcon.colcon_core.verb:set package 'demo134' build argument 'cmake_target' from command line to 'None'
[1.690s] Level 5:colcon.colcon_core.verb:set package 'demo134' build argument 'cmake_target_skip_unavailable' from command line to 'False'
[1.690s] Level 5:colcon.colcon_core.verb:set package 'demo134' build argument 'cmake_clean_cache' from command line to 'False'
[1.690s] Level 5:colcon.colcon_core.verb:set package 'demo134' build argument 'cmake_clean_first' from command line to 'False'
[1.690s] Level 5:colcon.colcon_core.verb:set package 'demo134' build argument 'cmake_force_configure' from command line to 'False'
[1.690s] Level 5:colcon.colcon_core.verb:set package 'demo134' build argument 'ament_cmake_args' from command line to 'None'
[1.691s] Level 5:colcon.colcon_core.verb:set package 'demo134' build argument 'catkin_cmake_args' from command line to 'None'
[1.691s] Level 5:colcon.colcon_core.verb:set package 'demo134' build argument 'catkin_skip_building_tests' from command line to 'False'
[1.691s] DEBUG:colcon.colcon_core.verb:Building package 'demo134' with the following arguments: {'ament_cmake_args': None, 'build_base': '/home/robot/robotws/build/demo134', 'catkin_cmake_args': None, 'catkin_skip_building_tests': False, 'cmake_args': None, 'cmake_clean_cache': False, 'cmake_clean_first': False, 'cmake_force_configure': False, 'cmake_target': None, 'cmake_target_skip_unavailable': False, 'install_base': '/home/robot/robotws/install/demo134', 'merge_install': False, 'path': '/home/robot/robotws/src/demo134/demo134', 'symlink_install': True, 'test_result_base': None}
[1.709s] Level 5:colcon.colcon_core.verb:set package 'hebiros' build argument 'cmake_args' from command line to 'None'
[1.709s] Level 5:colcon.colcon_core.verb:set package 'hebiros' build argument 'cmake_target' from command line to 'None'
[1.709s] Level 5:colcon.colcon_core.verb:set package 'hebiros' build argument 'cmake_target_skip_unavailable' from command line to 'False'
[1.709s] Level 5:colcon.colcon_core.verb:set package 'hebiros' build argument 'cmake_clean_cache' from command line to 'False'
[1.709s] Level 5:colcon.colcon_core.verb:set package 'hebiros' build argument 'cmake_clean_first' from command line to 'False'
[1.709s] Level 5:colcon.colcon_core.verb:set package 'hebiros' build argument 'cmake_force_configure' from command line to 'False'
[1.709s] Level 5:colcon.colcon_core.verb:set package 'hebiros' build argument 'ament_cmake_args' from command line to 'None'
[1.709s] Level 5:colcon.colcon_core.verb:set package 'hebiros' build argument 'catkin_cmake_args' from command line to 'None'
[1.709s] Level 5:colcon.colcon_core.verb:set package 'hebiros' build argument 'catkin_skip_building_tests' from command line to 'False'
[1.709s] DEBUG:colcon.colcon_core.verb:Building package 'hebiros' with the following arguments: {'ament_cmake_args': None, 'build_base': '/home/robot/robotws/build/hebiros', 'catkin_cmake_args': None, 'catkin_skip_building_tests': False, 'cmake_args': None, 'cmake_clean_cache': False, 'cmake_clean_first': False, 'cmake_force_configure': False, 'cmake_target': None, 'cmake_target_skip_unavailable': False, 'install_base': '/home/robot/robotws/install/hebiros', 'merge_install': False, 'path': '/home/robot/robotws/src/hebiros/hebiros', 'symlink_install': True, 'test_result_base': None}
[1.728s] INFO:colcon.colcon_core.executor:Executing jobs using 'parallel' executor
[1.753s] DEBUG:colcon.colcon_parallel_executor.executor.parallel:run_until_complete
[1.753s] INFO:colcon.colcon_ros.task.ament_python.build:Building ROS package in '/home/robot/robotws/src/demo134/demo134' with build type 'ament_python'
[1.754s] Level 1:colcon.colcon_core.shell:create_environment_hook('demo134', 'ament_prefix_path')
[1.779s] INFO:colcon.colcon_core.plugin_system:Skipping extension 'colcon_core.shell.bat': Not used on non-Windows systems
[1.779s] INFO:colcon.colcon_core.shell:Creating environment hook '/home/robot/robotws/install/demo134/share/demo134/hook/ament_prefix_path.ps1'
[1.780s] INFO:colcon.colcon_core.shell:Creating environment descriptor '/home/robot/robotws/install/demo134/share/demo134/hook/ament_prefix_path.dsv'
[1.780s] INFO:colcon.colcon_core.shell:Creating environment hook '/home/robot/robotws/install/demo134/share/demo134/hook/ament_prefix_path.sh'
[1.803s] INFO:colcon.colcon_core.shell:Skip shell extension 'powershell' for command environment: Not usable outside of PowerShell
[1.803s] DEBUG:colcon.colcon_core.shell:Skip shell extension 'dsv' for command environment
[1.863s] INFO:colcon.colcon_ros.task.ament_python.build:Building ROS package in '/home/robot/robotws/src/hebiros/hebiros' with build type 'ament_python'
[1.863s] Level 1:colcon.colcon_core.shell:create_environment_hook('hebiros', 'ament_prefix_path')
[1.884s] INFO:colcon.colcon_core.shell:Creating environment hook '/home/robot/robotws/install/hebiros/share/hebiros/hook/ament_prefix_path.ps1'
[1.885s] INFO:colcon.colcon_core.shell:Creating environment descriptor '/home/robot/robotws/install/hebiros/share/hebiros/hook/ament_prefix_path.dsv'
[1.885s] INFO:colcon.colcon_core.shell:Creating environment hook '/home/robot/robotws/install/hebiros/share/hebiros/hook/ament_prefix_path.sh'
[1.905s] INFO:colcon.colcon_core.shell:Skip shell extension 'powershell' for command environment: Not usable outside of PowerShell
[1.905s] DEBUG:colcon.colcon_core.shell:Skip shell extension 'dsv' for command environment
[2.258s] INFO:colcon.colcon_core.task.python.build:Building Python package in '/home/robot/robotws/src/demo134/demo134'
[2.275s] INFO:colcon.colcon_core.shell:Skip shell extension 'powershell' for command environment: Not usable outside of PowerShell
[2.276s] DEBUG:colcon.colcon_core.shell:Skip shell extension 'dsv' for command environment
[2.641s] INFO:colcon.colcon_core.task.python.build:Building Python package in '/home/robot/robotws/src/hebiros/hebiros'
[2.659s] INFO:colcon.colcon_core.shell:Skip shell extension 'powershell' for command environment: Not usable outside of PowerShell
[2.659s] DEBUG:colcon.colcon_core.shell:Skip shell extension 'dsv' for command environment
[3.144s] DEBUG:colcon.colcon_core.event_handler.log_command:Invoking command in '/home/robot/robotws/build/demo134': PYTHONPATH=/home/robot/robotws/build/demo134/prefix_override:/home/robot/robotws/install/demo134/lib/python3.10/site-packages:${PYTHONPATH} /usr/bin/python3 setup.py develop --editable --build-directory /home/robot/robotws/build/demo134/build --no-deps install_data
[3.188s] DEBUG:colcon.colcon_core.event_handler.log_command:Invoking command in '/home/robot/robotws/build/hebiros': PYTHONPATH=/home/robot/robotws/build/hebiros/prefix_override:/home/robot/robotws/install/hebiros/lib/python3.10/site-packages:${PYTHONPATH} /usr/bin/python3 setup.py develop --editable --build-directory /home/robot/robotws/build/hebiros/build --no-deps install_data
[4.027s] Level 1:colcon.colcon_core.shell:create_environment_hook('demo134', 'pythonpath_develop')
[4.028s] DEBUG:colcon.colcon_core.event_handler.log_command:Invoked command in '/home/robot/robotws/build/demo134' returned '0': PYTHONPATH=/home/robot/robotws/build/demo134/prefix_override:/home/robot/robotws/install/demo134/lib/python3.10/site-packages:${PYTHONPATH} /usr/bin/python3 setup.py develop --editable --build-directory /home/robot/robotws/build/demo134/build --no-deps install_data
[4.058s] INFO:colcon.colcon_core.shell:Creating environment hook '/home/robot/robotws/build/demo134/share/demo134/hook/pythonpath_develop.ps1'
[4.059s] INFO:colcon.colcon_core.shell:Creating environment descriptor '/home/robot/robotws/build/demo134/share/demo134/hook/pythonpath_develop.dsv'
[4.059s] INFO:colcon.colcon_core.shell:Creating environment hook '/home/robot/robotws/build/demo134/share/demo134/hook/pythonpath_develop.sh'
[4.083s] Level 1:colcon.colcon_core.environment:checking '/home/robot/robotws/install/demo134' for CMake module files
[4.084s] Level 1:colcon.colcon_core.environment:checking '/home/robot/robotws/install/demo134' for CMake config files
[4.084s] Level 1:colcon.colcon_core.environment:checking '/home/robot/robotws/install/demo134/lib'
[4.084s] Level 1:colcon.colcon_core.environment:checking '/home/robot/robotws/install/demo134/bin'
[4.084s] Level 1:colcon.colcon_core.environment:checking '/home/robot/robotws/install/demo134/lib/pkgconfig/demo134.pc'
[4.084s] Level 1:colcon.colcon_core.environment:checking '/home/robot/robotws/install/demo134/lib/python3.10/site-packages'
[4.085s] Level 1:colcon.colcon_core.shell:create_environment_hook('demo134', 'pythonpath')
[4.106s] INFO:colcon.colcon_core.shell:Creating environment hook '/home/robot/robotws/install/demo134/share/demo134/hook/pythonpath.ps1'
[4.106s] INFO:colcon.colcon_core.shell:Creating environment descriptor '/home/robot/robotws/install/demo134/share/demo134/hook/pythonpath.dsv'
[4.106s] INFO:colcon.colcon_core.shell:Creating environment hook '/home/robot/robotws/install/demo134/share/demo134/hook/pythonpath.sh'
[4.107s] Level 1:colcon.colcon_core.environment:checking '/home/robot/robotws/install/demo134/bin'
[4.107s] Level 1:colcon.colcon_core.environment:create_environment_scripts_only(demo134)
[4.126s] INFO:colcon.colcon_core.shell:Creating package script '/home/robot/robotws/install/demo134/share/demo134/package.ps1'
[4.127s] INFO:colcon.colcon_core.shell:Creating package descriptor '/home/robot/robotws/install/demo134/share/demo134/package.dsv'
[4.128s] INFO:colcon.colcon_core.shell:Creating package script '/home/robot/robotws/install/demo134/share/demo134/package.sh'
[4.129s] INFO:colcon.colcon_core.shell:Creating package script '/home/robot/robotws/install/demo134/share/demo134/package.bash'
[4.130s] INFO:colcon.colcon_core.shell:Creating package script '/home/robot/robotws/install/demo134/share/demo134/package.zsh'
[4.131s] Level 1:colcon.colcon_core.environment:create_file_with_runtime_dependencies(/home/robot/robotws/install/demo134/share/colcon-core/packages/demo134)
[4.132s] Level 1:colcon.colcon_core.shell:create_environment_hook('hebiros', 'pythonpath_develop')
[4.133s] DEBUG:colcon.colcon_core.event_handler.log_command:Invoked command in '/home/robot/robotws/build/hebiros' returned '0': PYTHONPATH=/home/robot/robotws/build/hebiros/prefix_override:/home/robot/robotws/install/hebiros/lib/python3.10/site-packages:${PYTHONPATH} /usr/bin/python3 setup.py develop --editable --build-directory /home/robot/robotws/build/hebiros/build --no-deps install_data
[4.157s] INFO:colcon.colcon_core.shell:Creating environment hook '/home/robot/robotws/build/hebiros/share/hebiros/hook/pythonpath_develop.ps1'
[4.158s] INFO:colcon.colcon_core.shell:Creating environment descriptor '/home/robot/robotws/build/hebiros/share/hebiros/hook/pythonpath_develop.dsv'
[4.158s] INFO:colcon.colcon_core.shell:Creating environment hook '/home/robot/robotws/build/hebiros/share/hebiros/hook/pythonpath_develop.sh'
[4.177s] Level 1:colcon.colcon_core.environment:checking '/home/robot/robotws/install/hebiros' for CMake module files
[4.177s] Level 1:colcon.colcon_core.environment:checking '/home/robot/robotws/install/hebiros' for CMake config files
[4.178s] Level 1:colcon.colcon_core.environment:checking '/home/robot/robotws/install/hebiros/lib'
[4.178s] Level 1:colcon.colcon_core.environment:checking '/home/robot/robotws/install/hebiros/bin'
[4.178s] Level 1:colcon.colcon_core.environment:checking '/home/robot/robotws/install/hebiros/lib/pkgconfig/hebiros.pc'
[4.178s] Level 1:colcon.colcon_core.environment:checking '/home/robot/robotws/install/hebiros/lib/python3.10/site-packages'
[4.178s] Level 1:colcon.colcon_core.shell:create_environment_hook('hebiros', 'pythonpath')
[4.200s] INFO:colcon.colcon_core.shell:Creating environment hook '/home/robot/robotws/install/hebiros/share/hebiros/hook/pythonpath.ps1'
[4.200s] INFO:colcon.colcon_core.shell:Creating environment descriptor '/home/robot/robotws/install/hebiros/share/hebiros/hook/pythonpath.dsv'
[4.200s] INFO:colcon.colcon_core.shell:Creating environment hook '/home/robot/robotws/install/hebiros/share/hebiros/hook/pythonpath.sh'
[4.201s] Level 1:colcon.colcon_core.environment:checking '/home/robot/robotws/install/hebiros/bin'
[4.201s] Level 1:colcon.colcon_core.environment:create_environment_scripts_only(hebiros)
[4.219s] INFO:colcon.colcon_core.shell:Creating package script '/home/robot/robotws/install/hebiros/share/hebiros/package.ps1'
[4.219s] INFO:colcon.colcon_core.shell:Creating package descriptor '/home/robot/robotws/install/hebiros/share/hebiros/package.dsv'
[4.220s] INFO:colcon.colcon_core.shell:Creating package script '/home/robot/robotws/install/hebiros/share/hebiros/package.sh'
[4.220s] INFO:colcon.colcon_core.shell:Creating package script '/home/robot/robotws/install/hebiros/share/hebiros/package.bash'
[4.220s] INFO:colcon.colcon_core.shell:Creating package script '/home/robot/robotws/install/hebiros/share/hebiros/package.zsh'
[4.220s] Level 1:colcon.colcon_core.environment:create_file_with_runtime_dependencies(/home/robot/robotws/install/hebiros/share/colcon-core/packages/hebiros)
[4.221s] DEBUG:colcon.colcon_parallel_executor.executor.parallel:closing loop
[4.221s] DEBUG:colcon.colcon_parallel_executor.executor.parallel:loop closed
[4.221s] DEBUG:colcon.colcon_parallel_executor.executor.parallel:run_until_complete finished with '0'
[4.221s] DEBUG:colcon.colcon_core.event_reactor:joining thread
[4.249s] INFO:colcon.colcon_core.plugin_system:Skipping extension 'colcon_notification.desktop_notification.terminal_notifier': Not used on non-Darwin systems
[4.249s] INFO:colcon.colcon_core.plugin_system:Skipping extension 'colcon_notification.desktop_notification.win32': Not used on non-Windows systems
[4.249s] INFO:colcon.colcon_notification.desktop_notification:Sending desktop notification using 'notify2'
[4.261s] DEBUG:colcon.colcon_core.event_reactor:joined thread
[4.285s] INFO:colcon.colcon_core.shell:Creating prefix script '/home/robot/robotws/install/local_setup.ps1'
[4.286s] INFO:colcon.colcon_core.shell:Creating prefix util module '/home/robot/robotws/install/_local_setup_util_ps1.py'
[4.288s] INFO:colcon.colcon_core.shell:Creating prefix chain script '/home/robot/robotws/install/setup.ps1'
[4.311s] INFO:colcon.colcon_core.shell:Creating prefix script '/home/robot/robotws/install/local_setup.sh'
[4.312s] INFO:colcon.colcon_core.shell:Creating prefix util module '/home/robot/robotws/install/_local_setup_util_sh.py'
[4.312s] INFO:colcon.colcon_core.shell:Creating prefix chain script '/home/robot/robotws/install/setup.sh'
[4.331s] INFO:colcon.colcon_core.shell:Creating prefix script '/home/robot/robotws/install/local_setup.bash'
[4.332s] INFO:colcon.colcon_core.shell:Creating prefix chain script '/home/robot/robotws/install/setup.bash'
[4.359s] INFO:colcon.colcon_core.shell:Creating prefix script '/home/robot/robotws/install/local_setup.zsh'
[4.360s] INFO:colcon.colcon_core.shell:Creating prefix chain script '/home/robot/robotws/install/setup.zsh'
