running develop
/usr/lib/python3/dist-packages/setuptools/command/easy_install.py:158: EasyInstallDeprecationWarning: easy_install command is deprecated. Use build and pip and other standards-based tools.
  warnings.warn(
/usr/lib/python3/dist-packages/setuptools/command/install.py:34: SetuptoolsDeprecationWarning: setup.py install is deprecated. Use build and pip and other standards-based tools.
  warnings.warn(
running egg_info
creating basic134.egg-info
writing basic134.egg-info/PKG-INFO
writing dependency_links to basic134.egg-info/dependency_links.txt
writing entry points to basic134.egg-info/entry_points.txt
writing requirements to basic134.egg-info/requires.txt
writing top-level names to basic134.egg-info/top_level.txt
writing manifest file 'basic134.egg-info/SOURCES.txt'
reading manifest file 'basic134.egg-info/SOURCES.txt'
writing manifest file 'basic134.egg-info/SOURCES.txt'
running build_ext
Creating /home/robot/134code/robotws/install/basic134/lib/python3.10/site-packages/basic134.egg-link (link to .)
Installing demo134 script to /home/robot/134code/robotws/install/basic134/lib/basic134
Installing receivepoint script to /home/robot/134code/robotws/install/basic134/lib/basic134

Installed /home/robot/134code/robotws/build/basic134
running install_data
creating /home/robot/134code/robotws/install/basic134/share/ament_index
creating /home/robot/134code/robotws/install/basic134/share/ament_index/resource_index
creating /home/robot/134code/robotws/install/basic134/share/ament_index/resource_index/packages
copying resource/basic134 -> /home/robot/134code/robotws/install/basic134/share/ament_index/resource_index/packages
copying package.xml -> /home/robot/134code/robotws/install/basic134/share/basic134
creating /home/robot/134code/robotws/install/basic134/share/basic134/launch
copying launch/viewcommand.launch.py -> /home/robot/134code/robotws/install/basic134/share/basic134/launch
copying launch/showurdf.launch.py -> /home/robot/134code/robotws/install/basic134/share/basic134/launch
copying launch/viewactual.launch.py -> /home/robot/134code/robotws/install/basic134/share/basic134/launch
copying launch/example.launch.py -> /home/robot/134code/robotws/install/basic134/share/basic134/launch
creating /home/robot/134code/robotws/install/basic134/share/basic134/rviz
copying rviz/viewurdf.rviz -> /home/robot/134code/robotws/install/basic134/share/basic134/rviz
creating /home/robot/134code/robotws/install/basic134/share/basic134/meshes
copying meshes/basiclink.dae -> /home/robot/134code/robotws/install/basic134/share/basic134/meshes
copying meshes/basiclink.stl -> /home/robot/134code/robotws/install/basic134/share/basic134/meshes
copying meshes/X5.stl -> /home/robot/134code/robotws/install/basic134/share/basic134/meshes
copying meshes/X8.stl -> /home/robot/134code/robotws/install/basic134/share/basic134/meshes
creating /home/robot/134code/robotws/install/basic134/share/basic134/urdf
copying urdf/threedofexample.urdf -> /home/robot/134code/robotws/install/basic134/share/basic134/urdf
