[1.896s] Invoking command in '/home/robot/134code/robotws/build/basic134': PYTHONPATH=/home/robot/134code/robotws/build/basic134/prefix_override:/home/robot/134code/robotws/install/basic134/lib/python3.10/site-packages:${PYTHONPATH} /usr/bin/python3 setup.py develop --editable --build-directory /home/robot/134code/robotws/build/basic134/build --no-deps install_data
[2.364s] running develop
[2.365s] /usr/lib/python3/dist-packages/setuptools/command/easy_install.py:158: EasyInstallDeprecationWarning: easy_install command is deprecated. Use build and pip and other standards-based tools.
[2.365s]   warnings.warn(
[2.367s] /usr/lib/python3/dist-packages/setuptools/command/install.py:34: SetuptoolsDeprecationWarning: setup.py install is deprecated. Use build and pip and other standards-based tools.
[2.367s]   warnings.warn(
[2.719s] running egg_info
[2.720s] creating basic134.egg-info
[2.720s] writing basic134.egg-info/PKG-INFO
[2.720s] writing dependency_links to basic134.egg-info/dependency_links.txt
[2.720s] writing entry points to basic134.egg-info/entry_points.txt
[2.720s] writing requirements to basic134.egg-info/requires.txt
[2.721s] writing top-level names to basic134.egg-info/top_level.txt
[2.721s] writing manifest file 'basic134.egg-info/SOURCES.txt'
[2.723s] reading manifest file 'basic134.egg-info/SOURCES.txt'
[2.724s] writing manifest file 'basic134.egg-info/SOURCES.txt'
[2.726s] running build_ext
[2.726s] Creating /home/robot/134code/robotws/install/basic134/lib/python3.10/site-packages/basic134.egg-link (link to .)
[2.727s] Installing demo134 script to /home/robot/134code/robotws/install/basic134/lib/basic134
[2.728s] Installing receivepoint script to /home/robot/134code/robotws/install/basic134/lib/basic134
[2.728s] 
[2.728s] Installed /home/robot/134code/robotws/build/basic134
[2.728s] running install_data
[2.728s] creating /home/robot/134code/robotws/install/basic134/share/ament_index
[2.728s] creating /home/robot/134code/robotws/install/basic134/share/ament_index/resource_index
[2.728s] creating /home/robot/134code/robotws/install/basic134/share/ament_index/resource_index/packages
[2.729s] copying resource/basic134 -> /home/robot/134code/robotws/install/basic134/share/ament_index/resource_index/packages
[2.729s] copying package.xml -> /home/robot/134code/robotws/install/basic134/share/basic134
[2.729s] creating /home/robot/134code/robotws/install/basic134/share/basic134/launch
[2.729s] copying launch/viewcommand.launch.py -> /home/robot/134code/robotws/install/basic134/share/basic134/launch
[2.729s] copying launch/showurdf.launch.py -> /home/robot/134code/robotws/install/basic134/share/basic134/launch
[2.729s] copying launch/viewactual.launch.py -> /home/robot/134code/robotws/install/basic134/share/basic134/launch
[2.729s] copying launch/example.launch.py -> /home/robot/134code/robotws/install/basic134/share/basic134/launch
[2.730s] creating /home/robot/134code/robotws/install/basic134/share/basic134/rviz
[2.730s] copying rviz/viewurdf.rviz -> /home/robot/134code/robotws/install/basic134/share/basic134/rviz
[2.730s] creating /home/robot/134code/robotws/install/basic134/share/basic134/meshes
[2.730s] copying meshes/basiclink.dae -> /home/robot/134code/robotws/install/basic134/share/basic134/meshes
[2.731s] copying meshes/basiclink.stl -> /home/robot/134code/robotws/install/basic134/share/basic134/meshes
[2.731s] copying meshes/X5.stl -> /home/robot/134code/robotws/install/basic134/share/basic134/meshes
[2.741s] copying meshes/X8.stl -> /home/robot/134code/robotws/install/basic134/share/basic134/meshes
[2.751s] creating /home/robot/134code/robotws/install/basic134/share/basic134/urdf
[2.751s] copying urdf/threedofexample.urdf -> /home/robot/134code/robotws/install/basic134/share/basic134/urdf
[2.869s] Invoked command in '/home/robot/134code/robotws/build/basic134' returned '0': PYTHONPATH=/home/robot/134code/robotws/build/basic134/prefix_override:/home/robot/134code/robotws/install/basic134/lib/python3.10/site-packages:${PYTHONPATH} /usr/bin/python3 setup.py develop --editable --build-directory /home/robot/134code/robotws/build/basic134/build --no-deps install_data
