[2.575s] Invoking command in '/home/robot/134code/build/basic134': PYTHONPATH=/home/robot/134code/build/basic134/prefix_override:/home/robot/134code/install/basic134/lib/python3.10/site-packages:${PYTHONPATH} /usr/bin/python3 setup.py develop --editable --build-directory /home/robot/134code/build/basic134/build --no-deps install_data
[3.335s] running develop
[3.339s] /usr/lib/python3/dist-packages/setuptools/command/easy_install.py:158: EasyInstallDeprecationWarning: easy_install command is deprecated. Use build and pip and other standards-based tools.
[3.340s]   warnings.warn(
[3.341s] /usr/lib/python3/dist-packages/setuptools/command/install.py:34: SetuptoolsDeprecationWarning: setup.py install is deprecated. Use build and pip and other standards-based tools.
[3.341s]   warnings.warn(
[3.494s] running egg_info
[3.495s] writing basic134.egg-info/PKG-INFO
[3.496s] writing dependency_links to basic134.egg-info/dependency_links.txt
[3.496s] writing entry points to basic134.egg-info/entry_points.txt
[3.497s] writing requirements to basic134.egg-info/requires.txt
[3.497s] writing top-level names to basic134.egg-info/top_level.txt
[3.498s] reading manifest file 'basic134.egg-info/SOURCES.txt'
[3.499s] writing manifest file 'basic134.egg-info/SOURCES.txt'
[3.501s] running build_ext
[3.501s] Creating /home/robot/134code/install/basic134/lib/python3.10/site-packages/basic134.egg-link (link to .)
[3.503s] Installing demo134 script to /home/robot/134code/install/basic134/lib/basic134
[3.504s] Installing receivepoint script to /home/robot/134code/install/basic134/lib/basic134
[3.505s] Installing table script to /home/robot/134code/install/basic134/lib/basic134
[3.506s] 
[3.507s] Installed /home/robot/134code/build/basic134
[3.508s] running install_data
[3.550s] Invoked command in '/home/robot/134code/build/basic134' returned '0': PYTHONPATH=/home/robot/134code/build/basic134/prefix_override:/home/robot/134code/install/basic134/lib/python3.10/site-packages:${PYTHONPATH} /usr/bin/python3 setup.py develop --editable --build-directory /home/robot/134code/build/basic134/build --no-deps install_data
